

================================================================
== Vitis HLS Report for 'entry_proc'
================================================================
* Date:           Wed May  7 22:02:59 2025

* Version:        2024.1 (Build 5069499 on May 21 2024)
* Project:        krnl_vadd
* Solution:       hls (Vitis Kernel Flow Target)
* Product family: versalaicore
* Target device:  xcvc1902-vsva2197-2MP-e-S


================================================================
== Performance Estimates
================================================================
+ Timing: 
    * Summary: 
    +--------+---------+----------+------------+
    |  Clock |  Target | Estimated| Uncertainty|
    +--------+---------+----------+------------+
    |ap_clk  |  5.00 ns|  0.762 ns|     1.35 ns|
    +--------+---------+----------+------------+

+ Latency: 
    * Summary: 
    +---------+---------+----------+----------+-----+-----+---------+
    |  Latency (cycles) |  Latency (absolute) |  Interval | Pipeline|
    |   min   |   max   |    min   |    max   | min | max |   Type  |
    +---------+---------+----------+----------+-----+-----+---------+
    |        0|        0|      0 ns|      0 ns|    0|    0|       no|
    +---------+---------+----------+----------+-----+-----+---------+

    + Detail: 
        * Instance: 
        N/A

        * Loop: 
        N/A

============================================================
+ Verbose Summary: Synthesis Manager
============================================================
InlineROM: 1
ExposeGlobal: 0
============================================================
+ Verbose Summary: CDFG Model
============================================================
IsTopModel: 0
ResetActiveHigh: 1
IsCombinational: 2
IsDatapathOnly: 0
HasWiredReturn: 1
HasMFsm: 0
HasVarLatency: 0
IsPipeline: 0
IsRtlPipelined: 0
IsInstanceOverlapped: 0
IsDontTouch: 0
HasImplIP: 0
IsGatedGlobalClock: 0


============================================================
+ Verbose Summary: Schedule
============================================================
* Number of FSM states : 1
* Pipeline : 0
* Dataflow Pipeline: 0

* FSM state transitions: 
1 --> 

* FSM state operations: 

State 1 <SV = 0> <Delay = 0.76>
ST_1 : Operation 2 [1/1] (0.00ns)   --->   "%specinterface_ln0 = specinterface void @_ssdm_op_SpecInterface, i64 %out_r_c, void @ap_fifo_str, i32 0, i32 0, void @p_str, i32 0, i32 0, void @p_str, void @p_str, void @p_str, i32 2, i32 2, i32 16, i32 16, void @p_str, void @ScalarProp_str, i32 4294967295, i32 0, i32 0"   --->   Operation 2 'specinterface' 'specinterface_ln0' <Predicate = true> <Delay = 0.00>
ST_1 : Operation 3 [1/1] (0.00ns)   --->   "%muxLogicCE_to_out_r_read = muxlogic"   --->   Operation 3 'muxlogic' 'muxLogicCE_to_out_r_read' <Predicate = true> <Delay = 0.00>
ST_1 : Operation 4 [1/1] (0.00ns)   --->   "%out_r_read = read i64 @_ssdm_op_Read.ap_auto.i64, i64 %out_r"   --->   Operation 4 'read' 'out_r_read' <Predicate = true> <Delay = 0.00>
ST_1 : Operation 5 [1/1] (0.00ns)   --->   "%muxLogicData_to_write_ln0 = muxlogic i64 %out_r_read"   --->   Operation 5 'muxlogic' 'muxLogicData_to_write_ln0' <Predicate = true> <Delay = 0.00>
ST_1 : Operation 6 [1/1] (0.76ns)   --->   "%write_ln0 = write void @_ssdm_op_Write.ap_fifo.i64P0A, i64 %out_r_c, i64 %out_r_read"   --->   Operation 6 'write' 'write_ln0' <Predicate = true> <Delay = 0.76> <CoreInst = "FIFO_SRL">   --->   Core 84 'FIFO_SRL' <Latency = 0> <II = 1> <Delay = 0.76> <Storage> <Opcode : 'read' 'write' 'nbread' 'nbwrite'> <Ports = 0> <Width = 64> <Depth = 4> <FIFO>
ST_1 : Operation 7 [1/1] (0.00ns)   --->   "%ret_ln0 = ret"   --->   Operation 7 'ret' 'ret_ln0' <Predicate = true> <Delay = 0.00>


============================================================
+ Verbose Summary: Timing violations
============================================================
Target clock period: 5.000ns, clock uncertainty: 1.350ns.

 <State 1>: 0.762ns
The critical path consists of the following:
	'muxlogic' operation 64 bit ('muxLogicCE_to_out_r_read') [4]  (0.000 ns)
	wire read operation ('out_r_read') on port 'out_r' [5]  (0.000 ns)
	'muxlogic' operation 0 bit ('muxLogicData_to_write_ln0') [6]  (0.000 ns)
	fifo write operation ('write_ln0') on port 'out_r_c' [7]  (0.762 ns)


============================================================
+ Verbose Summary: Binding
============================================================
N/A
* FSMD analyzer results:
  - Output states:
 - Input state : 
  - Chain level:
	State 1


============================================================
+ Verbose Summary: Datapath Resource usage 
============================================================
N/A
