

================================================================
== Vitis HLS Report for 'load_input'
================================================================
* Date:           Wed May  7 22:02:59 2025

* Version:        2024.1 (Build 5069499 on May 21 2024)
* Project:        krnl_vadd
* Solution:       hls (Vitis Kernel Flow Target)
* Product family: versalaicore
* Target device:  xcvc1902-vsva2197-2MP-e-S


================================================================
== Performance Estimates
================================================================
+ Timing: 
    * Summary: 
    +--------+---------+----------+------------+
    |  Clock |  Target | Estimated| Uncertainty|
    +--------+---------+----------+------------+
    |ap_clk  |  5.00 ns|  3.650 ns|     1.35 ns|
    +--------+---------+----------+------------+

+ Latency: 
    * Summary: 
    +---------+---------+-----------+-----------+------+------+---------+
    |  Latency (cycles) |   Latency (absolute)  |   Interval  | Pipeline|
    |   min   |   max   |    min    |    max    |  min |  max |   Type  |
    +---------+---------+-----------+-----------+------+------+---------+
    |     4173|     4173|  20.865 us|  20.865 us|  4173|  4173|       no|
    +---------+---------+-----------+-----------+------+------+---------+

    + Detail: 
        * Instance: 
        N/A

        * Loop: 
        N/A

============================================================
+ Verbose Summary: Synthesis Manager
============================================================
InlineROM: 1
ExposeGlobal: 0
============================================================
+ Verbose Summary: CDFG Model
============================================================
IsTopModel: 0
ResetActiveHigh: 1
IsCombinational: 2
IsDatapathOnly: 0
HasWiredReturn: 1
HasMFsm: 0
HasVarLatency: 1
IsPipeline: 0
IsRtlPipelined: 0
IsInstanceOverlapped: 0
IsDontTouch: 0
HasImplIP: 0
IsGatedGlobalClock: 0


============================================================
+ Verbose Summary: Schedule
============================================================
* Number of FSM states : 76
* Pipeline : 0
* Dataflow Pipeline: 0

* FSM state transitions: 
1 --> 2 
2 --> 3 
3 --> 4 
4 --> 5 
5 --> 6 
6 --> 7 
7 --> 8 
8 --> 9 
9 --> 10 
10 --> 11 
11 --> 12 
12 --> 13 
13 --> 14 
14 --> 15 
15 --> 16 
16 --> 17 
17 --> 18 
18 --> 19 
19 --> 20 
20 --> 21 
21 --> 22 
22 --> 23 
23 --> 24 
24 --> 25 
25 --> 26 
26 --> 27 
27 --> 28 
28 --> 29 
29 --> 30 
30 --> 31 
31 --> 32 
32 --> 33 
33 --> 34 
34 --> 35 
35 --> 36 
36 --> 37 
37 --> 38 
38 --> 39 
39 --> 40 
40 --> 41 
41 --> 42 
42 --> 43 
43 --> 44 
44 --> 45 
45 --> 46 
46 --> 47 
47 --> 48 
48 --> 49 
49 --> 50 
50 --> 51 
51 --> 52 
52 --> 53 
53 --> 54 
54 --> 55 
55 --> 56 
56 --> 57 
57 --> 58 
58 --> 59 
59 --> 60 
60 --> 61 
61 --> 62 
62 --> 63 
63 --> 64 
64 --> 65 
65 --> 66 
66 --> 67 
67 --> 68 
68 --> 69 
69 --> 70 
70 --> 71 
71 --> 72 
72 --> 73 
73 --> 74 
74 --> 75 
75 --> 76 
76 --> 

* FSM state operations: 

State 1 <SV = 0> <Delay = 2.48>
ST_1 : Operation 77 [1/1] (0.00ns)   --->   "%muxLogicCE_to_size_read = muxlogic"   --->   Operation 77 'muxlogic' 'muxLogicCE_to_size_read' <Predicate = true> <Delay = 0.00>
ST_1 : Operation 78 [1/1] (0.00ns)   --->   "%size_read = read i32 @_ssdm_op_Read.ap_auto.i32, i32 %size" [krnl_vadd.cpp:91]   --->   Operation 78 'read' 'size_read' <Predicate = true> <Delay = 0.00>
ST_1 : Operation 79 [1/1] (0.00ns)   --->   "%muxLogicCE_to_in_read = muxlogic"   --->   Operation 79 'muxlogic' 'muxLogicCE_to_in_read' <Predicate = true> <Delay = 0.00>
ST_1 : Operation 80 [1/1] (0.00ns)   --->   "%in_read = read i64 @_ssdm_op_Read.ap_auto.i64, i64 %in_r" [krnl_vadd.cpp:91]   --->   Operation 80 'read' 'in_read' <Predicate = true> <Delay = 0.00>
ST_1 : Operation 81 [1/1] (0.00ns)   --->   "%muxLogicData_to_write_ln91 = muxlogic i32 %size_read"   --->   Operation 81 'muxlogic' 'muxLogicData_to_write_ln91' <Predicate = true> <Delay = 0.00>
ST_1 : Operation 82 [1/1] (0.71ns)   --->   "%write_ln91 = write void @_ssdm_op_Write.ap_fifo.i32P0A, i32 %size_c1, i32 %size_read" [krnl_vadd.cpp:91]   --->   Operation 82 'write' 'write_ln91' <Predicate = true> <Delay = 0.71> <CoreInst = "FIFO_SRL">   --->   Core 84 'FIFO_SRL' <Latency = 0> <II = 1> <Delay = 0.71> <Storage> <Opcode : 'read' 'write' 'nbread' 'nbwrite'> <Ports = 0> <Width = 32> <Depth = 2> <FIFO>
ST_1 : Operation 83 [1/1] (0.66ns)   --->   "%icmp_ln93 = icmp_sgt  i32 %size_read, i32 0" [krnl_vadd.cpp:93]   --->   Operation 83 'icmp' 'icmp_ln93' <Predicate = true> <Delay = 0.66> <CoreInst = "Cmp">   --->   Core 9 'Cmp' <Latency = 0> <II = 1> <Delay = 0.66> <FuncUnit> <Opcode : 'setle' 'setge' 'setlt' 'setgt'> <InPorts = 2> <OutPorts = 1>
ST_1 : Operation 84 [1/1] (0.00ns)   --->   "%trunc_ln93 = trunc i32 %size_read" [krnl_vadd.cpp:93]   --->   Operation 84 'trunc' 'trunc_ln93' <Predicate = true> <Delay = 0.00>
ST_1 : Operation 85 [1/1] (0.00ns)   --->   "%trunc_ln93_2 = partselect i62 @_ssdm_op_PartSelect.i62.i64.i32.i32, i64 %in_read, i32 2, i32 63" [krnl_vadd.cpp:93]   --->   Operation 85 'partselect' 'trunc_ln93_2' <Predicate = true> <Delay = 0.00>
ST_1 : Operation 86 [1/1] (0.00ns)   --->   "%sext_ln93 = sext i62 %trunc_ln93_2" [krnl_vadd.cpp:93]   --->   Operation 86 'sext' 'sext_ln93' <Predicate = true> <Delay = 0.00>
ST_1 : Operation 87 [1/1] (0.00ns)   --->   "%gmem0_addr = getelementptr i32 %gmem0, i64 %sext_ln93" [krnl_vadd.cpp:93]   --->   Operation 87 'getelementptr' 'gmem0_addr' <Predicate = true> <Delay = 0.00>
ST_1 : Operation 88 [1/1] (0.52ns)   --->   "%empty = select i1 %icmp_ln93, i31 %trunc_ln93, i31 0" [krnl_vadd.cpp:93]   --->   Operation 88 'select' 'empty' <Predicate = true> <Delay = 0.52> <CoreInst = "Sel">   --->   Core 77 'Sel' <Latency = 0> <II = 1> <Delay = 0.52> <FuncUnit> <Opcode : 'select'> <InPorts = 3> <OutPorts = 1>
ST_1 : Operation 89 [1/1] (0.00ns)   --->   "%zext_ln93 = zext i31 %empty" [krnl_vadd.cpp:93]   --->   Operation 89 'zext' 'zext_ln93' <Predicate = true> <Delay = 0.00>
ST_1 : Operation 90 [74/74] (1.29ns)   --->   "%empty_29 = readreq i1 @_ssdm_op_ReadReq.m_axi.p1i32, i32 %gmem0_addr, i64 %zext_ln93" [krnl_vadd.cpp:93]   --->   Operation 90 'readreq' 'empty_29' <Predicate = true> <Delay = 1.29> <CoreInst = "m_axi">   --->   Core 123 'm_axi' <Latency = 9> <II = 1> <Delay = 1.34> <Adapter> <Opcode : 'read' 'write' 'readreq' 'writereq' 'writeresp'>

State 2 <SV = 1> <Delay = 3.65>
ST_2 : Operation 91 [73/74] (3.65ns)   --->   "%empty_29 = readreq i1 @_ssdm_op_ReadReq.m_axi.p1i32, i32 %gmem0_addr, i64 %zext_ln93" [krnl_vadd.cpp:93]   --->   Operation 91 'readreq' 'empty_29' <Predicate = true> <Delay = 3.65> <CoreInst = "m_axi">   --->   Core 123 'm_axi' <Latency = 9> <II = 1> <Delay = 1.34> <Adapter> <Opcode : 'read' 'write' 'readreq' 'writereq' 'writeresp'>

State 3 <SV = 2> <Delay = 3.65>
ST_3 : Operation 92 [72/74] (3.65ns)   --->   "%empty_29 = readreq i1 @_ssdm_op_ReadReq.m_axi.p1i32, i32 %gmem0_addr, i64 %zext_ln93" [krnl_vadd.cpp:93]   --->   Operation 92 'readreq' 'empty_29' <Predicate = true> <Delay = 3.65> <CoreInst = "m_axi">   --->   Core 123 'm_axi' <Latency = 9> <II = 1> <Delay = 1.34> <Adapter> <Opcode : 'read' 'write' 'readreq' 'writereq' 'writeresp'>

State 4 <SV = 3> <Delay = 3.65>
ST_4 : Operation 93 [71/74] (3.65ns)   --->   "%empty_29 = readreq i1 @_ssdm_op_ReadReq.m_axi.p1i32, i32 %gmem0_addr, i64 %zext_ln93" [krnl_vadd.cpp:93]   --->   Operation 93 'readreq' 'empty_29' <Predicate = true> <Delay = 3.65> <CoreInst = "m_axi">   --->   Core 123 'm_axi' <Latency = 9> <II = 1> <Delay = 1.34> <Adapter> <Opcode : 'read' 'write' 'readreq' 'writereq' 'writeresp'>

State 5 <SV = 4> <Delay = 3.65>
ST_5 : Operation 94 [70/74] (3.65ns)   --->   "%empty_29 = readreq i1 @_ssdm_op_ReadReq.m_axi.p1i32, i32 %gmem0_addr, i64 %zext_ln93" [krnl_vadd.cpp:93]   --->   Operation 94 'readreq' 'empty_29' <Predicate = true> <Delay = 3.65> <CoreInst = "m_axi">   --->   Core 123 'm_axi' <Latency = 9> <II = 1> <Delay = 1.34> <Adapter> <Opcode : 'read' 'write' 'readreq' 'writereq' 'writeresp'>

State 6 <SV = 5> <Delay = 3.65>
ST_6 : Operation 95 [69/74] (3.65ns)   --->   "%empty_29 = readreq i1 @_ssdm_op_ReadReq.m_axi.p1i32, i32 %gmem0_addr, i64 %zext_ln93" [krnl_vadd.cpp:93]   --->   Operation 95 'readreq' 'empty_29' <Predicate = true> <Delay = 3.65> <CoreInst = "m_axi">   --->   Core 123 'm_axi' <Latency = 9> <II = 1> <Delay = 1.34> <Adapter> <Opcode : 'read' 'write' 'readreq' 'writereq' 'writeresp'>

State 7 <SV = 6> <Delay = 3.65>
ST_7 : Operation 96 [68/74] (3.65ns)   --->   "%empty_29 = readreq i1 @_ssdm_op_ReadReq.m_axi.p1i32, i32 %gmem0_addr, i64 %zext_ln93" [krnl_vadd.cpp:93]   --->   Operation 96 'readreq' 'empty_29' <Predicate = true> <Delay = 3.65> <CoreInst = "m_axi">   --->   Core 123 'm_axi' <Latency = 9> <II = 1> <Delay = 1.34> <Adapter> <Opcode : 'read' 'write' 'readreq' 'writereq' 'writeresp'>

State 8 <SV = 7> <Delay = 3.65>
ST_8 : Operation 97 [67/74] (3.65ns)   --->   "%empty_29 = readreq i1 @_ssdm_op_ReadReq.m_axi.p1i32, i32 %gmem0_addr, i64 %zext_ln93" [krnl_vadd.cpp:93]   --->   Operation 97 'readreq' 'empty_29' <Predicate = true> <Delay = 3.65> <CoreInst = "m_axi">   --->   Core 123 'm_axi' <Latency = 9> <II = 1> <Delay = 1.34> <Adapter> <Opcode : 'read' 'write' 'readreq' 'writereq' 'writeresp'>

State 9 <SV = 8> <Delay = 3.65>
ST_9 : Operation 98 [66/74] (3.65ns)   --->   "%empty_29 = readreq i1 @_ssdm_op_ReadReq.m_axi.p1i32, i32 %gmem0_addr, i64 %zext_ln93" [krnl_vadd.cpp:93]   --->   Operation 98 'readreq' 'empty_29' <Predicate = true> <Delay = 3.65> <CoreInst = "m_axi">   --->   Core 123 'm_axi' <Latency = 9> <II = 1> <Delay = 1.34> <Adapter> <Opcode : 'read' 'write' 'readreq' 'writereq' 'writeresp'>

State 10 <SV = 9> <Delay = 3.65>
ST_10 : Operation 99 [65/74] (3.65ns)   --->   "%empty_29 = readreq i1 @_ssdm_op_ReadReq.m_axi.p1i32, i32 %gmem0_addr, i64 %zext_ln93" [krnl_vadd.cpp:93]   --->   Operation 99 'readreq' 'empty_29' <Predicate = true> <Delay = 3.65> <CoreInst = "m_axi">   --->   Core 123 'm_axi' <Latency = 9> <II = 1> <Delay = 1.34> <Adapter> <Opcode : 'read' 'write' 'readreq' 'writereq' 'writeresp'>

State 11 <SV = 10> <Delay = 3.65>
ST_11 : Operation 100 [64/74] (3.65ns)   --->   "%empty_29 = readreq i1 @_ssdm_op_ReadReq.m_axi.p1i32, i32 %gmem0_addr, i64 %zext_ln93" [krnl_vadd.cpp:93]   --->   Operation 100 'readreq' 'empty_29' <Predicate = true> <Delay = 3.65> <CoreInst = "m_axi">   --->   Core 123 'm_axi' <Latency = 9> <II = 1> <Delay = 1.34> <Adapter> <Opcode : 'read' 'write' 'readreq' 'writereq' 'writeresp'>

State 12 <SV = 11> <Delay = 3.65>
ST_12 : Operation 101 [63/74] (3.65ns)   --->   "%empty_29 = readreq i1 @_ssdm_op_ReadReq.m_axi.p1i32, i32 %gmem0_addr, i64 %zext_ln93" [krnl_vadd.cpp:93]   --->   Operation 101 'readreq' 'empty_29' <Predicate = true> <Delay = 3.65> <CoreInst = "m_axi">   --->   Core 123 'm_axi' <Latency = 9> <II = 1> <Delay = 1.34> <Adapter> <Opcode : 'read' 'write' 'readreq' 'writereq' 'writeresp'>

State 13 <SV = 12> <Delay = 3.65>
ST_13 : Operation 102 [62/74] (3.65ns)   --->   "%empty_29 = readreq i1 @_ssdm_op_ReadReq.m_axi.p1i32, i32 %gmem0_addr, i64 %zext_ln93" [krnl_vadd.cpp:93]   --->   Operation 102 'readreq' 'empty_29' <Predicate = true> <Delay = 3.65> <CoreInst = "m_axi">   --->   Core 123 'm_axi' <Latency = 9> <II = 1> <Delay = 1.34> <Adapter> <Opcode : 'read' 'write' 'readreq' 'writereq' 'writeresp'>

State 14 <SV = 13> <Delay = 3.65>
ST_14 : Operation 103 [61/74] (3.65ns)   --->   "%empty_29 = readreq i1 @_ssdm_op_ReadReq.m_axi.p1i32, i32 %gmem0_addr, i64 %zext_ln93" [krnl_vadd.cpp:93]   --->   Operation 103 'readreq' 'empty_29' <Predicate = true> <Delay = 3.65> <CoreInst = "m_axi">   --->   Core 123 'm_axi' <Latency = 9> <II = 1> <Delay = 1.34> <Adapter> <Opcode : 'read' 'write' 'readreq' 'writereq' 'writeresp'>

State 15 <SV = 14> <Delay = 3.65>
ST_15 : Operation 104 [60/74] (3.65ns)   --->   "%empty_29 = readreq i1 @_ssdm_op_ReadReq.m_axi.p1i32, i32 %gmem0_addr, i64 %zext_ln93" [krnl_vadd.cpp:93]   --->   Operation 104 'readreq' 'empty_29' <Predicate = true> <Delay = 3.65> <CoreInst = "m_axi">   --->   Core 123 'm_axi' <Latency = 9> <II = 1> <Delay = 1.34> <Adapter> <Opcode : 'read' 'write' 'readreq' 'writereq' 'writeresp'>

State 16 <SV = 15> <Delay = 3.65>
ST_16 : Operation 105 [59/74] (3.65ns)   --->   "%empty_29 = readreq i1 @_ssdm_op_ReadReq.m_axi.p1i32, i32 %gmem0_addr, i64 %zext_ln93" [krnl_vadd.cpp:93]   --->   Operation 105 'readreq' 'empty_29' <Predicate = true> <Delay = 3.65> <CoreInst = "m_axi">   --->   Core 123 'm_axi' <Latency = 9> <II = 1> <Delay = 1.34> <Adapter> <Opcode : 'read' 'write' 'readreq' 'writereq' 'writeresp'>

State 17 <SV = 16> <Delay = 3.65>
ST_17 : Operation 106 [58/74] (3.65ns)   --->   "%empty_29 = readreq i1 @_ssdm_op_ReadReq.m_axi.p1i32, i32 %gmem0_addr, i64 %zext_ln93" [krnl_vadd.cpp:93]   --->   Operation 106 'readreq' 'empty_29' <Predicate = true> <Delay = 3.65> <CoreInst = "m_axi">   --->   Core 123 'm_axi' <Latency = 9> <II = 1> <Delay = 1.34> <Adapter> <Opcode : 'read' 'write' 'readreq' 'writereq' 'writeresp'>

State 18 <SV = 17> <Delay = 3.65>
ST_18 : Operation 107 [57/74] (3.65ns)   --->   "%empty_29 = readreq i1 @_ssdm_op_ReadReq.m_axi.p1i32, i32 %gmem0_addr, i64 %zext_ln93" [krnl_vadd.cpp:93]   --->   Operation 107 'readreq' 'empty_29' <Predicate = true> <Delay = 3.65> <CoreInst = "m_axi">   --->   Core 123 'm_axi' <Latency = 9> <II = 1> <Delay = 1.34> <Adapter> <Opcode : 'read' 'write' 'readreq' 'writereq' 'writeresp'>

State 19 <SV = 18> <Delay = 3.65>
ST_19 : Operation 108 [56/74] (3.65ns)   --->   "%empty_29 = readreq i1 @_ssdm_op_ReadReq.m_axi.p1i32, i32 %gmem0_addr, i64 %zext_ln93" [krnl_vadd.cpp:93]   --->   Operation 108 'readreq' 'empty_29' <Predicate = true> <Delay = 3.65> <CoreInst = "m_axi">   --->   Core 123 'm_axi' <Latency = 9> <II = 1> <Delay = 1.34> <Adapter> <Opcode : 'read' 'write' 'readreq' 'writereq' 'writeresp'>

State 20 <SV = 19> <Delay = 3.65>
ST_20 : Operation 109 [55/74] (3.65ns)   --->   "%empty_29 = readreq i1 @_ssdm_op_ReadReq.m_axi.p1i32, i32 %gmem0_addr, i64 %zext_ln93" [krnl_vadd.cpp:93]   --->   Operation 109 'readreq' 'empty_29' <Predicate = true> <Delay = 3.65> <CoreInst = "m_axi">   --->   Core 123 'm_axi' <Latency = 9> <II = 1> <Delay = 1.34> <Adapter> <Opcode : 'read' 'write' 'readreq' 'writereq' 'writeresp'>

State 21 <SV = 20> <Delay = 3.65>
ST_21 : Operation 110 [54/74] (3.65ns)   --->   "%empty_29 = readreq i1 @_ssdm_op_ReadReq.m_axi.p1i32, i32 %gmem0_addr, i64 %zext_ln93" [krnl_vadd.cpp:93]   --->   Operation 110 'readreq' 'empty_29' <Predicate = true> <Delay = 3.65> <CoreInst = "m_axi">   --->   Core 123 'm_axi' <Latency = 9> <II = 1> <Delay = 1.34> <Adapter> <Opcode : 'read' 'write' 'readreq' 'writereq' 'writeresp'>

State 22 <SV = 21> <Delay = 3.65>
ST_22 : Operation 111 [53/74] (3.65ns)   --->   "%empty_29 = readreq i1 @_ssdm_op_ReadReq.m_axi.p1i32, i32 %gmem0_addr, i64 %zext_ln93" [krnl_vadd.cpp:93]   --->   Operation 111 'readreq' 'empty_29' <Predicate = true> <Delay = 3.65> <CoreInst = "m_axi">   --->   Core 123 'm_axi' <Latency = 9> <II = 1> <Delay = 1.34> <Adapter> <Opcode : 'read' 'write' 'readreq' 'writereq' 'writeresp'>

State 23 <SV = 22> <Delay = 3.65>
ST_23 : Operation 112 [52/74] (3.65ns)   --->   "%empty_29 = readreq i1 @_ssdm_op_ReadReq.m_axi.p1i32, i32 %gmem0_addr, i64 %zext_ln93" [krnl_vadd.cpp:93]   --->   Operation 112 'readreq' 'empty_29' <Predicate = true> <Delay = 3.65> <CoreInst = "m_axi">   --->   Core 123 'm_axi' <Latency = 9> <II = 1> <Delay = 1.34> <Adapter> <Opcode : 'read' 'write' 'readreq' 'writereq' 'writeresp'>

State 24 <SV = 23> <Delay = 3.65>
ST_24 : Operation 113 [51/74] (3.65ns)   --->   "%empty_29 = readreq i1 @_ssdm_op_ReadReq.m_axi.p1i32, i32 %gmem0_addr, i64 %zext_ln93" [krnl_vadd.cpp:93]   --->   Operation 113 'readreq' 'empty_29' <Predicate = true> <Delay = 3.65> <CoreInst = "m_axi">   --->   Core 123 'm_axi' <Latency = 9> <II = 1> <Delay = 1.34> <Adapter> <Opcode : 'read' 'write' 'readreq' 'writereq' 'writeresp'>

State 25 <SV = 24> <Delay = 3.65>
ST_25 : Operation 114 [50/74] (3.65ns)   --->   "%empty_29 = readreq i1 @_ssdm_op_ReadReq.m_axi.p1i32, i32 %gmem0_addr, i64 %zext_ln93" [krnl_vadd.cpp:93]   --->   Operation 114 'readreq' 'empty_29' <Predicate = true> <Delay = 3.65> <CoreInst = "m_axi">   --->   Core 123 'm_axi' <Latency = 9> <II = 1> <Delay = 1.34> <Adapter> <Opcode : 'read' 'write' 'readreq' 'writereq' 'writeresp'>

State 26 <SV = 25> <Delay = 3.65>
ST_26 : Operation 115 [49/74] (3.65ns)   --->   "%empty_29 = readreq i1 @_ssdm_op_ReadReq.m_axi.p1i32, i32 %gmem0_addr, i64 %zext_ln93" [krnl_vadd.cpp:93]   --->   Operation 115 'readreq' 'empty_29' <Predicate = true> <Delay = 3.65> <CoreInst = "m_axi">   --->   Core 123 'm_axi' <Latency = 9> <II = 1> <Delay = 1.34> <Adapter> <Opcode : 'read' 'write' 'readreq' 'writereq' 'writeresp'>

State 27 <SV = 26> <Delay = 3.65>
ST_27 : Operation 116 [48/74] (3.65ns)   --->   "%empty_29 = readreq i1 @_ssdm_op_ReadReq.m_axi.p1i32, i32 %gmem0_addr, i64 %zext_ln93" [krnl_vadd.cpp:93]   --->   Operation 116 'readreq' 'empty_29' <Predicate = true> <Delay = 3.65> <CoreInst = "m_axi">   --->   Core 123 'm_axi' <Latency = 9> <II = 1> <Delay = 1.34> <Adapter> <Opcode : 'read' 'write' 'readreq' 'writereq' 'writeresp'>

State 28 <SV = 27> <Delay = 3.65>
ST_28 : Operation 117 [47/74] (3.65ns)   --->   "%empty_29 = readreq i1 @_ssdm_op_ReadReq.m_axi.p1i32, i32 %gmem0_addr, i64 %zext_ln93" [krnl_vadd.cpp:93]   --->   Operation 117 'readreq' 'empty_29' <Predicate = true> <Delay = 3.65> <CoreInst = "m_axi">   --->   Core 123 'm_axi' <Latency = 9> <II = 1> <Delay = 1.34> <Adapter> <Opcode : 'read' 'write' 'readreq' 'writereq' 'writeresp'>

State 29 <SV = 28> <Delay = 3.65>
ST_29 : Operation 118 [46/74] (3.65ns)   --->   "%empty_29 = readreq i1 @_ssdm_op_ReadReq.m_axi.p1i32, i32 %gmem0_addr, i64 %zext_ln93" [krnl_vadd.cpp:93]   --->   Operation 118 'readreq' 'empty_29' <Predicate = true> <Delay = 3.65> <CoreInst = "m_axi">   --->   Core 123 'm_axi' <Latency = 9> <II = 1> <Delay = 1.34> <Adapter> <Opcode : 'read' 'write' 'readreq' 'writereq' 'writeresp'>

State 30 <SV = 29> <Delay = 3.65>
ST_30 : Operation 119 [45/74] (3.65ns)   --->   "%empty_29 = readreq i1 @_ssdm_op_ReadReq.m_axi.p1i32, i32 %gmem0_addr, i64 %zext_ln93" [krnl_vadd.cpp:93]   --->   Operation 119 'readreq' 'empty_29' <Predicate = true> <Delay = 3.65> <CoreInst = "m_axi">   --->   Core 123 'm_axi' <Latency = 9> <II = 1> <Delay = 1.34> <Adapter> <Opcode : 'read' 'write' 'readreq' 'writereq' 'writeresp'>

State 31 <SV = 30> <Delay = 3.65>
ST_31 : Operation 120 [44/74] (3.65ns)   --->   "%empty_29 = readreq i1 @_ssdm_op_ReadReq.m_axi.p1i32, i32 %gmem0_addr, i64 %zext_ln93" [krnl_vadd.cpp:93]   --->   Operation 120 'readreq' 'empty_29' <Predicate = true> <Delay = 3.65> <CoreInst = "m_axi">   --->   Core 123 'm_axi' <Latency = 9> <II = 1> <Delay = 1.34> <Adapter> <Opcode : 'read' 'write' 'readreq' 'writereq' 'writeresp'>

State 32 <SV = 31> <Delay = 3.65>
ST_32 : Operation 121 [43/74] (3.65ns)   --->   "%empty_29 = readreq i1 @_ssdm_op_ReadReq.m_axi.p1i32, i32 %gmem0_addr, i64 %zext_ln93" [krnl_vadd.cpp:93]   --->   Operation 121 'readreq' 'empty_29' <Predicate = true> <Delay = 3.65> <CoreInst = "m_axi">   --->   Core 123 'm_axi' <Latency = 9> <II = 1> <Delay = 1.34> <Adapter> <Opcode : 'read' 'write' 'readreq' 'writereq' 'writeresp'>

State 33 <SV = 32> <Delay = 3.65>
ST_33 : Operation 122 [42/74] (3.65ns)   --->   "%empty_29 = readreq i1 @_ssdm_op_ReadReq.m_axi.p1i32, i32 %gmem0_addr, i64 %zext_ln93" [krnl_vadd.cpp:93]   --->   Operation 122 'readreq' 'empty_29' <Predicate = true> <Delay = 3.65> <CoreInst = "m_axi">   --->   Core 123 'm_axi' <Latency = 9> <II = 1> <Delay = 1.34> <Adapter> <Opcode : 'read' 'write' 'readreq' 'writereq' 'writeresp'>

State 34 <SV = 33> <Delay = 3.65>
ST_34 : Operation 123 [41/74] (3.65ns)   --->   "%empty_29 = readreq i1 @_ssdm_op_ReadReq.m_axi.p1i32, i32 %gmem0_addr, i64 %zext_ln93" [krnl_vadd.cpp:93]   --->   Operation 123 'readreq' 'empty_29' <Predicate = true> <Delay = 3.65> <CoreInst = "m_axi">   --->   Core 123 'm_axi' <Latency = 9> <II = 1> <Delay = 1.34> <Adapter> <Opcode : 'read' 'write' 'readreq' 'writereq' 'writeresp'>

State 35 <SV = 34> <Delay = 3.65>
ST_35 : Operation 124 [40/74] (3.65ns)   --->   "%empty_29 = readreq i1 @_ssdm_op_ReadReq.m_axi.p1i32, i32 %gmem0_addr, i64 %zext_ln93" [krnl_vadd.cpp:93]   --->   Operation 124 'readreq' 'empty_29' <Predicate = true> <Delay = 3.65> <CoreInst = "m_axi">   --->   Core 123 'm_axi' <Latency = 9> <II = 1> <Delay = 1.34> <Adapter> <Opcode : 'read' 'write' 'readreq' 'writereq' 'writeresp'>

State 36 <SV = 35> <Delay = 3.65>
ST_36 : Operation 125 [39/74] (3.65ns)   --->   "%empty_29 = readreq i1 @_ssdm_op_ReadReq.m_axi.p1i32, i32 %gmem0_addr, i64 %zext_ln93" [krnl_vadd.cpp:93]   --->   Operation 125 'readreq' 'empty_29' <Predicate = true> <Delay = 3.65> <CoreInst = "m_axi">   --->   Core 123 'm_axi' <Latency = 9> <II = 1> <Delay = 1.34> <Adapter> <Opcode : 'read' 'write' 'readreq' 'writereq' 'writeresp'>

State 37 <SV = 36> <Delay = 3.65>
ST_37 : Operation 126 [38/74] (3.65ns)   --->   "%empty_29 = readreq i1 @_ssdm_op_ReadReq.m_axi.p1i32, i32 %gmem0_addr, i64 %zext_ln93" [krnl_vadd.cpp:93]   --->   Operation 126 'readreq' 'empty_29' <Predicate = true> <Delay = 3.65> <CoreInst = "m_axi">   --->   Core 123 'm_axi' <Latency = 9> <II = 1> <Delay = 1.34> <Adapter> <Opcode : 'read' 'write' 'readreq' 'writereq' 'writeresp'>

State 38 <SV = 37> <Delay = 3.65>
ST_38 : Operation 127 [37/74] (3.65ns)   --->   "%empty_29 = readreq i1 @_ssdm_op_ReadReq.m_axi.p1i32, i32 %gmem0_addr, i64 %zext_ln93" [krnl_vadd.cpp:93]   --->   Operation 127 'readreq' 'empty_29' <Predicate = true> <Delay = 3.65> <CoreInst = "m_axi">   --->   Core 123 'm_axi' <Latency = 9> <II = 1> <Delay = 1.34> <Adapter> <Opcode : 'read' 'write' 'readreq' 'writereq' 'writeresp'>

State 39 <SV = 38> <Delay = 3.65>
ST_39 : Operation 128 [36/74] (3.65ns)   --->   "%empty_29 = readreq i1 @_ssdm_op_ReadReq.m_axi.p1i32, i32 %gmem0_addr, i64 %zext_ln93" [krnl_vadd.cpp:93]   --->   Operation 128 'readreq' 'empty_29' <Predicate = true> <Delay = 3.65> <CoreInst = "m_axi">   --->   Core 123 'm_axi' <Latency = 9> <II = 1> <Delay = 1.34> <Adapter> <Opcode : 'read' 'write' 'readreq' 'writereq' 'writeresp'>

State 40 <SV = 39> <Delay = 3.65>
ST_40 : Operation 129 [35/74] (3.65ns)   --->   "%empty_29 = readreq i1 @_ssdm_op_ReadReq.m_axi.p1i32, i32 %gmem0_addr, i64 %zext_ln93" [krnl_vadd.cpp:93]   --->   Operation 129 'readreq' 'empty_29' <Predicate = true> <Delay = 3.65> <CoreInst = "m_axi">   --->   Core 123 'm_axi' <Latency = 9> <II = 1> <Delay = 1.34> <Adapter> <Opcode : 'read' 'write' 'readreq' 'writereq' 'writeresp'>

State 41 <SV = 40> <Delay = 3.65>
ST_41 : Operation 130 [34/74] (3.65ns)   --->   "%empty_29 = readreq i1 @_ssdm_op_ReadReq.m_axi.p1i32, i32 %gmem0_addr, i64 %zext_ln93" [krnl_vadd.cpp:93]   --->   Operation 130 'readreq' 'empty_29' <Predicate = true> <Delay = 3.65> <CoreInst = "m_axi">   --->   Core 123 'm_axi' <Latency = 9> <II = 1> <Delay = 1.34> <Adapter> <Opcode : 'read' 'write' 'readreq' 'writereq' 'writeresp'>

State 42 <SV = 41> <Delay = 3.65>
ST_42 : Operation 131 [33/74] (3.65ns)   --->   "%empty_29 = readreq i1 @_ssdm_op_ReadReq.m_axi.p1i32, i32 %gmem0_addr, i64 %zext_ln93" [krnl_vadd.cpp:93]   --->   Operation 131 'readreq' 'empty_29' <Predicate = true> <Delay = 3.65> <CoreInst = "m_axi">   --->   Core 123 'm_axi' <Latency = 9> <II = 1> <Delay = 1.34> <Adapter> <Opcode : 'read' 'write' 'readreq' 'writereq' 'writeresp'>

State 43 <SV = 42> <Delay = 3.65>
ST_43 : Operation 132 [32/74] (3.65ns)   --->   "%empty_29 = readreq i1 @_ssdm_op_ReadReq.m_axi.p1i32, i32 %gmem0_addr, i64 %zext_ln93" [krnl_vadd.cpp:93]   --->   Operation 132 'readreq' 'empty_29' <Predicate = true> <Delay = 3.65> <CoreInst = "m_axi">   --->   Core 123 'm_axi' <Latency = 9> <II = 1> <Delay = 1.34> <Adapter> <Opcode : 'read' 'write' 'readreq' 'writereq' 'writeresp'>

State 44 <SV = 43> <Delay = 3.65>
ST_44 : Operation 133 [31/74] (3.65ns)   --->   "%empty_29 = readreq i1 @_ssdm_op_ReadReq.m_axi.p1i32, i32 %gmem0_addr, i64 %zext_ln93" [krnl_vadd.cpp:93]   --->   Operation 133 'readreq' 'empty_29' <Predicate = true> <Delay = 3.65> <CoreInst = "m_axi">   --->   Core 123 'm_axi' <Latency = 9> <II = 1> <Delay = 1.34> <Adapter> <Opcode : 'read' 'write' 'readreq' 'writereq' 'writeresp'>

State 45 <SV = 44> <Delay = 3.65>
ST_45 : Operation 134 [30/74] (3.65ns)   --->   "%empty_29 = readreq i1 @_ssdm_op_ReadReq.m_axi.p1i32, i32 %gmem0_addr, i64 %zext_ln93" [krnl_vadd.cpp:93]   --->   Operation 134 'readreq' 'empty_29' <Predicate = true> <Delay = 3.65> <CoreInst = "m_axi">   --->   Core 123 'm_axi' <Latency = 9> <II = 1> <Delay = 1.34> <Adapter> <Opcode : 'read' 'write' 'readreq' 'writereq' 'writeresp'>

State 46 <SV = 45> <Delay = 3.65>
ST_46 : Operation 135 [29/74] (3.65ns)   --->   "%empty_29 = readreq i1 @_ssdm_op_ReadReq.m_axi.p1i32, i32 %gmem0_addr, i64 %zext_ln93" [krnl_vadd.cpp:93]   --->   Operation 135 'readreq' 'empty_29' <Predicate = true> <Delay = 3.65> <CoreInst = "m_axi">   --->   Core 123 'm_axi' <Latency = 9> <II = 1> <Delay = 1.34> <Adapter> <Opcode : 'read' 'write' 'readreq' 'writereq' 'writeresp'>

State 47 <SV = 46> <Delay = 3.65>
ST_47 : Operation 136 [28/74] (3.65ns)   --->   "%empty_29 = readreq i1 @_ssdm_op_ReadReq.m_axi.p1i32, i32 %gmem0_addr, i64 %zext_ln93" [krnl_vadd.cpp:93]   --->   Operation 136 'readreq' 'empty_29' <Predicate = true> <Delay = 3.65> <CoreInst = "m_axi">   --->   Core 123 'm_axi' <Latency = 9> <II = 1> <Delay = 1.34> <Adapter> <Opcode : 'read' 'write' 'readreq' 'writereq' 'writeresp'>

State 48 <SV = 47> <Delay = 3.65>
ST_48 : Operation 137 [27/74] (3.65ns)   --->   "%empty_29 = readreq i1 @_ssdm_op_ReadReq.m_axi.p1i32, i32 %gmem0_addr, i64 %zext_ln93" [krnl_vadd.cpp:93]   --->   Operation 137 'readreq' 'empty_29' <Predicate = true> <Delay = 3.65> <CoreInst = "m_axi">   --->   Core 123 'm_axi' <Latency = 9> <II = 1> <Delay = 1.34> <Adapter> <Opcode : 'read' 'write' 'readreq' 'writereq' 'writeresp'>

State 49 <SV = 48> <Delay = 3.65>
ST_49 : Operation 138 [26/74] (3.65ns)   --->   "%empty_29 = readreq i1 @_ssdm_op_ReadReq.m_axi.p1i32, i32 %gmem0_addr, i64 %zext_ln93" [krnl_vadd.cpp:93]   --->   Operation 138 'readreq' 'empty_29' <Predicate = true> <Delay = 3.65> <CoreInst = "m_axi">   --->   Core 123 'm_axi' <Latency = 9> <II = 1> <Delay = 1.34> <Adapter> <Opcode : 'read' 'write' 'readreq' 'writereq' 'writeresp'>

State 50 <SV = 49> <Delay = 3.65>
ST_50 : Operation 139 [25/74] (3.65ns)   --->   "%empty_29 = readreq i1 @_ssdm_op_ReadReq.m_axi.p1i32, i32 %gmem0_addr, i64 %zext_ln93" [krnl_vadd.cpp:93]   --->   Operation 139 'readreq' 'empty_29' <Predicate = true> <Delay = 3.65> <CoreInst = "m_axi">   --->   Core 123 'm_axi' <Latency = 9> <II = 1> <Delay = 1.34> <Adapter> <Opcode : 'read' 'write' 'readreq' 'writereq' 'writeresp'>

State 51 <SV = 50> <Delay = 3.65>
ST_51 : Operation 140 [24/74] (3.65ns)   --->   "%empty_29 = readreq i1 @_ssdm_op_ReadReq.m_axi.p1i32, i32 %gmem0_addr, i64 %zext_ln93" [krnl_vadd.cpp:93]   --->   Operation 140 'readreq' 'empty_29' <Predicate = true> <Delay = 3.65> <CoreInst = "m_axi">   --->   Core 123 'm_axi' <Latency = 9> <II = 1> <Delay = 1.34> <Adapter> <Opcode : 'read' 'write' 'readreq' 'writereq' 'writeresp'>

State 52 <SV = 51> <Delay = 3.65>
ST_52 : Operation 141 [23/74] (3.65ns)   --->   "%empty_29 = readreq i1 @_ssdm_op_ReadReq.m_axi.p1i32, i32 %gmem0_addr, i64 %zext_ln93" [krnl_vadd.cpp:93]   --->   Operation 141 'readreq' 'empty_29' <Predicate = true> <Delay = 3.65> <CoreInst = "m_axi">   --->   Core 123 'm_axi' <Latency = 9> <II = 1> <Delay = 1.34> <Adapter> <Opcode : 'read' 'write' 'readreq' 'writereq' 'writeresp'>

State 53 <SV = 52> <Delay = 3.65>
ST_53 : Operation 142 [22/74] (3.65ns)   --->   "%empty_29 = readreq i1 @_ssdm_op_ReadReq.m_axi.p1i32, i32 %gmem0_addr, i64 %zext_ln93" [krnl_vadd.cpp:93]   --->   Operation 142 'readreq' 'empty_29' <Predicate = true> <Delay = 3.65> <CoreInst = "m_axi">   --->   Core 123 'm_axi' <Latency = 9> <II = 1> <Delay = 1.34> <Adapter> <Opcode : 'read' 'write' 'readreq' 'writereq' 'writeresp'>

State 54 <SV = 53> <Delay = 3.65>
ST_54 : Operation 143 [21/74] (3.65ns)   --->   "%empty_29 = readreq i1 @_ssdm_op_ReadReq.m_axi.p1i32, i32 %gmem0_addr, i64 %zext_ln93" [krnl_vadd.cpp:93]   --->   Operation 143 'readreq' 'empty_29' <Predicate = true> <Delay = 3.65> <CoreInst = "m_axi">   --->   Core 123 'm_axi' <Latency = 9> <II = 1> <Delay = 1.34> <Adapter> <Opcode : 'read' 'write' 'readreq' 'writereq' 'writeresp'>

State 55 <SV = 54> <Delay = 3.65>
ST_55 : Operation 144 [20/74] (3.65ns)   --->   "%empty_29 = readreq i1 @_ssdm_op_ReadReq.m_axi.p1i32, i32 %gmem0_addr, i64 %zext_ln93" [krnl_vadd.cpp:93]   --->   Operation 144 'readreq' 'empty_29' <Predicate = true> <Delay = 3.65> <CoreInst = "m_axi">   --->   Core 123 'm_axi' <Latency = 9> <II = 1> <Delay = 1.34> <Adapter> <Opcode : 'read' 'write' 'readreq' 'writereq' 'writeresp'>

State 56 <SV = 55> <Delay = 3.65>
ST_56 : Operation 145 [19/74] (3.65ns)   --->   "%empty_29 = readreq i1 @_ssdm_op_ReadReq.m_axi.p1i32, i32 %gmem0_addr, i64 %zext_ln93" [krnl_vadd.cpp:93]   --->   Operation 145 'readreq' 'empty_29' <Predicate = true> <Delay = 3.65> <CoreInst = "m_axi">   --->   Core 123 'm_axi' <Latency = 9> <II = 1> <Delay = 1.34> <Adapter> <Opcode : 'read' 'write' 'readreq' 'writereq' 'writeresp'>

State 57 <SV = 56> <Delay = 3.65>
ST_57 : Operation 146 [18/74] (3.65ns)   --->   "%empty_29 = readreq i1 @_ssdm_op_ReadReq.m_axi.p1i32, i32 %gmem0_addr, i64 %zext_ln93" [krnl_vadd.cpp:93]   --->   Operation 146 'readreq' 'empty_29' <Predicate = true> <Delay = 3.65> <CoreInst = "m_axi">   --->   Core 123 'm_axi' <Latency = 9> <II = 1> <Delay = 1.34> <Adapter> <Opcode : 'read' 'write' 'readreq' 'writereq' 'writeresp'>

State 58 <SV = 57> <Delay = 3.65>
ST_58 : Operation 147 [17/74] (3.65ns)   --->   "%empty_29 = readreq i1 @_ssdm_op_ReadReq.m_axi.p1i32, i32 %gmem0_addr, i64 %zext_ln93" [krnl_vadd.cpp:93]   --->   Operation 147 'readreq' 'empty_29' <Predicate = true> <Delay = 3.65> <CoreInst = "m_axi">   --->   Core 123 'm_axi' <Latency = 9> <II = 1> <Delay = 1.34> <Adapter> <Opcode : 'read' 'write' 'readreq' 'writereq' 'writeresp'>

State 59 <SV = 58> <Delay = 3.65>
ST_59 : Operation 148 [16/74] (3.65ns)   --->   "%empty_29 = readreq i1 @_ssdm_op_ReadReq.m_axi.p1i32, i32 %gmem0_addr, i64 %zext_ln93" [krnl_vadd.cpp:93]   --->   Operation 148 'readreq' 'empty_29' <Predicate = true> <Delay = 3.65> <CoreInst = "m_axi">   --->   Core 123 'm_axi' <Latency = 9> <II = 1> <Delay = 1.34> <Adapter> <Opcode : 'read' 'write' 'readreq' 'writereq' 'writeresp'>

State 60 <SV = 59> <Delay = 3.65>
ST_60 : Operation 149 [15/74] (3.65ns)   --->   "%empty_29 = readreq i1 @_ssdm_op_ReadReq.m_axi.p1i32, i32 %gmem0_addr, i64 %zext_ln93" [krnl_vadd.cpp:93]   --->   Operation 149 'readreq' 'empty_29' <Predicate = true> <Delay = 3.65> <CoreInst = "m_axi">   --->   Core 123 'm_axi' <Latency = 9> <II = 1> <Delay = 1.34> <Adapter> <Opcode : 'read' 'write' 'readreq' 'writereq' 'writeresp'>

State 61 <SV = 60> <Delay = 3.65>
ST_61 : Operation 150 [14/74] (3.65ns)   --->   "%empty_29 = readreq i1 @_ssdm_op_ReadReq.m_axi.p1i32, i32 %gmem0_addr, i64 %zext_ln93" [krnl_vadd.cpp:93]   --->   Operation 150 'readreq' 'empty_29' <Predicate = true> <Delay = 3.65> <CoreInst = "m_axi">   --->   Core 123 'm_axi' <Latency = 9> <II = 1> <Delay = 1.34> <Adapter> <Opcode : 'read' 'write' 'readreq' 'writereq' 'writeresp'>

State 62 <SV = 61> <Delay = 3.65>
ST_62 : Operation 151 [13/74] (3.65ns)   --->   "%empty_29 = readreq i1 @_ssdm_op_ReadReq.m_axi.p1i32, i32 %gmem0_addr, i64 %zext_ln93" [krnl_vadd.cpp:93]   --->   Operation 151 'readreq' 'empty_29' <Predicate = true> <Delay = 3.65> <CoreInst = "m_axi">   --->   Core 123 'm_axi' <Latency = 9> <II = 1> <Delay = 1.34> <Adapter> <Opcode : 'read' 'write' 'readreq' 'writereq' 'writeresp'>

State 63 <SV = 62> <Delay = 3.65>
ST_63 : Operation 152 [12/74] (3.65ns)   --->   "%empty_29 = readreq i1 @_ssdm_op_ReadReq.m_axi.p1i32, i32 %gmem0_addr, i64 %zext_ln93" [krnl_vadd.cpp:93]   --->   Operation 152 'readreq' 'empty_29' <Predicate = true> <Delay = 3.65> <CoreInst = "m_axi">   --->   Core 123 'm_axi' <Latency = 9> <II = 1> <Delay = 1.34> <Adapter> <Opcode : 'read' 'write' 'readreq' 'writereq' 'writeresp'>

State 64 <SV = 63> <Delay = 3.65>
ST_64 : Operation 153 [11/74] (3.65ns)   --->   "%empty_29 = readreq i1 @_ssdm_op_ReadReq.m_axi.p1i32, i32 %gmem0_addr, i64 %zext_ln93" [krnl_vadd.cpp:93]   --->   Operation 153 'readreq' 'empty_29' <Predicate = true> <Delay = 3.65> <CoreInst = "m_axi">   --->   Core 123 'm_axi' <Latency = 9> <II = 1> <Delay = 1.34> <Adapter> <Opcode : 'read' 'write' 'readreq' 'writereq' 'writeresp'>

State 65 <SV = 64> <Delay = 3.65>
ST_65 : Operation 154 [10/74] (3.65ns)   --->   "%empty_29 = readreq i1 @_ssdm_op_ReadReq.m_axi.p1i32, i32 %gmem0_addr, i64 %zext_ln93" [krnl_vadd.cpp:93]   --->   Operation 154 'readreq' 'empty_29' <Predicate = true> <Delay = 3.65> <CoreInst = "m_axi">   --->   Core 123 'm_axi' <Latency = 9> <II = 1> <Delay = 1.34> <Adapter> <Opcode : 'read' 'write' 'readreq' 'writereq' 'writeresp'>

State 66 <SV = 65> <Delay = 3.65>
ST_66 : Operation 155 [9/74] (3.65ns)   --->   "%empty_29 = readreq i1 @_ssdm_op_ReadReq.m_axi.p1i32, i32 %gmem0_addr, i64 %zext_ln93" [krnl_vadd.cpp:93]   --->   Operation 155 'readreq' 'empty_29' <Predicate = true> <Delay = 3.65> <CoreInst = "m_axi">   --->   Core 123 'm_axi' <Latency = 9> <II = 1> <Delay = 1.34> <Adapter> <Opcode : 'read' 'write' 'readreq' 'writereq' 'writeresp'>

State 67 <SV = 66> <Delay = 3.65>
ST_67 : Operation 156 [8/74] (3.65ns)   --->   "%empty_29 = readreq i1 @_ssdm_op_ReadReq.m_axi.p1i32, i32 %gmem0_addr, i64 %zext_ln93" [krnl_vadd.cpp:93]   --->   Operation 156 'readreq' 'empty_29' <Predicate = true> <Delay = 3.65> <CoreInst = "m_axi">   --->   Core 123 'm_axi' <Latency = 9> <II = 1> <Delay = 1.34> <Adapter> <Opcode : 'read' 'write' 'readreq' 'writereq' 'writeresp'>

State 68 <SV = 67> <Delay = 3.65>
ST_68 : Operation 157 [7/74] (3.65ns)   --->   "%empty_29 = readreq i1 @_ssdm_op_ReadReq.m_axi.p1i32, i32 %gmem0_addr, i64 %zext_ln93" [krnl_vadd.cpp:93]   --->   Operation 157 'readreq' 'empty_29' <Predicate = true> <Delay = 3.65> <CoreInst = "m_axi">   --->   Core 123 'm_axi' <Latency = 9> <II = 1> <Delay = 1.34> <Adapter> <Opcode : 'read' 'write' 'readreq' 'writereq' 'writeresp'>

State 69 <SV = 68> <Delay = 3.65>
ST_69 : Operation 158 [6/74] (3.65ns)   --->   "%empty_29 = readreq i1 @_ssdm_op_ReadReq.m_axi.p1i32, i32 %gmem0_addr, i64 %zext_ln93" [krnl_vadd.cpp:93]   --->   Operation 158 'readreq' 'empty_29' <Predicate = true> <Delay = 3.65> <CoreInst = "m_axi">   --->   Core 123 'm_axi' <Latency = 9> <II = 1> <Delay = 1.34> <Adapter> <Opcode : 'read' 'write' 'readreq' 'writereq' 'writeresp'>

State 70 <SV = 69> <Delay = 3.65>
ST_70 : Operation 159 [5/74] (3.65ns)   --->   "%empty_29 = readreq i1 @_ssdm_op_ReadReq.m_axi.p1i32, i32 %gmem0_addr, i64 %zext_ln93" [krnl_vadd.cpp:93]   --->   Operation 159 'readreq' 'empty_29' <Predicate = true> <Delay = 3.65> <CoreInst = "m_axi">   --->   Core 123 'm_axi' <Latency = 9> <II = 1> <Delay = 1.34> <Adapter> <Opcode : 'read' 'write' 'readreq' 'writereq' 'writeresp'>

State 71 <SV = 70> <Delay = 3.65>
ST_71 : Operation 160 [4/74] (3.65ns)   --->   "%empty_29 = readreq i1 @_ssdm_op_ReadReq.m_axi.p1i32, i32 %gmem0_addr, i64 %zext_ln93" [krnl_vadd.cpp:93]   --->   Operation 160 'readreq' 'empty_29' <Predicate = true> <Delay = 3.65> <CoreInst = "m_axi">   --->   Core 123 'm_axi' <Latency = 9> <II = 1> <Delay = 1.34> <Adapter> <Opcode : 'read' 'write' 'readreq' 'writereq' 'writeresp'>

State 72 <SV = 71> <Delay = 3.65>
ST_72 : Operation 161 [3/74] (3.65ns)   --->   "%empty_29 = readreq i1 @_ssdm_op_ReadReq.m_axi.p1i32, i32 %gmem0_addr, i64 %zext_ln93" [krnl_vadd.cpp:93]   --->   Operation 161 'readreq' 'empty_29' <Predicate = true> <Delay = 3.65> <CoreInst = "m_axi">   --->   Core 123 'm_axi' <Latency = 9> <II = 1> <Delay = 1.34> <Adapter> <Opcode : 'read' 'write' 'readreq' 'writereq' 'writeresp'>

State 73 <SV = 72> <Delay = 3.65>
ST_73 : Operation 162 [2/74] (3.65ns)   --->   "%empty_29 = readreq i1 @_ssdm_op_ReadReq.m_axi.p1i32, i32 %gmem0_addr, i64 %zext_ln93" [krnl_vadd.cpp:93]   --->   Operation 162 'readreq' 'empty_29' <Predicate = true> <Delay = 3.65> <CoreInst = "m_axi">   --->   Core 123 'm_axi' <Latency = 9> <II = 1> <Delay = 1.34> <Adapter> <Opcode : 'read' 'write' 'readreq' 'writereq' 'writeresp'>

State 74 <SV = 73> <Delay = 1.29>
ST_74 : Operation 163 [1/74] (1.29ns)   --->   "%empty_29 = readreq i1 @_ssdm_op_ReadReq.m_axi.p1i32, i32 %gmem0_addr, i64 %zext_ln93" [krnl_vadd.cpp:93]   --->   Operation 163 'readreq' 'empty_29' <Predicate = true> <Delay = 1.29> <CoreInst = "m_axi">   --->   Core 123 'm_axi' <Latency = 9> <II = 1> <Delay = 1.34> <Adapter> <Opcode : 'read' 'write' 'readreq' 'writereq' 'writeresp'>

State 75 <SV = 74> <Delay = 1.06>
ST_75 : Operation 164 [1/1] (0.00ns)   --->   "%empty_30 = wait i32 @_ssdm_op_Wait"   --->   Operation 164 'wait' 'empty_30' <Predicate = true> <Delay = 0.00>
ST_75 : Operation 165 [2/2] (1.06ns)   --->   "%call_ln91 = call void @load_input_Pipeline_mem_rd, i32 %size_read, i32 %gmem0, i62 %trunc_ln93_2, i32 %in1_stream" [krnl_vadd.cpp:91]   --->   Operation 165 'call' 'call_ln91' <Predicate = true> <Delay = 1.06> <CoreType = "Generic">   --->   Core 0 '' <Latency = 0> <II = 1> <Delay = 1.00> <Generic> <Opcode : >

State 76 <SV = 75> <Delay = 1.44>
ST_76 : Operation 166 [1/1] (0.00ns)   --->   "%specinterface_ln0 = specinterface void @_ssdm_op_SpecInterface, i32 %size_c1, void @ap_fifo_str, i32 0, i32 0, void @p_str, i32 0, i32 0, void @p_str, void @p_str, void @p_str, i32 2, i32 2, i32 16, i32 16, void @p_str, void @ScalarProp_str, i32 4294967295, i32 0, i32 0"   --->   Operation 166 'specinterface' 'specinterface_ln0' <Predicate = true> <Delay = 0.00>
ST_76 : Operation 167 [1/1] (0.00ns)   --->   "%specinterface_ln0 = specinterface void @_ssdm_op_SpecInterface, i32 %in1_stream, void @empty_6, i32 0, i32 0, void @empty_3, i32 0, i32 0, void @empty_3, void @empty_3, void @empty_3, i32 0, i32 0, i32 0, i32 0, void @empty_3, void @empty_3, i32 4294967295, i32 0, i32 0"   --->   Operation 167 'specinterface' 'specinterface_ln0' <Predicate = true> <Delay = 0.00>
ST_76 : Operation 168 [1/1] (0.00ns)   --->   "%specinterface_ln0 = specinterface void @_ssdm_op_SpecInterface, i32 %in1_stream, void @empty_6, i32 0, i32 0, void @empty_3, i32 0, i32 0, void @empty_3, void @empty_3, void @empty_3, i32 0, i32 0, i32 0, i32 0, void @empty_3, void @empty_3, i32 4294967295, i32 0, i32 0"   --->   Operation 168 'specinterface' 'specinterface_ln0' <Predicate = true> <Delay = 0.00>
ST_76 : Operation 169 [1/1] (0.00ns)   --->   "%specinterface_ln0 = specinterface void @_ssdm_op_SpecInterface, i32 %in1_stream, void @empty_6, i32 0, i32 0, void @empty_3, i32 0, i32 0, void @empty_3, void @empty_3, void @empty_3, i32 0, i32 0, i32 0, i32 0, void @empty_3, void @empty_3, i32 4294967295, i32 0, i32 0"   --->   Operation 169 'specinterface' 'specinterface_ln0' <Predicate = true> <Delay = 0.00>
ST_76 : Operation 170 [1/1] (0.00ns)   --->   "%specinterface_ln0 = specinterface void @_ssdm_op_SpecInterface, i32 %in1_stream, void @empty_6, i32 0, i32 0, void @empty_3, i32 0, i32 0, void @empty_3, void @empty_3, void @empty_3, i32 0, i32 0, i32 0, i32 0, void @empty_3, void @empty_3, i32 4294967295, i32 0, i32 0"   --->   Operation 170 'specinterface' 'specinterface_ln0' <Predicate = true> <Delay = 0.00>
ST_76 : Operation 171 [1/1] (0.00ns)   --->   "%specinterface_ln0 = specinterface void @_ssdm_op_SpecInterface, i32 %gmem0, void @empty_1, i32 0, i32 0, void @empty_3, i32 64, i32 0, void @empty_11, void @empty_10, void @empty_3, i32 16, i32 16, i32 16, i32 16, void @empty_3, void @empty_3, i32 4294967295, i32 0, i32 0"   --->   Operation 171 'specinterface' 'specinterface_ln0' <Predicate = true> <Delay = 0.00>
ST_76 : Operation 172 [1/2] (1.44ns)   --->   "%call_ln91 = call void @load_input_Pipeline_mem_rd, i32 %size_read, i32 %gmem0, i62 %trunc_ln93_2, i32 %in1_stream" [krnl_vadd.cpp:91]   --->   Operation 172 'call' 'call_ln91' <Predicate = true> <Delay = 1.44> <CoreType = "Generic">   --->   Core 0 '' <Latency = 0> <II = 1> <Delay = 1.00> <Generic> <Opcode : >
ST_76 : Operation 173 [1/1] (0.00ns)   --->   "%ret_ln0 = ret"   --->   Operation 173 'ret' 'ret_ln0' <Predicate = true> <Delay = 0.00>


============================================================
+ Verbose Summary: Timing violations
============================================================
Target clock period: 5.000ns, clock uncertainty: 1.350ns.

 <State 1>: 2.481ns
The critical path consists of the following:
	'muxlogic' operation 32 bit ('muxLogicCE_to_size_read') [7]  (0.000 ns)
	wire read operation ('size_read', krnl_vadd.cpp:91) on port 'size' (krnl_vadd.cpp:91) [8]  (0.000 ns)
	'icmp' operation 1 bit ('icmp_ln93', krnl_vadd.cpp:93) [18]  (0.661 ns)
	'select' operation 31 bit ('empty', krnl_vadd.cpp:93) [23]  (0.522 ns)
	bus request operation ('empty_29', krnl_vadd.cpp:93) on port 'gmem0' (krnl_vadd.cpp:93) [25]  (1.298 ns)

 <State 2>: 3.650ns
The critical path consists of the following:
	bus request operation ('empty_29', krnl_vadd.cpp:93) on port 'gmem0' (krnl_vadd.cpp:93) [25]  (3.650 ns)

 <State 3>: 3.650ns
The critical path consists of the following:
	bus request operation ('empty_29', krnl_vadd.cpp:93) on port 'gmem0' (krnl_vadd.cpp:93) [25]  (3.650 ns)

 <State 4>: 3.650ns
The critical path consists of the following:
	bus request operation ('empty_29', krnl_vadd.cpp:93) on port 'gmem0' (krnl_vadd.cpp:93) [25]  (3.650 ns)

 <State 5>: 3.650ns
The critical path consists of the following:
	bus request operation ('empty_29', krnl_vadd.cpp:93) on port 'gmem0' (krnl_vadd.cpp:93) [25]  (3.650 ns)

 <State 6>: 3.650ns
The critical path consists of the following:
	bus request operation ('empty_29', krnl_vadd.cpp:93) on port 'gmem0' (krnl_vadd.cpp:93) [25]  (3.650 ns)

 <State 7>: 3.650ns
The critical path consists of the following:
	bus request operation ('empty_29', krnl_vadd.cpp:93) on port 'gmem0' (krnl_vadd.cpp:93) [25]  (3.650 ns)

 <State 8>: 3.650ns
The critical path consists of the following:
	bus request operation ('empty_29', krnl_vadd.cpp:93) on port 'gmem0' (krnl_vadd.cpp:93) [25]  (3.650 ns)

 <State 9>: 3.650ns
The critical path consists of the following:
	bus request operation ('empty_29', krnl_vadd.cpp:93) on port 'gmem0' (krnl_vadd.cpp:93) [25]  (3.650 ns)

 <State 10>: 3.650ns
The critical path consists of the following:
	bus request operation ('empty_29', krnl_vadd.cpp:93) on port 'gmem0' (krnl_vadd.cpp:93) [25]  (3.650 ns)

 <State 11>: 3.650ns
The critical path consists of the following:
	bus request operation ('empty_29', krnl_vadd.cpp:93) on port 'gmem0' (krnl_vadd.cpp:93) [25]  (3.650 ns)

 <State 12>: 3.650ns
The critical path consists of the following:
	bus request operation ('empty_29', krnl_vadd.cpp:93) on port 'gmem0' (krnl_vadd.cpp:93) [25]  (3.650 ns)

 <State 13>: 3.650ns
The critical path consists of the following:
	bus request operation ('empty_29', krnl_vadd.cpp:93) on port 'gmem0' (krnl_vadd.cpp:93) [25]  (3.650 ns)

 <State 14>: 3.650ns
The critical path consists of the following:
	bus request operation ('empty_29', krnl_vadd.cpp:93) on port 'gmem0' (krnl_vadd.cpp:93) [25]  (3.650 ns)

 <State 15>: 3.650ns
The critical path consists of the following:
	bus request operation ('empty_29', krnl_vadd.cpp:93) on port 'gmem0' (krnl_vadd.cpp:93) [25]  (3.650 ns)

 <State 16>: 3.650ns
The critical path consists of the following:
	bus request operation ('empty_29', krnl_vadd.cpp:93) on port 'gmem0' (krnl_vadd.cpp:93) [25]  (3.650 ns)

 <State 17>: 3.650ns
The critical path consists of the following:
	bus request operation ('empty_29', krnl_vadd.cpp:93) on port 'gmem0' (krnl_vadd.cpp:93) [25]  (3.650 ns)

 <State 18>: 3.650ns
The critical path consists of the following:
	bus request operation ('empty_29', krnl_vadd.cpp:93) on port 'gmem0' (krnl_vadd.cpp:93) [25]  (3.650 ns)

 <State 19>: 3.650ns
The critical path consists of the following:
	bus request operation ('empty_29', krnl_vadd.cpp:93) on port 'gmem0' (krnl_vadd.cpp:93) [25]  (3.650 ns)

 <State 20>: 3.650ns
The critical path consists of the following:
	bus request operation ('empty_29', krnl_vadd.cpp:93) on port 'gmem0' (krnl_vadd.cpp:93) [25]  (3.650 ns)

 <State 21>: 3.650ns
The critical path consists of the following:
	bus request operation ('empty_29', krnl_vadd.cpp:93) on port 'gmem0' (krnl_vadd.cpp:93) [25]  (3.650 ns)

 <State 22>: 3.650ns
The critical path consists of the following:
	bus request operation ('empty_29', krnl_vadd.cpp:93) on port 'gmem0' (krnl_vadd.cpp:93) [25]  (3.650 ns)

 <State 23>: 3.650ns
The critical path consists of the following:
	bus request operation ('empty_29', krnl_vadd.cpp:93) on port 'gmem0' (krnl_vadd.cpp:93) [25]  (3.650 ns)

 <State 24>: 3.650ns
The critical path consists of the following:
	bus request operation ('empty_29', krnl_vadd.cpp:93) on port 'gmem0' (krnl_vadd.cpp:93) [25]  (3.650 ns)

 <State 25>: 3.650ns
The critical path consists of the following:
	bus request operation ('empty_29', krnl_vadd.cpp:93) on port 'gmem0' (krnl_vadd.cpp:93) [25]  (3.650 ns)

 <State 26>: 3.650ns
The critical path consists of the following:
	bus request operation ('empty_29', krnl_vadd.cpp:93) on port 'gmem0' (krnl_vadd.cpp:93) [25]  (3.650 ns)

 <State 27>: 3.650ns
The critical path consists of the following:
	bus request operation ('empty_29', krnl_vadd.cpp:93) on port 'gmem0' (krnl_vadd.cpp:93) [25]  (3.650 ns)

 <State 28>: 3.650ns
The critical path consists of the following:
	bus request operation ('empty_29', krnl_vadd.cpp:93) on port 'gmem0' (krnl_vadd.cpp:93) [25]  (3.650 ns)

 <State 29>: 3.650ns
The critical path consists of the following:
	bus request operation ('empty_29', krnl_vadd.cpp:93) on port 'gmem0' (krnl_vadd.cpp:93) [25]  (3.650 ns)

 <State 30>: 3.650ns
The critical path consists of the following:
	bus request operation ('empty_29', krnl_vadd.cpp:93) on port 'gmem0' (krnl_vadd.cpp:93) [25]  (3.650 ns)

 <State 31>: 3.650ns
The critical path consists of the following:
	bus request operation ('empty_29', krnl_vadd.cpp:93) on port 'gmem0' (krnl_vadd.cpp:93) [25]  (3.650 ns)

 <State 32>: 3.650ns
The critical path consists of the following:
	bus request operation ('empty_29', krnl_vadd.cpp:93) on port 'gmem0' (krnl_vadd.cpp:93) [25]  (3.650 ns)

 <State 33>: 3.650ns
The critical path consists of the following:
	bus request operation ('empty_29', krnl_vadd.cpp:93) on port 'gmem0' (krnl_vadd.cpp:93) [25]  (3.650 ns)

 <State 34>: 3.650ns
The critical path consists of the following:
	bus request operation ('empty_29', krnl_vadd.cpp:93) on port 'gmem0' (krnl_vadd.cpp:93) [25]  (3.650 ns)

 <State 35>: 3.650ns
The critical path consists of the following:
	bus request operation ('empty_29', krnl_vadd.cpp:93) on port 'gmem0' (krnl_vadd.cpp:93) [25]  (3.650 ns)

 <State 36>: 3.650ns
The critical path consists of the following:
	bus request operation ('empty_29', krnl_vadd.cpp:93) on port 'gmem0' (krnl_vadd.cpp:93) [25]  (3.650 ns)

 <State 37>: 3.650ns
The critical path consists of the following:
	bus request operation ('empty_29', krnl_vadd.cpp:93) on port 'gmem0' (krnl_vadd.cpp:93) [25]  (3.650 ns)

 <State 38>: 3.650ns
The critical path consists of the following:
	bus request operation ('empty_29', krnl_vadd.cpp:93) on port 'gmem0' (krnl_vadd.cpp:93) [25]  (3.650 ns)

 <State 39>: 3.650ns
The critical path consists of the following:
	bus request operation ('empty_29', krnl_vadd.cpp:93) on port 'gmem0' (krnl_vadd.cpp:93) [25]  (3.650 ns)

 <State 40>: 3.650ns
The critical path consists of the following:
	bus request operation ('empty_29', krnl_vadd.cpp:93) on port 'gmem0' (krnl_vadd.cpp:93) [25]  (3.650 ns)

 <State 41>: 3.650ns
The critical path consists of the following:
	bus request operation ('empty_29', krnl_vadd.cpp:93) on port 'gmem0' (krnl_vadd.cpp:93) [25]  (3.650 ns)

 <State 42>: 3.650ns
The critical path consists of the following:
	bus request operation ('empty_29', krnl_vadd.cpp:93) on port 'gmem0' (krnl_vadd.cpp:93) [25]  (3.650 ns)

 <State 43>: 3.650ns
The critical path consists of the following:
	bus request operation ('empty_29', krnl_vadd.cpp:93) on port 'gmem0' (krnl_vadd.cpp:93) [25]  (3.650 ns)

 <State 44>: 3.650ns
The critical path consists of the following:
	bus request operation ('empty_29', krnl_vadd.cpp:93) on port 'gmem0' (krnl_vadd.cpp:93) [25]  (3.650 ns)

 <State 45>: 3.650ns
The critical path consists of the following:
	bus request operation ('empty_29', krnl_vadd.cpp:93) on port 'gmem0' (krnl_vadd.cpp:93) [25]  (3.650 ns)

 <State 46>: 3.650ns
The critical path consists of the following:
	bus request operation ('empty_29', krnl_vadd.cpp:93) on port 'gmem0' (krnl_vadd.cpp:93) [25]  (3.650 ns)

 <State 47>: 3.650ns
The critical path consists of the following:
	bus request operation ('empty_29', krnl_vadd.cpp:93) on port 'gmem0' (krnl_vadd.cpp:93) [25]  (3.650 ns)

 <State 48>: 3.650ns
The critical path consists of the following:
	bus request operation ('empty_29', krnl_vadd.cpp:93) on port 'gmem0' (krnl_vadd.cpp:93) [25]  (3.650 ns)

 <State 49>: 3.650ns
The critical path consists of the following:
	bus request operation ('empty_29', krnl_vadd.cpp:93) on port 'gmem0' (krnl_vadd.cpp:93) [25]  (3.650 ns)

 <State 50>: 3.650ns
The critical path consists of the following:
	bus request operation ('empty_29', krnl_vadd.cpp:93) on port 'gmem0' (krnl_vadd.cpp:93) [25]  (3.650 ns)

 <State 51>: 3.650ns
The critical path consists of the following:
	bus request operation ('empty_29', krnl_vadd.cpp:93) on port 'gmem0' (krnl_vadd.cpp:93) [25]  (3.650 ns)

 <State 52>: 3.650ns
The critical path consists of the following:
	bus request operation ('empty_29', krnl_vadd.cpp:93) on port 'gmem0' (krnl_vadd.cpp:93) [25]  (3.650 ns)

 <State 53>: 3.650ns
The critical path consists of the following:
	bus request operation ('empty_29', krnl_vadd.cpp:93) on port 'gmem0' (krnl_vadd.cpp:93) [25]  (3.650 ns)

 <State 54>: 3.650ns
The critical path consists of the following:
	bus request operation ('empty_29', krnl_vadd.cpp:93) on port 'gmem0' (krnl_vadd.cpp:93) [25]  (3.650 ns)

 <State 55>: 3.650ns
The critical path consists of the following:
	bus request operation ('empty_29', krnl_vadd.cpp:93) on port 'gmem0' (krnl_vadd.cpp:93) [25]  (3.650 ns)

 <State 56>: 3.650ns
The critical path consists of the following:
	bus request operation ('empty_29', krnl_vadd.cpp:93) on port 'gmem0' (krnl_vadd.cpp:93) [25]  (3.650 ns)

 <State 57>: 3.650ns
The critical path consists of the following:
	bus request operation ('empty_29', krnl_vadd.cpp:93) on port 'gmem0' (krnl_vadd.cpp:93) [25]  (3.650 ns)

 <State 58>: 3.650ns
The critical path consists of the following:
	bus request operation ('empty_29', krnl_vadd.cpp:93) on port 'gmem0' (krnl_vadd.cpp:93) [25]  (3.650 ns)

 <State 59>: 3.650ns
The critical path consists of the following:
	bus request operation ('empty_29', krnl_vadd.cpp:93) on port 'gmem0' (krnl_vadd.cpp:93) [25]  (3.650 ns)

 <State 60>: 3.650ns
The critical path consists of the following:
	bus request operation ('empty_29', krnl_vadd.cpp:93) on port 'gmem0' (krnl_vadd.cpp:93) [25]  (3.650 ns)

 <State 61>: 3.650ns
The critical path consists of the following:
	bus request operation ('empty_29', krnl_vadd.cpp:93) on port 'gmem0' (krnl_vadd.cpp:93) [25]  (3.650 ns)

 <State 62>: 3.650ns
The critical path consists of the following:
	bus request operation ('empty_29', krnl_vadd.cpp:93) on port 'gmem0' (krnl_vadd.cpp:93) [25]  (3.650 ns)

 <State 63>: 3.650ns
The critical path consists of the following:
	bus request operation ('empty_29', krnl_vadd.cpp:93) on port 'gmem0' (krnl_vadd.cpp:93) [25]  (3.650 ns)

 <State 64>: 3.650ns
The critical path consists of the following:
	bus request operation ('empty_29', krnl_vadd.cpp:93) on port 'gmem0' (krnl_vadd.cpp:93) [25]  (3.650 ns)

 <State 65>: 3.650ns
The critical path consists of the following:
	bus request operation ('empty_29', krnl_vadd.cpp:93) on port 'gmem0' (krnl_vadd.cpp:93) [25]  (3.650 ns)

 <State 66>: 3.650ns
The critical path consists of the following:
	bus request operation ('empty_29', krnl_vadd.cpp:93) on port 'gmem0' (krnl_vadd.cpp:93) [25]  (3.650 ns)

 <State 67>: 3.650ns
The critical path consists of the following:
	bus request operation ('empty_29', krnl_vadd.cpp:93) on port 'gmem0' (krnl_vadd.cpp:93) [25]  (3.650 ns)

 <State 68>: 3.650ns
The critical path consists of the following:
	bus request operation ('empty_29', krnl_vadd.cpp:93) on port 'gmem0' (krnl_vadd.cpp:93) [25]  (3.650 ns)

 <State 69>: 3.650ns
The critical path consists of the following:
	bus request operation ('empty_29', krnl_vadd.cpp:93) on port 'gmem0' (krnl_vadd.cpp:93) [25]  (3.650 ns)

 <State 70>: 3.650ns
The critical path consists of the following:
	bus request operation ('empty_29', krnl_vadd.cpp:93) on port 'gmem0' (krnl_vadd.cpp:93) [25]  (3.650 ns)

 <State 71>: 3.650ns
The critical path consists of the following:
	bus request operation ('empty_29', krnl_vadd.cpp:93) on port 'gmem0' (krnl_vadd.cpp:93) [25]  (3.650 ns)

 <State 72>: 3.650ns
The critical path consists of the following:
	bus request operation ('empty_29', krnl_vadd.cpp:93) on port 'gmem0' (krnl_vadd.cpp:93) [25]  (3.650 ns)

 <State 73>: 3.650ns
The critical path consists of the following:
	bus request operation ('empty_29', krnl_vadd.cpp:93) on port 'gmem0' (krnl_vadd.cpp:93) [25]  (3.650 ns)

 <State 74>: 1.298ns
The critical path consists of the following:
	bus request operation ('empty_29', krnl_vadd.cpp:93) on port 'gmem0' (krnl_vadd.cpp:93) [25]  (1.298 ns)

 <State 75>: 1.061ns
The critical path consists of the following:
	'call' operation 0 bit ('call_ln91', krnl_vadd.cpp:91) to 'load_input_Pipeline_mem_rd' [27]  (1.061 ns)

 <State 76>: 1.443ns
The critical path consists of the following:
	'call' operation 0 bit ('call_ln91', krnl_vadd.cpp:91) to 'load_input_Pipeline_mem_rd' [27]  (1.443 ns)


============================================================
+ Verbose Summary: Binding
============================================================
N/A
* FSMD analyzer results:
  - Output states:
 - Input state : 
  - Chain level:
	State 1
	State 2
	State 3
	State 4
	State 5
	State 6
	State 7
	State 8
	State 9
	State 10
	State 11
	State 12
	State 13
	State 14
	State 15
	State 16
	State 17
	State 18
	State 19
	State 20
	State 21
	State 22
	State 23
	State 24
	State 25
	State 26
	State 27
	State 28
	State 29
	State 30
	State 31
	State 32
	State 33
	State 34
	State 35
	State 36
	State 37
	State 38
	State 39
	State 40
	State 41
	State 42
	State 43
	State 44
	State 45
	State 46
	State 47
	State 48
	State 49
	State 50
	State 51
	State 52
	State 53
	State 54
	State 55
	State 56
	State 57
	State 58
	State 59
	State 60
	State 61
	State 62
	State 63
	State 64
	State 65
	State 66
	State 67
	State 68
	State 69
	State 70
	State 71
	State 72
	State 73
	State 74
	State 75
	State 76


============================================================
+ Verbose Summary: Datapath Resource usage 
============================================================
N/A
