

================================================================
== Vitis HLS Report for 'store_result_Pipeline_mem_wr'
================================================================
* Date:           Wed May  7 22:03:01 2025

* Version:        2024.1 (Build 5069499 on May 21 2024)
* Project:        krnl_vadd
* Solution:       hls (Vitis Kernel Flow Target)
* Product family: versalaicore
* Target device:  xcvc1902-vsva2197-2MP-e-S


================================================================
== Performance Estimates
================================================================
+ Timing: 
    * Summary: 
    +--------+---------+----------+------------+
    |  Clock |  Target | Estimated| Uncertainty|
    +--------+---------+----------+------------+
    |ap_clk  |  5.00 ns|  1.875 ns|     1.35 ns|
    +--------+---------+----------+------------+

+ Latency: 
    * Summary: 
    +---------+---------+-----------+-----------+------+------+-----------------------------------------------+
    |  Latency (cycles) |   Latency (absolute)  |   Interval  |                    Pipeline                   |
    |   min   |   max   |    min    |    max    |  min |  max |                      Type                     |
    +---------+---------+-----------+-----------+------+------+-----------------------------------------------+
    |     4098|     4098|  20.490 us|  20.490 us|  4097|  4097|  loop auto-rewind stp(delay=0 clock cycles(s))|
    +---------+---------+-----------+-----------+------+------+-----------------------------------------------+

    + Detail: 
        * Instance: 
        N/A

        * Loop: 
        +----------+---------+---------+----------+-----------+-----------+------+----------+
        |          |  Latency (cycles) | Iteration|  Initiation Interval  | Trip |          |
        | Loop Name|   min   |   max   |  Latency |  achieved |   target  | Count| Pipelined|
        +----------+---------+---------+----------+-----------+-----------+------+----------+
        |- mem_wr  |     4096|     4096|         2|          1|          1|  4096|       yes|
        +----------+---------+---------+----------+-----------+-----------+------+----------+

============================================================
+ Verbose Summary: Synthesis Manager
============================================================
InlineROM: 1
ExposeGlobal: 0
============================================================
+ Verbose Summary: CDFG Model
============================================================
IsTopModel: 0
ResetActiveHigh: 1
IsCombinational: 0
IsDatapathOnly: 0
HasWiredReturn: 1
HasMFsm: 2
HasVarLatency: 1
IsPipeline: 0
IsRtlPipelined: 0
IsInstanceOverlapped: 0
IsDontTouch: 0
HasImplIP: 0
IsGatedGlobalClock: 0

+ Individual pipeline summary: 
  * Pipeline-0: initiation interval (II) = 1, depth = 2


============================================================
+ Verbose Summary: Schedule
============================================================
* Number of FSM states : 2
* Pipeline : 1
  Pipeline-0 : II = 1, D = 2, States = { 1 2 }
* Dataflow Pipeline: 0

* FSM state transitions: 
1 --> 2 
2 --> 

* FSM state operations: 

State 1 <SV = 0> <Delay = 1.66>
ST_1 : Operation 5 [1/1] (0.00ns)   --->   "%i = alloca i32 1"   --->   Operation 5 'alloca' 'i' <Predicate = true> <Delay = 0.00>
ST_1 : Operation 6 [1/1] (0.00ns)   --->   "%muxLogicCE_to_sext_ln114_read = muxlogic"   --->   Operation 6 'muxlogic' 'muxLogicCE_to_sext_ln114_read' <Predicate = true> <Delay = 0.00>
ST_1 : Operation 7 [1/1] (0.00ns)   --->   "%sext_ln114_read = read i62 @_ssdm_op_Read.ap_auto.i62, i62 %sext_ln114"   --->   Operation 7 'read' 'sext_ln114_read' <Predicate = true> <Delay = 0.00>
ST_1 : Operation 8 [1/1] (0.00ns)   --->   "%muxLogicCE_to_size_load_read = muxlogic"   --->   Operation 8 'muxlogic' 'muxLogicCE_to_size_load_read' <Predicate = true> <Delay = 0.00>
ST_1 : Operation 9 [1/1] (0.00ns)   --->   "%size_load_read = read i32 @_ssdm_op_Read.ap_auto.i32, i32 %size_load"   --->   Operation 9 'read' 'size_load_read' <Predicate = true> <Delay = 0.00>
ST_1 : Operation 10 [1/1] (0.00ns)   --->   "%sext_ln114_cast = sext i62 %sext_ln114_read"   --->   Operation 10 'sext' 'sext_ln114_cast' <Predicate = true> <Delay = 0.00>
ST_1 : Operation 11 [1/1] (0.00ns)   --->   "%specinterface_ln0 = specinterface void @_ssdm_op_SpecInterface, i32 %gmem0, void @empty_1, i32 0, i32 0, void @empty_3, i32 64, i32 0, void @empty_11, void @empty_10, void @empty_3, i32 16, i32 16, i32 16, i32 16, void @empty_3, void @empty_3, i32 4294967295, i32 0, i32 0"   --->   Operation 11 'specinterface' 'specinterface_ln0' <Predicate = true> <Delay = 0.00>
ST_1 : Operation 12 [1/1] (0.00ns)   --->   "%specinterface_ln0 = specinterface void @_ssdm_op_SpecInterface, i32 %out_stream, void @empty_6, i32 0, i32 0, void @empty_3, i32 0, i32 0, void @empty_3, void @empty_3, void @empty_3, i32 0, i32 0, i32 0, i32 0, void @empty_3, void @empty_3, i32 4294967295, i32 0, i32 0"   --->   Operation 12 'specinterface' 'specinterface_ln0' <Predicate = true> <Delay = 0.00>
ST_1 : Operation 13 [1/1] (0.00ns)   --->   "%muxLogicData_to_store_ln0 = muxlogic i31 0"   --->   Operation 13 'muxlogic' 'muxLogicData_to_store_ln0' <Predicate = true> <Delay = 0.00>
ST_1 : Operation 14 [1/1] (0.00ns)   --->   "%muxLogicAddr_to_store_ln0 = muxlogic i31 %i"   --->   Operation 14 'muxlogic' 'muxLogicAddr_to_store_ln0' <Predicate = true> <Delay = 0.00>
ST_1 : Operation 15 [1/1] (0.40ns)   --->   "%store_ln0 = store i31 0, i31 %i"   --->   Operation 15 'store' 'store_ln0' <Predicate = true> <Delay = 0.40>
ST_1 : Operation 16 [1/1] (0.00ns)   --->   "%br_ln114 = br void %for.inc.i" [krnl_vadd.cpp:114]   --->   Operation 16 'br' 'br_ln114' <Predicate = true> <Delay = 0.00>
ST_1 : Operation 17 [1/1] (0.00ns)   --->   "%MuxLogicAddr_to_i_load = muxlogic i31 %i"   --->   Operation 17 'muxlogic' 'MuxLogicAddr_to_i_load' <Predicate = true> <Delay = 0.00>
ST_1 : Operation 18 [1/1] (0.00ns)   --->   "%i_load = load i31 %i" [krnl_vadd.cpp:114]   --->   Operation 18 'load' 'i_load' <Predicate = true> <Delay = 0.00>
ST_1 : Operation 19 [1/1] (0.00ns)   --->   "%zext_ln114 = zext i31 %i_load" [krnl_vadd.cpp:114]   --->   Operation 19 'zext' 'zext_ln114' <Predicate = true> <Delay = 0.00>
ST_1 : Operation 20 [1/1] (0.66ns)   --->   "%icmp_ln114 = icmp_slt  i32 %zext_ln114, i32 %size_load_read" [krnl_vadd.cpp:114]   --->   Operation 20 'icmp' 'icmp_ln114' <Predicate = true> <Delay = 0.66> <CoreInst = "Cmp">   --->   Core 9 'Cmp' <Latency = 0> <II = 1> <Delay = 0.66> <FuncUnit> <Opcode : 'setle' 'setge' 'setlt' 'setgt'> <InPorts = 2> <OutPorts = 1>
ST_1 : Operation 21 [1/1] (0.00ns)   --->   "%br_ln114 = br i1 %icmp_ln114, void %store_result.exit.exitStub, void %for.inc.split.i" [krnl_vadd.cpp:114]   --->   Operation 21 'br' 'br_ln114' <Predicate = true> <Delay = 0.00>
ST_1 : Operation 22 [1/1] (0.86ns)   --->   "%add_ln114 = add i31 %i_load, i31 1" [krnl_vadd.cpp:114]   --->   Operation 22 'add' 'add_ln114' <Predicate = (icmp_ln114)> <Delay = 0.86> <CoreInst = "Adder">   --->   Core 1 'Adder' <Latency = 0> <II = 1> <Delay = 0.86> <FuncUnit> <Opcode : 'add' 'sub'> <InPorts = 2> <OutPorts = 1>
ST_1 : Operation 23 [1/1] (0.00ns)   --->   "%muxLogicData_to_store_ln114 = muxlogic i31 %add_ln114"   --->   Operation 23 'muxlogic' 'muxLogicData_to_store_ln114' <Predicate = (icmp_ln114)> <Delay = 0.00>
ST_1 : Operation 24 [1/1] (0.00ns)   --->   "%muxLogicAddr_to_store_ln114 = muxlogic i31 %i"   --->   Operation 24 'muxlogic' 'muxLogicAddr_to_store_ln114' <Predicate = (icmp_ln114)> <Delay = 0.00>
ST_1 : Operation 25 [1/1] (0.40ns)   --->   "%store_ln114 = store i31 %add_ln114, i31 %i" [krnl_vadd.cpp:114]   --->   Operation 25 'store' 'store_ln114' <Predicate = (icmp_ln114)> <Delay = 0.40>
ST_1 : Operation 35 [1/1] (0.38ns)   --->   "%ret_ln0 = ret"   --->   Operation 35 'ret' 'ret_ln0' <Predicate = (!icmp_ln114)> <Delay = 0.38>

State 2 <SV = 1> <Delay = 1.87>
ST_2 : Operation 26 [1/1] (0.00ns)   --->   "%gmem0_addr = getelementptr i32 %gmem0, i64 %sext_ln114_cast" [krnl_vadd.cpp:114]   --->   Operation 26 'getelementptr' 'gmem0_addr' <Predicate = true> <Delay = 0.00>
ST_2 : Operation 27 [1/1] (0.00ns)   --->   "%specpipeline_ln114 = specpipeline void @_ssdm_op_SpecPipeline, i32 4294967295, i32 0, i32 0, i32 0, void @empty_3" [krnl_vadd.cpp:114]   --->   Operation 27 'specpipeline' 'specpipeline_ln114' <Predicate = true> <Delay = 0.00>
ST_2 : Operation 28 [1/1] (0.00ns)   --->   "%speclooptripcount_ln115 = speclooptripcount void @_ssdm_op_SpecLoopTripCount, i64 4096, i64 4096, i64 4096" [krnl_vadd.cpp:115]   --->   Operation 28 'speclooptripcount' 'speclooptripcount_ln115' <Predicate = true> <Delay = 0.00>
ST_2 : Operation 29 [1/1] (0.00ns)   --->   "%specloopname_ln114 = specloopname void @_ssdm_op_SpecLoopName, void @empty_17" [krnl_vadd.cpp:114]   --->   Operation 29 'specloopname' 'specloopname_ln114' <Predicate = true> <Delay = 0.00>
ST_2 : Operation 30 [1/1] (0.00ns)   --->   "%muxLogicCE_to_out_stream_read = muxlogic"   --->   Operation 30 'muxlogic' 'muxLogicCE_to_out_stream_read' <Predicate = true> <Delay = 0.00>
ST_2 : Operation 31 [1/1] (0.57ns)   --->   "%out_stream_read = read i32 @_ssdm_op_Read.ap_fifo.volatile.i32P0A, i32 %out_stream" [krnl_vadd.cpp:116]   --->   Operation 31 'read' 'out_stream_read' <Predicate = true> <Delay = 0.57> <CoreInst = "FIFO_SRL">   --->   Core 84 'FIFO_SRL' <Latency = 0> <II = 1> <Delay = 0.71> <Storage> <Opcode : 'read' 'write' 'nbread' 'nbwrite'> <Ports = 0> <Width = 32> <Depth = 2> <FIFO>
ST_2 : Operation 32 [1/1] (0.00ns)   --->   "%muxLogicData_to_write_ln116 = muxlogic i32 %out_stream_read"   --->   Operation 32 'muxlogic' 'muxLogicData_to_write_ln116' <Predicate = true> <Delay = 0.00>
ST_2 : Operation 33 [1/1] (1.29ns)   --->   "%write_ln116 = write void @_ssdm_op_Write.m_axi.p1i32, i32 %gmem0_addr, i32 %out_stream_read, i4 15" [krnl_vadd.cpp:116]   --->   Operation 33 'write' 'write_ln116' <Predicate = true> <Delay = 1.29> <CoreInst = "m_axi">   --->   Core 123 'm_axi' <Latency = 9> <II = 1> <Delay = 1.34> <Adapter> <Opcode : 'read' 'write' 'readreq' 'writereq' 'writeresp'>
ST_2 : Operation 34 [1/1] (0.00ns)   --->   "%br_ln114 = br void %for.inc.i" [krnl_vadd.cpp:114]   --->   Operation 34 'br' 'br_ln114' <Predicate = true> <Delay = 0.00>


============================================================
+ Verbose Summary: Timing violations
============================================================
Target clock period: 5.000ns, clock uncertainty: 1.350ns.

 <State 1>: 1.665ns
The critical path consists of the following:
	'store' operation 0 bit ('store_ln0') of constant 0 on local variable 'i' [15]  (0.400 ns)
	'load' operation 31 bit ('i_load', krnl_vadd.cpp:114) on local variable 'i' [19]  (0.000 ns)
	'add' operation 31 bit ('add_ln114', krnl_vadd.cpp:114) [24]  (0.865 ns)
	'muxlogic' operation 0 bit ('muxLogicData_to_store_ln114') [33]  (0.000 ns)
	'store' operation 0 bit ('store_ln114', krnl_vadd.cpp:114) of variable 'add_ln114', krnl_vadd.cpp:114 on local variable 'i' [35]  (0.400 ns)

 <State 2>: 1.875ns
The critical path consists of the following:
	'muxlogic' operation 32 bit ('muxLogicCE_to_out_stream_read') [29]  (0.000 ns)
	fifo read operation ('out_stream_read', krnl_vadd.cpp:116) on port 'out_stream' (krnl_vadd.cpp:116) [30]  (0.577 ns)
	'muxlogic' operation 0 bit ('muxLogicData_to_write_ln116') [31]  (0.000 ns)
	bus write operation ('write_ln116', krnl_vadd.cpp:116) on port 'gmem0' (krnl_vadd.cpp:116) [32]  (1.298 ns)


============================================================
+ Verbose Summary: Binding
============================================================
N/A
* FSMD analyzer results:
  - Output states:
 - Input state : 
  - Chain level:
	State 1
	State 2


============================================================
+ Verbose Summary: Datapath Resource usage 
============================================================
N/A
