

================================================================
== Vitis HLS Report for 'store_result'
================================================================
* Date:           Wed May  7 22:03:09 2025

* Version:        2024.1 (Build 5069499 on May 21 2024)
* Project:        krnl_vadd
* Solution:       hls (Vitis Kernel Flow Target)
* Product family: versalaicore
* Target device:  xcvc1902-vsva2197-2MP-e-S


================================================================
== Performance Estimates
================================================================
+ Timing: 
    * Summary: 
    +--------+---------+----------+------------+
    |  Clock |  Target | Estimated| Uncertainty|
    +--------+---------+----------+------------+
    |ap_clk  |  5.00 ns|  3.650 ns|     1.35 ns|
    +--------+---------+----------+------------+

+ Latency: 
    * Summary: 
    +---------+---------+-----------+-----------+------+------+---------+
    |  Latency (cycles) |   Latency (absolute)  |   Interval  | Pipeline|
    |   min   |   max   |    min    |    max    |  min |  max |   Type  |
    +---------+---------+-----------+-----------+------+------+---------+
    |     4174|     4174|  20.870 us|  20.870 us|  4174|  4174|       no|
    +---------+---------+-----------+-----------+------+------+---------+

    + Detail: 
        * Instance: 
        +----------------------------------------+------------------------------+---------+---------+-----------+-----------+------+------+-----------------------------------------------+
        |                                        |                              |  Latency (cycles) |   Latency (absolute)  |   Interval  |                    Pipeline                   |
        |                Instance                |            Module            |   min   |   max   |    min    |    max    |  min |  max |                      Type                     |
        +----------------------------------------+------------------------------+---------+---------+-----------+-----------+------+------+-----------------------------------------------+
        |grp_store_result_Pipeline_mem_wr_fu_73  |store_result_Pipeline_mem_wr  |     4098|     4098|  20.490 us|  20.490 us|  4097|  4097|  loop auto-rewind stp(delay=0 clock cycles(s))|
        +----------------------------------------+------------------------------+---------+---------+-----------+-----------+------+------+-----------------------------------------------+

        * Loop: 
        N/A



================================================================
== Utilization Estimates
================================================================
* Summary: 
+-----------------+---------+------+---------+--------+-----+
|       Name      | BRAM_18K|  DSP |    FF   |   LUT  | URAM|
+-----------------+---------+------+---------+--------+-----+
|DSP              |        -|     -|        -|       -|    -|
|Expression       |        -|     -|        0|      57|    -|
|FIFO             |        -|     -|        -|       -|    -|
|Instance         |        -|     -|       34|     157|    -|
|Memory           |        -|     -|        -|       -|    -|
|Multiplexer      |        -|     -|        0|     584|    -|
|Register         |        -|     -|      173|       -|    -|
+-----------------+---------+------+---------+--------+-----+
|Total            |        0|     0|      207|     798|    0|
+-----------------+---------+------+---------+--------+-----+
|Available        |     1934|  1968|  1799680|  899840|  463|
+-----------------+---------+------+---------+--------+-----+
|Utilization (%)  |        0|     0|       ~0|      ~0|    0|
+-----------------+---------+------+---------+--------+-----+

+ Detail: 
    * Instance: 
    +----------------------------------------+------------------------------+---------+----+----+-----+-----+
    |                Instance                |            Module            | BRAM_18K| DSP| FF | LUT | URAM|
    +----------------------------------------+------------------------------+---------+----+----+-----+-----+
    |grp_store_result_Pipeline_mem_wr_fu_73  |store_result_Pipeline_mem_wr  |        0|   0|  34|  157|    0|
    +----------------------------------------+------------------------------+---------+----+----+-----+-----+
    |Total                                   |                              |        0|   0|  34|  157|    0|
    +----------------------------------------+------------------------------+---------+----+----+-----+-----+

    * DSP: 
    N/A

    * Memory: 
    N/A

    * FIFO: 
    N/A

    * Expression: 
    +-----------------------+----------+----+---+----+------------+------------+
    |     Variable Name     | Operation| DSP| FF| LUT| Bitwidth P0| Bitwidth P1|
    +-----------------------+----------+----+---+----+------------+------------+
    |ap_ext_blocking_cur_n  |       and|   0|  0|   2|           1|           1|
    |ap_ext_blocking_n      |       and|   0|  0|   2|           1|           1|
    |ap_int_blocking_cur_n  |       and|   0|  0|   2|           1|           1|
    |ap_int_blocking_n      |       and|   0|  0|   2|           1|           1|
    |ap_str_blocking_n      |       and|   0|  0|   2|           1|           2|
    |icmp_ln114_fu_87_p2    |      icmp|   0|  0|  16|          32|           1|
    |ap_block_state1        |        or|   0|  0|   2|           1|           1|
    |empty_fu_118_p3        |    select|   0|  0|  29|           1|          31|
    +-----------------------+----------+----+---+----+------------+------------+
    |Total                  |          |   0|  0|  57|          39|          39|
    +-----------------------+----------+----+---+----+------------+------------+

    * Multiplexer: 
    +----------------------+-----+-----------+-----+-----------+
    |         Name         | LUT | Input Size| Bits| Total Bits|
    +----------------------+-----+-----------+-----+-----------+
    |ap_NS_fsm             |  344|         78|    1|         78|
    |ap_done               |    8|          2|    1|          2|
    |gmem0_blk_n_AW        |    8|          2|    1|          2|
    |gmem0_blk_n_B         |    8|          2|    1|          2|
    |m_axi_gmem0_AWADDR    |   64|          3|   64|        192|
    |m_axi_gmem0_AWBURST   |    8|          2|    2|          4|
    |m_axi_gmem0_AWCACHE   |    8|          2|    4|          8|
    |m_axi_gmem0_AWID      |    8|          2|    1|          2|
    |m_axi_gmem0_AWLEN     |   32|          3|   32|         96|
    |m_axi_gmem0_AWLOCK    |    8|          2|    2|          4|
    |m_axi_gmem0_AWPROT    |    8|          2|    3|          6|
    |m_axi_gmem0_AWQOS     |    8|          2|    4|          8|
    |m_axi_gmem0_AWREGION  |    8|          2|    4|          8|
    |m_axi_gmem0_AWSIZE    |    8|          2|    3|          6|
    |m_axi_gmem0_AWUSER    |    8|          2|    1|          2|
    |m_axi_gmem0_AWVALID   |    8|          3|    1|          3|
    |m_axi_gmem0_BREADY    |    8|          3|    1|          3|
    |m_axi_gmem0_WVALID    |    8|          2|    1|          2|
    |out_r_blk_n           |    8|          2|    1|          2|
    |out_stream_read       |    8|          2|    1|          2|
    |size_blk_n            |    8|          2|    1|          2|
    +----------------------+-----+-----------+-----+-----------+
    |Total                 |  584|        122|  130|        434|
    +----------------------+-----+-----------+-----+-----------+

    * Register: 
    +-----------------------------------------------------+----+----+-----+-----------+
    |                         Name                        | FF | LUT| Bits| Const Bits|
    +-----------------------------------------------------+----+----+-----+-----------+
    |ap_CS_fsm                                            |  77|   0|   77|          0|
    |ap_done_reg                                          |   1|   0|    1|          0|
    |grp_store_result_Pipeline_mem_wr_fu_73_ap_start_reg  |   1|   0|    1|          0|
    |size_read_reg_131                                    |  32|   0|   32|          0|
    |trunc_ln114_1_reg_136                                |  62|   0|   62|          0|
    +-----------------------------------------------------+----+----+-----+-----------+
    |Total                                                | 173|   0|  173|          0|
    +-----------------------------------------------------+----+----+-----+-----------+



================================================================
== Interface
================================================================
* Summary: 
+---------------------------+-----+-----+------------+--------------+--------------+
|         RTL Ports         | Dir | Bits|  Protocol  | Source Object|    C Type    |
+---------------------------+-----+-----+------------+--------------+--------------+
|ap_clk                     |   in|    1|  ap_ctrl_hs|  store_result|  return value|
|ap_rst                     |   in|    1|  ap_ctrl_hs|  store_result|  return value|
|ap_start                   |   in|    1|  ap_ctrl_hs|  store_result|  return value|
|ap_done                    |  out|    1|  ap_ctrl_hs|  store_result|  return value|
|ap_continue                |   in|    1|  ap_ctrl_hs|  store_result|  return value|
|ap_idle                    |  out|    1|  ap_ctrl_hs|  store_result|  return value|
|ap_ready                   |  out|    1|  ap_ctrl_hs|  store_result|  return value|
|ap_ext_blocking_n          |  out|    1|  ap_ctrl_hs|  store_result|  return value|
|ap_str_blocking_n          |  out|    1|  ap_ctrl_hs|  store_result|  return value|
|ap_int_blocking_n          |  out|    1|  ap_ctrl_hs|  store_result|  return value|
|m_axi_gmem0_AWVALID        |  out|    1|       m_axi|         gmem0|       pointer|
|m_axi_gmem0_AWREADY        |   in|    1|       m_axi|         gmem0|       pointer|
|m_axi_gmem0_AWADDR         |  out|   64|       m_axi|         gmem0|       pointer|
|m_axi_gmem0_AWID           |  out|    1|       m_axi|         gmem0|       pointer|
|m_axi_gmem0_AWLEN          |  out|   32|       m_axi|         gmem0|       pointer|
|m_axi_gmem0_AWSIZE         |  out|    3|       m_axi|         gmem0|       pointer|
|m_axi_gmem0_AWBURST        |  out|    2|       m_axi|         gmem0|       pointer|
|m_axi_gmem0_AWLOCK         |  out|    2|       m_axi|         gmem0|       pointer|
|m_axi_gmem0_AWCACHE        |  out|    4|       m_axi|         gmem0|       pointer|
|m_axi_gmem0_AWPROT         |  out|    3|       m_axi|         gmem0|       pointer|
|m_axi_gmem0_AWQOS          |  out|    4|       m_axi|         gmem0|       pointer|
|m_axi_gmem0_AWREGION       |  out|    4|       m_axi|         gmem0|       pointer|
|m_axi_gmem0_AWUSER         |  out|    1|       m_axi|         gmem0|       pointer|
|m_axi_gmem0_WVALID         |  out|    1|       m_axi|         gmem0|       pointer|
|m_axi_gmem0_WREADY         |   in|    1|       m_axi|         gmem0|       pointer|
|m_axi_gmem0_WDATA          |  out|   32|       m_axi|         gmem0|       pointer|
|m_axi_gmem0_WSTRB          |  out|    4|       m_axi|         gmem0|       pointer|
|m_axi_gmem0_WLAST          |  out|    1|       m_axi|         gmem0|       pointer|
|m_axi_gmem0_WID            |  out|    1|       m_axi|         gmem0|       pointer|
|m_axi_gmem0_WUSER          |  out|    1|       m_axi|         gmem0|       pointer|
|m_axi_gmem0_ARVALID        |  out|    1|       m_axi|         gmem0|       pointer|
|m_axi_gmem0_ARREADY        |   in|    1|       m_axi|         gmem0|       pointer|
|m_axi_gmem0_ARADDR         |  out|   64|       m_axi|         gmem0|       pointer|
|m_axi_gmem0_ARID           |  out|    1|       m_axi|         gmem0|       pointer|
|m_axi_gmem0_ARLEN          |  out|   32|       m_axi|         gmem0|       pointer|
|m_axi_gmem0_ARSIZE         |  out|    3|       m_axi|         gmem0|       pointer|
|m_axi_gmem0_ARBURST        |  out|    2|       m_axi|         gmem0|       pointer|
|m_axi_gmem0_ARLOCK         |  out|    2|       m_axi|         gmem0|       pointer|
|m_axi_gmem0_ARCACHE        |  out|    4|       m_axi|         gmem0|       pointer|
|m_axi_gmem0_ARPROT         |  out|    3|       m_axi|         gmem0|       pointer|
|m_axi_gmem0_ARQOS          |  out|    4|       m_axi|         gmem0|       pointer|
|m_axi_gmem0_ARREGION       |  out|    4|       m_axi|         gmem0|       pointer|
|m_axi_gmem0_ARUSER         |  out|    1|       m_axi|         gmem0|       pointer|
|m_axi_gmem0_RVALID         |   in|    1|       m_axi|         gmem0|       pointer|
|m_axi_gmem0_RREADY         |  out|    1|       m_axi|         gmem0|       pointer|
|m_axi_gmem0_RDATA          |   in|   32|       m_axi|         gmem0|       pointer|
|m_axi_gmem0_RLAST          |   in|    1|       m_axi|         gmem0|       pointer|
|m_axi_gmem0_RID            |   in|    1|       m_axi|         gmem0|       pointer|
|m_axi_gmem0_RFIFONUM       |   in|    9|       m_axi|         gmem0|       pointer|
|m_axi_gmem0_RUSER          |   in|    1|       m_axi|         gmem0|       pointer|
|m_axi_gmem0_RRESP          |   in|    2|       m_axi|         gmem0|       pointer|
|m_axi_gmem0_BVALID         |   in|    1|       m_axi|         gmem0|       pointer|
|m_axi_gmem0_BREADY         |  out|    1|       m_axi|         gmem0|       pointer|
|m_axi_gmem0_BRESP          |   in|    2|       m_axi|         gmem0|       pointer|
|m_axi_gmem0_BID            |   in|    1|       m_axi|         gmem0|       pointer|
|m_axi_gmem0_BUSER          |   in|    1|       m_axi|         gmem0|       pointer|
|out_r_dout                 |   in|   64|     ap_fifo|         out_r|       pointer|
|out_r_num_data_valid       |   in|    3|     ap_fifo|         out_r|       pointer|
|out_r_fifo_cap             |   in|    3|     ap_fifo|         out_r|       pointer|
|out_r_empty_n              |   in|    1|     ap_fifo|         out_r|       pointer|
|out_r_read                 |  out|    1|     ap_fifo|         out_r|       pointer|
|size_dout                  |   in|   32|     ap_fifo|          size|       pointer|
|size_num_data_valid        |   in|    3|     ap_fifo|          size|       pointer|
|size_fifo_cap              |   in|    3|     ap_fifo|          size|       pointer|
|size_empty_n               |   in|    1|     ap_fifo|          size|       pointer|
|size_read                  |  out|    1|     ap_fifo|          size|       pointer|
|out_stream_dout            |   in|   32|     ap_fifo|    out_stream|       pointer|
|out_stream_num_data_valid  |   in|    3|     ap_fifo|    out_stream|       pointer|
|out_stream_fifo_cap        |   in|    3|     ap_fifo|    out_stream|       pointer|
|out_stream_empty_n         |   in|    1|     ap_fifo|    out_stream|       pointer|
|out_stream_read            |  out|    1|     ap_fifo|    out_stream|       pointer|
+---------------------------+-----+-----+------------+--------------+--------------+

============================================================
+ Verbose Summary: Synthesis Manager
============================================================
InlineROM: 1
ExposeGlobal: 0
============================================================
+ Verbose Summary: CDFG Model
============================================================
IsTopModel: 0
ResetActiveHigh: 1
IsCombinational: 2
IsDatapathOnly: 0
HasWiredReturn: 1
HasMFsm: 0
HasVarLatency: 1
IsPipeline: 0
IsRtlPipelined: 0
IsInstanceOverlapped: 0
IsDontTouch: 0
HasImplIP: 0
IsGatedGlobalClock: 0


============================================================
+ Verbose Summary: Schedule
============================================================
* Number of FSM states : 77
* Pipeline : 0
* Dataflow Pipeline: 0

* FSM state transitions: 
1 --> 2 
2 --> 3 
3 --> 4 
4 --> 5 
5 --> 6 
6 --> 7 
7 --> 8 
8 --> 9 
9 --> 10 
10 --> 11 
11 --> 12 
12 --> 13 
13 --> 14 
14 --> 15 
15 --> 16 
16 --> 17 
17 --> 18 
18 --> 19 
19 --> 20 
20 --> 21 
21 --> 22 
22 --> 23 
23 --> 24 
24 --> 25 
25 --> 26 
26 --> 27 
27 --> 28 
28 --> 29 
29 --> 30 
30 --> 31 
31 --> 32 
32 --> 33 
33 --> 34 
34 --> 35 
35 --> 36 
36 --> 37 
37 --> 38 
38 --> 39 
39 --> 40 
40 --> 41 
41 --> 42 
42 --> 43 
43 --> 44 
44 --> 45 
45 --> 46 
46 --> 47 
47 --> 48 
48 --> 49 
49 --> 50 
50 --> 51 
51 --> 52 
52 --> 53 
53 --> 54 
54 --> 55 
55 --> 56 
56 --> 57 
57 --> 58 
58 --> 59 
59 --> 60 
60 --> 61 
61 --> 62 
62 --> 63 
63 --> 64 
64 --> 65 
65 --> 66 
66 --> 67 
67 --> 68 
68 --> 69 
69 --> 70 
70 --> 71 
71 --> 72 
72 --> 73 
73 --> 74 
74 --> 75 
75 --> 76 
76 --> 77 
77 --> 

* FSM state operations: 

State 1 <SV = 0> <Delay = 3.05>
ST_1 : Operation 78 [1/1] (0.00ns)   --->   "%muxLogicCE_to_size_read = muxlogic"   --->   Operation 78 'muxlogic' 'muxLogicCE_to_size_read' <Predicate = true> <Delay = 0.00>
ST_1 : Operation 79 [1/1] (0.57ns)   --->   "%size_read = read i32 @_ssdm_op_Read.ap_fifo.i32P0A, i32 %size"   --->   Operation 79 'read' 'size_read' <Predicate = true> <Delay = 0.57> <CoreInst = "FIFO_SRL">   --->   Core 84 'FIFO_SRL' <Latency = 0> <II = 1> <Delay = 0.71> <Storage> <Opcode : 'read' 'write' 'nbread' 'nbwrite'> <Ports = 0> <Width = 32> <Depth = 2> <FIFO>
ST_1 : Operation 80 [1/1] (0.00ns)   --->   "%muxLogicCE_to_out_read = muxlogic"   --->   Operation 80 'muxlogic' 'muxLogicCE_to_out_read' <Predicate = true> <Delay = 0.00>
ST_1 : Operation 81 [1/1] (0.79ns)   --->   "%out_read = read i64 @_ssdm_op_Read.ap_fifo.i64P0A, i64 %out_r" [krnl_vadd.cpp:114]   --->   Operation 81 'read' 'out_read' <Predicate = true> <Delay = 0.79> <CoreInst = "FIFO_SRL">   --->   Core 84 'FIFO_SRL' <Latency = 0> <II = 1> <Delay = 0.76> <Storage> <Opcode : 'read' 'write' 'nbread' 'nbwrite'> <Ports = 0> <Width = 64> <Depth = 4> <FIFO>
ST_1 : Operation 82 [1/1] (0.66ns)   --->   "%icmp_ln114 = icmp_sgt  i32 %size_read, i32 0" [krnl_vadd.cpp:114]   --->   Operation 82 'icmp' 'icmp_ln114' <Predicate = true> <Delay = 0.66> <CoreInst = "Cmp">   --->   Core 9 'Cmp' <Latency = 0> <II = 1> <Delay = 0.66> <FuncUnit> <Opcode : 'setle' 'setge' 'setlt' 'setgt'> <InPorts = 2> <OutPorts = 1>
ST_1 : Operation 83 [1/1] (0.00ns)   --->   "%trunc_ln114 = trunc i32 %size_read" [krnl_vadd.cpp:114]   --->   Operation 83 'trunc' 'trunc_ln114' <Predicate = true> <Delay = 0.00>
ST_1 : Operation 84 [1/1] (0.00ns)   --->   "%trunc_ln114_1 = partselect i62 @_ssdm_op_PartSelect.i62.i64.i32.i32, i64 %out_read, i32 2, i32 63" [krnl_vadd.cpp:114]   --->   Operation 84 'partselect' 'trunc_ln114_1' <Predicate = true> <Delay = 0.00>
ST_1 : Operation 85 [1/1] (0.00ns)   --->   "%sext_ln114 = sext i62 %trunc_ln114_1" [krnl_vadd.cpp:114]   --->   Operation 85 'sext' 'sext_ln114' <Predicate = true> <Delay = 0.00>
ST_1 : Operation 86 [1/1] (0.00ns)   --->   "%gmem0_addr = getelementptr i32 %gmem0, i64 %sext_ln114" [krnl_vadd.cpp:114]   --->   Operation 86 'getelementptr' 'gmem0_addr' <Predicate = true> <Delay = 0.00>
ST_1 : Operation 87 [1/1] (0.52ns)   --->   "%empty = select i1 %icmp_ln114, i31 %trunc_ln114, i31 0" [krnl_vadd.cpp:114]   --->   Operation 87 'select' 'empty' <Predicate = true> <Delay = 0.52> <CoreInst = "Sel">   --->   Core 77 'Sel' <Latency = 0> <II = 1> <Delay = 0.52> <FuncUnit> <Opcode : 'select'> <InPorts = 3> <OutPorts = 1>
ST_1 : Operation 88 [1/1] (0.00ns)   --->   "%zext_ln114 = zext i31 %empty" [krnl_vadd.cpp:114]   --->   Operation 88 'zext' 'zext_ln114' <Predicate = true> <Delay = 0.00>
ST_1 : Operation 89 [1/1] (1.29ns)   --->   "%empty_25 = writereq i1 @_ssdm_op_WriteReq.m_axi.p1i32, i64 %gmem0_addr, i64 %zext_ln114" [krnl_vadd.cpp:114]   --->   Operation 89 'writereq' 'empty_25' <Predicate = true> <Delay = 1.29> <CoreInst = "m_axi">   --->   Core 123 'm_axi' <Latency = 9> <II = 1> <Delay = 1.34> <Adapter> <Opcode : 'read' 'write' 'readreq' 'writereq' 'writeresp'>

State 2 <SV = 1> <Delay = 1.06>
ST_2 : Operation 90 [1/1] (0.00ns)   --->   "%empty_26 = wait i32 @_ssdm_op_Wait"   --->   Operation 90 'wait' 'empty_26' <Predicate = true> <Delay = 0.00>
ST_2 : Operation 91 [2/2] (1.06ns)   --->   "%call_ln114 = call void @store_result_Pipeline_mem_wr, i32 %size_read, i32 %gmem0, i62 %trunc_ln114_1, i32 %out_stream" [krnl_vadd.cpp:114]   --->   Operation 91 'call' 'call_ln114' <Predicate = true> <Delay = 1.06> <CoreType = "Generic">   --->   Core 0 '' <Latency = 0> <II = 1> <Delay = 1.00> <Generic> <Opcode : >

State 3 <SV = 2> <Delay = 1.44>
ST_3 : Operation 92 [1/2] (1.44ns)   --->   "%call_ln114 = call void @store_result_Pipeline_mem_wr, i32 %size_read, i32 %gmem0, i62 %trunc_ln114_1, i32 %out_stream" [krnl_vadd.cpp:114]   --->   Operation 92 'call' 'call_ln114' <Predicate = true> <Delay = 1.44> <CoreType = "Generic">   --->   Core 0 '' <Latency = 0> <II = 1> <Delay = 1.00> <Generic> <Opcode : >

State 4 <SV = 3> <Delay = 0.81>
ST_4 : Operation 93 [74/74] (0.81ns)   --->   "%empty_27 = writeresp i1 @_ssdm_op_WriteResp.m_axi.p1i32, i64 %gmem0_addr" [krnl_vadd.cpp:118]   --->   Operation 93 'writeresp' 'empty_27' <Predicate = true> <Delay = 0.81> <CoreInst = "m_axi">   --->   Core 123 'm_axi' <Latency = 9> <II = 1> <Delay = 1.34> <Adapter> <Opcode : 'read' 'write' 'readreq' 'writereq' 'writeresp'>

State 5 <SV = 4> <Delay = 3.65>
ST_5 : Operation 94 [73/74] (3.65ns)   --->   "%empty_27 = writeresp i1 @_ssdm_op_WriteResp.m_axi.p1i32, i64 %gmem0_addr" [krnl_vadd.cpp:118]   --->   Operation 94 'writeresp' 'empty_27' <Predicate = true> <Delay = 3.65> <CoreInst = "m_axi">   --->   Core 123 'm_axi' <Latency = 9> <II = 1> <Delay = 1.34> <Adapter> <Opcode : 'read' 'write' 'readreq' 'writereq' 'writeresp'>

State 6 <SV = 5> <Delay = 3.65>
ST_6 : Operation 95 [72/74] (3.65ns)   --->   "%empty_27 = writeresp i1 @_ssdm_op_WriteResp.m_axi.p1i32, i64 %gmem0_addr" [krnl_vadd.cpp:118]   --->   Operation 95 'writeresp' 'empty_27' <Predicate = true> <Delay = 3.65> <CoreInst = "m_axi">   --->   Core 123 'm_axi' <Latency = 9> <II = 1> <Delay = 1.34> <Adapter> <Opcode : 'read' 'write' 'readreq' 'writereq' 'writeresp'>

State 7 <SV = 6> <Delay = 3.65>
ST_7 : Operation 96 [71/74] (3.65ns)   --->   "%empty_27 = writeresp i1 @_ssdm_op_WriteResp.m_axi.p1i32, i64 %gmem0_addr" [krnl_vadd.cpp:118]   --->   Operation 96 'writeresp' 'empty_27' <Predicate = true> <Delay = 3.65> <CoreInst = "m_axi">   --->   Core 123 'm_axi' <Latency = 9> <II = 1> <Delay = 1.34> <Adapter> <Opcode : 'read' 'write' 'readreq' 'writereq' 'writeresp'>

State 8 <SV = 7> <Delay = 3.65>
ST_8 : Operation 97 [70/74] (3.65ns)   --->   "%empty_27 = writeresp i1 @_ssdm_op_WriteResp.m_axi.p1i32, i64 %gmem0_addr" [krnl_vadd.cpp:118]   --->   Operation 97 'writeresp' 'empty_27' <Predicate = true> <Delay = 3.65> <CoreInst = "m_axi">   --->   Core 123 'm_axi' <Latency = 9> <II = 1> <Delay = 1.34> <Adapter> <Opcode : 'read' 'write' 'readreq' 'writereq' 'writeresp'>

State 9 <SV = 8> <Delay = 3.65>
ST_9 : Operation 98 [69/74] (3.65ns)   --->   "%empty_27 = writeresp i1 @_ssdm_op_WriteResp.m_axi.p1i32, i64 %gmem0_addr" [krnl_vadd.cpp:118]   --->   Operation 98 'writeresp' 'empty_27' <Predicate = true> <Delay = 3.65> <CoreInst = "m_axi">   --->   Core 123 'm_axi' <Latency = 9> <II = 1> <Delay = 1.34> <Adapter> <Opcode : 'read' 'write' 'readreq' 'writereq' 'writeresp'>

State 10 <SV = 9> <Delay = 3.65>
ST_10 : Operation 99 [68/74] (3.65ns)   --->   "%empty_27 = writeresp i1 @_ssdm_op_WriteResp.m_axi.p1i32, i64 %gmem0_addr" [krnl_vadd.cpp:118]   --->   Operation 99 'writeresp' 'empty_27' <Predicate = true> <Delay = 3.65> <CoreInst = "m_axi">   --->   Core 123 'm_axi' <Latency = 9> <II = 1> <Delay = 1.34> <Adapter> <Opcode : 'read' 'write' 'readreq' 'writereq' 'writeresp'>

State 11 <SV = 10> <Delay = 3.65>
ST_11 : Operation 100 [67/74] (3.65ns)   --->   "%empty_27 = writeresp i1 @_ssdm_op_WriteResp.m_axi.p1i32, i64 %gmem0_addr" [krnl_vadd.cpp:118]   --->   Operation 100 'writeresp' 'empty_27' <Predicate = true> <Delay = 3.65> <CoreInst = "m_axi">   --->   Core 123 'm_axi' <Latency = 9> <II = 1> <Delay = 1.34> <Adapter> <Opcode : 'read' 'write' 'readreq' 'writereq' 'writeresp'>

State 12 <SV = 11> <Delay = 3.65>
ST_12 : Operation 101 [66/74] (3.65ns)   --->   "%empty_27 = writeresp i1 @_ssdm_op_WriteResp.m_axi.p1i32, i64 %gmem0_addr" [krnl_vadd.cpp:118]   --->   Operation 101 'writeresp' 'empty_27' <Predicate = true> <Delay = 3.65> <CoreInst = "m_axi">   --->   Core 123 'm_axi' <Latency = 9> <II = 1> <Delay = 1.34> <Adapter> <Opcode : 'read' 'write' 'readreq' 'writereq' 'writeresp'>

State 13 <SV = 12> <Delay = 3.65>
ST_13 : Operation 102 [65/74] (3.65ns)   --->   "%empty_27 = writeresp i1 @_ssdm_op_WriteResp.m_axi.p1i32, i64 %gmem0_addr" [krnl_vadd.cpp:118]   --->   Operation 102 'writeresp' 'empty_27' <Predicate = true> <Delay = 3.65> <CoreInst = "m_axi">   --->   Core 123 'm_axi' <Latency = 9> <II = 1> <Delay = 1.34> <Adapter> <Opcode : 'read' 'write' 'readreq' 'writereq' 'writeresp'>

State 14 <SV = 13> <Delay = 3.65>
ST_14 : Operation 103 [64/74] (3.65ns)   --->   "%empty_27 = writeresp i1 @_ssdm_op_WriteResp.m_axi.p1i32, i64 %gmem0_addr" [krnl_vadd.cpp:118]   --->   Operation 103 'writeresp' 'empty_27' <Predicate = true> <Delay = 3.65> <CoreInst = "m_axi">   --->   Core 123 'm_axi' <Latency = 9> <II = 1> <Delay = 1.34> <Adapter> <Opcode : 'read' 'write' 'readreq' 'writereq' 'writeresp'>

State 15 <SV = 14> <Delay = 3.65>
ST_15 : Operation 104 [63/74] (3.65ns)   --->   "%empty_27 = writeresp i1 @_ssdm_op_WriteResp.m_axi.p1i32, i64 %gmem0_addr" [krnl_vadd.cpp:118]   --->   Operation 104 'writeresp' 'empty_27' <Predicate = true> <Delay = 3.65> <CoreInst = "m_axi">   --->   Core 123 'm_axi' <Latency = 9> <II = 1> <Delay = 1.34> <Adapter> <Opcode : 'read' 'write' 'readreq' 'writereq' 'writeresp'>

State 16 <SV = 15> <Delay = 3.65>
ST_16 : Operation 105 [62/74] (3.65ns)   --->   "%empty_27 = writeresp i1 @_ssdm_op_WriteResp.m_axi.p1i32, i64 %gmem0_addr" [krnl_vadd.cpp:118]   --->   Operation 105 'writeresp' 'empty_27' <Predicate = true> <Delay = 3.65> <CoreInst = "m_axi">   --->   Core 123 'm_axi' <Latency = 9> <II = 1> <Delay = 1.34> <Adapter> <Opcode : 'read' 'write' 'readreq' 'writereq' 'writeresp'>

State 17 <SV = 16> <Delay = 3.65>
ST_17 : Operation 106 [61/74] (3.65ns)   --->   "%empty_27 = writeresp i1 @_ssdm_op_WriteResp.m_axi.p1i32, i64 %gmem0_addr" [krnl_vadd.cpp:118]   --->   Operation 106 'writeresp' 'empty_27' <Predicate = true> <Delay = 3.65> <CoreInst = "m_axi">   --->   Core 123 'm_axi' <Latency = 9> <II = 1> <Delay = 1.34> <Adapter> <Opcode : 'read' 'write' 'readreq' 'writereq' 'writeresp'>

State 18 <SV = 17> <Delay = 3.65>
ST_18 : Operation 107 [60/74] (3.65ns)   --->   "%empty_27 = writeresp i1 @_ssdm_op_WriteResp.m_axi.p1i32, i64 %gmem0_addr" [krnl_vadd.cpp:118]   --->   Operation 107 'writeresp' 'empty_27' <Predicate = true> <Delay = 3.65> <CoreInst = "m_axi">   --->   Core 123 'm_axi' <Latency = 9> <II = 1> <Delay = 1.34> <Adapter> <Opcode : 'read' 'write' 'readreq' 'writereq' 'writeresp'>

State 19 <SV = 18> <Delay = 3.65>
ST_19 : Operation 108 [59/74] (3.65ns)   --->   "%empty_27 = writeresp i1 @_ssdm_op_WriteResp.m_axi.p1i32, i64 %gmem0_addr" [krnl_vadd.cpp:118]   --->   Operation 108 'writeresp' 'empty_27' <Predicate = true> <Delay = 3.65> <CoreInst = "m_axi">   --->   Core 123 'm_axi' <Latency = 9> <II = 1> <Delay = 1.34> <Adapter> <Opcode : 'read' 'write' 'readreq' 'writereq' 'writeresp'>

State 20 <SV = 19> <Delay = 3.65>
ST_20 : Operation 109 [58/74] (3.65ns)   --->   "%empty_27 = writeresp i1 @_ssdm_op_WriteResp.m_axi.p1i32, i64 %gmem0_addr" [krnl_vadd.cpp:118]   --->   Operation 109 'writeresp' 'empty_27' <Predicate = true> <Delay = 3.65> <CoreInst = "m_axi">   --->   Core 123 'm_axi' <Latency = 9> <II = 1> <Delay = 1.34> <Adapter> <Opcode : 'read' 'write' 'readreq' 'writereq' 'writeresp'>

State 21 <SV = 20> <Delay = 3.65>
ST_21 : Operation 110 [57/74] (3.65ns)   --->   "%empty_27 = writeresp i1 @_ssdm_op_WriteResp.m_axi.p1i32, i64 %gmem0_addr" [krnl_vadd.cpp:118]   --->   Operation 110 'writeresp' 'empty_27' <Predicate = true> <Delay = 3.65> <CoreInst = "m_axi">   --->   Core 123 'm_axi' <Latency = 9> <II = 1> <Delay = 1.34> <Adapter> <Opcode : 'read' 'write' 'readreq' 'writereq' 'writeresp'>

State 22 <SV = 21> <Delay = 3.65>
ST_22 : Operation 111 [56/74] (3.65ns)   --->   "%empty_27 = writeresp i1 @_ssdm_op_WriteResp.m_axi.p1i32, i64 %gmem0_addr" [krnl_vadd.cpp:118]   --->   Operation 111 'writeresp' 'empty_27' <Predicate = true> <Delay = 3.65> <CoreInst = "m_axi">   --->   Core 123 'm_axi' <Latency = 9> <II = 1> <Delay = 1.34> <Adapter> <Opcode : 'read' 'write' 'readreq' 'writereq' 'writeresp'>

State 23 <SV = 22> <Delay = 3.65>
ST_23 : Operation 112 [55/74] (3.65ns)   --->   "%empty_27 = writeresp i1 @_ssdm_op_WriteResp.m_axi.p1i32, i64 %gmem0_addr" [krnl_vadd.cpp:118]   --->   Operation 112 'writeresp' 'empty_27' <Predicate = true> <Delay = 3.65> <CoreInst = "m_axi">   --->   Core 123 'm_axi' <Latency = 9> <II = 1> <Delay = 1.34> <Adapter> <Opcode : 'read' 'write' 'readreq' 'writereq' 'writeresp'>

State 24 <SV = 23> <Delay = 3.65>
ST_24 : Operation 113 [54/74] (3.65ns)   --->   "%empty_27 = writeresp i1 @_ssdm_op_WriteResp.m_axi.p1i32, i64 %gmem0_addr" [krnl_vadd.cpp:118]   --->   Operation 113 'writeresp' 'empty_27' <Predicate = true> <Delay = 3.65> <CoreInst = "m_axi">   --->   Core 123 'm_axi' <Latency = 9> <II = 1> <Delay = 1.34> <Adapter> <Opcode : 'read' 'write' 'readreq' 'writereq' 'writeresp'>

State 25 <SV = 24> <Delay = 3.65>
ST_25 : Operation 114 [53/74] (3.65ns)   --->   "%empty_27 = writeresp i1 @_ssdm_op_WriteResp.m_axi.p1i32, i64 %gmem0_addr" [krnl_vadd.cpp:118]   --->   Operation 114 'writeresp' 'empty_27' <Predicate = true> <Delay = 3.65> <CoreInst = "m_axi">   --->   Core 123 'm_axi' <Latency = 9> <II = 1> <Delay = 1.34> <Adapter> <Opcode : 'read' 'write' 'readreq' 'writereq' 'writeresp'>

State 26 <SV = 25> <Delay = 3.65>
ST_26 : Operation 115 [52/74] (3.65ns)   --->   "%empty_27 = writeresp i1 @_ssdm_op_WriteResp.m_axi.p1i32, i64 %gmem0_addr" [krnl_vadd.cpp:118]   --->   Operation 115 'writeresp' 'empty_27' <Predicate = true> <Delay = 3.65> <CoreInst = "m_axi">   --->   Core 123 'm_axi' <Latency = 9> <II = 1> <Delay = 1.34> <Adapter> <Opcode : 'read' 'write' 'readreq' 'writereq' 'writeresp'>

State 27 <SV = 26> <Delay = 3.65>
ST_27 : Operation 116 [51/74] (3.65ns)   --->   "%empty_27 = writeresp i1 @_ssdm_op_WriteResp.m_axi.p1i32, i64 %gmem0_addr" [krnl_vadd.cpp:118]   --->   Operation 116 'writeresp' 'empty_27' <Predicate = true> <Delay = 3.65> <CoreInst = "m_axi">   --->   Core 123 'm_axi' <Latency = 9> <II = 1> <Delay = 1.34> <Adapter> <Opcode : 'read' 'write' 'readreq' 'writereq' 'writeresp'>

State 28 <SV = 27> <Delay = 3.65>
ST_28 : Operation 117 [50/74] (3.65ns)   --->   "%empty_27 = writeresp i1 @_ssdm_op_WriteResp.m_axi.p1i32, i64 %gmem0_addr" [krnl_vadd.cpp:118]   --->   Operation 117 'writeresp' 'empty_27' <Predicate = true> <Delay = 3.65> <CoreInst = "m_axi">   --->   Core 123 'm_axi' <Latency = 9> <II = 1> <Delay = 1.34> <Adapter> <Opcode : 'read' 'write' 'readreq' 'writereq' 'writeresp'>

State 29 <SV = 28> <Delay = 3.65>
ST_29 : Operation 118 [49/74] (3.65ns)   --->   "%empty_27 = writeresp i1 @_ssdm_op_WriteResp.m_axi.p1i32, i64 %gmem0_addr" [krnl_vadd.cpp:118]   --->   Operation 118 'writeresp' 'empty_27' <Predicate = true> <Delay = 3.65> <CoreInst = "m_axi">   --->   Core 123 'm_axi' <Latency = 9> <II = 1> <Delay = 1.34> <Adapter> <Opcode : 'read' 'write' 'readreq' 'writereq' 'writeresp'>

State 30 <SV = 29> <Delay = 3.65>
ST_30 : Operation 119 [48/74] (3.65ns)   --->   "%empty_27 = writeresp i1 @_ssdm_op_WriteResp.m_axi.p1i32, i64 %gmem0_addr" [krnl_vadd.cpp:118]   --->   Operation 119 'writeresp' 'empty_27' <Predicate = true> <Delay = 3.65> <CoreInst = "m_axi">   --->   Core 123 'm_axi' <Latency = 9> <II = 1> <Delay = 1.34> <Adapter> <Opcode : 'read' 'write' 'readreq' 'writereq' 'writeresp'>

State 31 <SV = 30> <Delay = 3.65>
ST_31 : Operation 120 [47/74] (3.65ns)   --->   "%empty_27 = writeresp i1 @_ssdm_op_WriteResp.m_axi.p1i32, i64 %gmem0_addr" [krnl_vadd.cpp:118]   --->   Operation 120 'writeresp' 'empty_27' <Predicate = true> <Delay = 3.65> <CoreInst = "m_axi">   --->   Core 123 'm_axi' <Latency = 9> <II = 1> <Delay = 1.34> <Adapter> <Opcode : 'read' 'write' 'readreq' 'writereq' 'writeresp'>

State 32 <SV = 31> <Delay = 3.65>
ST_32 : Operation 121 [46/74] (3.65ns)   --->   "%empty_27 = writeresp i1 @_ssdm_op_WriteResp.m_axi.p1i32, i64 %gmem0_addr" [krnl_vadd.cpp:118]   --->   Operation 121 'writeresp' 'empty_27' <Predicate = true> <Delay = 3.65> <CoreInst = "m_axi">   --->   Core 123 'm_axi' <Latency = 9> <II = 1> <Delay = 1.34> <Adapter> <Opcode : 'read' 'write' 'readreq' 'writereq' 'writeresp'>

State 33 <SV = 32> <Delay = 3.65>
ST_33 : Operation 122 [45/74] (3.65ns)   --->   "%empty_27 = writeresp i1 @_ssdm_op_WriteResp.m_axi.p1i32, i64 %gmem0_addr" [krnl_vadd.cpp:118]   --->   Operation 122 'writeresp' 'empty_27' <Predicate = true> <Delay = 3.65> <CoreInst = "m_axi">   --->   Core 123 'm_axi' <Latency = 9> <II = 1> <Delay = 1.34> <Adapter> <Opcode : 'read' 'write' 'readreq' 'writereq' 'writeresp'>

State 34 <SV = 33> <Delay = 3.65>
ST_34 : Operation 123 [44/74] (3.65ns)   --->   "%empty_27 = writeresp i1 @_ssdm_op_WriteResp.m_axi.p1i32, i64 %gmem0_addr" [krnl_vadd.cpp:118]   --->   Operation 123 'writeresp' 'empty_27' <Predicate = true> <Delay = 3.65> <CoreInst = "m_axi">   --->   Core 123 'm_axi' <Latency = 9> <II = 1> <Delay = 1.34> <Adapter> <Opcode : 'read' 'write' 'readreq' 'writereq' 'writeresp'>

State 35 <SV = 34> <Delay = 3.65>
ST_35 : Operation 124 [43/74] (3.65ns)   --->   "%empty_27 = writeresp i1 @_ssdm_op_WriteResp.m_axi.p1i32, i64 %gmem0_addr" [krnl_vadd.cpp:118]   --->   Operation 124 'writeresp' 'empty_27' <Predicate = true> <Delay = 3.65> <CoreInst = "m_axi">   --->   Core 123 'm_axi' <Latency = 9> <II = 1> <Delay = 1.34> <Adapter> <Opcode : 'read' 'write' 'readreq' 'writereq' 'writeresp'>

State 36 <SV = 35> <Delay = 3.65>
ST_36 : Operation 125 [42/74] (3.65ns)   --->   "%empty_27 = writeresp i1 @_ssdm_op_WriteResp.m_axi.p1i32, i64 %gmem0_addr" [krnl_vadd.cpp:118]   --->   Operation 125 'writeresp' 'empty_27' <Predicate = true> <Delay = 3.65> <CoreInst = "m_axi">   --->   Core 123 'm_axi' <Latency = 9> <II = 1> <Delay = 1.34> <Adapter> <Opcode : 'read' 'write' 'readreq' 'writereq' 'writeresp'>

State 37 <SV = 36> <Delay = 3.65>
ST_37 : Operation 126 [41/74] (3.65ns)   --->   "%empty_27 = writeresp i1 @_ssdm_op_WriteResp.m_axi.p1i32, i64 %gmem0_addr" [krnl_vadd.cpp:118]   --->   Operation 126 'writeresp' 'empty_27' <Predicate = true> <Delay = 3.65> <CoreInst = "m_axi">   --->   Core 123 'm_axi' <Latency = 9> <II = 1> <Delay = 1.34> <Adapter> <Opcode : 'read' 'write' 'readreq' 'writereq' 'writeresp'>

State 38 <SV = 37> <Delay = 3.65>
ST_38 : Operation 127 [40/74] (3.65ns)   --->   "%empty_27 = writeresp i1 @_ssdm_op_WriteResp.m_axi.p1i32, i64 %gmem0_addr" [krnl_vadd.cpp:118]   --->   Operation 127 'writeresp' 'empty_27' <Predicate = true> <Delay = 3.65> <CoreInst = "m_axi">   --->   Core 123 'm_axi' <Latency = 9> <II = 1> <Delay = 1.34> <Adapter> <Opcode : 'read' 'write' 'readreq' 'writereq' 'writeresp'>

State 39 <SV = 38> <Delay = 3.65>
ST_39 : Operation 128 [39/74] (3.65ns)   --->   "%empty_27 = writeresp i1 @_ssdm_op_WriteResp.m_axi.p1i32, i64 %gmem0_addr" [krnl_vadd.cpp:118]   --->   Operation 128 'writeresp' 'empty_27' <Predicate = true> <Delay = 3.65> <CoreInst = "m_axi">   --->   Core 123 'm_axi' <Latency = 9> <II = 1> <Delay = 1.34> <Adapter> <Opcode : 'read' 'write' 'readreq' 'writereq' 'writeresp'>

State 40 <SV = 39> <Delay = 3.65>
ST_40 : Operation 129 [38/74] (3.65ns)   --->   "%empty_27 = writeresp i1 @_ssdm_op_WriteResp.m_axi.p1i32, i64 %gmem0_addr" [krnl_vadd.cpp:118]   --->   Operation 129 'writeresp' 'empty_27' <Predicate = true> <Delay = 3.65> <CoreInst = "m_axi">   --->   Core 123 'm_axi' <Latency = 9> <II = 1> <Delay = 1.34> <Adapter> <Opcode : 'read' 'write' 'readreq' 'writereq' 'writeresp'>

State 41 <SV = 40> <Delay = 3.65>
ST_41 : Operation 130 [37/74] (3.65ns)   --->   "%empty_27 = writeresp i1 @_ssdm_op_WriteResp.m_axi.p1i32, i64 %gmem0_addr" [krnl_vadd.cpp:118]   --->   Operation 130 'writeresp' 'empty_27' <Predicate = true> <Delay = 3.65> <CoreInst = "m_axi">   --->   Core 123 'm_axi' <Latency = 9> <II = 1> <Delay = 1.34> <Adapter> <Opcode : 'read' 'write' 'readreq' 'writereq' 'writeresp'>

State 42 <SV = 41> <Delay = 3.65>
ST_42 : Operation 131 [36/74] (3.65ns)   --->   "%empty_27 = writeresp i1 @_ssdm_op_WriteResp.m_axi.p1i32, i64 %gmem0_addr" [krnl_vadd.cpp:118]   --->   Operation 131 'writeresp' 'empty_27' <Predicate = true> <Delay = 3.65> <CoreInst = "m_axi">   --->   Core 123 'm_axi' <Latency = 9> <II = 1> <Delay = 1.34> <Adapter> <Opcode : 'read' 'write' 'readreq' 'writereq' 'writeresp'>

State 43 <SV = 42> <Delay = 3.65>
ST_43 : Operation 132 [35/74] (3.65ns)   --->   "%empty_27 = writeresp i1 @_ssdm_op_WriteResp.m_axi.p1i32, i64 %gmem0_addr" [krnl_vadd.cpp:118]   --->   Operation 132 'writeresp' 'empty_27' <Predicate = true> <Delay = 3.65> <CoreInst = "m_axi">   --->   Core 123 'm_axi' <Latency = 9> <II = 1> <Delay = 1.34> <Adapter> <Opcode : 'read' 'write' 'readreq' 'writereq' 'writeresp'>

State 44 <SV = 43> <Delay = 3.65>
ST_44 : Operation 133 [34/74] (3.65ns)   --->   "%empty_27 = writeresp i1 @_ssdm_op_WriteResp.m_axi.p1i32, i64 %gmem0_addr" [krnl_vadd.cpp:118]   --->   Operation 133 'writeresp' 'empty_27' <Predicate = true> <Delay = 3.65> <CoreInst = "m_axi">   --->   Core 123 'm_axi' <Latency = 9> <II = 1> <Delay = 1.34> <Adapter> <Opcode : 'read' 'write' 'readreq' 'writereq' 'writeresp'>

State 45 <SV = 44> <Delay = 3.65>
ST_45 : Operation 134 [33/74] (3.65ns)   --->   "%empty_27 = writeresp i1 @_ssdm_op_WriteResp.m_axi.p1i32, i64 %gmem0_addr" [krnl_vadd.cpp:118]   --->   Operation 134 'writeresp' 'empty_27' <Predicate = true> <Delay = 3.65> <CoreInst = "m_axi">   --->   Core 123 'm_axi' <Latency = 9> <II = 1> <Delay = 1.34> <Adapter> <Opcode : 'read' 'write' 'readreq' 'writereq' 'writeresp'>

State 46 <SV = 45> <Delay = 3.65>
ST_46 : Operation 135 [32/74] (3.65ns)   --->   "%empty_27 = writeresp i1 @_ssdm_op_WriteResp.m_axi.p1i32, i64 %gmem0_addr" [krnl_vadd.cpp:118]   --->   Operation 135 'writeresp' 'empty_27' <Predicate = true> <Delay = 3.65> <CoreInst = "m_axi">   --->   Core 123 'm_axi' <Latency = 9> <II = 1> <Delay = 1.34> <Adapter> <Opcode : 'read' 'write' 'readreq' 'writereq' 'writeresp'>

State 47 <SV = 46> <Delay = 3.65>
ST_47 : Operation 136 [31/74] (3.65ns)   --->   "%empty_27 = writeresp i1 @_ssdm_op_WriteResp.m_axi.p1i32, i64 %gmem0_addr" [krnl_vadd.cpp:118]   --->   Operation 136 'writeresp' 'empty_27' <Predicate = true> <Delay = 3.65> <CoreInst = "m_axi">   --->   Core 123 'm_axi' <Latency = 9> <II = 1> <Delay = 1.34> <Adapter> <Opcode : 'read' 'write' 'readreq' 'writereq' 'writeresp'>

State 48 <SV = 47> <Delay = 3.65>
ST_48 : Operation 137 [30/74] (3.65ns)   --->   "%empty_27 = writeresp i1 @_ssdm_op_WriteResp.m_axi.p1i32, i64 %gmem0_addr" [krnl_vadd.cpp:118]   --->   Operation 137 'writeresp' 'empty_27' <Predicate = true> <Delay = 3.65> <CoreInst = "m_axi">   --->   Core 123 'm_axi' <Latency = 9> <II = 1> <Delay = 1.34> <Adapter> <Opcode : 'read' 'write' 'readreq' 'writereq' 'writeresp'>

State 49 <SV = 48> <Delay = 3.65>
ST_49 : Operation 138 [29/74] (3.65ns)   --->   "%empty_27 = writeresp i1 @_ssdm_op_WriteResp.m_axi.p1i32, i64 %gmem0_addr" [krnl_vadd.cpp:118]   --->   Operation 138 'writeresp' 'empty_27' <Predicate = true> <Delay = 3.65> <CoreInst = "m_axi">   --->   Core 123 'm_axi' <Latency = 9> <II = 1> <Delay = 1.34> <Adapter> <Opcode : 'read' 'write' 'readreq' 'writereq' 'writeresp'>

State 50 <SV = 49> <Delay = 3.65>
ST_50 : Operation 139 [28/74] (3.65ns)   --->   "%empty_27 = writeresp i1 @_ssdm_op_WriteResp.m_axi.p1i32, i64 %gmem0_addr" [krnl_vadd.cpp:118]   --->   Operation 139 'writeresp' 'empty_27' <Predicate = true> <Delay = 3.65> <CoreInst = "m_axi">   --->   Core 123 'm_axi' <Latency = 9> <II = 1> <Delay = 1.34> <Adapter> <Opcode : 'read' 'write' 'readreq' 'writereq' 'writeresp'>

State 51 <SV = 50> <Delay = 3.65>
ST_51 : Operation 140 [27/74] (3.65ns)   --->   "%empty_27 = writeresp i1 @_ssdm_op_WriteResp.m_axi.p1i32, i64 %gmem0_addr" [krnl_vadd.cpp:118]   --->   Operation 140 'writeresp' 'empty_27' <Predicate = true> <Delay = 3.65> <CoreInst = "m_axi">   --->   Core 123 'm_axi' <Latency = 9> <II = 1> <Delay = 1.34> <Adapter> <Opcode : 'read' 'write' 'readreq' 'writereq' 'writeresp'>

State 52 <SV = 51> <Delay = 3.65>
ST_52 : Operation 141 [26/74] (3.65ns)   --->   "%empty_27 = writeresp i1 @_ssdm_op_WriteResp.m_axi.p1i32, i64 %gmem0_addr" [krnl_vadd.cpp:118]   --->   Operation 141 'writeresp' 'empty_27' <Predicate = true> <Delay = 3.65> <CoreInst = "m_axi">   --->   Core 123 'm_axi' <Latency = 9> <II = 1> <Delay = 1.34> <Adapter> <Opcode : 'read' 'write' 'readreq' 'writereq' 'writeresp'>

State 53 <SV = 52> <Delay = 3.65>
ST_53 : Operation 142 [25/74] (3.65ns)   --->   "%empty_27 = writeresp i1 @_ssdm_op_WriteResp.m_axi.p1i32, i64 %gmem0_addr" [krnl_vadd.cpp:118]   --->   Operation 142 'writeresp' 'empty_27' <Predicate = true> <Delay = 3.65> <CoreInst = "m_axi">   --->   Core 123 'm_axi' <Latency = 9> <II = 1> <Delay = 1.34> <Adapter> <Opcode : 'read' 'write' 'readreq' 'writereq' 'writeresp'>

State 54 <SV = 53> <Delay = 3.65>
ST_54 : Operation 143 [24/74] (3.65ns)   --->   "%empty_27 = writeresp i1 @_ssdm_op_WriteResp.m_axi.p1i32, i64 %gmem0_addr" [krnl_vadd.cpp:118]   --->   Operation 143 'writeresp' 'empty_27' <Predicate = true> <Delay = 3.65> <CoreInst = "m_axi">   --->   Core 123 'm_axi' <Latency = 9> <II = 1> <Delay = 1.34> <Adapter> <Opcode : 'read' 'write' 'readreq' 'writereq' 'writeresp'>

State 55 <SV = 54> <Delay = 3.65>
ST_55 : Operation 144 [23/74] (3.65ns)   --->   "%empty_27 = writeresp i1 @_ssdm_op_WriteResp.m_axi.p1i32, i64 %gmem0_addr" [krnl_vadd.cpp:118]   --->   Operation 144 'writeresp' 'empty_27' <Predicate = true> <Delay = 3.65> <CoreInst = "m_axi">   --->   Core 123 'm_axi' <Latency = 9> <II = 1> <Delay = 1.34> <Adapter> <Opcode : 'read' 'write' 'readreq' 'writereq' 'writeresp'>

State 56 <SV = 55> <Delay = 3.65>
ST_56 : Operation 145 [22/74] (3.65ns)   --->   "%empty_27 = writeresp i1 @_ssdm_op_WriteResp.m_axi.p1i32, i64 %gmem0_addr" [krnl_vadd.cpp:118]   --->   Operation 145 'writeresp' 'empty_27' <Predicate = true> <Delay = 3.65> <CoreInst = "m_axi">   --->   Core 123 'm_axi' <Latency = 9> <II = 1> <Delay = 1.34> <Adapter> <Opcode : 'read' 'write' 'readreq' 'writereq' 'writeresp'>

State 57 <SV = 56> <Delay = 3.65>
ST_57 : Operation 146 [21/74] (3.65ns)   --->   "%empty_27 = writeresp i1 @_ssdm_op_WriteResp.m_axi.p1i32, i64 %gmem0_addr" [krnl_vadd.cpp:118]   --->   Operation 146 'writeresp' 'empty_27' <Predicate = true> <Delay = 3.65> <CoreInst = "m_axi">   --->   Core 123 'm_axi' <Latency = 9> <II = 1> <Delay = 1.34> <Adapter> <Opcode : 'read' 'write' 'readreq' 'writereq' 'writeresp'>

State 58 <SV = 57> <Delay = 3.65>
ST_58 : Operation 147 [20/74] (3.65ns)   --->   "%empty_27 = writeresp i1 @_ssdm_op_WriteResp.m_axi.p1i32, i64 %gmem0_addr" [krnl_vadd.cpp:118]   --->   Operation 147 'writeresp' 'empty_27' <Predicate = true> <Delay = 3.65> <CoreInst = "m_axi">   --->   Core 123 'm_axi' <Latency = 9> <II = 1> <Delay = 1.34> <Adapter> <Opcode : 'read' 'write' 'readreq' 'writereq' 'writeresp'>

State 59 <SV = 58> <Delay = 3.65>
ST_59 : Operation 148 [19/74] (3.65ns)   --->   "%empty_27 = writeresp i1 @_ssdm_op_WriteResp.m_axi.p1i32, i64 %gmem0_addr" [krnl_vadd.cpp:118]   --->   Operation 148 'writeresp' 'empty_27' <Predicate = true> <Delay = 3.65> <CoreInst = "m_axi">   --->   Core 123 'm_axi' <Latency = 9> <II = 1> <Delay = 1.34> <Adapter> <Opcode : 'read' 'write' 'readreq' 'writereq' 'writeresp'>

State 60 <SV = 59> <Delay = 3.65>
ST_60 : Operation 149 [18/74] (3.65ns)   --->   "%empty_27 = writeresp i1 @_ssdm_op_WriteResp.m_axi.p1i32, i64 %gmem0_addr" [krnl_vadd.cpp:118]   --->   Operation 149 'writeresp' 'empty_27' <Predicate = true> <Delay = 3.65> <CoreInst = "m_axi">   --->   Core 123 'm_axi' <Latency = 9> <II = 1> <Delay = 1.34> <Adapter> <Opcode : 'read' 'write' 'readreq' 'writereq' 'writeresp'>

State 61 <SV = 60> <Delay = 3.65>
ST_61 : Operation 150 [17/74] (3.65ns)   --->   "%empty_27 = writeresp i1 @_ssdm_op_WriteResp.m_axi.p1i32, i64 %gmem0_addr" [krnl_vadd.cpp:118]   --->   Operation 150 'writeresp' 'empty_27' <Predicate = true> <Delay = 3.65> <CoreInst = "m_axi">   --->   Core 123 'm_axi' <Latency = 9> <II = 1> <Delay = 1.34> <Adapter> <Opcode : 'read' 'write' 'readreq' 'writereq' 'writeresp'>

State 62 <SV = 61> <Delay = 3.65>
ST_62 : Operation 151 [16/74] (3.65ns)   --->   "%empty_27 = writeresp i1 @_ssdm_op_WriteResp.m_axi.p1i32, i64 %gmem0_addr" [krnl_vadd.cpp:118]   --->   Operation 151 'writeresp' 'empty_27' <Predicate = true> <Delay = 3.65> <CoreInst = "m_axi">   --->   Core 123 'm_axi' <Latency = 9> <II = 1> <Delay = 1.34> <Adapter> <Opcode : 'read' 'write' 'readreq' 'writereq' 'writeresp'>

State 63 <SV = 62> <Delay = 3.65>
ST_63 : Operation 152 [15/74] (3.65ns)   --->   "%empty_27 = writeresp i1 @_ssdm_op_WriteResp.m_axi.p1i32, i64 %gmem0_addr" [krnl_vadd.cpp:118]   --->   Operation 152 'writeresp' 'empty_27' <Predicate = true> <Delay = 3.65> <CoreInst = "m_axi">   --->   Core 123 'm_axi' <Latency = 9> <II = 1> <Delay = 1.34> <Adapter> <Opcode : 'read' 'write' 'readreq' 'writereq' 'writeresp'>

State 64 <SV = 63> <Delay = 3.65>
ST_64 : Operation 153 [14/74] (3.65ns)   --->   "%empty_27 = writeresp i1 @_ssdm_op_WriteResp.m_axi.p1i32, i64 %gmem0_addr" [krnl_vadd.cpp:118]   --->   Operation 153 'writeresp' 'empty_27' <Predicate = true> <Delay = 3.65> <CoreInst = "m_axi">   --->   Core 123 'm_axi' <Latency = 9> <II = 1> <Delay = 1.34> <Adapter> <Opcode : 'read' 'write' 'readreq' 'writereq' 'writeresp'>

State 65 <SV = 64> <Delay = 3.65>
ST_65 : Operation 154 [13/74] (3.65ns)   --->   "%empty_27 = writeresp i1 @_ssdm_op_WriteResp.m_axi.p1i32, i64 %gmem0_addr" [krnl_vadd.cpp:118]   --->   Operation 154 'writeresp' 'empty_27' <Predicate = true> <Delay = 3.65> <CoreInst = "m_axi">   --->   Core 123 'm_axi' <Latency = 9> <II = 1> <Delay = 1.34> <Adapter> <Opcode : 'read' 'write' 'readreq' 'writereq' 'writeresp'>

State 66 <SV = 65> <Delay = 3.65>
ST_66 : Operation 155 [12/74] (3.65ns)   --->   "%empty_27 = writeresp i1 @_ssdm_op_WriteResp.m_axi.p1i32, i64 %gmem0_addr" [krnl_vadd.cpp:118]   --->   Operation 155 'writeresp' 'empty_27' <Predicate = true> <Delay = 3.65> <CoreInst = "m_axi">   --->   Core 123 'm_axi' <Latency = 9> <II = 1> <Delay = 1.34> <Adapter> <Opcode : 'read' 'write' 'readreq' 'writereq' 'writeresp'>

State 67 <SV = 66> <Delay = 3.65>
ST_67 : Operation 156 [11/74] (3.65ns)   --->   "%empty_27 = writeresp i1 @_ssdm_op_WriteResp.m_axi.p1i32, i64 %gmem0_addr" [krnl_vadd.cpp:118]   --->   Operation 156 'writeresp' 'empty_27' <Predicate = true> <Delay = 3.65> <CoreInst = "m_axi">   --->   Core 123 'm_axi' <Latency = 9> <II = 1> <Delay = 1.34> <Adapter> <Opcode : 'read' 'write' 'readreq' 'writereq' 'writeresp'>

State 68 <SV = 67> <Delay = 3.65>
ST_68 : Operation 157 [10/74] (3.65ns)   --->   "%empty_27 = writeresp i1 @_ssdm_op_WriteResp.m_axi.p1i32, i64 %gmem0_addr" [krnl_vadd.cpp:118]   --->   Operation 157 'writeresp' 'empty_27' <Predicate = true> <Delay = 3.65> <CoreInst = "m_axi">   --->   Core 123 'm_axi' <Latency = 9> <II = 1> <Delay = 1.34> <Adapter> <Opcode : 'read' 'write' 'readreq' 'writereq' 'writeresp'>

State 69 <SV = 68> <Delay = 3.65>
ST_69 : Operation 158 [9/74] (3.65ns)   --->   "%empty_27 = writeresp i1 @_ssdm_op_WriteResp.m_axi.p1i32, i64 %gmem0_addr" [krnl_vadd.cpp:118]   --->   Operation 158 'writeresp' 'empty_27' <Predicate = true> <Delay = 3.65> <CoreInst = "m_axi">   --->   Core 123 'm_axi' <Latency = 9> <II = 1> <Delay = 1.34> <Adapter> <Opcode : 'read' 'write' 'readreq' 'writereq' 'writeresp'>

State 70 <SV = 69> <Delay = 3.65>
ST_70 : Operation 159 [8/74] (3.65ns)   --->   "%empty_27 = writeresp i1 @_ssdm_op_WriteResp.m_axi.p1i32, i64 %gmem0_addr" [krnl_vadd.cpp:118]   --->   Operation 159 'writeresp' 'empty_27' <Predicate = true> <Delay = 3.65> <CoreInst = "m_axi">   --->   Core 123 'm_axi' <Latency = 9> <II = 1> <Delay = 1.34> <Adapter> <Opcode : 'read' 'write' 'readreq' 'writereq' 'writeresp'>

State 71 <SV = 70> <Delay = 3.65>
ST_71 : Operation 160 [7/74] (3.65ns)   --->   "%empty_27 = writeresp i1 @_ssdm_op_WriteResp.m_axi.p1i32, i64 %gmem0_addr" [krnl_vadd.cpp:118]   --->   Operation 160 'writeresp' 'empty_27' <Predicate = true> <Delay = 3.65> <CoreInst = "m_axi">   --->   Core 123 'm_axi' <Latency = 9> <II = 1> <Delay = 1.34> <Adapter> <Opcode : 'read' 'write' 'readreq' 'writereq' 'writeresp'>

State 72 <SV = 71> <Delay = 3.65>
ST_72 : Operation 161 [6/74] (3.65ns)   --->   "%empty_27 = writeresp i1 @_ssdm_op_WriteResp.m_axi.p1i32, i64 %gmem0_addr" [krnl_vadd.cpp:118]   --->   Operation 161 'writeresp' 'empty_27' <Predicate = true> <Delay = 3.65> <CoreInst = "m_axi">   --->   Core 123 'm_axi' <Latency = 9> <II = 1> <Delay = 1.34> <Adapter> <Opcode : 'read' 'write' 'readreq' 'writereq' 'writeresp'>

State 73 <SV = 72> <Delay = 3.65>
ST_73 : Operation 162 [5/74] (3.65ns)   --->   "%empty_27 = writeresp i1 @_ssdm_op_WriteResp.m_axi.p1i32, i64 %gmem0_addr" [krnl_vadd.cpp:118]   --->   Operation 162 'writeresp' 'empty_27' <Predicate = true> <Delay = 3.65> <CoreInst = "m_axi">   --->   Core 123 'm_axi' <Latency = 9> <II = 1> <Delay = 1.34> <Adapter> <Opcode : 'read' 'write' 'readreq' 'writereq' 'writeresp'>

State 74 <SV = 73> <Delay = 3.65>
ST_74 : Operation 163 [4/74] (3.65ns)   --->   "%empty_27 = writeresp i1 @_ssdm_op_WriteResp.m_axi.p1i32, i64 %gmem0_addr" [krnl_vadd.cpp:118]   --->   Operation 163 'writeresp' 'empty_27' <Predicate = true> <Delay = 3.65> <CoreInst = "m_axi">   --->   Core 123 'm_axi' <Latency = 9> <II = 1> <Delay = 1.34> <Adapter> <Opcode : 'read' 'write' 'readreq' 'writereq' 'writeresp'>

State 75 <SV = 74> <Delay = 3.65>
ST_75 : Operation 164 [3/74] (3.65ns)   --->   "%empty_27 = writeresp i1 @_ssdm_op_WriteResp.m_axi.p1i32, i64 %gmem0_addr" [krnl_vadd.cpp:118]   --->   Operation 164 'writeresp' 'empty_27' <Predicate = true> <Delay = 3.65> <CoreInst = "m_axi">   --->   Core 123 'm_axi' <Latency = 9> <II = 1> <Delay = 1.34> <Adapter> <Opcode : 'read' 'write' 'readreq' 'writereq' 'writeresp'>

State 76 <SV = 75> <Delay = 3.65>
ST_76 : Operation 165 [2/74] (3.65ns)   --->   "%empty_27 = writeresp i1 @_ssdm_op_WriteResp.m_axi.p1i32, i64 %gmem0_addr" [krnl_vadd.cpp:118]   --->   Operation 165 'writeresp' 'empty_27' <Predicate = true> <Delay = 3.65> <CoreInst = "m_axi">   --->   Core 123 'm_axi' <Latency = 9> <II = 1> <Delay = 1.34> <Adapter> <Opcode : 'read' 'write' 'readreq' 'writereq' 'writeresp'>

State 77 <SV = 76> <Delay = 0.81>
ST_77 : Operation 166 [1/1] (0.00ns)   --->   "%specinterface_ln0 = specinterface void @_ssdm_op_SpecInterface, i32 %size, void @ap_fifo_str, i32 0, i32 0, void @p_str, i32 0, i32 0, void @p_str, void @p_str, void @p_str, i32 2, i32 2, i32 16, i32 16, void @p_str, void @ScalarProp_str, i32 4294967295, i32 0, i32 0"   --->   Operation 166 'specinterface' 'specinterface_ln0' <Predicate = true> <Delay = 0.00>
ST_77 : Operation 167 [1/1] (0.00ns)   --->   "%specinterface_ln0 = specinterface void @_ssdm_op_SpecInterface, i64 %out_r, void @ap_fifo_str, i32 0, i32 0, void @p_str, i32 0, i32 0, void @p_str, void @p_str, void @p_str, i32 2, i32 2, i32 16, i32 16, void @p_str, void @ScalarProp_str, i32 4294967295, i32 0, i32 0"   --->   Operation 167 'specinterface' 'specinterface_ln0' <Predicate = true> <Delay = 0.00>
ST_77 : Operation 168 [1/1] (0.00ns)   --->   "%specinterface_ln0 = specinterface void @_ssdm_op_SpecInterface, i32 %out_stream, void @empty_6, i32 0, i32 0, void @empty_3, i32 0, i32 0, void @empty_3, void @empty_3, void @empty_3, i32 0, i32 0, i32 0, i32 0, void @empty_3, void @empty_3, i32 4294967295, i32 0, i32 0"   --->   Operation 168 'specinterface' 'specinterface_ln0' <Predicate = true> <Delay = 0.00>
ST_77 : Operation 169 [1/1] (0.00ns)   --->   "%specinterface_ln0 = specinterface void @_ssdm_op_SpecInterface, i32 %out_stream, void @empty_6, i32 0, i32 0, void @empty_3, i32 0, i32 0, void @empty_3, void @empty_3, void @empty_3, i32 0, i32 0, i32 0, i32 0, void @empty_3, void @empty_3, i32 4294967295, i32 0, i32 0"   --->   Operation 169 'specinterface' 'specinterface_ln0' <Predicate = true> <Delay = 0.00>
ST_77 : Operation 170 [1/1] (0.00ns)   --->   "%specinterface_ln0 = specinterface void @_ssdm_op_SpecInterface, i32 %out_stream, void @empty_6, i32 0, i32 0, void @empty_3, i32 0, i32 0, void @empty_3, void @empty_3, void @empty_3, i32 0, i32 0, i32 0, i32 0, void @empty_3, void @empty_3, i32 4294967295, i32 0, i32 0"   --->   Operation 170 'specinterface' 'specinterface_ln0' <Predicate = true> <Delay = 0.00>
ST_77 : Operation 171 [1/1] (0.00ns)   --->   "%specinterface_ln0 = specinterface void @_ssdm_op_SpecInterface, i32 %out_stream, void @empty_6, i32 0, i32 0, void @empty_3, i32 0, i32 0, void @empty_3, void @empty_3, void @empty_3, i32 0, i32 0, i32 0, i32 0, void @empty_3, void @empty_3, i32 4294967295, i32 0, i32 0"   --->   Operation 171 'specinterface' 'specinterface_ln0' <Predicate = true> <Delay = 0.00>
ST_77 : Operation 172 [1/1] (0.00ns)   --->   "%specinterface_ln0 = specinterface void @_ssdm_op_SpecInterface, i32 %gmem0, void @empty_1, i32 0, i32 0, void @empty_3, i32 64, i32 0, void @empty_11, void @empty_10, void @empty_3, i32 16, i32 16, i32 16, i32 16, void @empty_3, void @empty_3, i32 4294967295, i32 0, i32 0"   --->   Operation 172 'specinterface' 'specinterface_ln0' <Predicate = true> <Delay = 0.00>
ST_77 : Operation 173 [1/74] (0.81ns)   --->   "%empty_27 = writeresp i1 @_ssdm_op_WriteResp.m_axi.p1i32, i64 %gmem0_addr" [krnl_vadd.cpp:118]   --->   Operation 173 'writeresp' 'empty_27' <Predicate = true> <Delay = 0.81> <CoreInst = "m_axi">   --->   Core 123 'm_axi' <Latency = 9> <II = 1> <Delay = 1.34> <Adapter> <Opcode : 'read' 'write' 'readreq' 'writereq' 'writeresp'>
ST_77 : Operation 174 [1/1] (0.00ns)   --->   "%ret_ln0 = ret"   --->   Operation 174 'ret' 'ret_ln0' <Predicate = true> <Delay = 0.00>


============================================================
+ Verbose Summary: Binding
============================================================
STG Binding: 
---------------- STG Properties BEGIN ----------------
- Is combinational: 0
- Is one-state seq: 0
- Is datapath-only: 0
- Is pipelined: 0
- Is top level: 0
Port [ Return ] is wired: 1; IO mode=ap_ctrl_hs:ce=0
Port [ gmem0]:  wired=1; compound=1; hidden=0; nouse=0; global=0; static=0; extern=0; dir=1; type=4; pingpong=0; private_global=0; IO mode=m_axi:ce=0
Port [ out_r]:  wired=1; compound=1; hidden=0; nouse=0; global=0; static=0; extern=0; dir=0; type=3; pingpong=0; private_global=0; IO mode=ap_fifo:ce=0
Port [ size]:  wired=1; compound=1; hidden=0; nouse=0; global=0; static=0; extern=0; dir=0; type=3; pingpong=0; private_global=0; IO mode=ap_fifo:ce=0
Port [ out_stream]:  wired=1; compound=1; hidden=0; nouse=0; global=1; static=1; extern=0; dir=0; type=3; pingpong=0; private_global=0; IO mode=ap_fifo:ce=0
---------------- STG Properties END ------------------

---------------- Datapath Model BEGIN ----------------

<LifeTime>
<method=bitvector/>
muxLogicCE_to_size_read (muxlogic     ) [ 000000000000000000000000000000000000000000000000000000000000000000000000000000]
size_read               (read         ) [ 001100000000000000000000000000000000000000000000000000000000000000000000000000]
muxLogicCE_to_out_read  (muxlogic     ) [ 000000000000000000000000000000000000000000000000000000000000000000000000000000]
out_read                (read         ) [ 000000000000000000000000000000000000000000000000000000000000000000000000000000]
icmp_ln114              (icmp         ) [ 000000000000000000000000000000000000000000000000000000000000000000000000000000]
trunc_ln114             (trunc        ) [ 000000000000000000000000000000000000000000000000000000000000000000000000000000]
trunc_ln114_1           (partselect   ) [ 001100000000000000000000000000000000000000000000000000000000000000000000000000]
sext_ln114              (sext         ) [ 000000000000000000000000000000000000000000000000000000000000000000000000000000]
gmem0_addr              (getelementptr) [ 001111111111111111111111111111111111111111111111111111111111111111111111111111]
empty                   (select       ) [ 000000000000000000000000000000000000000000000000000000000000000000000000000000]
zext_ln114              (zext         ) [ 000000000000000000000000000000000000000000000000000000000000000000000000000000]
empty_25                (writereq     ) [ 000000000000000000000000000000000000000000000000000000000000000000000000000000]
empty_26                (wait         ) [ 000000000000000000000000000000000000000000000000000000000000000000000000000000]
call_ln114              (call         ) [ 000000000000000000000000000000000000000000000000000000000000000000000000000000]
specinterface_ln0       (specinterface) [ 000000000000000000000000000000000000000000000000000000000000000000000000000000]
specinterface_ln0       (specinterface) [ 000000000000000000000000000000000000000000000000000000000000000000000000000000]
specinterface_ln0       (specinterface) [ 000000000000000000000000000000000000000000000000000000000000000000000000000000]
specinterface_ln0       (specinterface) [ 000000000000000000000000000000000000000000000000000000000000000000000000000000]
specinterface_ln0       (specinterface) [ 000000000000000000000000000000000000000000000000000000000000000000000000000000]
specinterface_ln0       (specinterface) [ 000000000000000000000000000000000000000000000000000000000000000000000000000000]
specinterface_ln0       (specinterface) [ 000000000000000000000000000000000000000000000000000000000000000000000000000000]
empty_27                (writeresp    ) [ 000000000000000000000000000000000000000000000000000000000000000000000000000000]
ret_ln0                 (ret          ) [ 000000000000000000000000000000000000000000000000000000000000000000000000000000]
</LifeTime>

<model>

<comp_list>
<comp id="0" class="1000" name="gmem0">
<pin_list>
<pin id="1" dir="1" index="0" bw="1" slack="0"/>
</pin_list>
<bind>
<StgValue><ssdm name="gmem0"/></StgValue>
</bind>
</comp>

<comp id="2" class="1000" name="out_r">
<pin_list>
<pin id="3" dir="1" index="0" bw="1" slack="0"/>
</pin_list>
<bind>
<StgValue><ssdm name="out_r"/></StgValue>
</bind>
</comp>

<comp id="4" class="1000" name="size">
<pin_list>
<pin id="5" dir="1" index="0" bw="1" slack="0"/>
</pin_list>
<bind>
<StgValue><ssdm name="size"/></StgValue>
</bind>
</comp>

<comp id="6" class="1000" name="out_stream">
<pin_list>
<pin id="7" dir="1" index="0" bw="1" slack="0"/>
</pin_list>
<bind>
<StgValue><ssdm name="out_stream"/></StgValue>
</bind>
</comp>

<comp id="8" class="1001" name="const_8">
<pin_list>
<pin id="9" dir="1" index="0" bw="1" slack="0"/>
</pin_list>
<bind>
<StgValue><ssdm name="_ssdm_op_Read.ap_fifo.i32P0A"/></StgValue>
</bind>
</comp>

<comp id="10" class="1001" name="const_10">
<pin_list>
<pin id="11" dir="1" index="0" bw="1" slack="0"/>
</pin_list>
<bind>
<StgValue><ssdm name="_ssdm_op_Read.ap_fifo.i64P0A"/></StgValue>
</bind>
</comp>

<comp id="12" class="1001" name="const_12">
<pin_list>
<pin id="13" dir="1" index="0" bw="1" slack="0"/>
</pin_list>
<bind>
<StgValue><ssdm name=""/></StgValue>
</bind>
</comp>

<comp id="14" class="1001" name="const_14">
<pin_list>
<pin id="15" dir="1" index="0" bw="1" slack="0"/>
</pin_list>
<bind>
<StgValue><ssdm name="_ssdm_op_PartSelect.i62.i64.i32.i32"/></StgValue>
</bind>
</comp>

<comp id="16" class="1001" name="const_16">
<pin_list>
<pin id="17" dir="1" index="0" bw="1" slack="0"/>
</pin_list>
<bind>
<StgValue><ssdm name=""/></StgValue>
</bind>
</comp>

<comp id="18" class="1001" name="const_18">
<pin_list>
<pin id="19" dir="1" index="0" bw="1" slack="0"/>
</pin_list>
<bind>
<StgValue><ssdm name=""/></StgValue>
</bind>
</comp>

<comp id="20" class="1001" name="const_20">
<pin_list>
<pin id="21" dir="1" index="0" bw="1" slack="0"/>
</pin_list>
<bind>
<StgValue><ssdm name=""/></StgValue>
</bind>
</comp>

<comp id="22" class="1001" name="const_22">
<pin_list>
<pin id="23" dir="1" index="0" bw="1" slack="0"/>
</pin_list>
<bind>
<StgValue><ssdm name="_ssdm_op_WriteReq.m_axi.p1i32"/></StgValue>
</bind>
</comp>

<comp id="24" class="1001" name="const_24">
<pin_list>
<pin id="25" dir="1" index="0" bw="1" slack="2147483647"/>
</pin_list>
<bind>
<StgValue><ssdm name="_ssdm_op_Wait"/></StgValue>
</bind>
</comp>

<comp id="26" class="1001" name="const_26">
<pin_list>
<pin id="27" dir="1" index="0" bw="1" slack="0"/>
</pin_list>
<bind>
<StgValue><ssdm name="store_result_Pipeline_mem_wr"/></StgValue>
</bind>
</comp>

<comp id="28" class="1001" name="const_28">
<pin_list>
<pin id="29" dir="1" index="0" bw="1" slack="0"/>
</pin_list>
<bind>
<StgValue><ssdm name="_ssdm_op_WriteResp.m_axi.p1i32"/></StgValue>
</bind>
</comp>

<comp id="30" class="1001" name="const_30">
<pin_list>
<pin id="31" dir="1" index="0" bw="1" slack="2147483647"/>
</pin_list>
<bind>
<StgValue><ssdm name="_ssdm_op_SpecInterface"/></StgValue>
</bind>
</comp>

<comp id="32" class="1001" name="const_32">
<pin_list>
<pin id="33" dir="1" index="0" bw="1" slack="2147483647"/>
</pin_list>
<bind>
<StgValue><ssdm name="ap_fifo_str"/></StgValue>
</bind>
</comp>

<comp id="34" class="1001" name="const_34">
<pin_list>
<pin id="35" dir="1" index="0" bw="1" slack="2147483647"/>
</pin_list>
<bind>
<StgValue><ssdm name="p_str"/></StgValue>
</bind>
</comp>

<comp id="36" class="1001" name="const_36">
<pin_list>
<pin id="37" dir="1" index="0" bw="1" slack="2147483647"/>
</pin_list>
<bind>
<StgValue><ssdm name=""/></StgValue>
</bind>
</comp>

<comp id="38" class="1001" name="const_38">
<pin_list>
<pin id="39" dir="1" index="0" bw="1" slack="2147483647"/>
</pin_list>
<bind>
<StgValue><ssdm name="ScalarProp_str"/></StgValue>
</bind>
</comp>

<comp id="40" class="1001" name="const_40">
<pin_list>
<pin id="41" dir="1" index="0" bw="1" slack="2147483647"/>
</pin_list>
<bind>
<StgValue><ssdm name=""/></StgValue>
</bind>
</comp>

<comp id="42" class="1001" name="const_42">
<pin_list>
<pin id="43" dir="1" index="0" bw="1" slack="2147483647"/>
</pin_list>
<bind>
<StgValue><ssdm name="empty_6"/></StgValue>
</bind>
</comp>

<comp id="44" class="1001" name="const_44">
<pin_list>
<pin id="45" dir="1" index="0" bw="1" slack="2147483647"/>
</pin_list>
<bind>
<StgValue><ssdm name="empty_3"/></StgValue>
</bind>
</comp>

<comp id="46" class="1001" name="const_46">
<pin_list>
<pin id="47" dir="1" index="0" bw="1" slack="2147483647"/>
</pin_list>
<bind>
<StgValue><ssdm name="empty_1"/></StgValue>
</bind>
</comp>

<comp id="48" class="1001" name="const_48">
<pin_list>
<pin id="49" dir="1" index="0" bw="1" slack="2147483647"/>
</pin_list>
<bind>
<StgValue><ssdm name=""/></StgValue>
</bind>
</comp>

<comp id="50" class="1001" name="const_50">
<pin_list>
<pin id="51" dir="1" index="0" bw="1" slack="2147483647"/>
</pin_list>
<bind>
<StgValue><ssdm name="empty_11"/></StgValue>
</bind>
</comp>

<comp id="52" class="1001" name="const_52">
<pin_list>
<pin id="53" dir="1" index="0" bw="1" slack="2147483647"/>
</pin_list>
<bind>
<StgValue><ssdm name="empty_10"/></StgValue>
</bind>
</comp>

<comp id="54" class="1004" name="size_read_read_fu_54">
<pin_list>
<pin id="55" dir="0" index="0" bw="32" slack="0"/>
<pin id="56" dir="0" index="1" bw="32" slack="0"/>
<pin id="57" dir="1" index="2" bw="32" slack="0"/>
</pin_list>
<bind>
<opcode="read(1150) " fcode="read"/>
<opset="size_read/1 "/>
</bind>
</comp>

<comp id="60" class="1004" name="out_read_read_fu_60">
<pin_list>
<pin id="61" dir="0" index="0" bw="64" slack="0"/>
<pin id="62" dir="0" index="1" bw="64" slack="0"/>
<pin id="63" dir="1" index="2" bw="64" slack="0"/>
</pin_list>
<bind>
<opcode="read(1150) " fcode="read"/>
<opset="out_read/1 "/>
</bind>
</comp>

<comp id="66" class="1004" name="grp_writeresp_fu_66">
<pin_list>
<pin id="67" dir="0" index="0" bw="1" slack="0"/>
<pin id="68" dir="0" index="1" bw="32" slack="0"/>
<pin id="69" dir="0" index="2" bw="31" slack="0"/>
<pin id="70" dir="1" index="3" bw="1" slack="2147483647"/>
</pin_list>
<bind>
<opcode="writereq(1155) writeresp(1158) " fcode="writeresp"/>
<opset="empty_25/1 empty_27/4 "/>
</bind>
</comp>

<comp id="73" class="1004" name="grp_store_result_Pipeline_mem_wr_fu_73">
<pin_list>
<pin id="74" dir="0" index="0" bw="0" slack="0"/>
<pin id="75" dir="0" index="1" bw="32" slack="1"/>
<pin id="76" dir="0" index="2" bw="32" slack="0"/>
<pin id="77" dir="0" index="3" bw="62" slack="1"/>
<pin id="78" dir="0" index="4" bw="32" slack="0"/>
<pin id="79" dir="1" index="5" bw="0" slack="2147483647"/>
</pin_list>
<bind>
<opcode="call(48) " fcode="call"/>
<opset="call_ln114/2 "/>
</bind>
</comp>

<comp id="83" class="1004" name="muxLogicCE_to_size_read_fu_83">
<pin_list>
<pin id="84" dir="1" index="0" bw="32" slack="2147483647"/>
</pin_list>
<bind>
<opcode="muxlogic(592) " fcode="muxlogic"/>
<opset="muxLogicCE_to_size_read/1 "/>
</bind>
</comp>

<comp id="85" class="1004" name="muxLogicCE_to_out_read_fu_85">
<pin_list>
<pin id="86" dir="1" index="0" bw="64" slack="2147483647"/>
</pin_list>
<bind>
<opcode="muxlogic(592) " fcode="muxlogic"/>
<opset="muxLogicCE_to_out_read/1 "/>
</bind>
</comp>

<comp id="87" class="1004" name="icmp_ln114_fu_87">
<pin_list>
<pin id="88" dir="0" index="0" bw="32" slack="0"/>
<pin id="89" dir="0" index="1" bw="32" slack="0"/>
<pin id="90" dir="1" index="2" bw="1" slack="0"/>
</pin_list>
<bind>
<opcode="icmp(45) " fcode="icmp"/>
<opset="icmp_ln114/1 "/>
</bind>
</comp>

<comp id="93" class="1004" name="trunc_ln114_fu_93">
<pin_list>
<pin id="94" dir="0" index="0" bw="32" slack="0"/>
<pin id="95" dir="1" index="1" bw="31" slack="0"/>
</pin_list>
<bind>
<opcode="trunc(33) " fcode="trunc"/>
<opset="trunc_ln114/1 "/>
</bind>
</comp>

<comp id="97" class="1004" name="trunc_ln114_1_fu_97">
<pin_list>
<pin id="98" dir="0" index="0" bw="62" slack="0"/>
<pin id="99" dir="0" index="1" bw="64" slack="0"/>
<pin id="100" dir="0" index="2" bw="3" slack="0"/>
<pin id="101" dir="0" index="3" bw="7" slack="0"/>
<pin id="102" dir="1" index="4" bw="62" slack="0"/>
</pin_list>
<bind>
<opcode="partselect(1002) " fcode="partselect"/>
<opset="trunc_ln114_1/1 "/>
</bind>
</comp>

<comp id="107" class="1004" name="sext_ln114_fu_107">
<pin_list>
<pin id="108" dir="0" index="0" bw="62" slack="0"/>
<pin id="109" dir="1" index="1" bw="64" slack="0"/>
</pin_list>
<bind>
<opcode="sext(35) " fcode="sext"/>
<opset="sext_ln114/1 "/>
</bind>
</comp>

<comp id="111" class="1004" name="gmem0_addr_fu_111">
<pin_list>
<pin id="112" dir="0" index="0" bw="64" slack="0"/>
<pin id="113" dir="0" index="1" bw="64" slack="0"/>
<pin id="114" dir="1" index="2" bw="64" slack="0"/>
</pin_list>
<bind>
<opcode="getelementptr(29) " fcode="getelementptr"/>
<opset="gmem0_addr/1 "/>
</bind>
</comp>

<comp id="118" class="1004" name="empty_fu_118">
<pin_list>
<pin id="119" dir="0" index="0" bw="1" slack="0"/>
<pin id="120" dir="0" index="1" bw="31" slack="0"/>
<pin id="121" dir="0" index="2" bw="31" slack="0"/>
<pin id="122" dir="1" index="3" bw="31" slack="0"/>
</pin_list>
<bind>
<opcode="select(49) " fcode="select"/>
<opset="empty/1 "/>
</bind>
</comp>

<comp id="126" class="1004" name="zext_ln114_fu_126">
<pin_list>
<pin id="127" dir="0" index="0" bw="31" slack="0"/>
<pin id="128" dir="1" index="1" bw="64" slack="0"/>
</pin_list>
<bind>
<opcode="zext(34) " fcode="zext"/>
<opset="zext_ln114/1 "/>
</bind>
</comp>

<comp id="131" class="1005" name="size_read_reg_131">
<pin_list>
<pin id="132" dir="0" index="0" bw="32" slack="1"/>
<pin id="133" dir="1" index="1" bw="32" slack="1"/>
</pin_list>
<bind>
<opset="size_read "/>
</bind>
</comp>

<comp id="136" class="1005" name="trunc_ln114_1_reg_136">
<pin_list>
<pin id="137" dir="0" index="0" bw="62" slack="1"/>
<pin id="138" dir="1" index="1" bw="62" slack="1"/>
</pin_list>
<bind>
<opset="trunc_ln114_1 "/>
</bind>
</comp>

<comp id="141" class="1005" name="gmem0_addr_reg_141">
<pin_list>
<pin id="142" dir="0" index="0" bw="32" slack="3"/>
<pin id="143" dir="1" index="1" bw="32" slack="3"/>
</pin_list>
<bind>
<opset="gmem0_addr "/>
</bind>
</comp>

</comp_list>

<net_list>
<net id="58"><net_src comp="8" pin="0"/><net_sink comp="54" pin=0"/></net>

<net id="59"><net_src comp="4" pin="0"/><net_sink comp="54" pin=1"/></net>

<net id="64"><net_src comp="10" pin="0"/><net_sink comp="60" pin=0"/></net>

<net id="65"><net_src comp="2" pin="0"/><net_sink comp="60" pin=1"/></net>

<net id="71"><net_src comp="22" pin="0"/><net_sink comp="66" pin=0"/></net>

<net id="72"><net_src comp="28" pin="0"/><net_sink comp="66" pin=0"/></net>

<net id="80"><net_src comp="26" pin="0"/><net_sink comp="73" pin=0"/></net>

<net id="81"><net_src comp="0" pin="0"/><net_sink comp="73" pin=2"/></net>

<net id="82"><net_src comp="6" pin="0"/><net_sink comp="73" pin=4"/></net>

<net id="91"><net_src comp="54" pin="2"/><net_sink comp="87" pin=0"/></net>

<net id="92"><net_src comp="12" pin="0"/><net_sink comp="87" pin=1"/></net>

<net id="96"><net_src comp="54" pin="2"/><net_sink comp="93" pin=0"/></net>

<net id="103"><net_src comp="14" pin="0"/><net_sink comp="97" pin=0"/></net>

<net id="104"><net_src comp="60" pin="2"/><net_sink comp="97" pin=1"/></net>

<net id="105"><net_src comp="16" pin="0"/><net_sink comp="97" pin=2"/></net>

<net id="106"><net_src comp="18" pin="0"/><net_sink comp="97" pin=3"/></net>

<net id="110"><net_src comp="97" pin="4"/><net_sink comp="107" pin=0"/></net>

<net id="115"><net_src comp="0" pin="0"/><net_sink comp="111" pin=0"/></net>

<net id="116"><net_src comp="107" pin="1"/><net_sink comp="111" pin=1"/></net>

<net id="117"><net_src comp="111" pin="2"/><net_sink comp="66" pin=1"/></net>

<net id="123"><net_src comp="87" pin="2"/><net_sink comp="118" pin=0"/></net>

<net id="124"><net_src comp="93" pin="1"/><net_sink comp="118" pin=1"/></net>

<net id="125"><net_src comp="20" pin="0"/><net_sink comp="118" pin=2"/></net>

<net id="129"><net_src comp="118" pin="3"/><net_sink comp="126" pin=0"/></net>

<net id="130"><net_src comp="126" pin="1"/><net_sink comp="66" pin=2"/></net>

<net id="134"><net_src comp="54" pin="2"/><net_sink comp="131" pin=0"/></net>

<net id="135"><net_src comp="131" pin="1"/><net_sink comp="73" pin=1"/></net>

<net id="139"><net_src comp="97" pin="4"/><net_sink comp="136" pin=0"/></net>

<net id="140"><net_src comp="136" pin="1"/><net_sink comp="73" pin=3"/></net>

<net id="144"><net_src comp="111" pin="2"/><net_sink comp="141" pin=0"/></net>

<net id="145"><net_src comp="141" pin="1"/><net_sink comp="66" pin=1"/></net>

</net_list>

</model> 
---------------- Datapath Model END ------------------

* FSMD analyzer results:
  - Output states:
	Port: gmem0 | {1 2 3 4 5 6 7 8 9 10 11 12 13 14 15 16 17 18 19 20 21 22 23 24 25 26 27 28 29 30 31 32 33 34 35 36 37 38 39 40 41 42 43 44 45 46 47 48 49 50 51 52 53 54 55 56 57 58 59 60 61 62 63 64 65 66 67 68 69 70 71 72 73 74 75 76 77 }
	Port: out_stream | {}
 - Input state : 
	Port: store_result : gmem0 | {}
	Port: store_result : out_r | {1 }
	Port: store_result : size | {1 }
	Port: store_result : out_stream | {2 3 }
  - Chain level:
	State 1
		sext_ln114 : 1
		gmem0_addr : 2
		empty : 1
		zext_ln114 : 2
		empty_25 : 3
	State 2
	State 3
	State 4
	State 5
	State 6
	State 7
	State 8
	State 9
	State 10
	State 11
	State 12
	State 13
	State 14
	State 15
	State 16
	State 17
	State 18
	State 19
	State 20
	State 21
	State 22
	State 23
	State 24
	State 25
	State 26
	State 27
	State 28
	State 29
	State 30
	State 31
	State 32
	State 33
	State 34
	State 35
	State 36
	State 37
	State 38
	State 39
	State 40
	State 41
	State 42
	State 43
	State 44
	State 45
	State 46
	State 47
	State 48
	State 49
	State 50
	State 51
	State 52
	State 53
	State 54
	State 55
	State 56
	State 57
	State 58
	State 59
	State 60
	State 61
	State 62
	State 63
	State 64
	State 65
	State 66
	State 67
	State 68
	State 69
	State 70
	State 71
	State 72
	State 73
	State 74
	State 75
	State 76
	State 77


============================================================
+ Verbose Summary: Datapath Resource usage 
============================================================

* Functional unit list:
|----------|----------------------------------------|---------|---------|
| Operation|             Functional Unit            |    FF   |   LUT   |
|----------|----------------------------------------|---------|---------|
|   call   | grp_store_result_Pipeline_mem_wr_fu_73 |    95   |    47   |
|----------|----------------------------------------|---------|---------|
|  select  |              empty_fu_118              |    0    |    29   |
|----------|----------------------------------------|---------|---------|
|   icmp   |            icmp_ln114_fu_87            |    0    |    16   |
|----------|----------------------------------------|---------|---------|
|   read   |          size_read_read_fu_54          |    0    |    0    |
|          |           out_read_read_fu_60          |    0    |    0    |
|----------|----------------------------------------|---------|---------|
| writeresp|           grp_writeresp_fu_66          |    0    |    0    |
|----------|----------------------------------------|---------|---------|
| muxlogic |      muxLogicCE_to_size_read_fu_83     |    0    |    0    |
|          |      muxLogicCE_to_out_read_fu_85      |    0    |    0    |
|----------|----------------------------------------|---------|---------|
|   trunc  |            trunc_ln114_fu_93           |    0    |    0    |
|----------|----------------------------------------|---------|---------|
|partselect|           trunc_ln114_1_fu_97          |    0    |    0    |
|----------|----------------------------------------|---------|---------|
|   sext   |            sext_ln114_fu_107           |    0    |    0    |
|----------|----------------------------------------|---------|---------|
|   zext   |            zext_ln114_fu_126           |    0    |    0    |
|----------|----------------------------------------|---------|---------|
|   Total  |                                        |    95   |    92   |
|----------|----------------------------------------|---------|---------|

Memories:
N/A

* Register list:
+---------------------+--------+
|                     |   FF   |
+---------------------+--------+
|  gmem0_addr_reg_141 |   32   |
|  size_read_reg_131  |   32   |
|trunc_ln114_1_reg_136|   62   |
+---------------------+--------+
|        Total        |   126  |
+---------------------+--------+

* Multiplexer (MUX) list: 
|---------------------|------|------|------|--------||---------||---------||---------|
|         Comp        |  Pin | Size |  BW  | S x BW ||  Delay  ||    FF   ||   LUT   |
|---------------------|------|------|------|--------||---------||---------||---------|
| grp_writeresp_fu_66 |  p0  |   2  |   1  |    2   |
| grp_writeresp_fu_66 |  p1  |   2  |  32  |   64   ||    0    ||    32   |
|---------------------|------|------|------|--------||---------||---------||---------|
|        Total        |      |      |      |   66   ||  0.782  ||    0    ||    32   |
|---------------------|------|------|------|--------||---------||---------||---------|



* Summary:
+-----------+--------+--------+--------+
|           |  Delay |   FF   |   LUT  |
+-----------+--------+--------+--------+
|  Function |    -   |   95   |   92   |
|   Memory  |    -   |    -   |    -   |
|Multiplexer|    0   |    0   |   32   |
|  Register |    -   |   126  |    -   |
+-----------+--------+--------+--------+
|   Total   |    0   |   221  |   124  |
+-----------+--------+--------+--------+
