22:41:59 INFO  : updated workspace path: 
22:42:00 INFO  : Successfully created repository data at /tmp/rigel_lopper_oa3214733457584529334032
22:42:00 INFO  : bash, -c, source /opt/Xilinx/Vitis/2024.1/tps/lnx64/lopper-1.1.0/env/bin/activate && python /opt/Xilinx/Vitis/2024.1/data/embeddedsw/scripts/pyesw//get_template_data.py -d /tmp/rigel_lopper_oa32117102895757795605655 -r /tmp/rigel_lopper_oa3214733457584529334032/.repo.yaml && deactivate
22:42:00 INFO  : Embedded Template List generated successfully
22:42:00 INFO  : bash, -c, source /opt/Xilinx/Vitis/2024.1/tps/lnx64/lopper-1.1.0/env/bin/activate && python /opt/Xilinx/Vitis/2024.1/data/embeddedsw/scripts/pyesw//repo.py -st  /opt/Xilinx/Vitis/2024.1/data/embeddedsw && deactivate
22:42:01 INFO  : Successfully created repository data at /tmp/rigel_lopper_oa32111061472378594780865
22:42:01 INFO  : bash, -c, source /opt/Xilinx/Vitis/2024.1/tps/lnx64/lopper-1.1.0/env/bin/activate && python /opt/Xilinx/Vitis/2024.1/data/embeddedsw/scripts/pyesw//get_template_data.py -d /tmp/rigel_lopper_oa3217459847719911761814 -r /tmp/rigel_lopper_oa32111061472378594780865/.repo.yaml && deactivate
22:42:01 INFO  : Embedded Template List generated successfully
22:43:55 INFO  : Terminating Vitis C++ Server
22:43:55 INFO  : Vitis C++ Server terminated
22:43:57 INFO  : updated workspace path: 
22:43:57 INFO  : Successfully created repository data at /tmp/rigel_lopper_oa32111686583067898767741
22:43:57 INFO  : bash, -c, source /opt/Xilinx/Vitis/2024.1/tps/lnx64/lopper-1.1.0/env/bin/activate && python /opt/Xilinx/Vitis/2024.1/data/embeddedsw/scripts/pyesw//get_template_data.py -d /tmp/rigel_lopper_oa32110503954245690217175 -r /tmp/rigel_lopper_oa32111686583067898767741/.repo.yaml && deactivate
22:43:57 INFO  : Embedded Template List generated successfully
22:43:57 INFO  : bash, -c, source /opt/Xilinx/Vitis/2024.1/tps/lnx64/lopper-1.1.0/env/bin/activate && python /opt/Xilinx/Vitis/2024.1/data/embeddedsw/scripts/pyesw//repo.py -st  /opt/Xilinx/Vitis/2024.1/data/embeddedsw && deactivate
22:43:58 INFO  : Successfully created repository data at /tmp/rigel_lopper_oa3215827247933829153227
22:43:58 INFO  : bash, -c, source /opt/Xilinx/Vitis/2024.1/tps/lnx64/lopper-1.1.0/env/bin/activate && python /opt/Xilinx/Vitis/2024.1/data/embeddedsw/scripts/pyesw//get_template_data.py -d /tmp/rigel_lopper_oa3212972968153438527815 -r /tmp/rigel_lopper_oa3215827247933829153227/.repo.yaml && deactivate
22:43:58 INFO  : Embedded Template List generated successfully
22:46:56 INFO  : Terminating Vitis C++ Server
22:46:56 INFO  : Vitis C++ Server terminated
23:06:26 INFO  : updated workspace path: 
23:06:27 INFO  : Successfully created repository data at /tmp/rigel_lopper_oa3217269700182516909611
23:06:27 INFO  : bash, -c, source /opt/Xilinx/Vitis/2024.1/tps/lnx64/lopper-1.1.0/env/bin/activate && python /opt/Xilinx/Vitis/2024.1/data/embeddedsw/scripts/pyesw//get_template_data.py -d /tmp/rigel_lopper_oa32111347536665602404079 -r /tmp/rigel_lopper_oa3217269700182516909611/.repo.yaml && deactivate
23:06:27 INFO  : Embedded Template List generated successfully
23:06:27 INFO  : bash, -c, source /opt/Xilinx/Vitis/2024.1/tps/lnx64/lopper-1.1.0/env/bin/activate && python /opt/Xilinx/Vitis/2024.1/data/embeddedsw/scripts/pyesw//repo.py -st  /opt/Xilinx/Vitis/2024.1/data/embeddedsw && deactivate
23:06:27 INFO  : Successfully created repository data at /tmp/rigel_lopper_oa32117423029931616225085
23:06:27 INFO  : bash, -c, source /opt/Xilinx/Vitis/2024.1/tps/lnx64/lopper-1.1.0/env/bin/activate && python /opt/Xilinx/Vitis/2024.1/data/embeddedsw/scripts/pyesw//get_template_data.py -d /tmp/rigel_lopper_oa32113029548108111517637 -r /tmp/rigel_lopper_oa32117423029931616225085/.repo.yaml && deactivate
23:06:28 INFO  : Embedded Template List generated successfully
23:06:35 INFO  : Terminating Vitis C++ Server
23:06:35 INFO  : Vitis C++ Server terminated
