Wed May 21 11:33:01 2025: Running xcd server. This server was built by gradle.
Wed May 21 11:33:01 2025: Server was asked to start on port: '46299'
Wed May 21 11:33:01 2025: Server is using token UUID: 'f7a37ad1-b9f5-47a6-96aa-41dc86945dd4'
Wed May 21 11:33:01 2025: SESSION_MGR: creating session with session uuid: '6d04a3e9-ade5-4ab9-8d63-1f78fcd2ec76' and name 'default'
Wed May 21 11:33:01 2025: Attempting to start server on port '46299'
Wed May 21 11:33:01 2025: XCD main fifo: created main fifo '/tmp/xcdmainf7a37ad1-b9f5-47a6-96aa-41dc86945dd4', fd read = 13
Wed May 21 11:33:01 2025: Running Dispatch Server
Wed May 21 11:33:01 2025: Version 2.2.0
Wed May 21 11:33:03 2025: Dispatch Server: Accepted socket connection from client
Wed May 21 11:33:03 2025: Starting Socket connection
Wed May 21 11:33:03 2025: EXCHANGE_TOKEN received, server token: f7a37ad1-b9f5-47a6-96aa-41dc86945dd4, passed token: f7a37ad1-b9f5-47a6-96aa-41dc86945dd4
Wed May 21 11:33:03 2025: DISPATCH_HANDLER: Adding handler from function makeHandler in library libxv_system_diagram
Wed May 21 11:33:03 2025: SESSION_MGR: creating session with session uuid: 'f6292821-745e-45ab-83ce-dc8d38638650' and name 'v++_compile_csr_spmv_repl_1'
Wed May 21 11:33:03 2025: KERNEL_SVC: creating session with uuid: 'f6292821-745e-45ab-83ce-dc8d38638650' and name 'v++_compile_csr_spmv_repl_1'
Wed May 21 11:33:03 2025: GUIDANCE_SMGR: creating guidance session with uuid: 'f6292821-745e-45ab-83ce-dc8d38638650' and name 'v++_compile_csr_spmv_repl_1'
Wed May 21 11:33:03 2025: SYSTEM_DIAGRAM: creating session with uuid: 'f6292821-745e-45ab-83ce-dc8d38638650' and name 'v++_compile_csr_spmv_repl_1'
Wed May 21 11:33:13 2025: SESSION_MGR: closing session for UUID 'f6292821-745e-45ab-83ce-dc8d38638650' with name 'v++_compile_csr_spmv_repl_1'
Wed May 21 11:33:13 2025: KERNEL_SVC: closing session for UUID 'f6292821-745e-45ab-83ce-dc8d38638650' with name 'v++_compile_csr_spmv_repl_1'
Wed May 21 11:33:13 2025: GUIDANCE_SMGR: closing session for UUID 'f6292821-745e-45ab-83ce-dc8d38638650' with name 'v++_compile_csr_spmv_repl_1'
Wed May 21 11:33:13 2025: SYSTEM_DIAGRAM: closing session for UUID 'f6292821-745e-45ab-83ce-dc8d38638650' with name 'v++_compile_csr_spmv_repl_1'
Wed May 21 11:33:13 2025: STOP_SERVER received, server token: f7a37ad1-b9f5-47a6-96aa-41dc86945dd4, passed token: f7a37ad1-b9f5-47a6-96aa-41dc86945dd4
Wed May 21 11:33:13 2025: Socket received request to stop server.
Wed May 21 11:33:13 2025: Dispatch Server: do_await_stop
Wed May 21 11:33:13 2025: Dispatch Server: stopping mainFifo_
Wed May 21 11:33:13 2025: XCD main fifo: Stopping
Wed May 21 11:33:13 2025: XCD main fifo: do_read error code: Operation canceled
Wed May 21 11:33:13 2025: XCD main fifo: bytes_transferred: 0
Wed May 21 11:33:13 2025: SERVER: destructor for server bound to port 46299
Wed May 21 11:33:13 2025: XCD main fifo: Good unlink of /tmp/xcdmainf7a37ad1-b9f5-47a6-96aa-41dc86945dd4
Wed May 21 11:33:13 2025: Server exiting with status 0.
Wed May 21 11:33:13 2025: Closing log file.
Wed May 21 11:34:07 2025: Running xcd server. This server was built by gradle.
Wed May 21 11:34:07 2025: Server was asked to start on port: '42065'
Wed May 21 11:34:07 2025: Server is using token UUID: 'af4a48a6-6621-47f7-ba4a-32572d03a087'
Wed May 21 11:34:07 2025: SESSION_MGR: creating session with session uuid: '6d04a3e9-ade5-4ab9-8d63-1f78fcd2ec76' and name 'default'
Wed May 21 11:34:07 2025: Attempting to start server on port '42065'
Wed May 21 11:34:07 2025: XCD main fifo: created main fifo '/tmp/xcdmainaf4a48a6-6621-47f7-ba4a-32572d03a087', fd read = 13
Wed May 21 11:34:07 2025: Running Dispatch Server
Wed May 21 11:34:07 2025: Version 2.2.0
Wed May 21 11:34:09 2025: Dispatch Server: Accepted socket connection from client
Wed May 21 11:34:09 2025: Starting Socket connection
Wed May 21 11:34:09 2025: EXCHANGE_TOKEN received, server token: af4a48a6-6621-47f7-ba4a-32572d03a087, passed token: af4a48a6-6621-47f7-ba4a-32572d03a087
Wed May 21 11:34:09 2025: DISPATCH_HANDLER: Adding handler from function makeHandler in library libxv_system_diagram
Wed May 21 11:34:09 2025: SESSION_MGR: creating session with session uuid: 'c39ac796-d472-4078-95b4-53be46ab2314' and name 'v++_compile_csr_spmv_repl_1'
Wed May 21 11:34:09 2025: KERNEL_SVC: creating session with uuid: 'c39ac796-d472-4078-95b4-53be46ab2314' and name 'v++_compile_csr_spmv_repl_1'
Wed May 21 11:34:09 2025: GUIDANCE_SMGR: creating guidance session with uuid: 'c39ac796-d472-4078-95b4-53be46ab2314' and name 'v++_compile_csr_spmv_repl_1'
Wed May 21 11:34:09 2025: SYSTEM_DIAGRAM: creating session with uuid: 'c39ac796-d472-4078-95b4-53be46ab2314' and name 'v++_compile_csr_spmv_repl_1'
Wed May 21 11:34:19 2025: SESSION_MGR: closing session for UUID 'c39ac796-d472-4078-95b4-53be46ab2314' with name 'v++_compile_csr_spmv_repl_1'
Wed May 21 11:34:19 2025: KERNEL_SVC: closing session for UUID 'c39ac796-d472-4078-95b4-53be46ab2314' with name 'v++_compile_csr_spmv_repl_1'
Wed May 21 11:34:19 2025: GUIDANCE_SMGR: closing session for UUID 'c39ac796-d472-4078-95b4-53be46ab2314' with name 'v++_compile_csr_spmv_repl_1'
Wed May 21 11:34:19 2025: SYSTEM_DIAGRAM: closing session for UUID 'c39ac796-d472-4078-95b4-53be46ab2314' with name 'v++_compile_csr_spmv_repl_1'
Wed May 21 11:34:19 2025: STOP_SERVER received, server token: af4a48a6-6621-47f7-ba4a-32572d03a087, passed token: af4a48a6-6621-47f7-ba4a-32572d03a087
Wed May 21 11:34:19 2025: Socket received request to stop server.
Wed May 21 11:34:19 2025: Dispatch Server: do_await_stop
Wed May 21 11:34:19 2025: Dispatch Server: stopping mainFifo_
Wed May 21 11:34:19 2025: XCD main fifo: Stopping
Wed May 21 11:34:19 2025: XCD main fifo: do_read error code: Operation canceled
Wed May 21 11:34:19 2025: XCD main fifo: bytes_transferred: 0
Wed May 21 11:34:19 2025: SERVER: destructor for server bound to port 42065
Wed May 21 11:34:19 2025: XCD main fifo: Good unlink of /tmp/xcdmainaf4a48a6-6621-47f7-ba4a-32572d03a087
Wed May 21 11:34:19 2025: Server exiting with status 0.
Wed May 21 11:34:19 2025: Closing log file.
Wed May 21 11:51:44 2025: Running xcd server. This server was built by gradle.
Wed May 21 11:51:44 2025: Server was asked to start on port: '42607'
Wed May 21 11:51:44 2025: Server is using token UUID: '72ee292f-5eda-4a0a-952b-feffd0a9415e'
Wed May 21 11:51:44 2025: SESSION_MGR: creating session with session uuid: '6d04a3e9-ade5-4ab9-8d63-1f78fcd2ec76' and name 'default'
Wed May 21 11:51:44 2025: Attempting to start server on port '42607'
Wed May 21 11:51:44 2025: XCD main fifo: created main fifo '/tmp/xcdmain72ee292f-5eda-4a0a-952b-feffd0a9415e', fd read = 13
Wed May 21 11:51:44 2025: Running Dispatch Server
Wed May 21 11:51:44 2025: Version 2.2.0
Wed May 21 11:51:46 2025: Dispatch Server: Accepted socket connection from client
Wed May 21 11:51:46 2025: Starting Socket connection
Wed May 21 11:51:46 2025: EXCHANGE_TOKEN received, server token: 72ee292f-5eda-4a0a-952b-feffd0a9415e, passed token: 72ee292f-5eda-4a0a-952b-feffd0a9415e
Wed May 21 11:51:46 2025: DISPATCH_HANDLER: Adding handler from function makeHandler in library libxv_system_diagram
Wed May 21 11:51:46 2025: SESSION_MGR: creating session with session uuid: '34cbbb60-cf23-409e-b4a2-c048b3edd976' and name 'v++_compile_csr_spmv_repl_1'
Wed May 21 11:51:46 2025: KERNEL_SVC: creating session with uuid: '34cbbb60-cf23-409e-b4a2-c048b3edd976' and name 'v++_compile_csr_spmv_repl_1'
Wed May 21 11:51:46 2025: GUIDANCE_SMGR: creating guidance session with uuid: '34cbbb60-cf23-409e-b4a2-c048b3edd976' and name 'v++_compile_csr_spmv_repl_1'
Wed May 21 11:51:46 2025: SYSTEM_DIAGRAM: creating session with uuid: '34cbbb60-cf23-409e-b4a2-c048b3edd976' and name 'v++_compile_csr_spmv_repl_1'
Wed May 21 11:51:56 2025: SESSION_MGR: closing session for UUID '34cbbb60-cf23-409e-b4a2-c048b3edd976' with name 'v++_compile_csr_spmv_repl_1'
Wed May 21 11:51:56 2025: KERNEL_SVC: closing session for UUID '34cbbb60-cf23-409e-b4a2-c048b3edd976' with name 'v++_compile_csr_spmv_repl_1'
Wed May 21 11:51:56 2025: GUIDANCE_SMGR: closing session for UUID '34cbbb60-cf23-409e-b4a2-c048b3edd976' with name 'v++_compile_csr_spmv_repl_1'
Wed May 21 11:51:56 2025: SYSTEM_DIAGRAM: closing session for UUID '34cbbb60-cf23-409e-b4a2-c048b3edd976' with name 'v++_compile_csr_spmv_repl_1'
Wed May 21 11:51:56 2025: STOP_SERVER received, server token: 72ee292f-5eda-4a0a-952b-feffd0a9415e, passed token: 72ee292f-5eda-4a0a-952b-feffd0a9415e
Wed May 21 11:51:56 2025: Socket received request to stop server.
Wed May 21 11:51:56 2025: Dispatch Server: do_await_stop
Wed May 21 11:51:56 2025: Dispatch Server: stopping mainFifo_
Wed May 21 11:51:56 2025: XCD main fifo: Stopping
Wed May 21 11:51:56 2025: XCD main fifo: do_read error code: Operation canceled
Wed May 21 11:51:56 2025: XCD main fifo: bytes_transferred: 0
Wed May 21 11:51:56 2025: SERVER: destructor for server bound to port 42607
Wed May 21 11:51:56 2025: XCD main fifo: Good unlink of /tmp/xcdmain72ee292f-5eda-4a0a-952b-feffd0a9415e
Wed May 21 11:51:56 2025: Server exiting with status 0.
Wed May 21 11:51:56 2025: Closing log file.
Wed May 21 11:58:59 2025: Running xcd server. This server was built by gradle.
Wed May 21 11:58:59 2025: Server was asked to start on port: '36711'
Wed May 21 11:58:59 2025: Server is using token UUID: '768a6064-eed4-479f-90d2-5d0380755321'
Wed May 21 11:58:59 2025: SESSION_MGR: creating session with session uuid: '6d04a3e9-ade5-4ab9-8d63-1f78fcd2ec76' and name 'default'
Wed May 21 11:58:59 2025: Attempting to start server on port '36711'
Wed May 21 11:58:59 2025: XCD main fifo: created main fifo '/tmp/xcdmain768a6064-eed4-479f-90d2-5d0380755321', fd read = 13
Wed May 21 11:58:59 2025: Running Dispatch Server
Wed May 21 11:58:59 2025: Version 2.2.0
Wed May 21 11:59:02 2025: Dispatch Server: Accepted socket connection from client
Wed May 21 11:59:02 2025: Starting Socket connection
Wed May 21 11:59:02 2025: EXCHANGE_TOKEN received, server token: 768a6064-eed4-479f-90d2-5d0380755321, passed token: 768a6064-eed4-479f-90d2-5d0380755321
Wed May 21 11:59:02 2025: DISPATCH_HANDLER: Adding handler from function makeHandler in library libxv_system_diagram
Wed May 21 11:59:02 2025: SESSION_MGR: creating session with session uuid: 'eb0dbc41-5150-4f6c-b1e7-a88ff5e722f1' and name 'v++_compile_csr_spmv_repl_1'
Wed May 21 11:59:02 2025: KERNEL_SVC: creating session with uuid: 'eb0dbc41-5150-4f6c-b1e7-a88ff5e722f1' and name 'v++_compile_csr_spmv_repl_1'
Wed May 21 11:59:02 2025: GUIDANCE_SMGR: creating guidance session with uuid: 'eb0dbc41-5150-4f6c-b1e7-a88ff5e722f1' and name 'v++_compile_csr_spmv_repl_1'
Wed May 21 11:59:02 2025: SYSTEM_DIAGRAM: creating session with uuid: 'eb0dbc41-5150-4f6c-b1e7-a88ff5e722f1' and name 'v++_compile_csr_spmv_repl_1'
Wed May 21 11:59:12 2025: SESSION_MGR: closing session for UUID 'eb0dbc41-5150-4f6c-b1e7-a88ff5e722f1' with name 'v++_compile_csr_spmv_repl_1'
Wed May 21 11:59:12 2025: KERNEL_SVC: closing session for UUID 'eb0dbc41-5150-4f6c-b1e7-a88ff5e722f1' with name 'v++_compile_csr_spmv_repl_1'
Wed May 21 11:59:12 2025: GUIDANCE_SMGR: closing session for UUID 'eb0dbc41-5150-4f6c-b1e7-a88ff5e722f1' with name 'v++_compile_csr_spmv_repl_1'
Wed May 21 11:59:12 2025: SYSTEM_DIAGRAM: closing session for UUID 'eb0dbc41-5150-4f6c-b1e7-a88ff5e722f1' with name 'v++_compile_csr_spmv_repl_1'
Wed May 21 11:59:12 2025: STOP_SERVER received, server token: 768a6064-eed4-479f-90d2-5d0380755321, passed token: 768a6064-eed4-479f-90d2-5d0380755321
Wed May 21 11:59:12 2025: Socket received request to stop server.
Wed May 21 11:59:12 2025: Dispatch Server: do_await_stop
Wed May 21 11:59:12 2025: Dispatch Server: stopping mainFifo_
Wed May 21 11:59:12 2025: XCD main fifo: Stopping
Wed May 21 11:59:12 2025: XCD main fifo: do_read error code: Operation canceled
Wed May 21 11:59:12 2025: XCD main fifo: bytes_transferred: 0
Wed May 21 11:59:12 2025: SERVER: destructor for server bound to port 36711
Wed May 21 11:59:12 2025: XCD main fifo: Good unlink of /tmp/xcdmain768a6064-eed4-479f-90d2-5d0380755321
Wed May 21 11:59:12 2025: Server exiting with status 0.
Wed May 21 11:59:12 2025: Closing log file.
Wed May 21 12:02:20 2025: Running xcd server. This server was built by gradle.
Wed May 21 12:02:20 2025: Server was asked to start on port: '41977'
Wed May 21 12:02:20 2025: Server is using token UUID: '6548b629-8036-4df1-b940-12e329d72a33'
Wed May 21 12:02:20 2025: SESSION_MGR: creating session with session uuid: '6d04a3e9-ade5-4ab9-8d63-1f78fcd2ec76' and name 'default'
Wed May 21 12:02:20 2025: Attempting to start server on port '41977'
Wed May 21 12:02:20 2025: XCD main fifo: created main fifo '/tmp/xcdmain6548b629-8036-4df1-b940-12e329d72a33', fd read = 13
Wed May 21 12:02:20 2025: Running Dispatch Server
Wed May 21 12:02:20 2025: Version 2.2.0
Wed May 21 12:02:22 2025: Dispatch Server: Accepted socket connection from client
Wed May 21 12:02:22 2025: Starting Socket connection
Wed May 21 12:02:22 2025: EXCHANGE_TOKEN received, server token: 6548b629-8036-4df1-b940-12e329d72a33, passed token: 6548b629-8036-4df1-b940-12e329d72a33
Wed May 21 12:02:22 2025: DISPATCH_HANDLER: Adding handler from function makeHandler in library libxv_system_diagram
Wed May 21 12:02:22 2025: SESSION_MGR: creating session with session uuid: 'b554af41-bf20-4ef3-a12c-6135696b21e5' and name 'v++_compile_csr_spmv_repl_1'
Wed May 21 12:02:22 2025: KERNEL_SVC: creating session with uuid: 'b554af41-bf20-4ef3-a12c-6135696b21e5' and name 'v++_compile_csr_spmv_repl_1'
Wed May 21 12:02:22 2025: GUIDANCE_SMGR: creating guidance session with uuid: 'b554af41-bf20-4ef3-a12c-6135696b21e5' and name 'v++_compile_csr_spmv_repl_1'
Wed May 21 12:02:22 2025: SYSTEM_DIAGRAM: creating session with uuid: 'b554af41-bf20-4ef3-a12c-6135696b21e5' and name 'v++_compile_csr_spmv_repl_1'
Wed May 21 12:02:32 2025: SESSION_MGR: closing session for UUID 'b554af41-bf20-4ef3-a12c-6135696b21e5' with name 'v++_compile_csr_spmv_repl_1'
Wed May 21 12:02:32 2025: KERNEL_SVC: closing session for UUID 'b554af41-bf20-4ef3-a12c-6135696b21e5' with name 'v++_compile_csr_spmv_repl_1'
Wed May 21 12:02:32 2025: GUIDANCE_SMGR: closing session for UUID 'b554af41-bf20-4ef3-a12c-6135696b21e5' with name 'v++_compile_csr_spmv_repl_1'
Wed May 21 12:02:32 2025: SYSTEM_DIAGRAM: closing session for UUID 'b554af41-bf20-4ef3-a12c-6135696b21e5' with name 'v++_compile_csr_spmv_repl_1'
Wed May 21 12:02:32 2025: STOP_SERVER received, server token: 6548b629-8036-4df1-b940-12e329d72a33, passed token: 6548b629-8036-4df1-b940-12e329d72a33
Wed May 21 12:02:32 2025: Socket received request to stop server.
Wed May 21 12:02:32 2025: Dispatch Server: do_await_stop
Wed May 21 12:02:32 2025: Dispatch Server: stopping mainFifo_
Wed May 21 12:02:32 2025: XCD main fifo: Stopping
Wed May 21 12:02:32 2025: XCD main fifo: do_read error code: Operation canceled
Wed May 21 12:02:32 2025: XCD main fifo: bytes_transferred: 0
Wed May 21 12:02:32 2025: SERVER: destructor for server bound to port 41977
Wed May 21 12:02:32 2025: XCD main fifo: Good unlink of /tmp/xcdmain6548b629-8036-4df1-b940-12e329d72a33
Wed May 21 12:02:32 2025: Server exiting with status 0.
Wed May 21 12:02:32 2025: Closing log file.
Wed May 21 12:12:50 2025: Running xcd server. This server was built by gradle.
Wed May 21 12:12:50 2025: Server was asked to start on port: '42957'
Wed May 21 12:12:50 2025: Server is using token UUID: '764b99a3-694a-4512-9412-3210607e00da'
Wed May 21 12:12:50 2025: SESSION_MGR: creating session with session uuid: '6d04a3e9-ade5-4ab9-8d63-1f78fcd2ec76' and name 'default'
Wed May 21 12:12:50 2025: Attempting to start server on port '42957'
Wed May 21 12:12:50 2025: XCD main fifo: created main fifo '/tmp/xcdmain764b99a3-694a-4512-9412-3210607e00da', fd read = 13
Wed May 21 12:12:50 2025: Running Dispatch Server
Wed May 21 12:12:50 2025: Version 2.2.0
Wed May 21 12:12:52 2025: Dispatch Server: Accepted socket connection from client
Wed May 21 12:12:52 2025: Starting Socket connection
Wed May 21 12:12:52 2025: EXCHANGE_TOKEN received, server token: 764b99a3-694a-4512-9412-3210607e00da, passed token: 764b99a3-694a-4512-9412-3210607e00da
Wed May 21 12:12:52 2025: DISPATCH_HANDLER: Adding handler from function makeHandler in library libxv_system_diagram
Wed May 21 12:12:52 2025: SESSION_MGR: creating session with session uuid: '5fe8569e-9c86-427a-a95e-d9183be57144' and name 'v++_compile_csr_spmv_repl_1'
Wed May 21 12:12:52 2025: KERNEL_SVC: creating session with uuid: '5fe8569e-9c86-427a-a95e-d9183be57144' and name 'v++_compile_csr_spmv_repl_1'
Wed May 21 12:12:52 2025: GUIDANCE_SMGR: creating guidance session with uuid: '5fe8569e-9c86-427a-a95e-d9183be57144' and name 'v++_compile_csr_spmv_repl_1'
Wed May 21 12:12:52 2025: SYSTEM_DIAGRAM: creating session with uuid: '5fe8569e-9c86-427a-a95e-d9183be57144' and name 'v++_compile_csr_spmv_repl_1'
Wed May 21 12:13:02 2025: SESSION_MGR: closing session for UUID '5fe8569e-9c86-427a-a95e-d9183be57144' with name 'v++_compile_csr_spmv_repl_1'
Wed May 21 12:13:02 2025: KERNEL_SVC: closing session for UUID '5fe8569e-9c86-427a-a95e-d9183be57144' with name 'v++_compile_csr_spmv_repl_1'
Wed May 21 12:13:02 2025: GUIDANCE_SMGR: closing session for UUID '5fe8569e-9c86-427a-a95e-d9183be57144' with name 'v++_compile_csr_spmv_repl_1'
Wed May 21 12:13:02 2025: SYSTEM_DIAGRAM: closing session for UUID '5fe8569e-9c86-427a-a95e-d9183be57144' with name 'v++_compile_csr_spmv_repl_1'
Wed May 21 12:13:02 2025: STOP_SERVER received, server token: 764b99a3-694a-4512-9412-3210607e00da, passed token: 764b99a3-694a-4512-9412-3210607e00da
Wed May 21 12:13:02 2025: Socket received request to stop server.
Wed May 21 12:13:02 2025: Dispatch Server: do_await_stop
Wed May 21 12:13:02 2025: Dispatch Server: stopping mainFifo_
Wed May 21 12:13:02 2025: XCD main fifo: Stopping
Wed May 21 12:13:02 2025: XCD main fifo: do_read error code: Operation canceled
Wed May 21 12:13:02 2025: XCD main fifo: bytes_transferred: 0
Wed May 21 12:13:02 2025: SERVER: destructor for server bound to port 42957
Wed May 21 12:13:02 2025: XCD main fifo: Good unlink of /tmp/xcdmain764b99a3-694a-4512-9412-3210607e00da
Wed May 21 12:13:02 2025: Server exiting with status 0.
Wed May 21 12:13:02 2025: Closing log file.
Wed May 21 12:33:34 2025: Running xcd server. This server was built by gradle.
Wed May 21 12:33:34 2025: Server was asked to start on port: '37191'
Wed May 21 12:33:34 2025: Server is using token UUID: '9cbc7e9f-62e2-44ab-aace-ef69313137f0'
Wed May 21 12:33:34 2025: SESSION_MGR: creating session with session uuid: '6d04a3e9-ade5-4ab9-8d63-1f78fcd2ec76' and name 'default'
Wed May 21 12:33:34 2025: Attempting to start server on port '37191'
Wed May 21 12:33:34 2025: XCD main fifo: created main fifo '/tmp/xcdmain9cbc7e9f-62e2-44ab-aace-ef69313137f0', fd read = 13
Wed May 21 12:33:34 2025: Running Dispatch Server
Wed May 21 12:33:34 2025: Version 2.2.0
Wed May 21 12:33:36 2025: Dispatch Server: Accepted socket connection from client
Wed May 21 12:33:36 2025: Starting Socket connection
Wed May 21 12:33:36 2025: EXCHANGE_TOKEN received, server token: 9cbc7e9f-62e2-44ab-aace-ef69313137f0, passed token: 9cbc7e9f-62e2-44ab-aace-ef69313137f0
Wed May 21 12:33:36 2025: DISPATCH_HANDLER: Adding handler from function makeHandler in library libxv_system_diagram
Wed May 21 12:33:36 2025: SESSION_MGR: creating session with session uuid: 'e47fe7cb-8e11-4536-b406-2d50b9624454' and name 'v++_compile_csr_spmv_repl_1'
Wed May 21 12:33:36 2025: KERNEL_SVC: creating session with uuid: 'e47fe7cb-8e11-4536-b406-2d50b9624454' and name 'v++_compile_csr_spmv_repl_1'
Wed May 21 12:33:36 2025: GUIDANCE_SMGR: creating guidance session with uuid: 'e47fe7cb-8e11-4536-b406-2d50b9624454' and name 'v++_compile_csr_spmv_repl_1'
Wed May 21 12:33:36 2025: SYSTEM_DIAGRAM: creating session with uuid: 'e47fe7cb-8e11-4536-b406-2d50b9624454' and name 'v++_compile_csr_spmv_repl_1'
Wed May 21 12:33:39 2025: SESSION_MGR: closing session for UUID 'e47fe7cb-8e11-4536-b406-2d50b9624454' with name 'v++_compile_csr_spmv_repl_1'
Wed May 21 12:33:39 2025: KERNEL_SVC: closing session for UUID 'e47fe7cb-8e11-4536-b406-2d50b9624454' with name 'v++_compile_csr_spmv_repl_1'
Wed May 21 12:33:39 2025: GUIDANCE_SMGR: closing session for UUID 'e47fe7cb-8e11-4536-b406-2d50b9624454' with name 'v++_compile_csr_spmv_repl_1'
Wed May 21 12:33:39 2025: SYSTEM_DIAGRAM: closing session for UUID 'e47fe7cb-8e11-4536-b406-2d50b9624454' with name 'v++_compile_csr_spmv_repl_1'
Wed May 21 12:33:39 2025: STOP_SERVER received, server token: 9cbc7e9f-62e2-44ab-aace-ef69313137f0, passed token: 9cbc7e9f-62e2-44ab-aace-ef69313137f0
Wed May 21 12:33:39 2025: Socket received request to stop server.
Wed May 21 12:33:39 2025: Dispatch Server: do_await_stop
Wed May 21 12:33:39 2025: Dispatch Server: stopping mainFifo_
Wed May 21 12:33:39 2025: XCD main fifo: Stopping
Wed May 21 12:33:39 2025: XCD main fifo: do_read error code: Operation canceled
Wed May 21 12:33:39 2025: XCD main fifo: bytes_transferred: 0
Wed May 21 12:33:39 2025: SERVER: destructor for server bound to port 37191
Wed May 21 12:33:39 2025: XCD main fifo: Good unlink of /tmp/xcdmain9cbc7e9f-62e2-44ab-aace-ef69313137f0
Wed May 21 12:33:39 2025: Server exiting with status 0.
Wed May 21 12:33:39 2025: Closing log file.
Wed May 21 12:34:16 2025: Running xcd server. This server was built by gradle.
Wed May 21 12:34:16 2025: Server was asked to start on port: '46425'
Wed May 21 12:34:16 2025: Server is using token UUID: 'c214de45-3851-45d2-8993-80e1d081269c'
Wed May 21 12:34:16 2025: SESSION_MGR: creating session with session uuid: '6d04a3e9-ade5-4ab9-8d63-1f78fcd2ec76' and name 'default'
Wed May 21 12:34:16 2025: Attempting to start server on port '46425'
Wed May 21 12:34:16 2025: XCD main fifo: created main fifo '/tmp/xcdmainc214de45-3851-45d2-8993-80e1d081269c', fd read = 13
Wed May 21 12:34:16 2025: Running Dispatch Server
Wed May 21 12:34:16 2025: Version 2.2.0
Wed May 21 12:34:18 2025: Dispatch Server: Accepted socket connection from client
Wed May 21 12:34:18 2025: Starting Socket connection
Wed May 21 12:34:18 2025: EXCHANGE_TOKEN received, server token: c214de45-3851-45d2-8993-80e1d081269c, passed token: c214de45-3851-45d2-8993-80e1d081269c
Wed May 21 12:34:18 2025: DISPATCH_HANDLER: Adding handler from function makeHandler in library libxv_system_diagram
Wed May 21 12:34:18 2025: SESSION_MGR: creating session with session uuid: '1ade2ae4-54fc-411e-93f8-a072ef9d6072' and name 'v++_compile_csr_spmv_repl_1'
Wed May 21 12:34:18 2025: KERNEL_SVC: creating session with uuid: '1ade2ae4-54fc-411e-93f8-a072ef9d6072' and name 'v++_compile_csr_spmv_repl_1'
Wed May 21 12:34:18 2025: GUIDANCE_SMGR: creating guidance session with uuid: '1ade2ae4-54fc-411e-93f8-a072ef9d6072' and name 'v++_compile_csr_spmv_repl_1'
Wed May 21 12:34:18 2025: SYSTEM_DIAGRAM: creating session with uuid: '1ade2ae4-54fc-411e-93f8-a072ef9d6072' and name 'v++_compile_csr_spmv_repl_1'
Wed May 21 12:34:28 2025: SESSION_MGR: closing session for UUID '1ade2ae4-54fc-411e-93f8-a072ef9d6072' with name 'v++_compile_csr_spmv_repl_1'
Wed May 21 12:34:28 2025: KERNEL_SVC: closing session for UUID '1ade2ae4-54fc-411e-93f8-a072ef9d6072' with name 'v++_compile_csr_spmv_repl_1'
Wed May 21 12:34:28 2025: GUIDANCE_SMGR: closing session for UUID '1ade2ae4-54fc-411e-93f8-a072ef9d6072' with name 'v++_compile_csr_spmv_repl_1'
Wed May 21 12:34:28 2025: SYSTEM_DIAGRAM: closing session for UUID '1ade2ae4-54fc-411e-93f8-a072ef9d6072' with name 'v++_compile_csr_spmv_repl_1'
Wed May 21 12:34:28 2025: STOP_SERVER received, server token: c214de45-3851-45d2-8993-80e1d081269c, passed token: c214de45-3851-45d2-8993-80e1d081269c
Wed May 21 12:34:28 2025: Socket received request to stop server.
Wed May 21 12:34:28 2025: Dispatch Server: do_await_stop
Wed May 21 12:34:28 2025: Dispatch Server: stopping mainFifo_
Wed May 21 12:34:28 2025: XCD main fifo: Stopping
Wed May 21 12:34:28 2025: XCD main fifo: do_read error code: Operation canceled
Wed May 21 12:34:28 2025: XCD main fifo: bytes_transferred: 0
Wed May 21 12:34:28 2025: SERVER: destructor for server bound to port 46425
Wed May 21 12:34:28 2025: XCD main fifo: Good unlink of /tmp/xcdmainc214de45-3851-45d2-8993-80e1d081269c
Wed May 21 12:34:28 2025: Server exiting with status 0.
Wed May 21 12:34:28 2025: Closing log file.
Wed May 21 12:45:03 2025: Running xcd server. This server was built by gradle.
Wed May 21 12:45:03 2025: Server was asked to start on port: '46753'
Wed May 21 12:45:03 2025: Server is using token UUID: '510fc26a-0502-483d-b485-47b1ad5c0515'
Wed May 21 12:45:03 2025: SESSION_MGR: creating session with session uuid: '6d04a3e9-ade5-4ab9-8d63-1f78fcd2ec76' and name 'default'
Wed May 21 12:45:03 2025: Attempting to start server on port '46753'
Wed May 21 12:45:03 2025: XCD main fifo: created main fifo '/tmp/xcdmain510fc26a-0502-483d-b485-47b1ad5c0515', fd read = 13
Wed May 21 12:45:03 2025: Running Dispatch Server
Wed May 21 12:45:03 2025: Version 2.2.0
Wed May 21 12:45:06 2025: Dispatch Server: Accepted socket connection from client
Wed May 21 12:45:06 2025: Starting Socket connection
Wed May 21 12:45:06 2025: EXCHANGE_TOKEN received, server token: 510fc26a-0502-483d-b485-47b1ad5c0515, passed token: 510fc26a-0502-483d-b485-47b1ad5c0515
Wed May 21 12:45:06 2025: DISPATCH_HANDLER: Adding handler from function makeHandler in library libxv_system_diagram
Wed May 21 12:45:06 2025: SESSION_MGR: creating session with session uuid: '14b397e1-0b81-4070-b4e7-570404d79f76' and name 'v++_compile_csr_spmv_repl_1'
Wed May 21 12:45:06 2025: KERNEL_SVC: creating session with uuid: '14b397e1-0b81-4070-b4e7-570404d79f76' and name 'v++_compile_csr_spmv_repl_1'
Wed May 21 12:45:06 2025: GUIDANCE_SMGR: creating guidance session with uuid: '14b397e1-0b81-4070-b4e7-570404d79f76' and name 'v++_compile_csr_spmv_repl_1'
Wed May 21 12:45:06 2025: SYSTEM_DIAGRAM: creating session with uuid: '14b397e1-0b81-4070-b4e7-570404d79f76' and name 'v++_compile_csr_spmv_repl_1'
Wed May 21 12:45:16 2025: SESSION_MGR: closing session for UUID '14b397e1-0b81-4070-b4e7-570404d79f76' with name 'v++_compile_csr_spmv_repl_1'
Wed May 21 12:45:16 2025: KERNEL_SVC: closing session for UUID '14b397e1-0b81-4070-b4e7-570404d79f76' with name 'v++_compile_csr_spmv_repl_1'
Wed May 21 12:45:16 2025: GUIDANCE_SMGR: closing session for UUID '14b397e1-0b81-4070-b4e7-570404d79f76' with name 'v++_compile_csr_spmv_repl_1'
Wed May 21 12:45:16 2025: SYSTEM_DIAGRAM: closing session for UUID '14b397e1-0b81-4070-b4e7-570404d79f76' with name 'v++_compile_csr_spmv_repl_1'
Wed May 21 12:45:16 2025: STOP_SERVER received, server token: 510fc26a-0502-483d-b485-47b1ad5c0515, passed token: 510fc26a-0502-483d-b485-47b1ad5c0515
Wed May 21 12:45:16 2025: Socket received request to stop server.
Wed May 21 12:45:16 2025: Dispatch Server: do_await_stop
Wed May 21 12:45:16 2025: Dispatch Server: stopping mainFifo_
Wed May 21 12:45:16 2025: XCD main fifo: Stopping
Wed May 21 12:45:16 2025: XCD main fifo: do_read error code: Operation canceled
Wed May 21 12:45:16 2025: XCD main fifo: bytes_transferred: 0
Wed May 21 12:45:16 2025: SERVER: destructor for server bound to port 46753
Wed May 21 12:45:16 2025: XCD main fifo: Good unlink of /tmp/xcdmain510fc26a-0502-483d-b485-47b1ad5c0515
Wed May 21 12:45:16 2025: Server exiting with status 0.
Wed May 21 12:45:16 2025: Closing log file.
Wed May 21 19:16:31 2025: Running xcd server. This server was built by gradle.
Wed May 21 19:16:31 2025: Server was asked to start on port: '33523'
Wed May 21 19:16:31 2025: Server is using token UUID: '37be8235-329e-41fc-91c5-7c22d29a8f29'
Wed May 21 19:16:31 2025: SESSION_MGR: creating session with session uuid: '6d04a3e9-ade5-4ab9-8d63-1f78fcd2ec76' and name 'default'
Wed May 21 19:16:31 2025: Attempting to start server on port '33523'
Wed May 21 19:16:31 2025: XCD main fifo: created main fifo '/tmp/xcdmain37be8235-329e-41fc-91c5-7c22d29a8f29', fd read = 13
Wed May 21 19:16:31 2025: Running Dispatch Server
Wed May 21 19:16:31 2025: Version 2.2.0
Wed May 21 19:16:33 2025: Dispatch Server: Accepted socket connection from client
Wed May 21 19:16:33 2025: Starting Socket connection
Wed May 21 19:16:33 2025: EXCHANGE_TOKEN received, server token: 37be8235-329e-41fc-91c5-7c22d29a8f29, passed token: 37be8235-329e-41fc-91c5-7c22d29a8f29
Wed May 21 19:16:33 2025: DISPATCH_HANDLER: Adding handler from function makeHandler in library libxv_system_diagram
Wed May 21 19:16:33 2025: SESSION_MGR: creating session with session uuid: '43c2f5af-989d-4afb-8404-dc467517790f' and name 'v++_compile_csr_spmv_repl_1'
Wed May 21 19:16:33 2025: KERNEL_SVC: creating session with uuid: '43c2f5af-989d-4afb-8404-dc467517790f' and name 'v++_compile_csr_spmv_repl_1'
Wed May 21 19:16:33 2025: GUIDANCE_SMGR: creating guidance session with uuid: '43c2f5af-989d-4afb-8404-dc467517790f' and name 'v++_compile_csr_spmv_repl_1'
Wed May 21 19:16:33 2025: SYSTEM_DIAGRAM: creating session with uuid: '43c2f5af-989d-4afb-8404-dc467517790f' and name 'v++_compile_csr_spmv_repl_1'
Wed May 21 19:16:43 2025: SESSION_MGR: closing session for UUID '43c2f5af-989d-4afb-8404-dc467517790f' with name 'v++_compile_csr_spmv_repl_1'
Wed May 21 19:16:43 2025: KERNEL_SVC: closing session for UUID '43c2f5af-989d-4afb-8404-dc467517790f' with name 'v++_compile_csr_spmv_repl_1'
Wed May 21 19:16:43 2025: GUIDANCE_SMGR: closing session for UUID '43c2f5af-989d-4afb-8404-dc467517790f' with name 'v++_compile_csr_spmv_repl_1'
Wed May 21 19:16:43 2025: SYSTEM_DIAGRAM: closing session for UUID '43c2f5af-989d-4afb-8404-dc467517790f' with name 'v++_compile_csr_spmv_repl_1'
Wed May 21 19:16:43 2025: STOP_SERVER received, server token: 37be8235-329e-41fc-91c5-7c22d29a8f29, passed token: 37be8235-329e-41fc-91c5-7c22d29a8f29
Wed May 21 19:16:43 2025: Socket received request to stop server.
Wed May 21 19:16:43 2025: Dispatch Server: do_await_stop
Wed May 21 19:16:43 2025: Dispatch Server: stopping mainFifo_
Wed May 21 19:16:43 2025: XCD main fifo: Stopping
Wed May 21 19:16:43 2025: XCD main fifo: do_read error code: Operation canceled
Wed May 21 19:16:43 2025: XCD main fifo: bytes_transferred: 0
Wed May 21 19:16:43 2025: SERVER: destructor for server bound to port 33523
Wed May 21 19:16:43 2025: XCD main fifo: Good unlink of /tmp/xcdmain37be8235-329e-41fc-91c5-7c22d29a8f29
Wed May 21 19:16:43 2025: Server exiting with status 0.
Wed May 21 19:16:43 2025: Closing log file.
Wed May 21 19:25:10 2025: Running xcd server. This server was built by gradle.
Wed May 21 19:25:10 2025: Server was asked to start on port: '39307'
Wed May 21 19:25:10 2025: Server is using token UUID: '2e315e27-a404-444d-9736-6590a6e145ff'
Wed May 21 19:25:10 2025: SESSION_MGR: creating session with session uuid: '6d04a3e9-ade5-4ab9-8d63-1f78fcd2ec76' and name 'default'
Wed May 21 19:25:10 2025: Attempting to start server on port '39307'
Wed May 21 19:25:10 2025: XCD main fifo: created main fifo '/tmp/xcdmain2e315e27-a404-444d-9736-6590a6e145ff', fd read = 13
Wed May 21 19:25:10 2025: Running Dispatch Server
Wed May 21 19:25:10 2025: Version 2.2.0
Wed May 21 19:25:12 2025: Dispatch Server: Accepted socket connection from client
Wed May 21 19:25:12 2025: Starting Socket connection
Wed May 21 19:25:12 2025: EXCHANGE_TOKEN received, server token: 2e315e27-a404-444d-9736-6590a6e145ff, passed token: 2e315e27-a404-444d-9736-6590a6e145ff
Wed May 21 19:25:12 2025: DISPATCH_HANDLER: Adding handler from function makeHandler in library libxv_system_diagram
Wed May 21 19:25:12 2025: SESSION_MGR: creating session with session uuid: 'b1c6a526-ad79-4e79-ac1e-769dc5c68d31' and name 'v++_compile_csr_spmv_repl_1'
Wed May 21 19:25:12 2025: KERNEL_SVC: creating session with uuid: 'b1c6a526-ad79-4e79-ac1e-769dc5c68d31' and name 'v++_compile_csr_spmv_repl_1'
Wed May 21 19:25:12 2025: GUIDANCE_SMGR: creating guidance session with uuid: 'b1c6a526-ad79-4e79-ac1e-769dc5c68d31' and name 'v++_compile_csr_spmv_repl_1'
Wed May 21 19:25:12 2025: SYSTEM_DIAGRAM: creating session with uuid: 'b1c6a526-ad79-4e79-ac1e-769dc5c68d31' and name 'v++_compile_csr_spmv_repl_1'
Wed May 21 19:25:22 2025: SESSION_MGR: closing session for UUID 'b1c6a526-ad79-4e79-ac1e-769dc5c68d31' with name 'v++_compile_csr_spmv_repl_1'
Wed May 21 19:25:22 2025: KERNEL_SVC: closing session for UUID 'b1c6a526-ad79-4e79-ac1e-769dc5c68d31' with name 'v++_compile_csr_spmv_repl_1'
Wed May 21 19:25:22 2025: GUIDANCE_SMGR: closing session for UUID 'b1c6a526-ad79-4e79-ac1e-769dc5c68d31' with name 'v++_compile_csr_spmv_repl_1'
Wed May 21 19:25:22 2025: SYSTEM_DIAGRAM: closing session for UUID 'b1c6a526-ad79-4e79-ac1e-769dc5c68d31' with name 'v++_compile_csr_spmv_repl_1'
Wed May 21 19:25:22 2025: STOP_SERVER received, server token: 2e315e27-a404-444d-9736-6590a6e145ff, passed token: 2e315e27-a404-444d-9736-6590a6e145ff
Wed May 21 19:25:22 2025: Socket received request to stop server.
Wed May 21 19:25:22 2025: Dispatch Server: do_await_stop
Wed May 21 19:25:22 2025: Dispatch Server: stopping mainFifo_
Wed May 21 19:25:22 2025: XCD main fifo: Stopping
Wed May 21 19:25:22 2025: XCD main fifo: do_read error code: Operation canceled
Wed May 21 19:25:22 2025: XCD main fifo: bytes_transferred: 0
Wed May 21 19:25:22 2025: SERVER: destructor for server bound to port 39307
Wed May 21 19:25:22 2025: XCD main fifo: Good unlink of /tmp/xcdmain2e315e27-a404-444d-9736-6590a6e145ff
Wed May 21 19:25:22 2025: Server exiting with status 0.
Wed May 21 19:25:22 2025: Closing log file.
Wed May 21 21:13:43 2025: Running xcd server. This server was built by gradle.
Wed May 21 21:13:43 2025: Server was asked to start on port: '45229'
Wed May 21 21:13:43 2025: Server is using token UUID: '50f0f10e-338d-4256-a3b3-4791b64679a9'
Wed May 21 21:13:43 2025: SESSION_MGR: creating session with session uuid: '6d04a3e9-ade5-4ab9-8d63-1f78fcd2ec76' and name 'default'
Wed May 21 21:13:43 2025: Attempting to start server on port '45229'
Wed May 21 21:13:43 2025: XCD main fifo: created main fifo '/tmp/xcdmain50f0f10e-338d-4256-a3b3-4791b64679a9', fd read = 13
Wed May 21 21:13:43 2025: Running Dispatch Server
Wed May 21 21:13:43 2025: Version 2.2.0
Wed May 21 21:13:45 2025: Dispatch Server: Accepted socket connection from client
Wed May 21 21:13:45 2025: Starting Socket connection
Wed May 21 21:13:45 2025: EXCHANGE_TOKEN received, server token: 50f0f10e-338d-4256-a3b3-4791b64679a9, passed token: 50f0f10e-338d-4256-a3b3-4791b64679a9
Wed May 21 21:13:45 2025: DISPATCH_HANDLER: Adding handler from function makeHandler in library libxv_system_diagram
Wed May 21 21:13:45 2025: SESSION_MGR: creating session with session uuid: 'bedb70a6-e931-4fc7-b96a-ce73ef0b98f1' and name 'v++_compile_csr_spmv_repl_1'
Wed May 21 21:13:45 2025: KERNEL_SVC: creating session with uuid: 'bedb70a6-e931-4fc7-b96a-ce73ef0b98f1' and name 'v++_compile_csr_spmv_repl_1'
Wed May 21 21:13:45 2025: GUIDANCE_SMGR: creating guidance session with uuid: 'bedb70a6-e931-4fc7-b96a-ce73ef0b98f1' and name 'v++_compile_csr_spmv_repl_1'
Wed May 21 21:13:45 2025: SYSTEM_DIAGRAM: creating session with uuid: 'bedb70a6-e931-4fc7-b96a-ce73ef0b98f1' and name 'v++_compile_csr_spmv_repl_1'
Wed May 21 21:13:55 2025: SESSION_MGR: closing session for UUID 'bedb70a6-e931-4fc7-b96a-ce73ef0b98f1' with name 'v++_compile_csr_spmv_repl_1'
Wed May 21 21:13:55 2025: KERNEL_SVC: closing session for UUID 'bedb70a6-e931-4fc7-b96a-ce73ef0b98f1' with name 'v++_compile_csr_spmv_repl_1'
Wed May 21 21:13:55 2025: GUIDANCE_SMGR: closing session for UUID 'bedb70a6-e931-4fc7-b96a-ce73ef0b98f1' with name 'v++_compile_csr_spmv_repl_1'
Wed May 21 21:13:55 2025: SYSTEM_DIAGRAM: closing session for UUID 'bedb70a6-e931-4fc7-b96a-ce73ef0b98f1' with name 'v++_compile_csr_spmv_repl_1'
Wed May 21 21:13:55 2025: STOP_SERVER received, server token: 50f0f10e-338d-4256-a3b3-4791b64679a9, passed token: 50f0f10e-338d-4256-a3b3-4791b64679a9
Wed May 21 21:13:55 2025: Socket received request to stop server.
Wed May 21 21:13:55 2025: Dispatch Server: do_await_stop
Wed May 21 21:13:55 2025: Dispatch Server: stopping mainFifo_
Wed May 21 21:13:55 2025: XCD main fifo: Stopping
Wed May 21 21:13:55 2025: XCD main fifo: do_read error code: Operation canceled
Wed May 21 21:13:55 2025: XCD main fifo: bytes_transferred: 0
Wed May 21 21:13:55 2025: SERVER: destructor for server bound to port 45229
Wed May 21 21:13:55 2025: XCD main fifo: Good unlink of /tmp/xcdmain50f0f10e-338d-4256-a3b3-4791b64679a9
Wed May 21 21:13:55 2025: Server exiting with status 0.
Wed May 21 21:13:55 2025: Closing log file.
Wed May 21 21:37:21 2025: Running xcd server. This server was built by gradle.
Wed May 21 21:37:21 2025: Server was asked to start on port: '45593'
Wed May 21 21:37:21 2025: Server is using token UUID: '6fff274e-6a28-4ff4-a786-09f41737bb7e'
Wed May 21 21:37:21 2025: SESSION_MGR: creating session with session uuid: '6d04a3e9-ade5-4ab9-8d63-1f78fcd2ec76' and name 'default'
Wed May 21 21:37:21 2025: Attempting to start server on port '45593'
Wed May 21 21:37:21 2025: XCD main fifo: created main fifo '/tmp/xcdmain6fff274e-6a28-4ff4-a786-09f41737bb7e', fd read = 13
Wed May 21 21:37:21 2025: Running Dispatch Server
Wed May 21 21:37:21 2025: Version 2.2.0
Wed May 21 21:37:23 2025: Dispatch Server: Accepted socket connection from client
Wed May 21 21:37:23 2025: Starting Socket connection
Wed May 21 21:37:23 2025: EXCHANGE_TOKEN received, server token: 6fff274e-6a28-4ff4-a786-09f41737bb7e, passed token: 6fff274e-6a28-4ff4-a786-09f41737bb7e
Wed May 21 21:37:24 2025: DISPATCH_HANDLER: Adding handler from function makeHandler in library libxv_system_diagram
Wed May 21 21:37:24 2025: SESSION_MGR: creating session with session uuid: '8234ab3f-b356-4097-a294-bd889a51fbe6' and name 'v++_compile_csr_spmv_repl_1'
Wed May 21 21:37:24 2025: KERNEL_SVC: creating session with uuid: '8234ab3f-b356-4097-a294-bd889a51fbe6' and name 'v++_compile_csr_spmv_repl_1'
Wed May 21 21:37:24 2025: GUIDANCE_SMGR: creating guidance session with uuid: '8234ab3f-b356-4097-a294-bd889a51fbe6' and name 'v++_compile_csr_spmv_repl_1'
Wed May 21 21:37:24 2025: SYSTEM_DIAGRAM: creating session with uuid: '8234ab3f-b356-4097-a294-bd889a51fbe6' and name 'v++_compile_csr_spmv_repl_1'
Wed May 21 21:37:34 2025: SESSION_MGR: closing session for UUID '8234ab3f-b356-4097-a294-bd889a51fbe6' with name 'v++_compile_csr_spmv_repl_1'
Wed May 21 21:37:34 2025: KERNEL_SVC: closing session for UUID '8234ab3f-b356-4097-a294-bd889a51fbe6' with name 'v++_compile_csr_spmv_repl_1'
Wed May 21 21:37:34 2025: GUIDANCE_SMGR: closing session for UUID '8234ab3f-b356-4097-a294-bd889a51fbe6' with name 'v++_compile_csr_spmv_repl_1'
Wed May 21 21:37:34 2025: SYSTEM_DIAGRAM: closing session for UUID '8234ab3f-b356-4097-a294-bd889a51fbe6' with name 'v++_compile_csr_spmv_repl_1'
Wed May 21 21:37:34 2025: STOP_SERVER received, server token: 6fff274e-6a28-4ff4-a786-09f41737bb7e, passed token: 6fff274e-6a28-4ff4-a786-09f41737bb7e
Wed May 21 21:37:34 2025: Socket received request to stop server.
Wed May 21 21:37:34 2025: Dispatch Server: do_await_stop
Wed May 21 21:37:34 2025: Dispatch Server: stopping mainFifo_
Wed May 21 21:37:34 2025: XCD main fifo: Stopping
Wed May 21 21:37:34 2025: XCD main fifo: do_read error code: Operation canceled
Wed May 21 21:37:34 2025: XCD main fifo: bytes_transferred: 0
Wed May 21 21:37:34 2025: SERVER: destructor for server bound to port 45593
Wed May 21 21:37:34 2025: XCD main fifo: Good unlink of /tmp/xcdmain6fff274e-6a28-4ff4-a786-09f41737bb7e
Wed May 21 21:37:34 2025: Server exiting with status 0.
Wed May 21 21:37:34 2025: Closing log file.
Thu May 22 13:44:37 2025: Running xcd server. This server was built by gradle.
Thu May 22 13:44:37 2025: Server was asked to start on port: '45377'
Thu May 22 13:44:37 2025: Server is using token UUID: 'e5747a11-3732-426a-b313-bd77d0cb8b80'
Thu May 22 13:44:37 2025: SESSION_MGR: creating session with session uuid: '6d04a3e9-ade5-4ab9-8d63-1f78fcd2ec76' and name 'default'
Thu May 22 13:44:37 2025: Attempting to start server on port '45377'
Thu May 22 13:44:37 2025: XCD main fifo: created main fifo '/tmp/xcdmaine5747a11-3732-426a-b313-bd77d0cb8b80', fd read = 13
Thu May 22 13:44:37 2025: Running Dispatch Server
Thu May 22 13:44:37 2025: Version 2.2.0
Thu May 22 13:44:39 2025: Dispatch Server: Accepted socket connection from client
Thu May 22 13:44:39 2025: Starting Socket connection
Thu May 22 13:44:39 2025: EXCHANGE_TOKEN received, server token: e5747a11-3732-426a-b313-bd77d0cb8b80, passed token: e5747a11-3732-426a-b313-bd77d0cb8b80
Thu May 22 13:44:40 2025: DISPATCH_HANDLER: Adding handler from function makeHandler in library libxv_system_diagram
Thu May 22 13:44:40 2025: SESSION_MGR: creating session with session uuid: '030e0033-4d15-4dfa-9412-6ca4efcc17ca' and name 'v++_compile_csr_spmv_repl_1'
Thu May 22 13:44:40 2025: KERNEL_SVC: creating session with uuid: '030e0033-4d15-4dfa-9412-6ca4efcc17ca' and name 'v++_compile_csr_spmv_repl_1'
Thu May 22 13:44:40 2025: GUIDANCE_SMGR: creating guidance session with uuid: '030e0033-4d15-4dfa-9412-6ca4efcc17ca' and name 'v++_compile_csr_spmv_repl_1'
Thu May 22 13:44:40 2025: SYSTEM_DIAGRAM: creating session with uuid: '030e0033-4d15-4dfa-9412-6ca4efcc17ca' and name 'v++_compile_csr_spmv_repl_1'
Thu May 22 13:44:49 2025: SESSION_MGR: closing session for UUID '030e0033-4d15-4dfa-9412-6ca4efcc17ca' with name 'v++_compile_csr_spmv_repl_1'
Thu May 22 13:44:49 2025: KERNEL_SVC: closing session for UUID '030e0033-4d15-4dfa-9412-6ca4efcc17ca' with name 'v++_compile_csr_spmv_repl_1'
Thu May 22 13:44:49 2025: GUIDANCE_SMGR: closing session for UUID '030e0033-4d15-4dfa-9412-6ca4efcc17ca' with name 'v++_compile_csr_spmv_repl_1'
Thu May 22 13:44:49 2025: SYSTEM_DIAGRAM: closing session for UUID '030e0033-4d15-4dfa-9412-6ca4efcc17ca' with name 'v++_compile_csr_spmv_repl_1'
Thu May 22 13:44:49 2025: STOP_SERVER received, server token: e5747a11-3732-426a-b313-bd77d0cb8b80, passed token: e5747a11-3732-426a-b313-bd77d0cb8b80
Thu May 22 13:44:49 2025: Socket received request to stop server.
Thu May 22 13:44:49 2025: Dispatch Server: do_await_stop
Thu May 22 13:44:49 2025: Dispatch Server: stopping mainFifo_
Thu May 22 13:44:49 2025: XCD main fifo: Stopping
Thu May 22 13:44:49 2025: XCD main fifo: do_read error code: Operation canceled
Thu May 22 13:44:49 2025: XCD main fifo: bytes_transferred: 0
Thu May 22 13:44:49 2025: SERVER: destructor for server bound to port 45377
Thu May 22 13:44:49 2025: XCD main fifo: Good unlink of /tmp/xcdmaine5747a11-3732-426a-b313-bd77d0cb8b80
Thu May 22 13:44:49 2025: Server exiting with status 0.
Thu May 22 13:44:49 2025: Closing log file.
