#!/bin/sh -v 

GCC=$1
upmem=$2
c_files=$6/temp
h_files=$6/temp
mblaze_include=$3/mblaze_files/include
mblaze_lib=$3/mblaze_files/lib
linker_script=$3/linker_script/lscript.ld
elf_name=$6/$5\_ddrmc.elf
smi_file=$3/ddrmc.smi
upmem_proc=ddrmc/microblaze_I
new_h_files=$6/h_files

$GCC -Wall -Os -g3 -c -fmessage-length=0 -I/$h_files -I/$new_h_files -I/$mblaze_include -mlittle-endian -mxl-barrel-shift -mxl-pattern-compare -mno-xl-soft-div -mcpu=v10.0 -mno-xl-soft-mul -mxl-multiply-high -Wl,--no-relax -ffunction-sections -fdata-sections -MMD -MP $c_files/*.c
/home/omar/Documents/year-4/FYP/mudkip/vivado/mudkip.gen/sources_1/bd/top/ip/top_axi_noc_0_0/bd_0/ip/ip_6/ip_0/temp/calibration.c: In function 'main':
/home/omar/Documents/year-4/FYP/mudkip/vivado/mudkip.gen/sources_1/bd/top/ip/top_axi_noc_0_0/bd_0/ip/ip_6/ip_0/temp/calibration.c:199:19: warning: implicit declaration of function 'en_mission_mode_tracking' [-Wimplicit-function-declaration]
  199 |          status = en_mission_mode_tracking();
      |                   ^~~~~~~~~~~~~~~~~~~~~~~~
/home/omar/Documents/year-4/FYP/mudkip/vivado/mudkip.gen/sources_1/bd/top/ip/top_axi_noc_0_0/bd_0/ip/ip_6/ip_0/temp/calibration.c:216:13: warning: implicit declaration of function 'read_def_vref' [-Wimplicit-function-declaration]
  216 |             read_def_vref();
      |             ^~~~~~~~~~~~~
/home/omar/Documents/year-4/FYP/mudkip/vivado/mudkip.gen/sources_1/bd/top/ip/top_axi_noc_0_0/bd_0/ip/ip_6/ip_0/temp/calibration.c:115:8: warning: unused variable 'vmm_ral_status' [-Wunused-variable]
  115 |    int vmm_ral_status;
      |        ^~~~~~~~~~~~~~
In file included from /home/omar/Documents/year-4/FYP/mudkip/vivado/mudkip.gen/sources_1/bd/top/ip/top_axi_noc_0_0/bd_0/ip/ip_6/ip_0/temp/ral_ddrmc_main.h:72,
                 from /home/omar/Documents/year-4/FYP/mudkip/vivado/mudkip.gen/sources_1/bd/top/ip/top_axi_noc_0_0/bd_0/ip/ip_6/ip_0/temp/cal_reg_define.h:61,
                 from /home/omar/Documents/year-4/FYP/mudkip/vivado/mudkip.gen/sources_1/bd/top/ip/top_axi_noc_0_0/bd_0/ip/ip_6/ip_0/temp/calibration.c:72:
/home/omar/Documents/year-4/FYP/mudkip/vivado/mudkip.gen/sources_1/bd/top/ip/top_axi_noc_0_0/bd_0/ip/ip_6/ip_0/temp/vmm_ral.h: At top level:
/home/omar/Documents/year-4/FYP/mudkip/vivado/mudkip.gen/sources_1/bd/top/ip/top_axi_noc_0_0/bd_0/ip/ip_6/ip_0/temp/vmm_ral.h:136:21: warning: 'vmm_ral_addr_lshift' defined but not used [-Wunused-variable]
  136 | static unsigned int vmm_ral_addr_lshift;
      |                     ^~~~~~~~~~~~~~~~~~~
/home/omar/Documents/year-4/FYP/mudkip/vivado/mudkip.gen/sources_1/bd/top/ip/top_axi_noc_0_0/bd_0/ip/ip_6/ip_0/temp/vmm_ral.h:133:12: warning: 'sizeof_int_in_bits' defined but not used [-Wunused-variable]
  133 | static int sizeof_int_in_bits = sizeof(int) * 8;
      |            ^~~~~~~~~~~~~~~~~~
In file included from /home/omar/Documents/year-4/FYP/mudkip/vivado/mudkip.gen/sources_1/bd/top/ip/top_axi_noc_0_0/bd_0/ip/ip_6/ip_0/temp/ral_ddrmc_main.h:72,
                 from /home/omar/Documents/year-4/FYP/mudkip/vivado/mudkip.gen/sources_1/bd/top/ip/top_axi_noc_0_0/bd_0/ip/ip_6/ip_0/temp/cal_reg_define.h:61,
                 from /home/omar/Documents/year-4/FYP/mudkip/vivado/mudkip.gen/sources_1/bd/top/ip/top_axi_noc_0_0/bd_0/ip/ip_6/ip_0/temp/ddr_ca_cal.c:71:
/home/omar/Documents/year-4/FYP/mudkip/vivado/mudkip.gen/sources_1/bd/top/ip/top_axi_noc_0_0/bd_0/ip/ip_6/ip_0/temp/vmm_ral.h:136:21: warning: 'vmm_ral_addr_lshift' defined but not used [-Wunused-variable]
  136 | static unsigned int vmm_ral_addr_lshift;
      |                     ^~~~~~~~~~~~~~~~~~~
/home/omar/Documents/year-4/FYP/mudkip/vivado/mudkip.gen/sources_1/bd/top/ip/top_axi_noc_0_0/bd_0/ip/ip_6/ip_0/temp/vmm_ral.h:133:12: warning: 'sizeof_int_in_bits' defined but not used [-Wunused-variable]
  133 | static int sizeof_int_in_bits = sizeof(int) * 8;
      |            ^~~~~~~~~~~~~~~~~~
/home/omar/Documents/year-4/FYP/mudkip/vivado/mudkip.gen/sources_1/bd/top/ip/top_axi_noc_0_0/bd_0/ip/ip_6/ip_0/temp/ddr_ca_vref_cal.c: In function 'ddr_ca_vref_cal':
/home/omar/Documents/year-4/FYP/mudkip/vivado/mudkip.gen/sources_1/bd/top/ip/top_axi_noc_0_0/bd_0/ip/ip_6/ip_0/temp/ddr_ca_vref_cal.c:84:4: warning: unused variable 'status' [-Wunused-variable]
   84 | u8 status = 0;
      |    ^~~~~~
In file included from /home/omar/Documents/year-4/FYP/mudkip/vivado/mudkip.gen/sources_1/bd/top/ip/top_axi_noc_0_0/bd_0/ip/ip_6/ip_0/temp/ral_ddrmc_main.h:72,
                 from /home/omar/Documents/year-4/FYP/mudkip/vivado/mudkip.gen/sources_1/bd/top/ip/top_axi_noc_0_0/bd_0/ip/ip_6/ip_0/temp/cal_reg_define.h:61,
                 from /home/omar/Documents/year-4/FYP/mudkip/vivado/mudkip.gen/sources_1/bd/top/ip/top_axi_noc_0_0/bd_0/ip/ip_6/ip_0/temp/ddr_ca_vref_cal.c:70:
/home/omar/Documents/year-4/FYP/mudkip/vivado/mudkip.gen/sources_1/bd/top/ip/top_axi_noc_0_0/bd_0/ip/ip_6/ip_0/temp/vmm_ral.h: At top level:
/home/omar/Documents/year-4/FYP/mudkip/vivado/mudkip.gen/sources_1/bd/top/ip/top_axi_noc_0_0/bd_0/ip/ip_6/ip_0/temp/vmm_ral.h:136:21: warning: 'vmm_ral_addr_lshift' defined but not used [-Wunused-variable]
  136 | static unsigned int vmm_ral_addr_lshift;
      |                     ^~~~~~~~~~~~~~~~~~~
/home/omar/Documents/year-4/FYP/mudkip/vivado/mudkip.gen/sources_1/bd/top/ip/top_axi_noc_0_0/bd_0/ip/ip_6/ip_0/temp/vmm_ral.h:133:12: warning: 'sizeof_int_in_bits' defined but not used [-Wunused-variable]
  133 | static int sizeof_int_in_bits = sizeof(int) * 8;
      |            ^~~~~~~~~~~~~~~~~~
In file included from /home/omar/Documents/year-4/FYP/mudkip/vivado/mudkip.gen/sources_1/bd/top/ip/top_axi_noc_0_0/bd_0/ip/ip_6/ip_0/temp/ddr_cal.c:69:
/home/omar/Documents/year-4/FYP/mudkip/vivado/mudkip.gen/sources_1/bd/top/ip/top_axi_noc_0_0/bd_0/ip/ip_6/ip_0/temp/ddr_cal.c: In function 'ddr_cal':
/home/omar/Documents/year-4/FYP/mudkip/vivado/mudkip.gen/sources_1/bd/top/ip/top_axi_noc_0_0/bd_0/ip/ip_6/ip_0/temp/xsdb_reg_define.h:251:56: warning: suggest parentheses around arithmetic in operand of '|' [-Wparentheses]
  251 | #define F0_PRBS_READ                              0x1A | F0_MODE_PRBS_READ
      |                                                        ^
/home/omar/Documents/year-4/FYP/mudkip/vivado/mudkip.gen/sources_1/bd/top/ip/top_axi_noc_0_0/bd_0/ip/ip_6/ip_0/temp/ddr_cal.c:473:56: note: in expansion of macro 'F0_PRBS_READ'
  473 |    prbs_cal_time = readIO_XRAM(XRAM_CAL_STAGE_TIME + ((F0_PRBS_READ & 0x3F) * 4));
      |                                                        ^~~~~~~~~~~~
/home/omar/Documents/year-4/FYP/mudkip/vivado/mudkip.gen/sources_1/bd/top/ip/top_axi_noc_0_0/bd_0/ip/ip_6/ip_0/temp/xsdb_reg_define.h:252:56: warning: suggest parentheses around arithmetic in operand of '|' [-Wparentheses]
  252 | #define F0_PRBS_WRITE                             0x1B | F0_MODE_PRBS_WRITE
      |                                                        ^
/home/omar/Documents/year-4/FYP/mudkip/vivado/mudkip.gen/sources_1/bd/top/ip/top_axi_noc_0_0/bd_0/ip/ip_6/ip_0/temp/ddr_cal.c:475:56: note: in expansion of macro 'F0_PRBS_WRITE'
  475 |    prbs_cal_time = readIO_XRAM(XRAM_CAL_STAGE_TIME + ((F0_PRBS_WRITE & 0x3F) * 4));
      |                                                        ^~~~~~~~~~~~~
/home/omar/Documents/year-4/FYP/mudkip/vivado/mudkip.gen/sources_1/bd/top/ip/top_axi_noc_0_0/bd_0/ip/ip_6/ip_0/temp/xsdb_reg_define.h:274:56: warning: suggest parentheses around arithmetic in operand of '|' [-Wparentheses]
  274 | #define F1_PRBS_READ                       0x20 | 0x1A | F1_MODE_PRBS_READ
      |                                                        ^
/home/omar/Documents/year-4/FYP/mudkip/vivado/mudkip.gen/sources_1/bd/top/ip/top_axi_noc_0_0/bd_0/ip/ip_6/ip_0/temp/ddr_cal.c:477:56: note: in expansion of macro 'F1_PRBS_READ'
  477 |    prbs_cal_time = readIO_XRAM(XRAM_CAL_STAGE_TIME + ((F1_PRBS_READ & 0x3F) * 4));
      |                                                        ^~~~~~~~~~~~
/home/omar/Documents/year-4/FYP/mudkip/vivado/mudkip.gen/sources_1/bd/top/ip/top_axi_noc_0_0/bd_0/ip/ip_6/ip_0/temp/xsdb_reg_define.h:275:56: warning: suggest parentheses around arithmetic in operand of '|' [-Wparentheses]
  275 | #define F1_PRBS_WRITE                      0x20 | 0x1B | F1_MODE_PRBS_WRITE
      |                                                        ^
/home/omar/Documents/year-4/FYP/mudkip/vivado/mudkip.gen/sources_1/bd/top/ip/top_axi_noc_0_0/bd_0/ip/ip_6/ip_0/temp/ddr_cal.c:479:56: note: in expansion of macro 'F1_PRBS_WRITE'
  479 |    prbs_cal_time = readIO_XRAM(XRAM_CAL_STAGE_TIME + ((F1_PRBS_WRITE & 0x3F) * 4));
      |                                                        ^~~~~~~~~~~~~
/home/omar/Documents/year-4/FYP/mudkip/vivado/mudkip.gen/sources_1/bd/top/ip/top_axi_noc_0_0/bd_0/ip/ip_6/ip_0/temp/ddr_cal.c:152:8: warning: unused variable 'i' [-Wunused-variable]
  152 |    int i;
      |        ^
/home/omar/Documents/year-4/FYP/mudkip/vivado/mudkip.gen/sources_1/bd/top/ip/top_axi_noc_0_0/bd_0/ip/ip_6/ip_0/temp/ddr_cal.c:150:8: warning: unused variable 'temp_nibble' [-Wunused-variable]
  150 |    u8  temp_nibble;
      |        ^~~~~~~~~~~
/home/omar/Documents/year-4/FYP/mudkip/vivado/mudkip.gen/sources_1/bd/top/ip/top_axi_noc_0_0/bd_0/ip/ip_6/ip_0/temp/ddr_cal.c:149:8: warning: unused variable 'read_latency' [-Wunused-variable]
  149 |    u8  read_latency;
      |        ^~~~~~~~~~~~
/home/omar/Documents/year-4/FYP/mudkip/vivado/mudkip.gen/sources_1/bd/top/ip/top_axi_noc_0_0/bd_0/ip/ip_6/ip_0/temp/ddr_cal.c:148:8: warning: unused variable 'fifo_rd_latency' [-Wunused-variable]
  148 |    u8  fifo_rd_latency;
      |        ^~~~~~~~~~~~~~~
/home/omar/Documents/year-4/FYP/mudkip/vivado/mudkip.gen/sources_1/bd/top/ip/top_axi_noc_0_0/bd_0/ip/ip_6/ip_0/temp/ddr_cal.c:147:13: warning: unused variable 'nibble' [-Wunused-variable]
  147 |    u8  bit, nibble;
      |             ^~~~~~
/home/omar/Documents/year-4/FYP/mudkip/vivado/mudkip.gen/sources_1/bd/top/ip/top_axi_noc_0_0/bd_0/ip/ip_6/ip_0/temp/ddr_cal.c:147:8: warning: unused variable 'bit' [-Wunused-variable]
  147 |    u8  bit, nibble;
      |        ^~~
/home/omar/Documents/year-4/FYP/mudkip/vivado/mudkip.gen/sources_1/bd/top/ip/top_axi_noc_0_0/bd_0/ip/ip_6/ip_0/temp/ddr_cal.c:146:32: warning: unused variable 'dbi_idelay_val' [-Wunused-variable]
  146 |    u16 dq_idelay_val[DQ_BITS], dbi_idelay_val[DBI_BITS];
      |                                ^~~~~~~~~~~~~~
/home/omar/Documents/year-4/FYP/mudkip/vivado/mudkip.gen/sources_1/bd/top/ip/top_axi_noc_0_0/bd_0/ip/ip_6/ip_0/temp/ddr_cal.c:146:8: warning: unused variable 'dq_idelay_val' [-Wunused-variable]
  146 |    u16 dq_idelay_val[DQ_BITS], dbi_idelay_val[DBI_BITS];
      |        ^~~~~~~~~~~~~
/home/omar/Documents/year-4/FYP/mudkip/vivado/mudkip.gen/sources_1/bd/top/ip/top_axi_noc_0_0/bd_0/ip/ip_6/ip_0/temp/ddr_cal.c:145:30: warning: unused variable 'nqtr_val' [-Wunused-variable]
  145 |    u16 pqtr_val[DQ_NIBBLES], nqtr_val[DQ_NIBBLES];
      |                              ^~~~~~~~
/home/omar/Documents/year-4/FYP/mudkip/vivado/mudkip.gen/sources_1/bd/top/ip/top_axi_noc_0_0/bd_0/ip/ip_6/ip_0/temp/ddr_cal.c:145:8: warning: unused variable 'pqtr_val' [-Wunused-variable]
  145 |    u16 pqtr_val[DQ_NIBBLES], nqtr_val[DQ_NIBBLES];
      |        ^~~~~~~~
/home/omar/Documents/year-4/FYP/mudkip/vivado/mudkip.gen/sources_1/bd/top/ip/top_axi_noc_0_0/bd_0/ip/ip_6/ip_0/temp/ddr_cal.c:144:8: warning: unused variable 'xpi_map_bitslip' [-Wunused-variable]
  144 |    u32 xpi_map_bitslip;
      |        ^~~~~~~~~~~~~~~
/home/omar/Documents/year-4/FYP/mudkip/vivado/mudkip.gen/sources_1/bd/top/ip/top_axi_noc_0_0/bd_0/ip/ip_6/ip_0/temp/ddr_cal.c:143:8: warning: unused variable 'CAL_ITER_LIMIT' [-Wunused-variable]
  143 |    u32 CAL_ITER_LIMIT = 62; // Calibration iterations limit
      |        ^~~~~~~~~~~~~~
/home/omar/Documents/year-4/FYP/mudkip/vivado/mudkip.gen/sources_1/bd/top/ip/top_axi_noc_0_0/bd_0/ip/ip_6/ip_0/temp/ddr_cal.c:142:8: warning: unused variable 'cal_iter' [-Wunused-variable]
  142 |    u32 cal_iter=0;
      |        ^~~~~~~~
/home/omar/Documents/year-4/FYP/mudkip/vivado/mudkip.gen/sources_1/bd/top/ip/top_axi_noc_0_0/bd_0/ip/ip_6/ip_0/temp/ddr_cal.c:141:8: warning: unused variable 'cal_stage_iter' [-Wunused-variable]
  141 |    u32 cal_stage_iter=0;
      |        ^~~~~~~~~~~~~~
/home/omar/Documents/year-4/FYP/mudkip/vivado/mudkip.gen/sources_1/bd/top/ip/top_axi_noc_0_0/bd_0/ip/ip_6/ip_0/temp/ddr_cal.c:140:8: warning: unused variable 'cal_index_freq_switch' [-Wunused-variable]
  140 |    u32 cal_index_freq_switch=0;
      |        ^~~~~~~~~~~~~~~~~~~~~
/home/omar/Documents/year-4/FYP/mudkip/vivado/mudkip.gen/sources_1/bd/top/ip/top_axi_noc_0_0/bd_0/ip/ip_6/ip_0/temp/ddr_cal.c:135:14: warning: variable 'val' set but not used [-Wunused-but-set-variable]
  135 |    u32 addr, val;
      |              ^~~
In file included from /home/omar/Documents/year-4/FYP/mudkip/vivado/mudkip.gen/sources_1/bd/top/ip/top_axi_noc_0_0/bd_0/ip/ip_6/ip_0/temp/ral_ddrmc_main.h:72,
                 from /home/omar/Documents/year-4/FYP/mudkip/vivado/mudkip.gen/sources_1/bd/top/ip/top_axi_noc_0_0/bd_0/ip/ip_6/ip_0/temp/cal_reg_define.h:61,
                 from /home/omar/Documents/year-4/FYP/mudkip/vivado/mudkip.gen/sources_1/bd/top/ip/top_axi_noc_0_0/bd_0/ip/ip_6/ip_0/temp/ddr_cal.c:67:
/home/omar/Documents/year-4/FYP/mudkip/vivado/mudkip.gen/sources_1/bd/top/ip/top_axi_noc_0_0/bd_0/ip/ip_6/ip_0/temp/vmm_ral.h: At top level:
/home/omar/Documents/year-4/FYP/mudkip/vivado/mudkip.gen/sources_1/bd/top/ip/top_axi_noc_0_0/bd_0/ip/ip_6/ip_0/temp/vmm_ral.h:136:21: warning: 'vmm_ral_addr_lshift' defined but not used [-Wunused-variable]
  136 | static unsigned int vmm_ral_addr_lshift;
      |                     ^~~~~~~~~~~~~~~~~~~
/home/omar/Documents/year-4/FYP/mudkip/vivado/mudkip.gen/sources_1/bd/top/ip/top_axi_noc_0_0/bd_0/ip/ip_6/ip_0/temp/vmm_ral.h:133:12: warning: 'sizeof_int_in_bits' defined but not used [-Wunused-variable]
  133 | static int sizeof_int_in_bits = sizeof(int) * 8;
      |            ^~~~~~~~~~~~~~~~~~
/home/omar/Documents/year-4/FYP/mudkip/vivado/mudkip.gen/sources_1/bd/top/ip/top_axi_noc_0_0/bd_0/ip/ip_6/ip_0/temp/ddr_dqs_gate.c: In function 'ddr_dqs_gate':
/home/omar/Documents/year-4/FYP/mudkip/vivado/mudkip.gen/sources_1/bd/top/ip/top_axi_noc_0_0/bd_0/ip/ip_6/ip_0/temp/ddr_dqs_gate.c:299:19: warning: implicit declaration of function 'write_error_XRAM'; did you mean 'write_err_reg'? [-Wimplicit-function-declaration]
  299 |                   write_error_XRAM(ERR_CODE_6_DQS_GATE_TRAIN_TIMEOUT);
      |                   ^~~~~~~~~~~~~~~~
      |                   write_err_reg
/home/omar/Documents/year-4/FYP/mudkip/vivado/mudkip.gen/sources_1/bd/top/ip/top_axi_noc_0_0/bd_0/ip/ip_6/ip_0/temp/ddr_dqs_gate.c:300:19: warning: implicit declaration of function 'write_error_nibble_XRAM'; did you mean 'write_riu_nibble_reg'? [-Wimplicit-function-declaration]
  300 |                   write_error_nibble_XRAM(1, ~glbl_nibble_mask);
      |                   ^~~~~~~~~~~~~~~~~~~~~~~
      |                   write_riu_nibble_reg
In file included from /home/omar/Documents/year-4/FYP/mudkip/vivado/mudkip.gen/sources_1/bd/top/ip/top_axi_noc_0_0/bd_0/ip/ip_6/ip_0/temp/ral_ddrmc_main.h:72,
                 from /home/omar/Documents/year-4/FYP/mudkip/vivado/mudkip.gen/sources_1/bd/top/ip/top_axi_noc_0_0/bd_0/ip/ip_6/ip_0/temp/cal_reg_define.h:61,
                 from /home/omar/Documents/year-4/FYP/mudkip/vivado/mudkip.gen/sources_1/bd/top/ip/top_axi_noc_0_0/bd_0/ip/ip_6/ip_0/temp/ddr_dqs_gate.c:71:
/home/omar/Documents/year-4/FYP/mudkip/vivado/mudkip.gen/sources_1/bd/top/ip/top_axi_noc_0_0/bd_0/ip/ip_6/ip_0/temp/vmm_ral.h: At top level:
/home/omar/Documents/year-4/FYP/mudkip/vivado/mudkip.gen/sources_1/bd/top/ip/top_axi_noc_0_0/bd_0/ip/ip_6/ip_0/temp/vmm_ral.h:136:21: warning: 'vmm_ral_addr_lshift' defined but not used [-Wunused-variable]
  136 | static unsigned int vmm_ral_addr_lshift;
      |                     ^~~~~~~~~~~~~~~~~~~
/home/omar/Documents/year-4/FYP/mudkip/vivado/mudkip.gen/sources_1/bd/top/ip/top_axi_noc_0_0/bd_0/ip/ip_6/ip_0/temp/vmm_ral.h:133:12: warning: 'sizeof_int_in_bits' defined but not used [-Wunused-variable]
  133 | static int sizeof_int_in_bits = sizeof(int) * 8;
      |            ^~~~~~~~~~~~~~~~~~
/home/omar/Documents/year-4/FYP/mudkip/vivado/mudkip.gen/sources_1/bd/top/ip/top_axi_noc_0_0/bd_0/ip/ip_6/ip_0/temp/ddr_dqs_gate.c: In function 'edge_detect_phase':
/home/omar/Documents/year-4/FYP/mudkip/vivado/mudkip.gen/sources_1/bd/top/ip/top_axi_noc_0_0/bd_0/ip/ip_6/ip_0/temp/ddr_dqs_gate.c:1172:24: warning: 'dqs_exp_pattern' may be used uninitialized [-Wmaybe-uninitialized]
 1172 |                      if((dqs_received_pattern[nibble] & dqs_exp_pattern_mask) == dqs_exp_pattern) {
      |                        ^
/home/omar/Documents/year-4/FYP/mudkip/vivado/mudkip.gen/sources_1/bd/top/ip/top_axi_noc_0_0/bd_0/ip/ip_6/ip_0/temp/ddr_dqs_gate.c:1079:14: note: 'dqs_exp_pattern' was declared here
 1079 |          u32 dqs_exp_pattern;
      |              ^~~~~~~~~~~~~~~
/home/omar/Documents/year-4/FYP/mudkip/vivado/mudkip.gen/sources_1/bd/top/ip/top_axi_noc_0_0/bd_0/ip/ip_6/ip_0/temp/ddr_dqs_gate.c:1172:55: warning: 'dqs_exp_pattern_mask' may be used uninitialized [-Wmaybe-uninitialized]
 1172 |                      if((dqs_received_pattern[nibble] & dqs_exp_pattern_mask) == dqs_exp_pattern) {
      |                         ~~~~~~~~~~~~~~~~~~~~~~~~~~~~~~^~~~~~~~~~~~~~~~~~~~~~~
/home/omar/Documents/year-4/FYP/mudkip/vivado/mudkip.gen/sources_1/bd/top/ip/top_axi_noc_0_0/bd_0/ip/ip_6/ip_0/temp/ddr_dqs_gate.c:1080:14: note: 'dqs_exp_pattern_mask' was declared here
 1080 |          u32 dqs_exp_pattern_mask;
      |              ^~~~~~~~~~~~~~~~~~~~
/home/omar/Documents/year-4/FYP/mudkip/vivado/mudkip.gen/sources_1/bd/top/ip/top_axi_noc_0_0/bd_0/ip/ip_6/ip_0/temp/ddr_rd_cal.c: In function 'ddr_rd_cal':
/home/omar/Documents/year-4/FYP/mudkip/vivado/mudkip.gen/sources_1/bd/top/ip/top_axi_noc_0_0/bd_0/ip/ip_6/ip_0/temp/ddr_rd_cal.c:265:13: warning: implicit declaration of function 'write_error_XRAM'; did you mean 'write_err_reg'? [-Wimplicit-function-declaration]
  265 |             write_error_XRAM(ERR_CODE_65_RD_PRBS_FAIL_PRE_SANITY_CHECK);
      |             ^~~~~~~~~~~~~~~~
      |             write_err_reg
/home/omar/Documents/year-4/FYP/mudkip/vivado/mudkip.gen/sources_1/bd/top/ip/top_axi_noc_0_0/bd_0/ip/ip_6/ip_0/temp/ddr_rd_cal.c:378:13: warning: implicit declaration of function 'write_error_bit_XRAM' [-Wimplicit-function-declaration]
  378 |             write_error_bit_XRAM();
      |             ^~~~~~~~~~~~~~~~~~~~
/home/omar/Documents/year-4/FYP/mudkip/vivado/mudkip.gen/sources_1/bd/top/ip/top_axi_noc_0_0/bd_0/ip/ip_6/ip_0/temp/ddr_rd_cal.c:123:8: warning: unused variable 'i' [-Wunused-variable]
  123 |    int i;
      |        ^
In file included from /home/omar/Documents/year-4/FYP/mudkip/vivado/mudkip.gen/sources_1/bd/top/ip/top_axi_noc_0_0/bd_0/ip/ip_6/ip_0/temp/ral_ddrmc_main.h:72,
                 from /home/omar/Documents/year-4/FYP/mudkip/vivado/mudkip.gen/sources_1/bd/top/ip/top_axi_noc_0_0/bd_0/ip/ip_6/ip_0/temp/cal_reg_define.h:61,
                 from /home/omar/Documents/year-4/FYP/mudkip/vivado/mudkip.gen/sources_1/bd/top/ip/top_axi_noc_0_0/bd_0/ip/ip_6/ip_0/temp/ddr_rd_cal.c:71:
/home/omar/Documents/year-4/FYP/mudkip/vivado/mudkip.gen/sources_1/bd/top/ip/top_axi_noc_0_0/bd_0/ip/ip_6/ip_0/temp/vmm_ral.h: At top level:
/home/omar/Documents/year-4/FYP/mudkip/vivado/mudkip.gen/sources_1/bd/top/ip/top_axi_noc_0_0/bd_0/ip/ip_6/ip_0/temp/vmm_ral.h:136:21: warning: 'vmm_ral_addr_lshift' defined but not used [-Wunused-variable]
  136 | static unsigned int vmm_ral_addr_lshift;
      |                     ^~~~~~~~~~~~~~~~~~~
/home/omar/Documents/year-4/FYP/mudkip/vivado/mudkip.gen/sources_1/bd/top/ip/top_axi_noc_0_0/bd_0/ip/ip_6/ip_0/temp/vmm_ral.h:133:12: warning: 'sizeof_int_in_bits' defined but not used [-Wunused-variable]
  133 | static int sizeof_int_in_bits = sizeof(int) * 8;
      |            ^~~~~~~~~~~~~~~~~~
/home/omar/Documents/year-4/FYP/mudkip/vivado/mudkip.gen/sources_1/bd/top/ip/top_axi_noc_0_0/bd_0/ip/ip_6/ip_0/temp/ddr_rd_dbi_cal.c: In function 'ddr_rd_dbi_cal':
/home/omar/Documents/year-4/FYP/mudkip/vivado/mudkip.gen/sources_1/bd/top/ip/top_axi_noc_0_0/bd_0/ip/ip_6/ip_0/temp/ddr_rd_dbi_cal.c:266:10: warning: implicit declaration of function 'write_error_XRAM'; did you mean 'write_err_reg'? [-Wimplicit-function-declaration]
  266 |          write_error_XRAM(ERR_CODE_48_RD_DBI_FAIL_VALID_WINDOW_DBI_IDELAY);
      |          ^~~~~~~~~~~~~~~~
      |          write_err_reg
/home/omar/Documents/year-4/FYP/mudkip/vivado/mudkip.gen/sources_1/bd/top/ip/top_axi_noc_0_0/bd_0/ip/ip_6/ip_0/temp/ddr_rd_dbi_cal.c:118:8: warning: unused variable 'steps' [-Wunused-variable]
  118 |    u16 steps;
      |        ^~~~~
/home/omar/Documents/year-4/FYP/mudkip/vivado/mudkip.gen/sources_1/bd/top/ip/top_axi_noc_0_0/bd_0/ip/ip_6/ip_0/temp/ddr_rd_dbi_cal.c:117:8: warning: unused variable 'read_latency' [-Wunused-variable]
  117 |    u8  read_latency;
      |        ^~~~~~~~~~~~
In file included from /home/omar/Documents/year-4/FYP/mudkip/vivado/mudkip.gen/sources_1/bd/top/ip/top_axi_noc_0_0/bd_0/ip/ip_6/ip_0/temp/ral_ddrmc_main.h:72,
                 from /home/omar/Documents/year-4/FYP/mudkip/vivado/mudkip.gen/sources_1/bd/top/ip/top_axi_noc_0_0/bd_0/ip/ip_6/ip_0/temp/cal_reg_define.h:61,
                 from /home/omar/Documents/year-4/FYP/mudkip/vivado/mudkip.gen/sources_1/bd/top/ip/top_axi_noc_0_0/bd_0/ip/ip_6/ip_0/temp/ddr_rd_dbi_cal.c:71:
/home/omar/Documents/year-4/FYP/mudkip/vivado/mudkip.gen/sources_1/bd/top/ip/top_axi_noc_0_0/bd_0/ip/ip_6/ip_0/temp/vmm_ral.h: At top level:
/home/omar/Documents/year-4/FYP/mudkip/vivado/mudkip.gen/sources_1/bd/top/ip/top_axi_noc_0_0/bd_0/ip/ip_6/ip_0/temp/vmm_ral.h:136:21: warning: 'vmm_ral_addr_lshift' defined but not used [-Wunused-variable]
  136 | static unsigned int vmm_ral_addr_lshift;
      |                     ^~~~~~~~~~~~~~~~~~~
/home/omar/Documents/year-4/FYP/mudkip/vivado/mudkip.gen/sources_1/bd/top/ip/top_axi_noc_0_0/bd_0/ip/ip_6/ip_0/temp/vmm_ral.h:133:12: warning: 'sizeof_int_in_bits' defined but not used [-Wunused-variable]
  133 | static int sizeof_int_in_bits = sizeof(int) * 8;
      |            ^~~~~~~~~~~~~~~~~~
In file included from /home/omar/Documents/year-4/FYP/mudkip/vivado/mudkip.gen/sources_1/bd/top/ip/top_axi_noc_0_0/bd_0/ip/ip_6/ip_0/temp/ral_ddrmc_main.h:72,
                 from /home/omar/Documents/year-4/FYP/mudkip/vivado/mudkip.gen/sources_1/bd/top/ip/top_axi_noc_0_0/bd_0/ip/ip_6/ip_0/temp/cal_reg_define.h:61,
                 from /home/omar/Documents/year-4/FYP/mudkip/vivado/mudkip.gen/sources_1/bd/top/ip/top_axi_noc_0_0/bd_0/ip/ip_6/ip_0/temp/ddr_rd_vref_cal.c:70:
/home/omar/Documents/year-4/FYP/mudkip/vivado/mudkip.gen/sources_1/bd/top/ip/top_axi_noc_0_0/bd_0/ip/ip_6/ip_0/temp/vmm_ral.h:136:21: warning: 'vmm_ral_addr_lshift' defined but not used [-Wunused-variable]
  136 | static unsigned int vmm_ral_addr_lshift;
      |                     ^~~~~~~~~~~~~~~~~~~
/home/omar/Documents/year-4/FYP/mudkip/vivado/mudkip.gen/sources_1/bd/top/ip/top_axi_noc_0_0/bd_0/ip/ip_6/ip_0/temp/vmm_ral.h:133:12: warning: 'sizeof_int_in_bits' defined but not used [-Wunused-variable]
  133 | static int sizeof_int_in_bits = sizeof(int) * 8;
      |            ^~~~~~~~~~~~~~~~~~
/home/omar/Documents/year-4/FYP/mudkip/vivado/mudkip.gen/sources_1/bd/top/ip/top_axi_noc_0_0/bd_0/ip/ip_6/ip_0/temp/ddr_read_mgchk.c: In function 'ddr_read_mgchk':
/home/omar/Documents/year-4/FYP/mudkip/vivado/mudkip.gen/sources_1/bd/top/ip/top_axi_noc_0_0/bd_0/ip/ip_6/ip_0/temp/ddr_read_mgchk.c:217:9: warning: implicit declaration of function 'write_error_XRAM'; did you mean 'write_err_reg'? [-Wimplicit-function-declaration]
  217 |         write_error_XRAM(ERR_CODE_65_RD_PRBS_FAIL_PRE_SANITY_CHECK);
      |         ^~~~~~~~~~~~~~~~
      |         write_err_reg
/home/omar/Documents/year-4/FYP/mudkip/vivado/mudkip.gen/sources_1/bd/top/ip/top_axi_noc_0_0/bd_0/ip/ip_6/ip_0/temp/ddr_read_mgchk.c:98:15: warning: unused variable 'idelay_ref' [-Wunused-variable]
   98 |    static u16 idelay_ref[DQ_NIBBLES];
      |               ^~~~~~~~~~
/home/omar/Documents/year-4/FYP/mudkip/vivado/mudkip.gen/sources_1/bd/top/ip/top_axi_noc_0_0/bd_0/ip/ip_6/ip_0/temp/ddr_read_mgchk.c:96:8: warning: unused variable 'i' [-Wunused-variable]
   96 |    int i;
      |        ^
/home/omar/Documents/year-4/FYP/mudkip/vivado/mudkip.gen/sources_1/bd/top/ip/top_axi_noc_0_0/bd_0/ip/ip_6/ip_0/temp/ddr_read_mgchk.c:94:8: warning: unused variable 'error_mask' [-Wunused-variable]
   94 |    u32 error_mask;
      |        ^~~~~~~~~~
In file included from /home/omar/Documents/year-4/FYP/mudkip/vivado/mudkip.gen/sources_1/bd/top/ip/top_axi_noc_0_0/bd_0/ip/ip_6/ip_0/temp/ral_ddrmc_main.h:72,
                 from /home/omar/Documents/year-4/FYP/mudkip/vivado/mudkip.gen/sources_1/bd/top/ip/top_axi_noc_0_0/bd_0/ip/ip_6/ip_0/temp/cal_reg_define.h:61,
                 from /home/omar/Documents/year-4/FYP/mudkip/vivado/mudkip.gen/sources_1/bd/top/ip/top_axi_noc_0_0/bd_0/ip/ip_6/ip_0/temp/ddr_read_mgchk.c:71:
/home/omar/Documents/year-4/FYP/mudkip/vivado/mudkip.gen/sources_1/bd/top/ip/top_axi_noc_0_0/bd_0/ip/ip_6/ip_0/temp/vmm_ral.h: At top level:
/home/omar/Documents/year-4/FYP/mudkip/vivado/mudkip.gen/sources_1/bd/top/ip/top_axi_noc_0_0/bd_0/ip/ip_6/ip_0/temp/vmm_ral.h:136:21: warning: 'vmm_ral_addr_lshift' defined but not used [-Wunused-variable]
  136 | static unsigned int vmm_ral_addr_lshift;
      |                     ^~~~~~~~~~~~~~~~~~~
/home/omar/Documents/year-4/FYP/mudkip/vivado/mudkip.gen/sources_1/bd/top/ip/top_axi_noc_0_0/bd_0/ip/ip_6/ip_0/temp/vmm_ral.h:133:12: warning: 'sizeof_int_in_bits' defined but not used [-Wunused-variable]
  133 | static int sizeof_int_in_bits = sizeof(int) * 8;
      |            ^~~~~~~~~~~~~~~~~~
/home/omar/Documents/year-4/FYP/mudkip/vivado/mudkip.gen/sources_1/bd/top/ip/top_axi_noc_0_0/bd_0/ip/ip_6/ip_0/temp/ddr_write_complex.c: In function 'ddr_write_complex':
/home/omar/Documents/year-4/FYP/mudkip/vivado/mudkip.gen/sources_1/bd/top/ip/top_axi_noc_0_0/bd_0/ip/ip_6/ip_0/temp/ddr_write_complex.c:143:7: warning: implicit declaration of function 'write_error_XRAM'; did you mean 'write_err_reg'? [-Wimplicit-function-declaration]
  143 |       write_error_XRAM(ERR_CODE_55_WR_COMPLEX_FAIL_LEFT_EDGE_DQ_ODELAY_HIGHER_TAPS);
      |       ^~~~~~~~~~~~~~~~
      |       write_err_reg
In file included from /home/omar/Documents/year-4/FYP/mudkip/vivado/mudkip.gen/sources_1/bd/top/ip/top_axi_noc_0_0/bd_0/ip/ip_6/ip_0/temp/ral_ddrmc_main.h:72,
                 from /home/omar/Documents/year-4/FYP/mudkip/vivado/mudkip.gen/sources_1/bd/top/ip/top_axi_noc_0_0/bd_0/ip/ip_6/ip_0/temp/cal_reg_define.h:61,
                 from /home/omar/Documents/year-4/FYP/mudkip/vivado/mudkip.gen/sources_1/bd/top/ip/top_axi_noc_0_0/bd_0/ip/ip_6/ip_0/temp/ddr_write_complex.c:69:
/home/omar/Documents/year-4/FYP/mudkip/vivado/mudkip.gen/sources_1/bd/top/ip/top_axi_noc_0_0/bd_0/ip/ip_6/ip_0/temp/vmm_ral.h: At top level:
/home/omar/Documents/year-4/FYP/mudkip/vivado/mudkip.gen/sources_1/bd/top/ip/top_axi_noc_0_0/bd_0/ip/ip_6/ip_0/temp/vmm_ral.h:136:21: warning: 'vmm_ral_addr_lshift' defined but not used [-Wunused-variable]
  136 | static unsigned int vmm_ral_addr_lshift;
      |                     ^~~~~~~~~~~~~~~~~~~
/home/omar/Documents/year-4/FYP/mudkip/vivado/mudkip.gen/sources_1/bd/top/ip/top_axi_noc_0_0/bd_0/ip/ip_6/ip_0/temp/vmm_ral.h:133:12: warning: 'sizeof_int_in_bits' defined but not used [-Wunused-variable]
  133 | static int sizeof_int_in_bits = sizeof(int) * 8;
      |            ^~~~~~~~~~~~~~~~~~
/home/omar/Documents/year-4/FYP/mudkip/vivado/mudkip.gen/sources_1/bd/top/ip/top_axi_noc_0_0/bd_0/ip/ip_6/ip_0/temp/ddr_write_dqs_to_dq.c: In function 'ddr_write_dqs_to_dq':
/home/omar/Documents/year-4/FYP/mudkip/vivado/mudkip.gen/sources_1/bd/top/ip/top_axi_noc_0_0/bd_0/ip/ip_6/ip_0/temp/ddr_write_dqs_to_dq.c:197:7: warning: implicit declaration of function 'write_error_XRAM'; did you mean 'write_err_reg'? [-Wimplicit-function-declaration]
  197 |       write_error_XRAM(ERR_CODE_21_WR_DQ_DBI_FAIL_VALID_WINDOW_DQS_DQ_ODELAY);
      |       ^~~~~~~~~~~~~~~~
      |       write_err_reg
/home/omar/Documents/year-4/FYP/mudkip/vivado/mudkip.gen/sources_1/bd/top/ip/top_axi_noc_0_0/bd_0/ip/ip_6/ip_0/temp/ddr_write_dqs_to_dq.c:218:7: warning: implicit declaration of function 'write_error_bit_XRAM' [-Wimplicit-function-declaration]
  218 |       write_error_bit_XRAM();
      |       ^~~~~~~~~~~~~~~~~~~~
/home/omar/Documents/year-4/FYP/mudkip/vivado/mudkip.gen/sources_1/bd/top/ip/top_axi_noc_0_0/bd_0/ip/ip_6/ip_0/temp/ddr_write_dqs_to_dq.c:89:17: warning: unused variable 'wl_dly_rnk' [-Wunused-variable]
   89 |   u16 cal_fine, wl_dly_rnk;
      |                 ^~~~~~~~~~
/home/omar/Documents/year-4/FYP/mudkip/vivado/mudkip.gen/sources_1/bd/top/ip/top_axi_noc_0_0/bd_0/ip/ip_6/ip_0/temp/ddr_write_dqs_to_dq.c:89:7: warning: unused variable 'cal_fine' [-Wunused-variable]
   89 |   u16 cal_fine, wl_dly_rnk;
      |       ^~~~~~~~
/home/omar/Documents/year-4/FYP/mudkip/vivado/mudkip.gen/sources_1/bd/top/ip/top_axi_noc_0_0/bd_0/ip/ip_6/ip_0/temp/ddr_write_dqs_to_dq.c:88:26: warning: unused variable 'cal_crse' [-Wunused-variable]
   88 |   u8 nibble, phy_nibble, cal_crse;
      |                          ^~~~~~~~
/home/omar/Documents/year-4/FYP/mudkip/vivado/mudkip.gen/sources_1/bd/top/ip/top_axi_noc_0_0/bd_0/ip/ip_6/ip_0/temp/ddr_write_dqs_to_dq.c:88:14: warning: unused variable 'phy_nibble' [-Wunused-variable]
   88 |   u8 nibble, phy_nibble, cal_crse;
      |              ^~~~~~~~~~
/home/omar/Documents/year-4/FYP/mudkip/vivado/mudkip.gen/sources_1/bd/top/ip/top_axi_noc_0_0/bd_0/ip/ip_6/ip_0/temp/ddr_write_dqs_to_dq.c:88:6: warning: unused variable 'nibble' [-Wunused-variable]
   88 |   u8 nibble, phy_nibble, cal_crse;
      |      ^~~~~~
/home/omar/Documents/year-4/FYP/mudkip/vivado/mudkip.gen/sources_1/bd/top/ip/top_axi_noc_0_0/bd_0/ip/ip_6/ip_0/temp/ddr_write_dqs_to_dq.c:87:12: warning: unused variable 'rank' [-Wunused-variable]
   87 |   u8 i, j, rank;
      |            ^~~~
In file included from /home/omar/Documents/year-4/FYP/mudkip/vivado/mudkip.gen/sources_1/bd/top/ip/top_axi_noc_0_0/bd_0/ip/ip_6/ip_0/temp/ral_ddrmc_main.h:72,
                 from /home/omar/Documents/year-4/FYP/mudkip/vivado/mudkip.gen/sources_1/bd/top/ip/top_axi_noc_0_0/bd_0/ip/ip_6/ip_0/temp/cal_reg_define.h:61,
                 from /home/omar/Documents/year-4/FYP/mudkip/vivado/mudkip.gen/sources_1/bd/top/ip/top_axi_noc_0_0/bd_0/ip/ip_6/ip_0/temp/ddr_write_dqs_to_dq.c:71:
/home/omar/Documents/year-4/FYP/mudkip/vivado/mudkip.gen/sources_1/bd/top/ip/top_axi_noc_0_0/bd_0/ip/ip_6/ip_0/temp/vmm_ral.h: At top level:
/home/omar/Documents/year-4/FYP/mudkip/vivado/mudkip.gen/sources_1/bd/top/ip/top_axi_noc_0_0/bd_0/ip/ip_6/ip_0/temp/vmm_ral.h:136:21: warning: 'vmm_ral_addr_lshift' defined but not used [-Wunused-variable]
  136 | static unsigned int vmm_ral_addr_lshift;
      |                     ^~~~~~~~~~~~~~~~~~~
/home/omar/Documents/year-4/FYP/mudkip/vivado/mudkip.gen/sources_1/bd/top/ip/top_axi_noc_0_0/bd_0/ip/ip_6/ip_0/temp/vmm_ral.h:133:12: warning: 'sizeof_int_in_bits' defined but not used [-Wunused-variable]
  133 | static int sizeof_int_in_bits = sizeof(int) * 8;
      |            ^~~~~~~~~~~~~~~~~~
/home/omar/Documents/year-4/FYP/mudkip/vivado/mudkip.gen/sources_1/bd/top/ip/top_axi_noc_0_0/bd_0/ip/ip_6/ip_0/temp/ddr_write_latency_cal.c: In function 'ddr_write_latency_cal':
/home/omar/Documents/year-4/FYP/mudkip/vivado/mudkip.gen/sources_1/bd/top/ip/top_axi_noc_0_0/bd_0/ip/ip_6/ip_0/temp/ddr_write_latency_cal.c:305:7: warning: implicit declaration of function 'write_error_nibble_XRAM'; did you mean 'write_riu_nibble_reg'? [-Wimplicit-function-declaration]
  305 |       write_error_nibble_XRAM(0, dq_compare_result);
      |       ^~~~~~~~~~~~~~~~~~~~~~~
      |       write_riu_nibble_reg
/home/omar/Documents/year-4/FYP/mudkip/vivado/mudkip.gen/sources_1/bd/top/ip/top_axi_noc_0_0/bd_0/ip/ip_6/ip_0/temp/ddr_write_latency_cal.c:306:7: warning: implicit declaration of function 'write_error_XRAM'; did you mean 'write_err_reg'? [-Wimplicit-function-declaration]
  306 |       write_error_XRAM(ERR_CODE_37_WRLAT_PATTERN_MISMATCH);
      |       ^~~~~~~~~~~~~~~~
      |       write_err_reg
/home/omar/Documents/year-4/FYP/mudkip/vivado/mudkip.gen/sources_1/bd/top/ip/top_axi_noc_0_0/bd_0/ip/ip_6/ip_0/temp/ddr_write_latency_cal.c:117:7: warning: unused variable 'xpi_oe_pre_post' [-Wunused-variable]
  117 |   u16 xpi_oe_pre_post;
      |       ^~~~~~~~~~~~~~~
/home/omar/Documents/year-4/FYP/mudkip/vivado/mudkip.gen/sources_1/bd/top/ip/top_axi_noc_0_0/bd_0/ip/ip_6/ip_0/temp/ddr_write_latency_cal.c:116:18: warning: unused variable 'dq_delay' [-Wunused-variable]
  116 |   u32 dqs_delay, dq_delay;
      |                  ^~~~~~~~
/home/omar/Documents/year-4/FYP/mudkip/vivado/mudkip.gen/sources_1/bd/top/ip/top_axi_noc_0_0/bd_0/ip/ip_6/ip_0/temp/ddr_write_latency_cal.c:116:7: warning: unused variable 'dqs_delay' [-Wunused-variable]
  116 |   u32 dqs_delay, dq_delay;
      |       ^~~~~~~~~
/home/omar/Documents/year-4/FYP/mudkip/vivado/mudkip.gen/sources_1/bd/top/ip/top_axi_noc_0_0/bd_0/ip/ip_6/ip_0/temp/ddr_write_latency_cal.c:115:7: warning: unused variable 't_dqs_to_dq_latency' [-Wunused-variable]
  115 |   u16 t_dqs_to_dq_latency;
      |       ^~~~~~~~~~~~~~~~~~~
/home/omar/Documents/year-4/FYP/mudkip/vivado/mudkip.gen/sources_1/bd/top/ip/top_axi_noc_0_0/bd_0/ip/ip_6/ip_0/temp/ddr_write_latency_cal.c:114:52: warning: unused variable 'lp4_dq_fine' [-Wunused-variable]
  114 |   u16 lp4_dqs_coarse, lp4_dqs_fine, lp4_dq_coarse, lp4_dq_fine;
      |                                                    ^~~~~~~~~~~
/home/omar/Documents/year-4/FYP/mudkip/vivado/mudkip.gen/sources_1/bd/top/ip/top_axi_noc_0_0/bd_0/ip/ip_6/ip_0/temp/ddr_write_latency_cal.c:114:37: warning: unused variable 'lp4_dq_coarse' [-Wunused-variable]
  114 |   u16 lp4_dqs_coarse, lp4_dqs_fine, lp4_dq_coarse, lp4_dq_fine;
      |                                     ^~~~~~~~~~~~~
/home/omar/Documents/year-4/FYP/mudkip/vivado/mudkip.gen/sources_1/bd/top/ip/top_axi_noc_0_0/bd_0/ip/ip_6/ip_0/temp/ddr_write_latency_cal.c:114:23: warning: unused variable 'lp4_dqs_fine' [-Wunused-variable]
  114 |   u16 lp4_dqs_coarse, lp4_dqs_fine, lp4_dq_coarse, lp4_dq_fine;
      |                       ^~~~~~~~~~~~
/home/omar/Documents/year-4/FYP/mudkip/vivado/mudkip.gen/sources_1/bd/top/ip/top_axi_noc_0_0/bd_0/ip/ip_6/ip_0/temp/ddr_write_latency_cal.c:114:7: warning: unused variable 'lp4_dqs_coarse' [-Wunused-variable]
  114 |   u16 lp4_dqs_coarse, lp4_dqs_fine, lp4_dq_coarse, lp4_dq_fine;
      |       ^~~~~~~~~~~~~~
/home/omar/Documents/year-4/FYP/mudkip/vivado/mudkip.gen/sources_1/bd/top/ip/top_axi_noc_0_0/bd_0/ip/ip_6/ip_0/temp/ddr_write_latency_cal.c:113:68: warning: unused variable 'prea2act_timer' [-Wunused-variable]
  113 |   u8 cas_gap_timer, act_gap_timer, burst_gap_timer, cas2pre_timer, prea2act_timer;
      |                                                                    ^~~~~~~~~~~~~~
/home/omar/Documents/year-4/FYP/mudkip/vivado/mudkip.gen/sources_1/bd/top/ip/top_axi_noc_0_0/bd_0/ip/ip_6/ip_0/temp/ddr_write_latency_cal.c:113:53: warning: unused variable 'cas2pre_timer' [-Wunused-variable]
  113 |   u8 cas_gap_timer, act_gap_timer, burst_gap_timer, cas2pre_timer, prea2act_timer;
      |                                                     ^~~~~~~~~~~~~
/home/omar/Documents/year-4/FYP/mudkip/vivado/mudkip.gen/sources_1/bd/top/ip/top_axi_noc_0_0/bd_0/ip/ip_6/ip_0/temp/ddr_write_latency_cal.c:113:36: warning: unused variable 'burst_gap_timer' [-Wunused-variable]
  113 |   u8 cas_gap_timer, act_gap_timer, burst_gap_timer, cas2pre_timer, prea2act_timer;
      |                                    ^~~~~~~~~~~~~~~
/home/omar/Documents/year-4/FYP/mudkip/vivado/mudkip.gen/sources_1/bd/top/ip/top_axi_noc_0_0/bd_0/ip/ip_6/ip_0/temp/ddr_write_latency_cal.c:113:21: warning: unused variable 'act_gap_timer' [-Wunused-variable]
  113 |   u8 cas_gap_timer, act_gap_timer, burst_gap_timer, cas2pre_timer, prea2act_timer;
      |                     ^~~~~~~~~~~~~
/home/omar/Documents/year-4/FYP/mudkip/vivado/mudkip.gen/sources_1/bd/top/ip/top_axi_noc_0_0/bd_0/ip/ip_6/ip_0/temp/ddr_write_latency_cal.c:113:6: warning: unused variable 'cas_gap_timer' [-Wunused-variable]
  113 |   u8 cas_gap_timer, act_gap_timer, burst_gap_timer, cas2pre_timer, prea2act_timer;
      |      ^~~~~~~~~~~~~
/home/omar/Documents/year-4/FYP/mudkip/vivado/mudkip.gen/sources_1/bd/top/ip/top_axi_noc_0_0/bd_0/ip/ip_6/ip_0/temp/ddr_write_latency_cal.c:112:7: warning: unused variable 'cplx_config2' [-Wunused-variable]
  112 |   u32 cplx_config2;
      |       ^~~~~~~~~~~~
/home/omar/Documents/year-4/FYP/mudkip/vivado/mudkip.gen/sources_1/bd/top/ip/top_axi_noc_0_0/bd_0/ip/ip_6/ip_0/temp/ddr_write_latency_cal.c:103:6: warning: unused variable 'odelay' [-Wunused-variable]
  103 |   u8 odelay;
      |      ^~~~~~
/home/omar/Documents/year-4/FYP/mudkip/vivado/mudkip.gen/sources_1/bd/top/ip/top_axi_noc_0_0/bd_0/ip/ip_6/ip_0/temp/ddr_write_latency_cal.c:96:38: warning: unused variable 'phy_oe_all_dly_final' [-Wunused-variable]
   96 |   u8 phy_oe_dly_min, phy_oe_dly_max, phy_oe_all_dly_final;
      |                                      ^~~~~~~~~~~~~~~~~~~~
/home/omar/Documents/year-4/FYP/mudkip/vivado/mudkip.gen/sources_1/bd/top/ip/top_axi_noc_0_0/bd_0/ip/ip_6/ip_0/temp/ddr_write_latency_cal.c:96:22: warning: unused variable 'phy_oe_dly_max' [-Wunused-variable]
   96 |   u8 phy_oe_dly_min, phy_oe_dly_max, phy_oe_all_dly_final;
      |                      ^~~~~~~~~~~~~~
/home/omar/Documents/year-4/FYP/mudkip/vivado/mudkip.gen/sources_1/bd/top/ip/top_axi_noc_0_0/bd_0/ip/ip_6/ip_0/temp/ddr_write_latency_cal.c:96:6: warning: unused variable 'phy_oe_dly_min' [-Wunused-variable]
   96 |   u8 phy_oe_dly_min, phy_oe_dly_max, phy_oe_all_dly_final;
      |      ^~~~~~~~~~~~~~
/home/omar/Documents/year-4/FYP/mudkip/vivado/mudkip.gen/sources_1/bd/top/ip/top_axi_noc_0_0/bd_0/ip/ip_6/ip_0/temp/ddr_write_latency_cal.c:95:6: warning: unused variable 'phy_oe_dly_upd' [-Wunused-variable]
   95 |   u8 phy_oe_dly_upd[RANKS][DQS_BITS];
      |      ^~~~~~~~~~~~~~
/home/omar/Documents/year-4/FYP/mudkip/vivado/mudkip.gen/sources_1/bd/top/ip/top_axi_noc_0_0/bd_0/ip/ip_6/ip_0/temp/ddr_write_latency_cal.c:81:16: warning: unused variable 'bl16_rd_data' [-Wunused-variable]
   81 |   u32 rd_data, bl16_rd_data, wl_dly_rnk, crse;
      |                ^~~~~~~~~~~~
In file included from /home/omar/Documents/year-4/FYP/mudkip/vivado/mudkip.gen/sources_1/bd/top/ip/top_axi_noc_0_0/bd_0/ip/ip_6/ip_0/temp/ral_ddrmc_main.h:72,
                 from /home/omar/Documents/year-4/FYP/mudkip/vivado/mudkip.gen/sources_1/bd/top/ip/top_axi_noc_0_0/bd_0/ip/ip_6/ip_0/temp/cal_reg_define.h:61,
                 from /home/omar/Documents/year-4/FYP/mudkip/vivado/mudkip.gen/sources_1/bd/top/ip/top_axi_noc_0_0/bd_0/ip/ip_6/ip_0/temp/ddr_write_latency_cal.c:70:
/home/omar/Documents/year-4/FYP/mudkip/vivado/mudkip.gen/sources_1/bd/top/ip/top_axi_noc_0_0/bd_0/ip/ip_6/ip_0/temp/vmm_ral.h: At top level:
/home/omar/Documents/year-4/FYP/mudkip/vivado/mudkip.gen/sources_1/bd/top/ip/top_axi_noc_0_0/bd_0/ip/ip_6/ip_0/temp/vmm_ral.h:136:21: warning: 'vmm_ral_addr_lshift' defined but not used [-Wunused-variable]
  136 | static unsigned int vmm_ral_addr_lshift;
      |                     ^~~~~~~~~~~~~~~~~~~
/home/omar/Documents/year-4/FYP/mudkip/vivado/mudkip.gen/sources_1/bd/top/ip/top_axi_noc_0_0/bd_0/ip/ip_6/ip_0/temp/vmm_ral.h:133:12: warning: 'sizeof_int_in_bits' defined but not used [-Wunused-variable]
  133 | static int sizeof_int_in_bits = sizeof(int) * 8;
      |            ^~~~~~~~~~~~~~~~~~
/home/omar/Documents/year-4/FYP/mudkip/vivado/mudkip.gen/sources_1/bd/top/ip/top_axi_noc_0_0/bd_0/ip/ip_6/ip_0/temp/ddr_write_latency_cal.c: In function 'ddr_write_latency_cal':
/home/omar/Documents/year-4/FYP/mudkip/vivado/mudkip.gen/sources_1/bd/top/ip/top_axi_noc_0_0/bd_0/ip/ip_6/ip_0/temp/ddr_write_latency_cal.c:745:112: warning: iteration 7 invokes undefined behavior [-Waggressive-loop-optimizations]
  745 |     phy_oe_dly = 0x07 & readIO_DMC(ral_addr_of_phy_oe_nib0_in_ddrmc_main_ddrmc_main_bank(BLK) + (4*glbl_map_riu[(i*NIBBLE_PER_DQS)+j]));
      |                                                                                                    ~~~~~~~~~~~~^~~~~~~~~~~~~~~~~~~~~~
/home/omar/Documents/year-4/FYP/mudkip/vivado/mudkip.gen/sources_1/bd/top/ip/top_axi_noc_0_0/bd_0/ip/ip_6/ip_0/temp/ddr_write_latency_cal.c:743:13: note: within this loop
  743 |   for(i=0; i<DQS_BITS; i++) {
/home/omar/Documents/year-4/FYP/mudkip/vivado/mudkip.gen/sources_1/bd/top/ip/top_axi_noc_0_0/bd_0/ip/ip_6/ip_0/temp/ddr_write_mgchk.c: In function 'ddr_write_mgchk':
/home/omar/Documents/year-4/FYP/mudkip/vivado/mudkip.gen/sources_1/bd/top/ip/top_axi_noc_0_0/bd_0/ip/ip_6/ip_0/temp/ddr_write_mgchk.c:90:5: warning: implicit declaration of function 'write_error_XRAM'; did you mean 'write_err_reg'? [-Wimplicit-function-declaration]
   90 |     write_error_XRAM(ERR_CODE_75_WR_PRBS_FAIL_POST_SANITY_CHECK_1);
      |     ^~~~~~~~~~~~~~~~
      |     write_err_reg
/home/omar/Documents/year-4/FYP/mudkip/vivado/mudkip.gen/sources_1/bd/top/ip/top_axi_noc_0_0/bd_0/ip/ip_6/ip_0/temp/ddr_write_mgchk.c: In function 'get_write_window_margin':
/home/omar/Documents/year-4/FYP/mudkip/vivado/mudkip.gen/sources_1/bd/top/ip/top_axi_noc_0_0/bd_0/ip/ip_6/ip_0/temp/ddr_write_mgchk.c:148:6: warning: unused variable 'i' [-Wunused-variable]
  148 |   u8 i, j;
      |      ^
In file included from /home/omar/Documents/year-4/FYP/mudkip/vivado/mudkip.gen/sources_1/bd/top/ip/top_axi_noc_0_0/bd_0/ip/ip_6/ip_0/temp/ral_ddrmc_main.h:72,
                 from /home/omar/Documents/year-4/FYP/mudkip/vivado/mudkip.gen/sources_1/bd/top/ip/top_axi_noc_0_0/bd_0/ip/ip_6/ip_0/temp/cal_reg_define.h:61,
                 from /home/omar/Documents/year-4/FYP/mudkip/vivado/mudkip.gen/sources_1/bd/top/ip/top_axi_noc_0_0/bd_0/ip/ip_6/ip_0/temp/ddr_write_mgchk.c:69:
/home/omar/Documents/year-4/FYP/mudkip/vivado/mudkip.gen/sources_1/bd/top/ip/top_axi_noc_0_0/bd_0/ip/ip_6/ip_0/temp/vmm_ral.h: At top level:
/home/omar/Documents/year-4/FYP/mudkip/vivado/mudkip.gen/sources_1/bd/top/ip/top_axi_noc_0_0/bd_0/ip/ip_6/ip_0/temp/vmm_ral.h:136:21: warning: 'vmm_ral_addr_lshift' defined but not used [-Wunused-variable]
  136 | static unsigned int vmm_ral_addr_lshift;
      |                     ^~~~~~~~~~~~~~~~~~~
/home/omar/Documents/year-4/FYP/mudkip/vivado/mudkip.gen/sources_1/bd/top/ip/top_axi_noc_0_0/bd_0/ip/ip_6/ip_0/temp/vmm_ral.h:133:12: warning: 'sizeof_int_in_bits' defined but not used [-Wunused-variable]
  133 | static int sizeof_int_in_bits = sizeof(int) * 8;
      |            ^~~~~~~~~~~~~~~~~~
/home/omar/Documents/year-4/FYP/mudkip/vivado/mudkip.gen/sources_1/bd/top/ip/top_axi_noc_0_0/bd_0/ip/ip_6/ip_0/temp/ddr_write_prbs.c: In function 'ddr_write_prbs':
/home/omar/Documents/year-4/FYP/mudkip/vivado/mudkip.gen/sources_1/bd/top/ip/top_axi_noc_0_0/bd_0/ip/ip_6/ip_0/temp/ddr_write_prbs.c:135:5: warning: implicit declaration of function 'write_error_XRAM'; did you mean 'write_err_reg'? [-Wimplicit-function-declaration]
  135 |     write_error_XRAM(ERR_CODE_75_WR_PRBS_FAIL_POST_SANITY_CHECK_1);
      |     ^~~~~~~~~~~~~~~~
      |     write_err_reg
In file included from /home/omar/Documents/year-4/FYP/mudkip/vivado/mudkip.gen/sources_1/bd/top/ip/top_axi_noc_0_0/bd_0/ip/ip_6/ip_0/temp/ral_ddrmc_main.h:72,
                 from /home/omar/Documents/year-4/FYP/mudkip/vivado/mudkip.gen/sources_1/bd/top/ip/top_axi_noc_0_0/bd_0/ip/ip_6/ip_0/temp/cal_reg_define.h:61,
                 from /home/omar/Documents/year-4/FYP/mudkip/vivado/mudkip.gen/sources_1/bd/top/ip/top_axi_noc_0_0/bd_0/ip/ip_6/ip_0/temp/ddr_write_prbs.c:69:
/home/omar/Documents/year-4/FYP/mudkip/vivado/mudkip.gen/sources_1/bd/top/ip/top_axi_noc_0_0/bd_0/ip/ip_6/ip_0/temp/vmm_ral.h: At top level:
/home/omar/Documents/year-4/FYP/mudkip/vivado/mudkip.gen/sources_1/bd/top/ip/top_axi_noc_0_0/bd_0/ip/ip_6/ip_0/temp/vmm_ral.h:136:21: warning: 'vmm_ral_addr_lshift' defined but not used [-Wunused-variable]
  136 | static unsigned int vmm_ral_addr_lshift;
      |                     ^~~~~~~~~~~~~~~~~~~
/home/omar/Documents/year-4/FYP/mudkip/vivado/mudkip.gen/sources_1/bd/top/ip/top_axi_noc_0_0/bd_0/ip/ip_6/ip_0/temp/vmm_ral.h:133:12: warning: 'sizeof_int_in_bits' defined but not used [-Wunused-variable]
  133 | static int sizeof_int_in_bits = sizeof(int) * 8;
      |            ^~~~~~~~~~~~~~~~~~
/home/omar/Documents/year-4/FYP/mudkip/vivado/mudkip.gen/sources_1/bd/top/ip/top_axi_noc_0_0/bd_0/ip/ip_6/ip_0/temp/ddr_wrlvl.c: In function 'ddr_wrlvl':
/home/omar/Documents/year-4/FYP/mudkip/vivado/mudkip.gen/sources_1/bd/top/ip/top_axi_noc_0_0/bd_0/ip/ip_6/ip_0/temp/ddr_wrlvl.c:320:11: warning: implicit declaration of function 'write_error_XRAM'; did you mean 'write_err_reg'? [-Wimplicit-function-declaration]
  320 |           write_error_XRAM(ERR_CODE_9_WRLVL_FAIL_RISE_EDGE_DETECTION);
      |           ^~~~~~~~~~~~~~~~
      |           write_err_reg
/home/omar/Documents/year-4/FYP/mudkip/vivado/mudkip.gen/sources_1/bd/top/ip/top_axi_noc_0_0/bd_0/ip/ip_6/ip_0/temp/ddr_wrlvl.c:321:11: warning: implicit declaration of function 'write_error_nibble_XRAM'; did you mean 'write_riu_nibble_reg'? [-Wimplicit-function-declaration]
  321 |           write_error_nibble_XRAM(0, ~dqs_coarse_status);
      |           ^~~~~~~~~~~~~~~~~~~~~~~
      |           write_riu_nibble_reg
/home/omar/Documents/year-4/FYP/mudkip/vivado/mudkip.gen/sources_1/bd/top/ip/top_axi_noc_0_0/bd_0/ip/ip_6/ip_0/temp/ddr_wrlvl.c: In function 'mult_sample_dqs':
/home/omar/Documents/year-4/FYP/mudkip/vivado/mudkip.gen/sources_1/bd/top/ip/top_axi_noc_0_0/bd_0/ip/ip_6/ip_0/temp/ddr_wrlvl.c:815:9: warning: unused variable 'j' [-Wunused-variable]
  815 |   u8 i, j;
      |         ^
In file included from /home/omar/Documents/year-4/FYP/mudkip/vivado/mudkip.gen/sources_1/bd/top/ip/top_axi_noc_0_0/bd_0/ip/ip_6/ip_0/temp/ral_ddrmc_main.h:72,
                 from /home/omar/Documents/year-4/FYP/mudkip/vivado/mudkip.gen/sources_1/bd/top/ip/top_axi_noc_0_0/bd_0/ip/ip_6/ip_0/temp/cal_reg_define.h:61,
                 from /home/omar/Documents/year-4/FYP/mudkip/vivado/mudkip.gen/sources_1/bd/top/ip/top_axi_noc_0_0/bd_0/ip/ip_6/ip_0/temp/ddr_wrlvl.c:70:
/home/omar/Documents/year-4/FYP/mudkip/vivado/mudkip.gen/sources_1/bd/top/ip/top_axi_noc_0_0/bd_0/ip/ip_6/ip_0/temp/vmm_ral.h: At top level:
/home/omar/Documents/year-4/FYP/mudkip/vivado/mudkip.gen/sources_1/bd/top/ip/top_axi_noc_0_0/bd_0/ip/ip_6/ip_0/temp/vmm_ral.h:136:21: warning: 'vmm_ral_addr_lshift' defined but not used [-Wunused-variable]
  136 | static unsigned int vmm_ral_addr_lshift;
      |                     ^~~~~~~~~~~~~~~~~~~
/home/omar/Documents/year-4/FYP/mudkip/vivado/mudkip.gen/sources_1/bd/top/ip/top_axi_noc_0_0/bd_0/ip/ip_6/ip_0/temp/vmm_ral.h:133:12: warning: 'sizeof_int_in_bits' defined but not used [-Wunused-variable]
  133 | static int sizeof_int_in_bits = sizeof(int) * 8;
      |            ^~~~~~~~~~~~~~~~~~
/home/omar/Documents/year-4/FYP/mudkip/vivado/mudkip.gen/sources_1/bd/top/ip/top_axi_noc_0_0/bd_0/ip/ip_6/ip_0/temp/ddr_wrvref.c: In function 'ddr_write_vref':
/home/omar/Documents/year-4/FYP/mudkip/vivado/mudkip.gen/sources_1/bd/top/ip/top_axi_noc_0_0/bd_0/ip/ip_6/ip_0/temp/ddr_wrvref.c:89:14: warning: variable 'vref_right_width' set but not used [-Wunused-but-set-variable]
   89 |   static u16 vref_right_width[100][DQS_BITS];
      |              ^~~~~~~~~~~~~~~~
/home/omar/Documents/year-4/FYP/mudkip/vivado/mudkip.gen/sources_1/bd/top/ip/top_axi_noc_0_0/bd_0/ip/ip_6/ip_0/temp/ddr_wrvref.c:88:14: warning: variable 'vref_left_width' set but not used [-Wunused-but-set-variable]
   88 |   static u16 vref_left_width[100][DQS_BITS];
      |              ^~~~~~~~~~~~~~~
/home/omar/Documents/year-4/FYP/mudkip/vivado/mudkip.gen/sources_1/bd/top/ip/top_axi_noc_0_0/bd_0/ip/ip_6/ip_0/temp/ddr_wrvref.c:83:7: warning: unused variable 'nibble_mask' [-Wunused-variable]
   83 |   u32 nibble_mask;
      |       ^~~~~~~~~~~
/home/omar/Documents/year-4/FYP/mudkip/vivado/mudkip.gen/sources_1/bd/top/ip/top_axi_noc_0_0/bd_0/ip/ip_6/ip_0/temp/ddr_wrvref.c:82:7: warning: variable 'dq_odelay_per_byte_flag' set but not used [-Wunused-but-set-variable]
   82 |   u32 dq_odelay_per_byte_flag, vref_per_byte_flag;
      |       ^~~~~~~~~~~~~~~~~~~~~~~
In file included from /home/omar/Documents/year-4/FYP/mudkip/vivado/mudkip.gen/sources_1/bd/top/ip/top_axi_noc_0_0/bd_0/ip/ip_6/ip_0/temp/ral_ddrmc_main.h:72,
                 from /home/omar/Documents/year-4/FYP/mudkip/vivado/mudkip.gen/sources_1/bd/top/ip/top_axi_noc_0_0/bd_0/ip/ip_6/ip_0/temp/cal_reg_define.h:61,
                 from /home/omar/Documents/year-4/FYP/mudkip/vivado/mudkip.gen/sources_1/bd/top/ip/top_axi_noc_0_0/bd_0/ip/ip_6/ip_0/temp/ddr_wrvref.c:69:
/home/omar/Documents/year-4/FYP/mudkip/vivado/mudkip.gen/sources_1/bd/top/ip/top_axi_noc_0_0/bd_0/ip/ip_6/ip_0/temp/vmm_ral.h: At top level:
/home/omar/Documents/year-4/FYP/mudkip/vivado/mudkip.gen/sources_1/bd/top/ip/top_axi_noc_0_0/bd_0/ip/ip_6/ip_0/temp/vmm_ral.h:136:21: warning: 'vmm_ral_addr_lshift' defined but not used [-Wunused-variable]
  136 | static unsigned int vmm_ral_addr_lshift;
      |                     ^~~~~~~~~~~~~~~~~~~
/home/omar/Documents/year-4/FYP/mudkip/vivado/mudkip.gen/sources_1/bd/top/ip/top_axi_noc_0_0/bd_0/ip/ip_6/ip_0/temp/vmm_ral.h:133:12: warning: 'sizeof_int_in_bits' defined but not used [-Wunused-variable]
  133 | static int sizeof_int_in_bits = sizeof(int) * 8;
      |            ^~~~~~~~~~~~~~~~~~
/home/omar/Documents/year-4/FYP/mudkip/vivado/mudkip.gen/sources_1/bd/top/ip/top_axi_noc_0_0/bd_0/ip/ip_6/ip_0/temp/ddr_wrvref.c: In function 'ddr_write_vref':
/home/omar/Documents/year-4/FYP/mudkip/vivado/mudkip.gen/sources_1/bd/top/ip/top_axi_noc_0_0/bd_0/ip/ip_6/ip_0/temp/ddr_wrvref.c:278:47: warning: 'lower_vref_value' may be used uninitialized [-Wmaybe-uninitialized]
  278 |       final_vref_value[j] = (lower_vref_value + upper_vref_value)/2;
      |                             ~~~~~~~~~~~~~~~~~~^~~~~~~~~~~~~~~~~~~
/home/omar/Documents/year-4/FYP/mudkip/vivado/mudkip.gen/sources_1/bd/top/ip/top_axi_noc_0_0/bd_0/ip/ip_6/ip_0/temp/ddr_wrvref.c:97:6: note: 'lower_vref_value' was declared here
   97 |   u8 lower_vref_value, upper_vref_value, final_vref_value[DQS_BITS];
      |      ^~~~~~~~~~~~~~~~
/home/omar/Documents/year-4/FYP/mudkip/vivado/mudkip.gen/sources_1/bd/top/ip/top_axi_noc_0_0/bd_0/ip/ip_6/ip_0/temp/ddr_wrvref.c:278:47: warning: 'upper_vref_value' may be used uninitialized [-Wmaybe-uninitialized]
  278 |       final_vref_value[j] = (lower_vref_value + upper_vref_value)/2;
      |                             ~~~~~~~~~~~~~~~~~~^~~~~~~~~~~~~~~~~~~
/home/omar/Documents/year-4/FYP/mudkip/vivado/mudkip.gen/sources_1/bd/top/ip/top_axi_noc_0_0/bd_0/ip/ip_6/ip_0/temp/ddr_wrvref.c:97:24: note: 'upper_vref_value' was declared here
   97 |   u8 lower_vref_value, upper_vref_value, final_vref_value[DQS_BITS];
      |                        ^~~~~~~~~~~~~~~~
/home/omar/Documents/year-4/FYP/mudkip/vivado/mudkip.gen/sources_1/bd/top/ip/top_axi_noc_0_0/bd_0/ip/ip_6/ip_0/temp/ddr_wrvref.c:352:7: warning: 'xpi_write_dm_dbi' may be used uninitialized [-Wmaybe-uninitialized]
  352 |       writeIO_DMC(ral_addr_of_xpi_write_dm_dbi_in_ddrmc_main_ddrmc_main_bank(BLK), xpi_write_dm_dbi);
      |       ^~~~~~~~~~~~~~~~~~~~~~~~~~~~~~~~~~~~~~~~~~~~~~~~~~~~~~~~~~~~~~~~~~~~~~~~~~~~~~~~~~~~~~~~~~~~~~
/home/omar/Documents/year-4/FYP/mudkip/vivado/mudkip.gen/sources_1/bd/top/ip/top_axi_noc_0_0/bd_0/ip/ip_6/ip_0/temp/ddr_wrvref.c:80:6: note: 'xpi_write_dm_dbi' was declared here
   80 |   u8 xpi_write_dm_dbi;
      |      ^~~~~~~~~~~~~~~~
/home/omar/Documents/year-4/FYP/mudkip/vivado/mudkip.gen/sources_1/bd/top/ip/top_axi_noc_0_0/bd_0/ip/ip_6/ip_0/temp/function_def.c: In function 'set_1_seq_command_at_mem':
/home/omar/Documents/year-4/FYP/mudkip/vivado/mudkip.gen/sources_1/bd/top/ip/top_axi_noc_0_0/bd_0/ip/ip_6/ip_0/temp/function_def.c:315:4: warning: this 'while' clause does not guard... [-Wmisleading-indentation]
  315 |    while(readIO_DMC(ral_addr_of_seq_status_cnt_in_ddrmc_main_ddrmc_main_bank(BLK)));
      |    ^~~~~
/home/omar/Documents/year-4/FYP/mudkip/vivado/mudkip.gen/sources_1/bd/top/ip/top_axi_noc_0_0/bd_0/ip/ip_6/ip_0/temp/function_def.c:319:6: note: ...this statement, but the latter is misleadingly indented as if it were guarded by the 'while'
  319 |      if(glbl_rdimm_en & (seq_a_cmd == MEM_MODE_REG_WRITE) & ((seq_a_bg != 0x1) | (seq_a_ba != 0x3))) // Write to Side-B only for MRS commands: only for MRS0-6. Exclude MRS7.
      |      ^~
/home/omar/Documents/year-4/FYP/mudkip/vivado/mudkip.gen/sources_1/bd/top/ip/top_axi_noc_0_0/bd_0/ip/ip_6/ip_0/temp/function_def.c: In function 'get_write_latency':
/home/omar/Documents/year-4/FYP/mudkip/vivado/mudkip.gen/sources_1/bd/top/ip/top_axi_noc_0_0/bd_0/ip/ip_6/ip_0/temp/function_def.c:594:7: warning: variable 'cwl' set but not used [-Wunused-but-set-variable]
  594 |    u8 cwl;
      |       ^~~
/home/omar/Documents/year-4/FYP/mudkip/vivado/mudkip.gen/sources_1/bd/top/ip/top_axi_noc_0_0/bd_0/ip/ip_6/ip_0/temp/function_def.c: In function 'banks_refresh':
/home/omar/Documents/year-4/FYP/mudkip/vivado/mudkip.gen/sources_1/bd/top/ip/top_axi_noc_0_0/bd_0/ip/ip_6/ip_0/temp/function_def.c:1172:7: warning: variable 'loop' set but not used [-Wunused-but-set-variable]
 1172 |    u8 loop;
      |       ^~~~
/home/omar/Documents/year-4/FYP/mudkip/vivado/mudkip.gen/sources_1/bd/top/ip/top_axi_noc_0_0/bd_0/ip/ip_6/ip_0/temp/function_def.c: In function 'read_compared_status':
/home/omar/Documents/year-4/FYP/mudkip/vivado/mudkip.gen/sources_1/bd/top/ip/top_axi_noc_0_0/bd_0/ip/ip_6/ip_0/temp/function_def.c:1616:8: warning: unused variable 'error_bytes' [-Wunused-variable]
 1616 |    u16 error_bytes   = 0;
      |        ^~~~~~~~~~~
/home/omar/Documents/year-4/FYP/mudkip/vivado/mudkip.gen/sources_1/bd/top/ip/top_axi_noc_0_0/bd_0/ip/ip_6/ip_0/temp/function_def.c: In function 'region_detect':
/home/omar/Documents/year-4/FYP/mudkip/vivado/mudkip.gen/sources_1/bd/top/ip/top_axi_noc_0_0/bd_0/ip/ip_6/ip_0/temp/function_def.c:2165:16: warning: implicit declaration of function 'write_error_nibble_XRAM'; did you mean 'write_riu_nibble_reg'? [-Wimplicit-function-declaration]
 2165 |                write_error_nibble_XRAM(1, (~glbl_nibble_mask) | (~glbl_nibble_mask_nqtr));
      |                ^~~~~~~~~~~~~~~~~~~~~~~
      |                write_riu_nibble_reg
/home/omar/Documents/year-4/FYP/mudkip/vivado/mudkip.gen/sources_1/bd/top/ip/top_axi_noc_0_0/bd_0/ip/ip_6/ip_0/temp/function_def.c:1941:15: warning: unused variable 'pqtr_delay' [-Wunused-variable]
 1941 |    static u16 pqtr_delay[27];
      |               ^~~~~~~~~~
/home/omar/Documents/year-4/FYP/mudkip/vivado/mudkip.gen/sources_1/bd/top/ip/top_axi_noc_0_0/bd_0/ip/ip_6/ip_0/temp/function_def.c:1940:8: warning: unused variable 'step' [-Wunused-variable]
 1940 |    int step = glbl_inc_dec_load*glbl_step_size;
      |        ^~~~
/home/omar/Documents/year-4/FYP/mudkip/vivado/mudkip.gen/sources_1/bd/top/ip/top_axi_noc_0_0/bd_0/ip/ip_6/ip_0/temp/function_def.c:1939:8: warning: variable 'mask' set but not used [-Wunused-but-set-variable]
 1939 |    u32 mask;
      |        ^~~~
/home/omar/Documents/year-4/FYP/mudkip/vivado/mudkip.gen/sources_1/bd/top/ip/top_axi_noc_0_0/bd_0/ip/ip_6/ip_0/temp/function_def.c: In function 'update_rd_path_delay':
/home/omar/Documents/year-4/FYP/mudkip/vivado/mudkip.gen/sources_1/bd/top/ip/top_axi_noc_0_0/bd_0/ip/ip_6/ip_0/temp/function_def.c:2250:7: warning: variable 'status' set but not used [-Wunused-but-set-variable]
 2250 |    u8 status;
      |       ^~~~~~
/home/omar/Documents/year-4/FYP/mudkip/vivado/mudkip.gen/sources_1/bd/top/ip/top_axi_noc_0_0/bd_0/ip/ip_6/ip_0/temp/function_def.c: In function 'set_globals':
/home/omar/Documents/year-4/FYP/mudkip/vivado/mudkip.gen/sources_1/bd/top/ip/top_axi_noc_0_0/bd_0/ip/ip_6/ip_0/temp/function_def.c:2664:8: warning: unused variable 'nibble_ctrl2' [-Wunused-variable]
 2664 |    u16 nibble_ctrl2;
      |        ^~~~~~~~~~~~
/home/omar/Documents/year-4/FYP/mudkip/vivado/mudkip.gen/sources_1/bd/top/ip/top_axi_noc_0_0/bd_0/ip/ip_6/ip_0/temp/function_def.c:2663:8: warning: unused variable 'nibble_ctrl0' [-Wunused-variable]
 2663 |    u16 nibble_ctrl0;
      |        ^~~~~~~~~~~~
/home/omar/Documents/year-4/FYP/mudkip/vivado/mudkip.gen/sources_1/bd/top/ip/top_axi_noc_0_0/bd_0/ip/ip_6/ip_0/temp/function_def.c:2654:7: warning: unused variable 'rank' [-Wunused-variable]
 2654 |    u8 rank;
      |       ^~~~
/home/omar/Documents/year-4/FYP/mudkip/vivado/mudkip.gen/sources_1/bd/top/ip/top_axi_noc_0_0/bd_0/ip/ip_6/ip_0/temp/function_def.c:2652:7: warning: unused variable 'phy_nibble' [-Wunused-variable]
 2652 |    u8 phy_nibble;
      |       ^~~~~~~~~~
/home/omar/Documents/year-4/FYP/mudkip/vivado/mudkip.gen/sources_1/bd/top/ip/top_axi_noc_0_0/bd_0/ip/ip_6/ip_0/temp/function_def.c: In function 'set_defaults':
/home/omar/Documents/year-4/FYP/mudkip/vivado/mudkip.gen/sources_1/bd/top/ip/top_axi_noc_0_0/bd_0/ip/ip_6/ip_0/temp/function_def.c:3508:8: warning: unused variable 'reg_safe_config5' [-Wunused-variable]
 3508 |    u32 reg_safe_config5;
      |        ^~~~~~~~~~~~~~~~
/home/omar/Documents/year-4/FYP/mudkip/vivado/mudkip.gen/sources_1/bd/top/ip/top_axi_noc_0_0/bd_0/ip/ip_6/ip_0/temp/function_def.c:3505:7: warning: variable 'status' set but not used [-Wunused-but-set-variable]
 3505 |    u8 status;
      |       ^~~~~~
/home/omar/Documents/year-4/FYP/mudkip/vivado/mudkip.gen/sources_1/bd/top/ip/top_axi_noc_0_0/bd_0/ip/ip_6/ip_0/temp/function_def.c:3504:7: warning: unused variable 'nibble' [-Wunused-variable]
 3504 |    u8 nibble;
      |       ^~~~~~
/home/omar/Documents/year-4/FYP/mudkip/vivado/mudkip.gen/sources_1/bd/top/ip/top_axi_noc_0_0/bd_0/ip/ip_6/ip_0/temp/function_def.c: In function 'sanity_check_1':
/home/omar/Documents/year-4/FYP/mudkip/vivado/mudkip.gen/sources_1/bd/top/ip/top_axi_noc_0_0/bd_0/ip/ip_6/ip_0/temp/function_def.c:3757:7: warning: unused variable 'nibble' [-Wunused-variable]
 3757 |    u8 nibble;
      |       ^~~~~~
/home/omar/Documents/year-4/FYP/mudkip/vivado/mudkip.gen/sources_1/bd/top/ip/top_axi_noc_0_0/bd_0/ip/ip_6/ip_0/temp/function_def.c: In function 'sanity_check_2':
/home/omar/Documents/year-4/FYP/mudkip/vivado/mudkip.gen/sources_1/bd/top/ip/top_axi_noc_0_0/bd_0/ip/ip_6/ip_0/temp/function_def.c:3889:8: warning: unused variable 'cnt' [-Wunused-variable]
 3889 |    u16 cnt;
      |        ^~~
/home/omar/Documents/year-4/FYP/mudkip/vivado/mudkip.gen/sources_1/bd/top/ip/top_axi_noc_0_0/bd_0/ip/ip_6/ip_0/temp/function_def.c:3884:7: warning: unused variable 'nibble' [-Wunused-variable]
 3884 |    u8 nibble;
      |       ^~~~~~
/home/omar/Documents/year-4/FYP/mudkip/vivado/mudkip.gen/sources_1/bd/top/ip/top_axi_noc_0_0/bd_0/ip/ip_6/ip_0/temp/function_def.c: In function 'sanity_check_ddr':
/home/omar/Documents/year-4/FYP/mudkip/vivado/mudkip.gen/sources_1/bd/top/ip/top_axi_noc_0_0/bd_0/ip/ip_6/ip_0/temp/function_def.c:4086:7: warning: unused variable 'rd_error' [-Wunused-variable]
 4086 |    u8 rd_error;
      |       ^~~~~~~~
/home/omar/Documents/year-4/FYP/mudkip/vivado/mudkip.gen/sources_1/bd/top/ip/top_axi_noc_0_0/bd_0/ip/ip_6/ip_0/temp/function_def.c: In function 'ddr_self_calibrate':
/home/omar/Documents/year-4/FYP/mudkip/vivado/mudkip.gen/sources_1/bd/top/ip/top_axi_noc_0_0/bd_0/ip/ip_6/ip_0/temp/function_def.c:4519:13: warning: implicit declaration of function 'write_error_XRAM'; did you mean 'write_err_reg'? [-Wimplicit-function-declaration]
 4519 |             write_error_XRAM(ERR_CODE_3_XPHY_BISC_TIMEOUT);
      |             ^~~~~~~~~~~~~~~~
      |             write_err_reg
/home/omar/Documents/year-4/FYP/mudkip/vivado/mudkip.gen/sources_1/bd/top/ip/top_axi_noc_0_0/bd_0/ip/ip_6/ip_0/temp/function_def.c:4394:8: warning: unused variable 'nibble_ctrl0' [-Wunused-variable]
 4394 |    u16 nibble_ctrl0;
      |        ^~~~~~~~~~~~
/home/omar/Documents/year-4/FYP/mudkip/vivado/mudkip.gen/sources_1/bd/top/ip/top_axi_noc_0_0/bd_0/ip/ip_6/ip_0/temp/function_def.c:4392:7: warning: variable 'self_calibrate' set but not used [-Wunused-but-set-variable]
 4392 |    u8 self_calibrate;
      |       ^~~~~~~~~~~~~~
/home/omar/Documents/year-4/FYP/mudkip/vivado/mudkip.gen/sources_1/bd/top/ip/top_axi_noc_0_0/bd_0/ip/ip_6/ip_0/temp/function_def.c: In function 'ddr_init_f1':
/home/omar/Documents/year-4/FYP/mudkip/vivado/mudkip.gen/sources_1/bd/top/ip/top_axi_noc_0_0/bd_0/ip/ip_6/ip_0/temp/function_def.c:5457:56: warning: unused variable 'rank_rcd' [-Wunused-variable]
 5457 |    u8 nibble, rank, ranks_per_slot, rank_db, rank_phy, rank_rcd;
      |                                                        ^~~~~~~~
/home/omar/Documents/year-4/FYP/mudkip/vivado/mudkip.gen/sources_1/bd/top/ip/top_axi_noc_0_0/bd_0/ip/ip_6/ip_0/temp/function_def.c:5457:46: warning: unused variable 'rank_phy' [-Wunused-variable]
 5457 |    u8 nibble, rank, ranks_per_slot, rank_db, rank_phy, rank_rcd;
      |                                              ^~~~~~~~
/home/omar/Documents/year-4/FYP/mudkip/vivado/mudkip.gen/sources_1/bd/top/ip/top_axi_noc_0_0/bd_0/ip/ip_6/ip_0/temp/function_def.c:5457:37: warning: unused variable 'rank_db' [-Wunused-variable]
 5457 |    u8 nibble, rank, ranks_per_slot, rank_db, rank_phy, rank_rcd;
      |                                     ^~~~~~~
/home/omar/Documents/year-4/FYP/mudkip/vivado/mudkip.gen/sources_1/bd/top/ip/top_axi_noc_0_0/bd_0/ip/ip_6/ip_0/temp/function_def.c:5457:21: warning: unused variable 'ranks_per_slot' [-Wunused-variable]
 5457 |    u8 nibble, rank, ranks_per_slot, rank_db, rank_phy, rank_rcd;
      |                     ^~~~~~~~~~~~~~
/home/omar/Documents/year-4/FYP/mudkip/vivado/mudkip.gen/sources_1/bd/top/ip/top_axi_noc_0_0/bd_0/ip/ip_6/ip_0/temp/function_def.c: In function 'pll_clkoutphy_en':
/home/omar/Documents/year-4/FYP/mudkip/vivado/mudkip.gen/sources_1/bd/top/ip/top_axi_noc_0_0/bd_0/ip/ip_6/ip_0/temp/function_def.c:5586:7: warning: unused variable 'clkout' [-Wunused-variable]
 5586 |    u8 clkout;
      |       ^~~~~~
/home/omar/Documents/year-4/FYP/mudkip/vivado/mudkip.gen/sources_1/bd/top/ip/top_axi_noc_0_0/bd_0/ip/ip_6/ip_0/temp/function_def.c:5585:7: warning: unused variable 'divclk_edge' [-Wunused-variable]
 5585 |    u8 divclk_edge;
      |       ^~~~~~~~~~~
/home/omar/Documents/year-4/FYP/mudkip/vivado/mudkip.gen/sources_1/bd/top/ip/top_axi_noc_0_0/bd_0/ip/ip_6/ip_0/temp/function_def.c:5584:7: warning: unused variable 'divclk' [-Wunused-variable]
 5584 |    u8 divclk;
      |       ^~~~~~
/home/omar/Documents/year-4/FYP/mudkip/vivado/mudkip.gen/sources_1/bd/top/ip/top_axi_noc_0_0/bd_0/ip/ip_6/ip_0/temp/function_def.c:5583:7: warning: unused variable 'clkfbout_edge' [-Wunused-variable]
 5583 |    u8 clkfbout_edge;
      |       ^~~~~~~~~~~~~
/home/omar/Documents/year-4/FYP/mudkip/vivado/mudkip.gen/sources_1/bd/top/ip/top_axi_noc_0_0/bd_0/ip/ip_6/ip_0/temp/function_def.c:5582:7: warning: unused variable 'clkfbout' [-Wunused-variable]
 5582 |    u8 clkfbout;
      |       ^~~~~~~~
/home/omar/Documents/year-4/FYP/mudkip/vivado/mudkip.gen/sources_1/bd/top/ip/top_axi_noc_0_0/bd_0/ip/ip_6/ip_0/temp/function_def.c:5581:7: warning: unused variable 'clkoutphy_divmode' [-Wunused-variable]
 5581 |    u8 clkoutphy_divmode;
      |       ^~~~~~~~~~~~~~~~~
/home/omar/Documents/year-4/FYP/mudkip/vivado/mudkip.gen/sources_1/bd/top/ip/top_axi_noc_0_0/bd_0/ip/ip_6/ip_0/temp/function_def.c:5580:15: warning: unused variable 'wdata' [-Wunused-variable]
 5580 |    u16 rdata, wdata;
      |               ^~~~~
/home/omar/Documents/year-4/FYP/mudkip/vivado/mudkip.gen/sources_1/bd/top/ip/top_axi_noc_0_0/bd_0/ip/ip_6/ip_0/temp/function_def.c:5580:8: warning: unused variable 'rdata' [-Wunused-variable]
 5580 |    u16 rdata, wdata;
      |        ^~~~~
/home/omar/Documents/year-4/FYP/mudkip/vivado/mudkip.gen/sources_1/bd/top/ip/top_axi_noc_0_0/bd_0/ip/ip_6/ip_0/temp/function_def.c:5579:8: warning: unused variable 'calib_ctrl' [-Wunused-variable]
 5579 |    u16 calib_ctrl;
      |        ^~~~~~~~~~
/home/omar/Documents/year-4/FYP/mudkip/vivado/mudkip.gen/sources_1/bd/top/ip/top_axi_noc_0_0/bd_0/ip/ip_6/ip_0/temp/function_def.c:5578:7: warning: unused variable 'nibble' [-Wunused-variable]
 5578 |    u8 nibble;
      |       ^~~~~~
/home/omar/Documents/year-4/FYP/mudkip/vivado/mudkip.gen/sources_1/bd/top/ip/top_axi_noc_0_0/bd_0/ip/ip_6/ip_0/temp/function_def.c: In function 'ddr_freq_switch':
/home/omar/Documents/year-4/FYP/mudkip/vivado/mudkip.gen/sources_1/bd/top/ip/top_axi_noc_0_0/bd_0/ip/ip_6/ip_0/temp/function_def.c:6056:7: warning: unused variable 'rank' [-Wunused-variable]
 6056 |    u8 rank;
      |       ^~~~
/home/omar/Documents/year-4/FYP/mudkip/vivado/mudkip.gen/sources_1/bd/top/ip/top_axi_noc_0_0/bd_0/ip/ip_6/ip_0/temp/function_def.c: In function 'en_mission_mode_tracking':
/home/omar/Documents/year-4/FYP/mudkip/vivado/mudkip.gen/sources_1/bd/top/ip/top_axi_noc_0_0/bd_0/ip/ip_6/ip_0/temp/function_def.c:6269:8: warning: unused variable 'scrub_busy' [-Wunused-variable]
 6269 |    u32 scrub_busy;
      |        ^~~~~~~~~~
/home/omar/Documents/year-4/FYP/mudkip/vivado/mudkip.gen/sources_1/bd/top/ip/top_axi_noc_0_0/bd_0/ip/ip_6/ip_0/temp/function_def.c: In function 'ddr_save_val':
/home/omar/Documents/year-4/FYP/mudkip/vivado/mudkip.gen/sources_1/bd/top/ip/top_axi_noc_0_0/bd_0/ip/ip_6/ip_0/temp/function_def.c:6899:14: warning: unused variable 'cal_fine' [-Wunused-variable]
 6899 |    u16 crse, cal_fine, cal_dly, vref;
      |              ^~~~~~~~
/home/omar/Documents/year-4/FYP/mudkip/vivado/mudkip.gen/sources_1/bd/top/ip/top_axi_noc_0_0/bd_0/ip/ip_6/ip_0/temp/function_def.c:6899:8: warning: unused variable 'crse' [-Wunused-variable]
 6899 |    u16 crse, cal_fine, cal_dly, vref;
      |        ^~~~
/home/omar/Documents/year-4/FYP/mudkip/vivado/mudkip.gen/sources_1/bd/top/ip/top_axi_noc_0_0/bd_0/ip/ip_6/ip_0/temp/function_def.c:6897:47: warning: unused variable 'pos' [-Wunused-variable]
 6897 |    u8 bit, nibble, phy_nibble, phy_bit, byte, pos;
      |                                               ^~~
/home/omar/Documents/year-4/FYP/mudkip/vivado/mudkip.gen/sources_1/bd/top/ip/top_axi_noc_0_0/bd_0/ip/ip_6/ip_0/temp/function_def.c:6897:32: warning: unused variable 'phy_bit' [-Wunused-variable]
 6897 |    u8 bit, nibble, phy_nibble, phy_bit, byte, pos;
      |                                ^~~~~~~
/home/omar/Documents/year-4/FYP/mudkip/vivado/mudkip.gen/sources_1/bd/top/ip/top_axi_noc_0_0/bd_0/ip/ip_6/ip_0/temp/function_def.c: In function 'ddr_restore_val':
/home/omar/Documents/year-4/FYP/mudkip/vivado/mudkip.gen/sources_1/bd/top/ip/top_axi_noc_0_0/bd_0/ip/ip_6/ip_0/temp/function_def.c:7268:26: warning: unused variable 'pos' [-Wunused-variable]
 7268 |    u8 bit, nibble, byte, pos, phy_bit, phy_nibble;
      |                          ^~~
/home/omar/Documents/year-4/FYP/mudkip/vivado/mudkip.gen/sources_1/bd/top/ip/top_axi_noc_0_0/bd_0/ip/ip_6/ip_0/temp/function_def.c: In function 'sanity_check_complex_read':
/home/omar/Documents/year-4/FYP/mudkip/vivado/mudkip.gen/sources_1/bd/top/ip/top_axi_noc_0_0/bd_0/ip/ip_6/ip_0/temp/function_def.c:7762:6: warning: unused variable 'nibble' [-Wunused-variable]
 7762 |   u8 nibble;
      |      ^~~~~~
/home/omar/Documents/year-4/FYP/mudkip/vivado/mudkip.gen/sources_1/bd/top/ip/top_axi_noc_0_0/bd_0/ip/ip_6/ip_0/temp/function_def.c: In function 'sanity_check_complex_write':
/home/omar/Documents/year-4/FYP/mudkip/vivado/mudkip.gen/sources_1/bd/top/ip/top_axi_noc_0_0/bd_0/ip/ip_6/ip_0/temp/function_def.c:7833:6: warning: unused variable 'nibble' [-Wunused-variable]
 7833 |   u8 nibble;
      |      ^~~~~~
/home/omar/Documents/year-4/FYP/mudkip/vivado/mudkip.gen/sources_1/bd/top/ip/top_axi_noc_0_0/bd_0/ip/ip_6/ip_0/temp/function_def.c: In function 'sanity_check_prbs_write':
/home/omar/Documents/year-4/FYP/mudkip/vivado/mudkip.gen/sources_1/bd/top/ip/top_axi_noc_0_0/bd_0/ip/ip_6/ip_0/temp/function_def.c:7884:6: warning: unused variable 'nibble' [-Wunused-variable]
 7884 |   u8 nibble;
      |      ^~~~~~
/home/omar/Documents/year-4/FYP/mudkip/vivado/mudkip.gen/sources_1/bd/top/ip/top_axi_noc_0_0/bd_0/ip/ip_6/ip_0/temp/function_def.c: In function 'sanity_check_prbs_read':
/home/omar/Documents/year-4/FYP/mudkip/vivado/mudkip.gen/sources_1/bd/top/ip/top_axi_noc_0_0/bd_0/ip/ip_6/ip_0/temp/function_def.c:7906:6: warning: unused variable 'nibble' [-Wunused-variable]
 7906 |   u8 nibble;
      |      ^~~~~~
/home/omar/Documents/year-4/FYP/mudkip/vivado/mudkip.gen/sources_1/bd/top/ip/top_axi_noc_0_0/bd_0/ip/ip_6/ip_0/temp/function_def.c: In function 'get_centre':
/home/omar/Documents/year-4/FYP/mudkip/vivado/mudkip.gen/sources_1/bd/top/ip/top_axi_noc_0_0/bd_0/ip/ip_6/ip_0/temp/function_def.c:8010:6: warning: unused variable 'negative_gap_valid' [-Wunused-variable]
 8010 |   u8 negative_gap_valid;
      |      ^~~~~~~~~~~~~~~~~~
/home/omar/Documents/year-4/FYP/mudkip/vivado/mudkip.gen/sources_1/bd/top/ip/top_axi_noc_0_0/bd_0/ip/ip_6/ip_0/temp/function_def.c:8009:6: warning: unused variable 'negative_gap' [-Wunused-variable]
 8009 |   u8 negative_gap;
      |      ^~~~~~~~~~~~
/home/omar/Documents/year-4/FYP/mudkip/vivado/mudkip.gen/sources_1/bd/top/ip/top_axi_noc_0_0/bd_0/ip/ip_6/ip_0/temp/function_def.c:8008:6: warning: unused variable 'current_rank' [-Wunused-variable]
 8008 |   u8 current_rank;
      |      ^~~~~~~~~~~~
/home/omar/Documents/year-4/FYP/mudkip/vivado/mudkip.gen/sources_1/bd/top/ip/top_axi_noc_0_0/bd_0/ip/ip_6/ip_0/temp/function_def.c:8007:14: warning: unused variable 'wrlvl_odly_dqs' [-Wunused-variable]
 8007 |   static u16 wrlvl_odly_dqs[DQS_BITS][RANKS];
      |              ^~~~~~~~~~~~~~
/home/omar/Documents/year-4/FYP/mudkip/vivado/mudkip.gen/sources_1/bd/top/ip/top_axi_noc_0_0/bd_0/ip/ip_6/ip_0/temp/function_def.c:8004:9: warning: unused variable 'j' [-Wunused-variable]
 8004 |   u8 i, j;
      |         ^
/home/omar/Documents/year-4/FYP/mudkip/vivado/mudkip.gen/sources_1/bd/top/ip/top_axi_noc_0_0/bd_0/ip/ip_6/ip_0/temp/function_def.c: In function 'get_dq_per_bit_deskew':
/home/omar/Documents/year-4/FYP/mudkip/vivado/mudkip.gen/sources_1/bd/top/ip/top_axi_noc_0_0/bd_0/ip/ip_6/ip_0/temp/function_def.c:8581:13: warning: unused variable 'odly' [-Wunused-variable]
 8581 |   u32 addr, odly;
      |             ^~~~
/home/omar/Documents/year-4/FYP/mudkip/vivado/mudkip.gen/sources_1/bd/top/ip/top_axi_noc_0_0/bd_0/ip/ip_6/ip_0/temp/function_def.c:8581:7: warning: unused variable 'addr' [-Wunused-variable]
 8581 |   u32 addr, odly;
      |       ^~~~
/home/omar/Documents/year-4/FYP/mudkip/vivado/mudkip.gen/sources_1/bd/top/ip/top_axi_noc_0_0/bd_0/ip/ip_6/ip_0/temp/function_def.c:8580:6: warning: unused variable 'bit' [-Wunused-variable]
 8580 |   u8 bit;
      |      ^~~
/home/omar/Documents/year-4/FYP/mudkip/vivado/mudkip.gen/sources_1/bd/top/ip/top_axi_noc_0_0/bd_0/ip/ip_6/ip_0/temp/function_def.c: In function 'get_noise_left_edge':
/home/omar/Documents/year-4/FYP/mudkip/vivado/mudkip.gen/sources_1/bd/top/ip/top_axi_noc_0_0/bd_0/ip/ip_6/ip_0/temp/function_def.c:9279:6: warning: unused variable 'first_iteration' [-Wunused-variable]
 9279 |   u8 first_iteration = 1;
      |      ^~~~~~~~~~~~~~~
/home/omar/Documents/year-4/FYP/mudkip/vivado/mudkip.gen/sources_1/bd/top/ip/top_axi_noc_0_0/bd_0/ip/ip_6/ip_0/temp/function_def.c:9278:9: warning: unused variable 'j' [-Wunused-variable]
 9278 |   u8 i, j;
      |         ^
/home/omar/Documents/year-4/FYP/mudkip/vivado/mudkip.gen/sources_1/bd/top/ip/top_axi_noc_0_0/bd_0/ip/ip_6/ip_0/temp/function_def.c: In function 'set_write_vref':
/home/omar/Documents/year-4/FYP/mudkip/vivado/mudkip.gen/sources_1/bd/top/ip/top_axi_noc_0_0/bd_0/ip/ip_6/ip_0/temp/function_def.c:9395:7: warning: variable 'status' set but not used [-Wunused-but-set-variable]
 9395 |    u8 status;
      |       ^~~~~~
/home/omar/Documents/year-4/FYP/mudkip/vivado/mudkip.gen/sources_1/bd/top/ip/top_axi_noc_0_0/bd_0/ip/ip_6/ip_0/temp/function_def.c: In function 'get_write_window':
/home/omar/Documents/year-4/FYP/mudkip/vivado/mudkip.gen/sources_1/bd/top/ip/top_axi_noc_0_0/bd_0/ip/ip_6/ip_0/temp/function_def.c:9496:6: warning: unused variable 'i' [-Wunused-variable]
 9496 |   u8 i, j;
      |      ^
/home/omar/Documents/year-4/FYP/mudkip/vivado/mudkip.gen/sources_1/bd/top/ip/top_axi_noc_0_0/bd_0/ip/ip_6/ip_0/temp/function_def.c: In function 'intr_alert_par_err':
/home/omar/Documents/year-4/FYP/mudkip/vivado/mudkip.gen/sources_1/bd/top/ip/top_axi_noc_0_0/bd_0/ip/ip_6/ip_0/temp/function_def.c:9660:8: warning: unused variable 'seq_cnt' [-Wunused-variable]
 9660 |    u32 seq_cnt    ;
      |        ^~~~~~~
/home/omar/Documents/year-4/FYP/mudkip/vivado/mudkip.gen/sources_1/bd/top/ip/top_axi_noc_0_0/bd_0/ip/ip_6/ip_0/temp/function_def.c:9659:8: warning: unused variable 'seq_type' [-Wunused-variable]
 9659 |    u32 seq_type   ;
      |        ^~~~~~~~
/home/omar/Documents/year-4/FYP/mudkip/vivado/mudkip.gen/sources_1/bd/top/ip/top_axi_noc_0_0/bd_0/ip/ip_6/ip_0/temp/function_def.c:9658:8: warning: unused variable 'seq_mode' [-Wunused-variable]
 9658 |    u32 seq_mode   ;
      |        ^~~~~~~~
/home/omar/Documents/year-4/FYP/mudkip/vivado/mudkip.gen/sources_1/bd/top/ip/top_axi_noc_0_0/bd_0/ip/ip_6/ip_0/temp/function_def.c:9657:8: warning: unused variable 'seq_a_a_dly' [-Wunused-variable]
 9657 |    u32 seq_a_a_dly;
      |        ^~~~~~~~~~~
/home/omar/Documents/year-4/FYP/mudkip/vivado/mudkip.gen/sources_1/bd/top/ip/top_axi_noc_0_0/bd_0/ip/ip_6/ip_0/temp/function_def.c:9656:8: warning: unused variable 'seq_a_bg' [-Wunused-variable]
 9656 |    u32 seq_a_bg   ;
      |        ^~~~~~~~
/home/omar/Documents/year-4/FYP/mudkip/vivado/mudkip.gen/sources_1/bd/top/ip/top_axi_noc_0_0/bd_0/ip/ip_6/ip_0/temp/function_def.c:9655:8: warning: unused variable 'seq_a_ba' [-Wunused-variable]
 9655 |    u32 seq_a_ba   ;
      |        ^~~~~~~~
/home/omar/Documents/year-4/FYP/mudkip/vivado/mudkip.gen/sources_1/bd/top/ip/top_axi_noc_0_0/bd_0/ip/ip_6/ip_0/temp/function_def.c:9654:8: warning: unused variable 'seq_a_addr' [-Wunused-variable]
 9654 |    u32 seq_a_addr ;
      |        ^~~~~~~~~~
/home/omar/Documents/year-4/FYP/mudkip/vivado/mudkip.gen/sources_1/bd/top/ip/top_axi_noc_0_0/bd_0/ip/ip_6/ip_0/temp/function_def.c:9653:8: warning: unused variable 'seq_a_cmd' [-Wunused-variable]
 9653 |    u32 seq_a_cmd  ;
      |        ^~~~~~~~~
/home/omar/Documents/year-4/FYP/mudkip/vivado/mudkip.gen/sources_1/bd/top/ip/top_axi_noc_0_0/bd_0/ip/ip_6/ip_0/temp/function_def.c:9652:8: warning: unused variable 'seq_a_cntrl' [-Wunused-variable]
 9652 |    u32 seq_a_cntrl;
      |        ^~~~~~~~~~~
/home/omar/Documents/year-4/FYP/mudkip/vivado/mudkip.gen/sources_1/bd/top/ip/top_axi_noc_0_0/bd_0/ip/ip_6/ip_0/temp/function_def.c:9651:8: warning: unused variable 'seq_a_rank' [-Wunused-variable]
 9651 |    u32 seq_a_rank ;
      |        ^~~~~~~~~~
/home/omar/Documents/year-4/FYP/mudkip/vivado/mudkip.gen/sources_1/bd/top/ip/top_axi_noc_0_0/bd_0/ip/ip_6/ip_0/temp/function_def.c:9650:8: warning: unused variable 'rank' [-Wunused-variable]
 9650 |    u8  rank;
      |        ^~~~
/home/omar/Documents/year-4/FYP/mudkip/vivado/mudkip.gen/sources_1/bd/top/ip/top_axi_noc_0_0/bd_0/ip/ip_6/ip_0/temp/function_def.c:9649:8: warning: unused variable 'ipr' [-Wunused-variable]
 9649 |    u32 ipr;
      |        ^~~
/home/omar/Documents/year-4/FYP/mudkip/vivado/mudkip.gen/sources_1/bd/top/ip/top_axi_noc_0_0/bd_0/ip/ip_6/ip_0/temp/function_def.c: In function 'temp_control_ref_rate':
/home/omar/Documents/year-4/FYP/mudkip/vivado/mudkip.gen/sources_1/bd/top/ip/top_axi_noc_0_0/bd_0/ip/ip_6/ip_0/temp/function_def.c:9851:8: warning: unused variable 'lb_dq_bits_63_32' [-Wunused-variable]
 9851 |    u32 lb_dq_bits_63_32=0;
      |        ^~~~~~~~~~~~~~~~
/home/omar/Documents/year-4/FYP/mudkip/vivado/mudkip.gen/sources_1/bd/top/ip/top_axi_noc_0_0/bd_0/ip/ip_6/ip_0/temp/function_def.c:9850:8: warning: unused variable 'lb_dq_bits_31_0' [-Wunused-variable]
 9850 |    u32 lb_dq_bits_31_0=0;
      |        ^~~~~~~~~~~~~~~
/home/omar/Documents/year-4/FYP/mudkip/vivado/mudkip.gen/sources_1/bd/top/ip/top_axi_noc_0_0/bd_0/ip/ip_6/ip_0/temp/function_def.c:9849:8: warning: unused variable 'pb_dq_bits_63_32' [-Wunused-variable]
 9849 |    u32 pb_dq_bits_63_32=0;
      |        ^~~~~~~~~~~~~~~~
/home/omar/Documents/year-4/FYP/mudkip/vivado/mudkip.gen/sources_1/bd/top/ip/top_axi_noc_0_0/bd_0/ip/ip_6/ip_0/temp/function_def.c:9848:8: warning: unused variable 'pb_dq_bits_31_0' [-Wunused-variable]
 9848 |    u32 pb_dq_bits_31_0=0;
      |        ^~~~~~~~~~~~~~~
/home/omar/Documents/year-4/FYP/mudkip/vivado/mudkip.gen/sources_1/bd/top/ip/top_axi_noc_0_0/bd_0/ip/ip_6/ip_0/temp/function_def.c:9847:7: warning: unused variable 'ref_rate' [-Wunused-variable]
 9847 |    u8 ref_rate;
      |       ^~~~~~~~
/home/omar/Documents/year-4/FYP/mudkip/vivado/mudkip.gen/sources_1/bd/top/ip/top_axi_noc_0_0/bd_0/ip/ip_6/ip_0/temp/function_def.c:9842:7: warning: unused variable 'mr4_rd' [-Wunused-variable]
 9842 |    u8 mr4_rd;
      |       ^~~~~~
/home/omar/Documents/year-4/FYP/mudkip/vivado/mudkip.gen/sources_1/bd/top/ip/top_axi_noc_0_0/bd_0/ip/ip_6/ip_0/temp/function_def.c:9841:7: warning: unused variable 'dq_3_0' [-Wunused-variable]
 9841 |    u8 dq_3_0;
      |       ^~~~~~
/home/omar/Documents/year-4/FYP/mudkip/vivado/mudkip.gen/sources_1/bd/top/ip/top_axi_noc_0_0/bd_0/ip/ip_6/ip_0/temp/function_def.c:9839:7: warning: variable 'status' set but not used [-Wunused-but-set-variable]
 9839 |    u8 status;
      |       ^~~~~~
/home/omar/Documents/year-4/FYP/mudkip/vivado/mudkip.gen/sources_1/bd/top/ip/top_axi_noc_0_0/bd_0/ip/ip_6/ip_0/temp/function_def.c: In function 'set_mgchk_def_vref':
/home/omar/Documents/year-4/FYP/mudkip/vivado/mudkip.gen/sources_1/bd/top/ip/top_axi_noc_0_0/bd_0/ip/ip_6/ip_0/temp/function_def.c:10024:11: warning: unused variable 'nibble' [-Wunused-variable]
10024 |       u8  nibble;
      |           ^~~~~~
/home/omar/Documents/year-4/FYP/mudkip/vivado/mudkip.gen/sources_1/bd/top/ip/top_axi_noc_0_0/bd_0/ip/ip_6/ip_0/temp/function_def.c: In function 'post_cal':
/home/omar/Documents/year-4/FYP/mudkip/vivado/mudkip.gen/sources_1/bd/top/ip/top_axi_noc_0_0/bd_0/ip/ip_6/ip_0/temp/function_def.c:10245:59: warning: suggest parentheses around comparison in operand of '&' [-Wparentheses]
10245 |        if ((readIO_XRAM(XRAM_MGCHK_CTRL) >> MGCHK_ENABLE) & 0x01 == 1) {
      |                                                           ^
/home/omar/Documents/year-4/FYP/mudkip/vivado/mudkip.gen/sources_1/bd/top/ip/top_axi_noc_0_0/bd_0/ip/ip_6/ip_0/temp/function_def.c:10272:64: warning: suggest parentheses around comparison in operand of '&' [-Wparentheses]
10272 |              if ((readIO_XRAM(XRAM_MGCHK_CTRL) >> MGCHK_START) & 0x01 == 1) { //check margin
      |                                                                ^
/home/omar/Documents/year-4/FYP/mudkip/vivado/mudkip.gen/sources_1/bd/top/ip/top_axi_noc_0_0/bd_0/ip/ip_6/ip_0/temp/function_def.c:10302:30: warning: implicit declaration of function 'ddr_read_mgchk' [-Wimplicit-function-declaration]
10302 |                     status = ddr_read_mgchk(glbl_margin_pat);
      |                              ^~~~~~~~~~~~~~
/home/omar/Documents/year-4/FYP/mudkip/vivado/mudkip.gen/sources_1/bd/top/ip/top_axi_noc_0_0/bd_0/ip/ip_6/ip_0/temp/function_def.c:10310:21: warning: implicit declaration of function 'precharge_all' [-Wimplicit-function-declaration]
10310 |                     precharge_all(glbl_margin_rank);
      |                     ^~~~~~~~~~~~~
/home/omar/Documents/year-4/FYP/mudkip/vivado/mudkip.gen/sources_1/bd/top/ip/top_axi_noc_0_0/bd_0/ip/ip_6/ip_0/temp/function_def.c:10315:30: warning: implicit declaration of function 'ddr_write_mgchk'; did you mean 'ddr_write_prbs'? [-Wimplicit-function-declaration]
10315 |                     status = ddr_write_mgchk(glbl_margin_pat);
      |                              ^~~~~~~~~~~~~~~
      |                              ddr_write_prbs
/home/omar/Documents/year-4/FYP/mudkip/vivado/mudkip.gen/sources_1/bd/top/ip/top_axi_noc_0_0/bd_0/ip/ip_6/ip_0/temp/function_def.c:10069:8: warning: unused variable 'lp4_osc_track_en_ch1' [-Wunused-variable]
10069 |    u16 lp4_osc_track_en_ch1;
      |        ^~~~~~~~~~~~~~~~~~~~
/home/omar/Documents/year-4/FYP/mudkip/vivado/mudkip.gen/sources_1/bd/top/ip/top_axi_noc_0_0/bd_0/ip/ip_6/ip_0/temp/function_def.c:10068:8: warning: unused variable 'lp4_osc_track_en_ch0' [-Wunused-variable]
10068 |    u16 lp4_osc_track_en_ch0;
      |        ^~~~~~~~~~~~~~~~~~~~
/home/omar/Documents/year-4/FYP/mudkip/vivado/mudkip.gen/sources_1/bd/top/ip/top_axi_noc_0_0/bd_0/ip/ip_6/ip_0/temp/function_def.c:10063:27: warning: unused variable 'rank' [-Wunused-variable]
10063 |    u8 nibble, phy_nibble, rank;
      |                           ^~~~
/home/omar/Documents/year-4/FYP/mudkip/vivado/mudkip.gen/sources_1/bd/top/ip/top_axi_noc_0_0/bd_0/ip/ip_6/ip_0/temp/function_def.c: In function 'wait_intr_src_clr':
/home/omar/Documents/year-4/FYP/mudkip/vivado/mudkip.gen/sources_1/bd/top/ip/top_axi_noc_0_0/bd_0/ip/ip_6/ip_0/temp/function_def.c:10414:7: warning: variable 'status' set but not used [-Wunused-but-set-variable]
10414 |    u8 status;
      |       ^~~~~~
/home/omar/Documents/year-4/FYP/mudkip/vivado/mudkip.gen/sources_1/bd/top/ip/top_axi_noc_0_0/bd_0/ip/ip_6/ip_0/temp/function_def.c: At top level:
/home/omar/Documents/year-4/FYP/mudkip/vivado/mudkip.gen/sources_1/bd/top/ip/top_axi_noc_0_0/bd_0/ip/ip_6/ip_0/temp/function_def.c:11777:6: warning: conflicting types for 'precharge_all'; have 'void(u8)' {aka 'void(unsigned char)'}
11777 | void precharge_all (u8 rank) {
      |      ^~~~~~~~~~~~~
/home/omar/Documents/year-4/FYP/mudkip/vivado/mudkip.gen/sources_1/bd/top/ip/top_axi_noc_0_0/bd_0/ip/ip_6/ip_0/temp/function_def.c:10310:21: note: previous implicit declaration of 'precharge_all' with type 'void(u8)' {aka 'void(unsigned char)'}
10310 |                     precharge_all(glbl_margin_rank);
      |                     ^~~~~~~~~~~~~
In file included from /home/omar/Documents/year-4/FYP/mudkip/vivado/mudkip.gen/sources_1/bd/top/ip/top_axi_noc_0_0/bd_0/ip/ip_6/ip_0/temp/ral_ddrmc_main.h:72,
                 from /home/omar/Documents/year-4/FYP/mudkip/vivado/mudkip.gen/sources_1/bd/top/ip/top_axi_noc_0_0/bd_0/ip/ip_6/ip_0/temp/cal_reg_define.h:61,
                 from /home/omar/Documents/year-4/FYP/mudkip/vivado/mudkip.gen/sources_1/bd/top/ip/top_axi_noc_0_0/bd_0/ip/ip_6/ip_0/temp/function_def.c:73:
/home/omar/Documents/year-4/FYP/mudkip/vivado/mudkip.gen/sources_1/bd/top/ip/top_axi_noc_0_0/bd_0/ip/ip_6/ip_0/temp/vmm_ral.h:136:21: warning: 'vmm_ral_addr_lshift' defined but not used [-Wunused-variable]
  136 | static unsigned int vmm_ral_addr_lshift;
      |                     ^~~~~~~~~~~~~~~~~~~
/home/omar/Documents/year-4/FYP/mudkip/vivado/mudkip.gen/sources_1/bd/top/ip/top_axi_noc_0_0/bd_0/ip/ip_6/ip_0/temp/vmm_ral.h:133:12: warning: 'sizeof_int_in_bits' defined but not used [-Wunused-variable]
  133 | static int sizeof_int_in_bits = sizeof(int) * 8;
      |            ^~~~~~~~~~~~~~~~~~
/home/omar/Documents/year-4/FYP/mudkip/vivado/mudkip.gen/sources_1/bd/top/ip/top_axi_noc_0_0/bd_0/ip/ip_6/ip_0/temp/function_def.c: In function 'ddr_restore_val':
/home/omar/Documents/year-4/FYP/mudkip/vivado/mudkip.gen/sources_1/bd/top/ip/top_axi_noc_0_0/bd_0/ip/ip_6/ip_0/temp/function_def.c:7293:21: warning: 'rdram' may be used uninitialized [-Wmaybe-uninitialized]
 7293 |       vref = (rdram >> ((nibble % 3) * 10)) & 0x3FF;
      |              ~~~~~~~^~~~~~~~~~~~~~~~~~~~~~~
/home/omar/Documents/year-4/FYP/mudkip/vivado/mudkip.gen/sources_1/bd/top/ip/top_axi_noc_0_0/bd_0/ip/ip_6/ip_0/temp/function_def.c:7271:28: note: 'rdram' was declared here
 7271 |    u32 addr, rdata, wdata, rdram, val;
      |                            ^~~~~
In file included from /home/omar/Documents/year-4/FYP/mudkip/vivado/mudkip.gen/sources_1/bd/top/ip/top_axi_noc_0_0/bd_0/ip/ip_6/ip_0/temp/ral_ddrmc_main.h:72,
                 from /home/omar/Documents/year-4/FYP/mudkip/vivado/mudkip.gen/sources_1/bd/top/ip/top_axi_noc_0_0/bd_0/ip/ip_6/ip_0/temp/cal_reg_define.h:61,
                 from /home/omar/Documents/year-4/FYP/mudkip/vivado/mudkip.gen/sources_1/bd/top/ip/top_axi_noc_0_0/bd_0/ip/ip_6/ip_0/temp/lpddr4_init_seq.c:71:
/home/omar/Documents/year-4/FYP/mudkip/vivado/mudkip.gen/sources_1/bd/top/ip/top_axi_noc_0_0/bd_0/ip/ip_6/ip_0/temp/vmm_ral.h:136:21: warning: 'vmm_ral_addr_lshift' defined but not used [-Wunused-variable]
  136 | static unsigned int vmm_ral_addr_lshift;
      |                     ^~~~~~~~~~~~~~~~~~~
/home/omar/Documents/year-4/FYP/mudkip/vivado/mudkip.gen/sources_1/bd/top/ip/top_axi_noc_0_0/bd_0/ip/ip_6/ip_0/temp/vmm_ral.h:133:12: warning: 'sizeof_int_in_bits' defined but not used [-Wunused-variable]
  133 | static int sizeof_int_in_bits = sizeof(int) * 8;
      |            ^~~~~~~~~~~~~~~~~~
/home/omar/Documents/year-4/FYP/mudkip/vivado/mudkip.gen/sources_1/bd/top/ip/top_axi_noc_0_0/bd_0/ip/ip_6/ip_0/temp/lrdimm_cal.c: In function 'lrdimm_db_mrep':
/home/omar/Documents/year-4/FYP/mudkip/vivado/mudkip.gen/sources_1/bd/top/ip/top_axi_noc_0_0/bd_0/ip/ip_6/ip_0/temp/lrdimm_cal.c:206:6: warning: unused variable 'phy_riu' [-Wunused-variable]
  206 |   u8 phy_riu;
      |      ^~~~~~~
/home/omar/Documents/year-4/FYP/mudkip/vivado/mudkip.gen/sources_1/bd/top/ip/top_axi_noc_0_0/bd_0/ip/ip_6/ip_0/temp/lrdimm_cal.c: In function 'lrdimm_db_dwl':
/home/omar/Documents/year-4/FYP/mudkip/vivado/mudkip.gen/sources_1/bd/top/ip/top_axi_noc_0_0/bd_0/ip/ip_6/ip_0/temp/lrdimm_cal.c:885:6: warning: unused variable 'phy_riu' [-Wunused-variable]
  885 |   u8 phy_riu;
      |      ^~~~~~~
In file included from /home/omar/Documents/year-4/FYP/mudkip/vivado/mudkip.gen/sources_1/bd/top/ip/top_axi_noc_0_0/bd_0/ip/ip_6/ip_0/temp/ral_ddrmc_main.h:72,
                 from /home/omar/Documents/year-4/FYP/mudkip/vivado/mudkip.gen/sources_1/bd/top/ip/top_axi_noc_0_0/bd_0/ip/ip_6/ip_0/temp/cal_reg_define.h:61,
                 from /home/omar/Documents/year-4/FYP/mudkip/vivado/mudkip.gen/sources_1/bd/top/ip/top_axi_noc_0_0/bd_0/ip/ip_6/ip_0/temp/lrdimm_cal.c:71:
/home/omar/Documents/year-4/FYP/mudkip/vivado/mudkip.gen/sources_1/bd/top/ip/top_axi_noc_0_0/bd_0/ip/ip_6/ip_0/temp/vmm_ral.h: At top level:
/home/omar/Documents/year-4/FYP/mudkip/vivado/mudkip.gen/sources_1/bd/top/ip/top_axi_noc_0_0/bd_0/ip/ip_6/ip_0/temp/vmm_ral.h:136:21: warning: 'vmm_ral_addr_lshift' defined but not used [-Wunused-variable]
  136 | static unsigned int vmm_ral_addr_lshift;
      |                     ^~~~~~~~~~~~~~~~~~~
/home/omar/Documents/year-4/FYP/mudkip/vivado/mudkip.gen/sources_1/bd/top/ip/top_axi_noc_0_0/bd_0/ip/ip_6/ip_0/temp/vmm_ral.h:133:12: warning: 'sizeof_int_in_bits' defined but not used [-Wunused-variable]
  133 | static int sizeof_int_in_bits = sizeof(int) * 8;
      |            ^~~~~~~~~~~~~~~~~~
In file included from /home/omar/Documents/year-4/FYP/mudkip/vivado/mudkip.gen/sources_1/bd/top/ip/top_axi_noc_0_0/bd_0/ip/ip_6/ip_0/temp/function_dec.c:67,
                 from /home/omar/Documents/year-4/FYP/mudkip/vivado/mudkip.gen/sources_1/bd/top/ip/top_axi_noc_0_0/bd_0/ip/ip_6/ip_0/temp/register_dump.h:61,
                 from /home/omar/Documents/year-4/FYP/mudkip/vivado/mudkip.gen/sources_1/bd/top/ip/top_axi_noc_0_0/bd_0/ip/ip_6/ip_0/temp/register_dump.c:55:
//home/omar/Documents/year-4/FYP/mudkip/vivado/mudkip.gen/sources_1/bd/top/ip/top_axi_noc_0_0/bd_0/ip/ip_6/ip_0/h_files/bd_d0e7_MC0_ddrc_0_phy_cal_config_define.h:74: warning: "DIS_MEM_FILL" redefined
   74 |    #define DIS_MEM_FILL                 1
      | 
In file included from /home/omar/Documents/year-4/FYP/mudkip/vivado/mudkip.gen/sources_1/bd/top/ip/top_axi_noc_0_0/bd_0/ip/ip_6/ip_0/temp/register_dump.h:56:
/home/omar/Documents/year-4/FYP/mudkip/vivado/mudkip.gen/sources_1/bd/top/ip/top_axi_noc_0_0/bd_0/ip/ip_6/ip_0/temp/internal_reg_define.h:122: note: this is the location of the previous definition
  122 |    #define DIS_MEM_FILL  0
      | 
//home/omar/Documents/year-4/FYP/mudkip/vivado/mudkip.gen/sources_1/bd/top/ip/top_axi_noc_0_0/bd_0/ip/ip_6/ip_0/h_files/bd_d0e7_MC0_ddrc_0_phy_cal_config_define.h:154: warning: "F0_REG_CONFIG1" redefined
  154 | #define F0_REG_CONFIG1          0x00000002
      | 
/home/omar/Documents/year-4/FYP/mudkip/vivado/mudkip.gen/sources_1/bd/top/ip/top_axi_noc_0_0/bd_0/ip/ip_6/ip_0/temp/internal_reg_define.h:64: note: this is the location of the previous definition
   64 |    #define F0_REG_CONFIG1               0
      | 
//home/omar/Documents/year-4/FYP/mudkip/vivado/mudkip.gen/sources_1/bd/top/ip/top_axi_noc_0_0/bd_0/ip/ip_6/ip_0/h_files/bd_d0e7_MC0_ddrc_0_phy_cal_config_define.h:155: warning: "F1_REG_CONFIG1" redefined
  155 | #define F1_REG_CONFIG1          0x00000000
      | 
/home/omar/Documents/year-4/FYP/mudkip/vivado/mudkip.gen/sources_1/bd/top/ip/top_axi_noc_0_0/bd_0/ip/ip_6/ip_0/temp/internal_reg_define.h:77: note: this is the location of the previous definition
   77 |    #define F1_REG_CONFIG1               0
      | 
//home/omar/Documents/year-4/FYP/mudkip/vivado/mudkip.gen/sources_1/bd/top/ip/top_axi_noc_0_0/bd_0/ip/ip_6/ip_0/h_files/bd_d0e7_MC0_ddrc_0_phy_cal_config_define.h:156: warning: "F0_REG_CONFIG2" redefined
  156 | #define F0_REG_CONFIG2          0x00007D01
      | 
/home/omar/Documents/year-4/FYP/mudkip/vivado/mudkip.gen/sources_1/bd/top/ip/top_axi_noc_0_0/bd_0/ip/ip_6/ip_0/temp/internal_reg_define.h:67: note: this is the location of the previous definition
   67 |    #define F0_REG_CONFIG2               0
      | 
//home/omar/Documents/year-4/FYP/mudkip/vivado/mudkip.gen/sources_1/bd/top/ip/top_axi_noc_0_0/bd_0/ip/ip_6/ip_0/h_files/bd_d0e7_MC0_ddrc_0_phy_cal_config_define.h:157: warning: "F1_REG_CONFIG2" redefined
  157 | #define F1_REG_CONFIG2          0x00000000
      | 
/home/omar/Documents/year-4/FYP/mudkip/vivado/mudkip.gen/sources_1/bd/top/ip/top_axi_noc_0_0/bd_0/ip/ip_6/ip_0/temp/internal_reg_define.h:80: note: this is the location of the previous definition
   80 |    #define F1_REG_CONFIG2               0
      | 
//home/omar/Documents/year-4/FYP/mudkip/vivado/mudkip.gen/sources_1/bd/top/ip/top_axi_noc_0_0/bd_0/ip/ip_6/ip_0/h_files/bd_d0e7_MC0_ddrc_0_phy_cal_config_define.h:158: warning: "F0_REG_SCRUB2" redefined
  158 | #define F0_REG_SCRUB2           0x00000000
      | 
/home/omar/Documents/year-4/FYP/mudkip/vivado/mudkip.gen/sources_1/bd/top/ip/top_axi_noc_0_0/bd_0/ip/ip_6/ip_0/temp/internal_reg_define.h:70: note: this is the location of the previous definition
   70 |    #define F0_REG_SCRUB2                0
      | 
//home/omar/Documents/year-4/FYP/mudkip/vivado/mudkip.gen/sources_1/bd/top/ip/top_axi_noc_0_0/bd_0/ip/ip_6/ip_0/h_files/bd_d0e7_MC0_ddrc_0_phy_cal_config_define.h:159: warning: "F1_REG_SCRUB2" redefined
  159 | #define F1_REG_SCRUB2           0x00000000
      | 
/home/omar/Documents/year-4/FYP/mudkip/vivado/mudkip.gen/sources_1/bd/top/ip/top_axi_noc_0_0/bd_0/ip/ip_6/ip_0/temp/internal_reg_define.h:83: note: this is the location of the previous definition
   83 |    #define F1_REG_SCRUB2                0
      | 
//home/omar/Documents/year-4/FYP/mudkip/vivado/mudkip.gen/sources_1/bd/top/ip/top_axi_noc_0_0/bd_0/ip/ip_6/ip_0/h_files/bd_d0e7_MC0_ddrc_0_phy_cal_config_define.h:160: warning: "F0_REG_MRS_2" redefined
  160 | #define F0_REG_MRS_2            0x00000000
      | 
/home/omar/Documents/year-4/FYP/mudkip/vivado/mudkip.gen/sources_1/bd/top/ip/top_axi_noc_0_0/bd_0/ip/ip_6/ip_0/temp/internal_reg_define.h:73: note: this is the location of the previous definition
   73 |    #define F0_REG_MRS_2                 0
      | 
//home/omar/Documents/year-4/FYP/mudkip/vivado/mudkip.gen/sources_1/bd/top/ip/top_axi_noc_0_0/bd_0/ip/ip_6/ip_0/h_files/bd_d0e7_MC0_ddrc_0_phy_cal_config_define.h:161: warning: "F1_REG_MRS_2" redefined
  161 | #define F1_REG_MRS_2            0x00000000
      | 
/home/omar/Documents/year-4/FYP/mudkip/vivado/mudkip.gen/sources_1/bd/top/ip/top_axi_noc_0_0/bd_0/ip/ip_6/ip_0/temp/internal_reg_define.h:86: note: this is the location of the previous definition
   86 |    #define F1_REG_MRS_2                 0
      | 
In file included from /home/omar/Documents/year-4/FYP/mudkip/vivado/mudkip.gen/sources_1/bd/top/ip/top_axi_noc_0_0/bd_0/ip/ip_6/ip_0/temp/ral_ddrmc_main.h:72,
                 from /home/omar/Documents/year-4/FYP/mudkip/vivado/mudkip.gen/sources_1/bd/top/ip/top_axi_noc_0_0/bd_0/ip/ip_6/ip_0/temp/register_dump.h:57:
/home/omar/Documents/year-4/FYP/mudkip/vivado/mudkip.gen/sources_1/bd/top/ip/top_axi_noc_0_0/bd_0/ip/ip_6/ip_0/temp/vmm_ral.h:136:21: warning: 'vmm_ral_addr_lshift' defined but not used [-Wunused-variable]
  136 | static unsigned int vmm_ral_addr_lshift;
      |                     ^~~~~~~~~~~~~~~~~~~
/home/omar/Documents/year-4/FYP/mudkip/vivado/mudkip.gen/sources_1/bd/top/ip/top_axi_noc_0_0/bd_0/ip/ip_6/ip_0/temp/vmm_ral.h:133:12: warning: 'sizeof_int_in_bits' defined but not used [-Wunused-variable]
  133 | static int sizeof_int_in_bits = sizeof(int) * 8;
      |            ^~~~~~~~~~~~~~~~~~
/home/omar/Documents/year-4/FYP/mudkip/vivado/mudkip.gen/sources_1/bd/top/ip/top_axi_noc_0_0/bd_0/ip/ip_6/ip_0/temp/test_ddr4.c: In function 'rpi_bcast_nibble_mask_test':
/home/omar/Documents/year-4/FYP/mudkip/vivado/mudkip.gen/sources_1/bd/top/ip/top_axi_noc_0_0/bd_0/ip/ip_6/ip_0/temp/test_ddr4.c:425:7: warning: variable 'read_mask' set but not used [-Wunused-but-set-variable]
  425 |   u32 read_mask = 0;
      |       ^~~~~~~~~
/home/omar/Documents/year-4/FYP/mudkip/vivado/mudkip.gen/sources_1/bd/top/ip/top_axi_noc_0_0/bd_0/ip/ip_6/ip_0/temp/test_ddr4.c: In function 'rpi_adjustments_test':
/home/omar/Documents/year-4/FYP/mudkip/vivado/mudkip.gen/sources_1/bd/top/ip/top_axi_noc_0_0/bd_0/ip/ip_6/ip_0/temp/test_ddr4.c:482:7: warning: variable 'read_data' set but not used [-Wunused-but-set-variable]
  482 |   u32 read_data = 0;
      |       ^~~~~~~~~
In file included from /home/omar/Documents/year-4/FYP/mudkip/vivado/mudkip.gen/sources_1/bd/top/ip/top_axi_noc_0_0/bd_0/ip/ip_6/ip_0/temp/ral_ddrmc_main.h:72,
                 from /home/omar/Documents/year-4/FYP/mudkip/vivado/mudkip.gen/sources_1/bd/top/ip/top_axi_noc_0_0/bd_0/ip/ip_6/ip_0/temp/cal_reg_define.h:61,
                 from /home/omar/Documents/year-4/FYP/mudkip/vivado/mudkip.gen/sources_1/bd/top/ip/top_axi_noc_0_0/bd_0/ip/ip_6/ip_0/temp/test_ddr4.c:67:
/home/omar/Documents/year-4/FYP/mudkip/vivado/mudkip.gen/sources_1/bd/top/ip/top_axi_noc_0_0/bd_0/ip/ip_6/ip_0/temp/vmm_ral.h: At top level:
/home/omar/Documents/year-4/FYP/mudkip/vivado/mudkip.gen/sources_1/bd/top/ip/top_axi_noc_0_0/bd_0/ip/ip_6/ip_0/temp/vmm_ral.h:136:21: warning: 'vmm_ral_addr_lshift' defined but not used [-Wunused-variable]
  136 | static unsigned int vmm_ral_addr_lshift;
      |                     ^~~~~~~~~~~~~~~~~~~
/home/omar/Documents/year-4/FYP/mudkip/vivado/mudkip.gen/sources_1/bd/top/ip/top_axi_noc_0_0/bd_0/ip/ip_6/ip_0/temp/vmm_ral.h:133:12: warning: 'sizeof_int_in_bits' defined but not used [-Wunused-variable]
  133 | static int sizeof_int_in_bits = sizeof(int) * 8;
      |            ^~~~~~~~~~~~~~~~~~
In file included from /home/omar/Documents/year-4/FYP/mudkip/vivado/mudkip.gen/sources_1/bd/top/ip/top_axi_noc_0_0/bd_0/ip/ip_6/ip_0/temp/ral_ddrmc_main.h:72,
                 from /home/omar/Documents/year-4/FYP/mudkip/vivado/mudkip.gen/sources_1/bd/top/ip/top_axi_noc_0_0/bd_0/ip/ip_6/ip_0/temp/cal_reg_define.h:61,
                 from /home/omar/Documents/year-4/FYP/mudkip/vivado/mudkip.gen/sources_1/bd/top/ip/top_axi_noc_0_0/bd_0/ip/ip_6/ip_0/temp/test_lpddr4.c:67:
/home/omar/Documents/year-4/FYP/mudkip/vivado/mudkip.gen/sources_1/bd/top/ip/top_axi_noc_0_0/bd_0/ip/ip_6/ip_0/temp/vmm_ral.h:136:21: warning: 'vmm_ral_addr_lshift' defined but not used [-Wunused-variable]
  136 | static unsigned int vmm_ral_addr_lshift;
      |                     ^~~~~~~~~~~~~~~~~~~
/home/omar/Documents/year-4/FYP/mudkip/vivado/mudkip.gen/sources_1/bd/top/ip/top_axi_noc_0_0/bd_0/ip/ip_6/ip_0/temp/vmm_ral.h:133:12: warning: 'sizeof_int_in_bits' defined but not used [-Wunused-variable]
  133 | static int sizeof_int_in_bits = sizeof(int) * 8;
      |            ^~~~~~~~~~~~~~~~~~
In file included from /home/omar/Documents/year-4/FYP/mudkip/vivado/mudkip.gen/sources_1/bd/top/ip/top_axi_noc_0_0/bd_0/ip/ip_6/ip_0/temp/ral_ddrmc_main.h:72,
                 from /home/omar/Documents/year-4/FYP/mudkip/vivado/mudkip.gen/sources_1/bd/top/ip/top_axi_noc_0_0/bd_0/ip/ip_6/ip_0/temp/cal_reg_define.h:61,
                 from /home/omar/Documents/year-4/FYP/mudkip/vivado/mudkip.gen/sources_1/bd/top/ip/top_axi_noc_0_0/bd_0/ip/ip_6/ip_0/temp/xsdb_functions.c:72:
/home/omar/Documents/year-4/FYP/mudkip/vivado/mudkip.gen/sources_1/bd/top/ip/top_axi_noc_0_0/bd_0/ip/ip_6/ip_0/temp/vmm_ral.h:136:21: warning: 'vmm_ral_addr_lshift' defined but not used [-Wunused-variable]
  136 | static unsigned int vmm_ral_addr_lshift;
      |                     ^~~~~~~~~~~~~~~~~~~
/home/omar/Documents/year-4/FYP/mudkip/vivado/mudkip.gen/sources_1/bd/top/ip/top_axi_noc_0_0/bd_0/ip/ip_6/ip_0/temp/vmm_ral.h:133:12: warning: 'sizeof_int_in_bits' defined but not used [-Wunused-variable]
  133 | static int sizeof_int_in_bits = sizeof(int) * 8;
      |            ^~~~~~~~~~~~~~~~~~
$GCC -Wl,-T -Wl,$linker_script -L$mblaze_lib -mlittle-endian -mxl-barrel-shift -mxl-pattern-compare -mno-xl-soft-div -mcpu=v10.0 -mno-xl-soft-mul -mxl-multiply-high -Wl,--no-relax -Wl,--gc-sections -o "$elf_name" *.o
