#-----------------------------------------------------------
# Vivado v2024.1 (64-bit)
# SW Build 5076996 on Wed May 22 18:36:09 MDT 2024
# IP Build 5075265 on Wed May 22 21:45:21 MDT 2024
# SharedData Build 5076995 on Wed May 22 18:29:18 MDT 2024
# Start of session at: Wed May  7 22:03:16 2025
# Process ID: 2352771
# Current directory: /home/oa321/work/mudkip/vivado/ws/cupdlp_krnl_vadd/krnl_vadd/hls/impl/ip
# Command line: vivado -notrace -mode batch -source run_ippack.tcl
# Log file: /home/oa321/work/mudkip/vivado/ws/cupdlp_krnl_vadd/krnl_vadd/hls/impl/ip/vivado.log
# Journal file: /home/oa321/work/mudkip/vivado/ws/cupdlp_krnl_vadd/krnl_vadd/hls/impl/ip/vivado.jou
# Running On        :gambhir
# Platform          :Ubuntu
# Operating System  :Ubuntu 22.04.5 LTS
# Processor Detail  :AMD Ryzen 9 9950X 16-Core Processor
# CPU Frequency     :5676.391 MHz
# CPU Physical cores:16
# CPU Logical cores :32
# Host memory       :64831 MB
# Swap memory       :2147 MB
# Total Virtual     :66979 MB
# Available Virtual :55757 MB
#-----------------------------------------------------------
source run_ippack.tcl -notrace
INFO: calling package_hls_ip ip_types=vitis sysgen json_file=/home/oa321/work/mudkip/vivado/ws/cupdlp_krnl_vadd/krnl_vadd/hls/hls_data.json outdir=/home/oa321/work/mudkip/vivado/ws/cupdlp_krnl_vadd/krnl_vadd/hls/impl/ip srcdir=/home/oa321/work/mudkip/vivado/ws/cupdlp_krnl_vadd/krnl_vadd/hls sort_interfaces_ports=false
INFO: Copied 1 ipmisc file(s) to /home/oa321/work/mudkip/vivado/ws/cupdlp_krnl_vadd/krnl_vadd/hls/impl/ip/misc
INFO: Copied 21 verilog file(s) to /home/oa321/work/mudkip/vivado/ws/cupdlp_krnl_vadd/krnl_vadd/hls/impl/ip/hdl/verilog
INFO: Copied 18 vhdl file(s) to /home/oa321/work/mudkip/vivado/ws/cupdlp_krnl_vadd/krnl_vadd/hls/impl/ip/hdl/vhdl
INFO: Copied 10 swdriver file(s) to /home/oa321/work/mudkip/vivado/ws/cupdlp_krnl_vadd/krnl_vadd/hls/impl/ip/drivers
INFO: Import ports from HDL: /home/oa321/work/mudkip/vivado/ws/cupdlp_krnl_vadd/krnl_vadd/hls/impl/ip/hdl/vhdl/krnl_vadd.vhd (krnl_vadd)
INFO: Add axi4lite interface s_axi_control
INFO: Add clock interface ap_clk
INFO: Add reset interface ap_rst_n
INFO: Add data interface event_done
INFO: [IP_Flow 19-234] Refreshing IP repositories
INFO: [IP_Flow 19-1704] No user IP repositories specified
INFO: [IP_Flow 19-2313] Loaded Vivado IP repository '/opt/Xilinx/Vivado/2024.1/data/ip'.
INFO: Add interrupt interface interrupt
INFO: Add data interface event_start
INFO: Add axi4full interface m_axi_gmem0
INFO: Add axi4full interface m_axi_gmem1
INFO: Calling post_process_vitis to specialize IP
INFO: Calling post_process_sysgen to specialize IP
Generating sysgen info xml from json file
INFO: Created IP /home/oa321/work/mudkip/vivado/ws/cupdlp_krnl_vadd/krnl_vadd/hls/impl/ip/component.xml
Generating XO file: krnl_vadd.xo in directory /home/oa321/work/mudkip/vivado/ws/cupdlp_krnl_vadd/krnl_vadd/hls/..
Running: package_xo -xo_path /home/oa321/work/mudkip/vivado/ws/cupdlp_krnl_vadd/krnl_vadd/hls/../krnl_vadd.xo -kernel_xml /home/oa321/work/mudkip/vivado/ws/cupdlp_krnl_vadd/krnl_vadd/hls/kernel.xml -kernel_name krnl_vadd -ip_directory /home/oa321/work/mudkip/vivado/ws/cupdlp_krnl_vadd/krnl_vadd/hls/impl/ip -kernel_files /home/oa321/work/mudkip/vivado/ws/cupdlp_krnl_vadd/krnl_vadd/hls/../../krnl_vadd.cpp -hls_directory /home/oa321/work/mudkip/vivado/ws/cupdlp_krnl_vadd/krnl_vadd/hls/impl/misc/hls_files -kernel_json /home/oa321/work/mudkip/vivado/ws/cupdlp_krnl_vadd/krnl_vadd/hls/hls_data.json
INFO: Created IP archive /home/oa321/work/mudkip/vivado/ws/cupdlp_krnl_vadd/krnl_vadd/hls/impl/ip/xilinx_com_hls_krnl_vadd_1_0.zip
INFO: [Common 17-206] Exiting Vivado at Wed May  7 22:03:21 2025...
