Thu Jun  5 18:46:03 2025: Running xcd server. This server was built by gradle.
Thu Jun  5 18:46:03 2025: Server was asked to start on port: '38769'
Thu Jun  5 18:46:03 2025: Server is using token UUID: 'd0ef2425-18e1-4a15-9dd7-1c54db06b27d'
Thu Jun  5 18:46:03 2025: SESSION_MGR: creating session with session uuid: '6d04a3e9-ade5-4ab9-8d63-1f78fcd2ec76' and name 'default'
Thu Jun  5 18:46:03 2025: Attempting to start server on port '38769'
Thu Jun  5 18:46:03 2025: XCD main fifo: created main fifo '/tmp/xcdmaind0ef2425-18e1-4a15-9dd7-1c54db06b27d', fd read = 13
Thu Jun  5 18:46:03 2025: Running Dispatch Server
Thu Jun  5 18:46:03 2025: Version 2.2.0
Thu Jun  5 18:46:05 2025: Dispatch Server: Accepted socket connection from client
Thu Jun  5 18:46:05 2025: Starting Socket connection
Thu Jun  5 18:46:05 2025: EXCHANGE_TOKEN received, server token: d0ef2425-18e1-4a15-9dd7-1c54db06b27d, passed token: d0ef2425-18e1-4a15-9dd7-1c54db06b27d
Thu Jun  5 18:46:05 2025: DISPATCH_HANDLER: Adding handler from function makeHandler in library libxv_system_diagram
Thu Jun  5 18:46:05 2025: SESSION_MGR: creating session with session uuid: '09cf90c3-a757-4a00-a8c3-4b1ce4f76068' and name 'v++_compile_spmv'
Thu Jun  5 18:46:05 2025: KERNEL_SVC: creating session with uuid: '09cf90c3-a757-4a00-a8c3-4b1ce4f76068' and name 'v++_compile_spmv'
Thu Jun  5 18:46:05 2025: GUIDANCE_SMGR: creating guidance session with uuid: '09cf90c3-a757-4a00-a8c3-4b1ce4f76068' and name 'v++_compile_spmv'
Thu Jun  5 18:46:05 2025: SYSTEM_DIAGRAM: creating session with uuid: '09cf90c3-a757-4a00-a8c3-4b1ce4f76068' and name 'v++_compile_spmv'
Thu Jun  5 18:46:16 2025: SESSION_MGR: closing session for UUID '09cf90c3-a757-4a00-a8c3-4b1ce4f76068' with name 'v++_compile_spmv'
Thu Jun  5 18:46:16 2025: KERNEL_SVC: closing session for UUID '09cf90c3-a757-4a00-a8c3-4b1ce4f76068' with name 'v++_compile_spmv'
Thu Jun  5 18:46:16 2025: GUIDANCE_SMGR: closing session for UUID '09cf90c3-a757-4a00-a8c3-4b1ce4f76068' with name 'v++_compile_spmv'
Thu Jun  5 18:46:16 2025: SYSTEM_DIAGRAM: closing session for UUID '09cf90c3-a757-4a00-a8c3-4b1ce4f76068' with name 'v++_compile_spmv'
Thu Jun  5 18:46:16 2025: STOP_SERVER received, server token: d0ef2425-18e1-4a15-9dd7-1c54db06b27d, passed token: d0ef2425-18e1-4a15-9dd7-1c54db06b27d
Thu Jun  5 18:46:16 2025: Socket received request to stop server.
Thu Jun  5 18:46:16 2025: Dispatch Server: do_await_stop
Thu Jun  5 18:46:16 2025: Dispatch Server: stopping mainFifo_
Thu Jun  5 18:46:16 2025: XCD main fifo: Stopping
Thu Jun  5 18:46:16 2025: XCD main fifo: do_read error code: Operation canceled
Thu Jun  5 18:46:16 2025: XCD main fifo: bytes_transferred: 0
Thu Jun  5 18:46:16 2025: SERVER: destructor for server bound to port 38769
Thu Jun  5 18:46:16 2025: XCD main fifo: Good unlink of /tmp/xcdmaind0ef2425-18e1-4a15-9dd7-1c54db06b27d
Thu Jun  5 18:46:16 2025: Server exiting with status 0.
Thu Jun  5 18:46:16 2025: Closing log file.
Thu Jun  5 23:43:57 2025: Running xcd server. This server was built by gradle.
Thu Jun  5 23:43:57 2025: Server was asked to start on port: '38197'
Thu Jun  5 23:43:57 2025: Server is using token UUID: '39cd1994-8dec-4846-8e3f-705b8ff4b39c'
Thu Jun  5 23:43:57 2025: SESSION_MGR: creating session with session uuid: '6d04a3e9-ade5-4ab9-8d63-1f78fcd2ec76' and name 'default'
Thu Jun  5 23:43:57 2025: Attempting to start server on port '38197'
Thu Jun  5 23:43:57 2025: XCD main fifo: created main fifo '/tmp/xcdmain39cd1994-8dec-4846-8e3f-705b8ff4b39c', fd read = 13
Thu Jun  5 23:43:57 2025: Running Dispatch Server
Thu Jun  5 23:43:57 2025: Version 2.2.0
Thu Jun  5 23:43:59 2025: Dispatch Server: Accepted socket connection from client
Thu Jun  5 23:43:59 2025: Starting Socket connection
Thu Jun  5 23:43:59 2025: EXCHANGE_TOKEN received, server token: 39cd1994-8dec-4846-8e3f-705b8ff4b39c, passed token: 39cd1994-8dec-4846-8e3f-705b8ff4b39c
Thu Jun  5 23:44:00 2025: DISPATCH_HANDLER: Adding handler from function makeHandler in library libxv_system_diagram
Thu Jun  5 23:44:00 2025: SESSION_MGR: creating session with session uuid: '23189de2-fe9b-4600-b95b-a6fff8f80d3c' and name 'v++_compile_spmv'
Thu Jun  5 23:44:00 2025: KERNEL_SVC: creating session with uuid: '23189de2-fe9b-4600-b95b-a6fff8f80d3c' and name 'v++_compile_spmv'
Thu Jun  5 23:44:00 2025: GUIDANCE_SMGR: creating guidance session with uuid: '23189de2-fe9b-4600-b95b-a6fff8f80d3c' and name 'v++_compile_spmv'
Thu Jun  5 23:44:00 2025: SYSTEM_DIAGRAM: creating session with uuid: '23189de2-fe9b-4600-b95b-a6fff8f80d3c' and name 'v++_compile_spmv'
Thu Jun  5 23:44:10 2025: SESSION_MGR: closing session for UUID '23189de2-fe9b-4600-b95b-a6fff8f80d3c' with name 'v++_compile_spmv'
Thu Jun  5 23:44:10 2025: KERNEL_SVC: closing session for UUID '23189de2-fe9b-4600-b95b-a6fff8f80d3c' with name 'v++_compile_spmv'
Thu Jun  5 23:44:10 2025: GUIDANCE_SMGR: closing session for UUID '23189de2-fe9b-4600-b95b-a6fff8f80d3c' with name 'v++_compile_spmv'
Thu Jun  5 23:44:10 2025: SYSTEM_DIAGRAM: closing session for UUID '23189de2-fe9b-4600-b95b-a6fff8f80d3c' with name 'v++_compile_spmv'
Thu Jun  5 23:44:10 2025: STOP_SERVER received, server token: 39cd1994-8dec-4846-8e3f-705b8ff4b39c, passed token: 39cd1994-8dec-4846-8e3f-705b8ff4b39c
Thu Jun  5 23:44:10 2025: Socket received request to stop server.
Thu Jun  5 23:44:10 2025: Dispatch Server: do_await_stop
Thu Jun  5 23:44:10 2025: Dispatch Server: stopping mainFifo_
Thu Jun  5 23:44:10 2025: XCD main fifo: Stopping
Thu Jun  5 23:44:10 2025: XCD main fifo: do_read error code: Operation canceled
Thu Jun  5 23:44:10 2025: XCD main fifo: bytes_transferred: 0
Thu Jun  5 23:44:10 2025: SERVER: destructor for server bound to port 38197
Thu Jun  5 23:44:10 2025: XCD main fifo: Good unlink of /tmp/xcdmain39cd1994-8dec-4846-8e3f-705b8ff4b39c
Thu Jun  5 23:44:10 2025: Server exiting with status 0.
Thu Jun  5 23:44:10 2025: Closing log file.
Thu Jun  5 23:53:52 2025: Running xcd server. This server was built by gradle.
Thu Jun  5 23:53:52 2025: Server was asked to start on port: '37747'
Thu Jun  5 23:53:52 2025: Server is using token UUID: '5ef5fee8-fcd3-4227-93c3-ad277edd4ea2'
Thu Jun  5 23:53:52 2025: SESSION_MGR: creating session with session uuid: '6d04a3e9-ade5-4ab9-8d63-1f78fcd2ec76' and name 'default'
Thu Jun  5 23:53:52 2025: Attempting to start server on port '37747'
Thu Jun  5 23:53:52 2025: XCD main fifo: created main fifo '/tmp/xcdmain5ef5fee8-fcd3-4227-93c3-ad277edd4ea2', fd read = 13
Thu Jun  5 23:53:52 2025: Running Dispatch Server
Thu Jun  5 23:53:52 2025: Version 2.2.0
Thu Jun  5 23:53:54 2025: Dispatch Server: Accepted socket connection from client
Thu Jun  5 23:53:54 2025: Starting Socket connection
Thu Jun  5 23:53:54 2025: EXCHANGE_TOKEN received, server token: 5ef5fee8-fcd3-4227-93c3-ad277edd4ea2, passed token: 5ef5fee8-fcd3-4227-93c3-ad277edd4ea2
Thu Jun  5 23:53:54 2025: DISPATCH_HANDLER: Adding handler from function makeHandler in library libxv_system_diagram
Thu Jun  5 23:53:54 2025: SESSION_MGR: creating session with session uuid: '849d048f-22a0-401e-9f2c-f9bbcbe366eb' and name 'v++_compile_spmv'
Thu Jun  5 23:53:54 2025: KERNEL_SVC: creating session with uuid: '849d048f-22a0-401e-9f2c-f9bbcbe366eb' and name 'v++_compile_spmv'
Thu Jun  5 23:53:54 2025: GUIDANCE_SMGR: creating guidance session with uuid: '849d048f-22a0-401e-9f2c-f9bbcbe366eb' and name 'v++_compile_spmv'
Thu Jun  5 23:53:54 2025: SYSTEM_DIAGRAM: creating session with uuid: '849d048f-22a0-401e-9f2c-f9bbcbe366eb' and name 'v++_compile_spmv'
Thu Jun  5 23:54:05 2025: SESSION_MGR: closing session for UUID '849d048f-22a0-401e-9f2c-f9bbcbe366eb' with name 'v++_compile_spmv'
Thu Jun  5 23:54:05 2025: KERNEL_SVC: closing session for UUID '849d048f-22a0-401e-9f2c-f9bbcbe366eb' with name 'v++_compile_spmv'
Thu Jun  5 23:54:05 2025: GUIDANCE_SMGR: closing session for UUID '849d048f-22a0-401e-9f2c-f9bbcbe366eb' with name 'v++_compile_spmv'
Thu Jun  5 23:54:05 2025: SYSTEM_DIAGRAM: closing session for UUID '849d048f-22a0-401e-9f2c-f9bbcbe366eb' with name 'v++_compile_spmv'
Thu Jun  5 23:54:05 2025: STOP_SERVER received, server token: 5ef5fee8-fcd3-4227-93c3-ad277edd4ea2, passed token: 5ef5fee8-fcd3-4227-93c3-ad277edd4ea2
Thu Jun  5 23:54:05 2025: Socket received request to stop server.
Thu Jun  5 23:54:05 2025: Dispatch Server: do_await_stop
Thu Jun  5 23:54:05 2025: Dispatch Server: stopping mainFifo_
Thu Jun  5 23:54:05 2025: XCD main fifo: Stopping
Thu Jun  5 23:54:05 2025: XCD main fifo: do_read error code: Operation canceled
Thu Jun  5 23:54:05 2025: XCD main fifo: bytes_transferred: 0
Thu Jun  5 23:54:05 2025: SERVER: destructor for server bound to port 37747
Thu Jun  5 23:54:05 2025: XCD main fifo: Good unlink of /tmp/xcdmain5ef5fee8-fcd3-4227-93c3-ad277edd4ea2
Thu Jun  5 23:54:05 2025: Server exiting with status 0.
Thu Jun  5 23:54:05 2025: Closing log file.
Fri Jun  6 00:43:51 2025: Running xcd server. This server was built by gradle.
Fri Jun  6 00:43:51 2025: Server was asked to start on port: '40857'
Fri Jun  6 00:43:51 2025: Server is using token UUID: 'd213e929-5755-433b-92b8-30a6c34b3a3c'
Fri Jun  6 00:43:51 2025: SESSION_MGR: creating session with session uuid: '6d04a3e9-ade5-4ab9-8d63-1f78fcd2ec76' and name 'default'
Fri Jun  6 00:43:51 2025: Attempting to start server on port '40857'
Fri Jun  6 00:43:51 2025: XCD main fifo: created main fifo '/tmp/xcdmaind213e929-5755-433b-92b8-30a6c34b3a3c', fd read = 13
Fri Jun  6 00:43:51 2025: Running Dispatch Server
Fri Jun  6 00:43:51 2025: Version 2.2.0
Fri Jun  6 00:43:53 2025: Dispatch Server: Accepted socket connection from client
Fri Jun  6 00:43:53 2025: Starting Socket connection
Fri Jun  6 00:43:53 2025: EXCHANGE_TOKEN received, server token: d213e929-5755-433b-92b8-30a6c34b3a3c, passed token: d213e929-5755-433b-92b8-30a6c34b3a3c
Fri Jun  6 00:43:53 2025: DISPATCH_HANDLER: Adding handler from function makeHandler in library libxv_system_diagram
Fri Jun  6 00:43:53 2025: SESSION_MGR: creating session with session uuid: '4293cd91-2112-4422-ab37-2f99b9b00233' and name 'v++_compile_spmv_stream_manu_loc'
Fri Jun  6 00:43:53 2025: KERNEL_SVC: creating session with uuid: '4293cd91-2112-4422-ab37-2f99b9b00233' and name 'v++_compile_spmv_stream_manu_loc'
Fri Jun  6 00:43:53 2025: GUIDANCE_SMGR: creating guidance session with uuid: '4293cd91-2112-4422-ab37-2f99b9b00233' and name 'v++_compile_spmv_stream_manu_loc'
Fri Jun  6 00:43:53 2025: SYSTEM_DIAGRAM: creating session with uuid: '4293cd91-2112-4422-ab37-2f99b9b00233' and name 'v++_compile_spmv_stream_manu_loc'
Fri Jun  6 00:44:03 2025: SESSION_MGR: closing session for UUID '4293cd91-2112-4422-ab37-2f99b9b00233' with name 'v++_compile_spmv_stream_manu_loc'
Fri Jun  6 00:44:03 2025: KERNEL_SVC: closing session for UUID '4293cd91-2112-4422-ab37-2f99b9b00233' with name 'v++_compile_spmv_stream_manu_loc'
Fri Jun  6 00:44:03 2025: GUIDANCE_SMGR: closing session for UUID '4293cd91-2112-4422-ab37-2f99b9b00233' with name 'v++_compile_spmv_stream_manu_loc'
Fri Jun  6 00:44:03 2025: SYSTEM_DIAGRAM: closing session for UUID '4293cd91-2112-4422-ab37-2f99b9b00233' with name 'v++_compile_spmv_stream_manu_loc'
Fri Jun  6 00:44:03 2025: STOP_SERVER received, server token: d213e929-5755-433b-92b8-30a6c34b3a3c, passed token: d213e929-5755-433b-92b8-30a6c34b3a3c
Fri Jun  6 00:44:03 2025: Socket received request to stop server.
Fri Jun  6 00:44:03 2025: Dispatch Server: do_await_stop
Fri Jun  6 00:44:03 2025: Dispatch Server: stopping mainFifo_
Fri Jun  6 00:44:03 2025: XCD main fifo: Stopping
Fri Jun  6 00:44:03 2025: XCD main fifo: do_read error code: Operation canceled
Fri Jun  6 00:44:03 2025: XCD main fifo: bytes_transferred: 0
Fri Jun  6 00:44:03 2025: SERVER: destructor for server bound to port 40857
Fri Jun  6 00:44:03 2025: XCD main fifo: Good unlink of /tmp/xcdmaind213e929-5755-433b-92b8-30a6c34b3a3c
Fri Jun  6 00:44:03 2025: Server exiting with status 0.
Fri Jun  6 00:44:03 2025: Closing log file.
Sun Jun  8 13:34:06 2025: Running xcd server. This server was built by gradle.
Sun Jun  8 13:34:06 2025: Server was asked to start on port: '46355'
Sun Jun  8 13:34:06 2025: Server is using token UUID: 'dddc5e7e-4464-11f0-99a9-9781020b18c9'
Sun Jun  8 13:34:06 2025: SESSION_MGR: creating session with session uuid: '6d04a3e9-ade5-4ab9-8d63-1f78fcd2ec76' and name 'default'
Sun Jun  8 13:34:06 2025: Attempting to start server on port '46355'
Sun Jun  8 13:34:06 2025: XCD main fifo: created main fifo '/tmp/xcdmaindddc5e7e-4464-11f0-99a9-9781020b18c9', fd read = 11
Sun Jun  8 13:34:06 2025: Running Dispatch Server
Sun Jun  8 13:34:06 2025: Version 2.2.0
Sun Jun  8 13:34:06 2025: Dispatch Server: Accepted socket connection from client
Sun Jun  8 13:34:06 2025: Starting Socket connection
Sun Jun  8 13:34:06 2025: EXCHANGE_TOKEN received, server token: dddc5e7e-4464-11f0-99a9-9781020b18c9, passed token: dddc5e7e-4464-11f0-99a9-9781020b18c9
Sun Jun  8 13:34:06 2025: SESSION_MGR: creating session with session uuid: '0371f96b-f5fc-471e-bd52-0ba0072c6ee7' and name 'Code Analyzer'
Sun Jun  8 13:34:06 2025: KERNEL_SVC: creating session with uuid: '0371f96b-f5fc-471e-bd52-0ba0072c6ee7' and name 'Code Analyzer'
Sun Jun  8 13:34:06 2025: GUIDANCE_SMGR: creating guidance session with uuid: '0371f96b-f5fc-471e-bd52-0ba0072c6ee7' and name 'Code Analyzer'
Sun Jun  8 13:34:08 2025: SESSION_MGR: closing session for UUID '0371f96b-f5fc-471e-bd52-0ba0072c6ee7' with name ''
Sun Jun  8 13:34:08 2025: KERNEL_SVC: closing session for UUID '0371f96b-f5fc-471e-bd52-0ba0072c6ee7' with name ''
Sun Jun  8 13:34:08 2025: GUIDANCE_SMGR: closing session for UUID '0371f96b-f5fc-471e-bd52-0ba0072c6ee7' with name ''
Sun Jun  8 13:34:08 2025: STOP_SERVER received, server token: dddc5e7e-4464-11f0-99a9-9781020b18c9, passed token: dddc5e7e-4464-11f0-99a9-9781020b18c9
Sun Jun  8 13:34:08 2025: Socket received request to stop server.
Sun Jun  8 13:34:08 2025: Dispatch Server: do_await_stop
Sun Jun  8 13:34:08 2025: Dispatch Server: stopping mainFifo_
Sun Jun  8 13:34:08 2025: XCD main fifo: Stopping
Sun Jun  8 13:34:08 2025: XCD main fifo: do_read error code: Operation canceled
Sun Jun  8 13:34:08 2025: XCD main fifo: bytes_transferred: 0
Sun Jun  8 13:34:08 2025: SERVER: destructor for server bound to port 46355
Sun Jun  8 13:34:08 2025: XCD main fifo: Good unlink of /tmp/xcdmaindddc5e7e-4464-11f0-99a9-9781020b18c9
Sun Jun  8 13:34:08 2025: Server exiting with status 0.
Sun Jun  8 13:34:08 2025: Closing log file.
