Wed May  7 19:09:53 2025: Running xcd server. This server was built by gradle.
Wed May  7 19:09:53 2025: Server was asked to start on port: '34509'
Wed May  7 19:09:53 2025: Server is using token UUID: '9ad48f32-4346-4794-a816-91b411f5ee6e'
Wed May  7 19:09:53 2025: SESSION_MGR: creating session with session uuid: '6d04a3e9-ade5-4ab9-8d63-1f78fcd2ec76' and name 'default'
Wed May  7 19:09:53 2025: Attempting to start server on port '34509'
Wed May  7 19:09:53 2025: XCD main fifo: created main fifo '/tmp/xcdmain9ad48f32-4346-4794-a816-91b411f5ee6e', fd read = 13
Wed May  7 19:09:53 2025: Running Dispatch Server
Wed May  7 19:09:53 2025: Version 2.2.0
Wed May  7 19:09:55 2025: Dispatch Server: Accepted socket connection from client
Wed May  7 19:09:55 2025: Starting Socket connection
Wed May  7 19:09:55 2025: EXCHANGE_TOKEN received, server token: 9ad48f32-4346-4794-a816-91b411f5ee6e, passed token: 9ad48f32-4346-4794-a816-91b411f5ee6e
Wed May  7 19:09:55 2025: DISPATCH_HANDLER: Adding handler from function makeHandler in library libxv_system_diagram
Wed May  7 19:09:55 2025: SESSION_MGR: creating session with session uuid: '07e078b6-53d4-414a-98ef-9af56a3a62e9' and name 'v++_compile_krnl_vadd'
Wed May  7 19:09:55 2025: KERNEL_SVC: creating session with uuid: '07e078b6-53d4-414a-98ef-9af56a3a62e9' and name 'v++_compile_krnl_vadd'
Wed May  7 19:09:55 2025: GUIDANCE_SMGR: creating guidance session with uuid: '07e078b6-53d4-414a-98ef-9af56a3a62e9' and name 'v++_compile_krnl_vadd'
Wed May  7 19:09:55 2025: SYSTEM_DIAGRAM: creating session with uuid: '07e078b6-53d4-414a-98ef-9af56a3a62e9' and name 'v++_compile_krnl_vadd'
Wed May  7 19:09:57 2025: Dispatch Server: Accepted socket connection from client
Wed May  7 19:09:57 2025: Starting Socket connection
Wed May  7 19:10:37 2025: SESSION_MGR: closing session for UUID '07e078b6-53d4-414a-98ef-9af56a3a62e9' with name 'v++_compile_krnl_vadd'
Wed May  7 19:10:37 2025: KERNEL_SVC: closing session for UUID '07e078b6-53d4-414a-98ef-9af56a3a62e9' with name 'v++_compile_krnl_vadd'
Wed May  7 19:10:37 2025: GUIDANCE_SMGR: closing session for UUID '07e078b6-53d4-414a-98ef-9af56a3a62e9' with name 'v++_compile_krnl_vadd'
Wed May  7 19:10:37 2025: SYSTEM_DIAGRAM: closing session for UUID '07e078b6-53d4-414a-98ef-9af56a3a62e9' with name 'v++_compile_krnl_vadd'
Wed May  7 19:10:37 2025: STOP_SERVER received, server token: 9ad48f32-4346-4794-a816-91b411f5ee6e, passed token: 9ad48f32-4346-4794-a816-91b411f5ee6e
Wed May  7 19:10:37 2025: Socket received request to stop server.
Wed May  7 19:10:37 2025: Dispatch Server: do_await_stop
Wed May  7 19:10:37 2025: Dispatch Server: stopping mainFifo_
Wed May  7 19:10:37 2025: XCD main fifo: Stopping
Wed May  7 19:10:37 2025: XCD main fifo: do_read error code: Operation canceled
Wed May  7 19:10:37 2025: XCD main fifo: bytes_transferred: 0
Wed May  7 19:10:37 2025: SERVER: destructor for server bound to port 34509
Wed May  7 19:10:37 2025: XCD main fifo: Good unlink of /tmp/xcdmain9ad48f32-4346-4794-a816-91b411f5ee6e
Wed May  7 19:10:37 2025: Server exiting with status 0.
Wed May  7 19:10:37 2025: Closing log file.
Wed May  7 19:39:02 2025: Running xcd server. This server was built by gradle.
Wed May  7 19:39:02 2025: Server was asked to start on port: '35589'
Wed May  7 19:39:02 2025: Server is using token UUID: '239986dd-9eaf-4459-a874-ff54aecc8196'
Wed May  7 19:39:02 2025: SESSION_MGR: creating session with session uuid: '6d04a3e9-ade5-4ab9-8d63-1f78fcd2ec76' and name 'default'
Wed May  7 19:39:02 2025: Attempting to start server on port '35589'
Wed May  7 19:39:02 2025: XCD main fifo: created main fifo '/tmp/xcdmain239986dd-9eaf-4459-a874-ff54aecc8196', fd read = 13
Wed May  7 19:39:02 2025: Running Dispatch Server
Wed May  7 19:39:02 2025: Version 2.2.0
Wed May  7 19:39:04 2025: Dispatch Server: Accepted socket connection from client
Wed May  7 19:39:04 2025: Starting Socket connection
Wed May  7 19:39:04 2025: EXCHANGE_TOKEN received, server token: 239986dd-9eaf-4459-a874-ff54aecc8196, passed token: 239986dd-9eaf-4459-a874-ff54aecc8196
Wed May  7 19:39:04 2025: DISPATCH_HANDLER: Adding handler from function makeHandler in library libxv_system_diagram
Wed May  7 19:39:04 2025: SESSION_MGR: creating session with session uuid: '96682e6a-8fb4-472a-9c67-da1ab52c941c' and name 'v++_compile_krnl_vadd'
Wed May  7 19:39:04 2025: KERNEL_SVC: creating session with uuid: '96682e6a-8fb4-472a-9c67-da1ab52c941c' and name 'v++_compile_krnl_vadd'
Wed May  7 19:39:04 2025: GUIDANCE_SMGR: creating guidance session with uuid: '96682e6a-8fb4-472a-9c67-da1ab52c941c' and name 'v++_compile_krnl_vadd'
Wed May  7 19:39:04 2025: SYSTEM_DIAGRAM: creating session with uuid: '96682e6a-8fb4-472a-9c67-da1ab52c941c' and name 'v++_compile_krnl_vadd'
Wed May  7 19:39:06 2025: Dispatch Server: Accepted socket connection from client
Wed May  7 19:39:06 2025: Starting Socket connection
Wed May  7 19:39:46 2025: SESSION_MGR: closing session for UUID '96682e6a-8fb4-472a-9c67-da1ab52c941c' with name 'v++_compile_krnl_vadd'
Wed May  7 19:39:46 2025: KERNEL_SVC: closing session for UUID '96682e6a-8fb4-472a-9c67-da1ab52c941c' with name 'v++_compile_krnl_vadd'
Wed May  7 19:39:46 2025: GUIDANCE_SMGR: closing session for UUID '96682e6a-8fb4-472a-9c67-da1ab52c941c' with name 'v++_compile_krnl_vadd'
Wed May  7 19:39:46 2025: SYSTEM_DIAGRAM: closing session for UUID '96682e6a-8fb4-472a-9c67-da1ab52c941c' with name 'v++_compile_krnl_vadd'
Wed May  7 19:39:46 2025: STOP_SERVER received, server token: 239986dd-9eaf-4459-a874-ff54aecc8196, passed token: 239986dd-9eaf-4459-a874-ff54aecc8196
Wed May  7 19:39:46 2025: Socket received request to stop server.
Wed May  7 19:39:46 2025: Dispatch Server: do_await_stop
Wed May  7 19:39:46 2025: Dispatch Server: stopping mainFifo_
Wed May  7 19:39:46 2025: XCD main fifo: Stopping
Wed May  7 19:39:46 2025: XCD main fifo: do_read error code: Operation canceled
Wed May  7 19:39:46 2025: XCD main fifo: bytes_transferred: 0
Wed May  7 19:39:46 2025: SERVER: destructor for server bound to port 35589
Wed May  7 19:39:46 2025: XCD main fifo: Good unlink of /tmp/xcdmain239986dd-9eaf-4459-a874-ff54aecc8196
Wed May  7 19:39:46 2025: Server exiting with status 0.
Wed May  7 19:39:46 2025: Closing log file.
Wed May  7 22:02:48 2025: Running xcd server. This server was built by gradle.
Wed May  7 22:02:48 2025: Server was asked to start on port: '36981'
Wed May  7 22:02:48 2025: Server is using token UUID: '4a72365d-1bf3-4e5e-a9fc-93060b748941'
Wed May  7 22:02:48 2025: SESSION_MGR: creating session with session uuid: '6d04a3e9-ade5-4ab9-8d63-1f78fcd2ec76' and name 'default'
Wed May  7 22:02:48 2025: Attempting to start server on port '36981'
Wed May  7 22:02:48 2025: XCD main fifo: created main fifo '/tmp/xcdmain4a72365d-1bf3-4e5e-a9fc-93060b748941', fd read = 13
Wed May  7 22:02:48 2025: Running Dispatch Server
Wed May  7 22:02:48 2025: Version 2.2.0
Wed May  7 22:02:50 2025: Dispatch Server: Accepted socket connection from client
Wed May  7 22:02:50 2025: Starting Socket connection
Wed May  7 22:02:50 2025: EXCHANGE_TOKEN received, server token: 4a72365d-1bf3-4e5e-a9fc-93060b748941, passed token: 4a72365d-1bf3-4e5e-a9fc-93060b748941
Wed May  7 22:02:51 2025: DISPATCH_HANDLER: Adding handler from function makeHandler in library libxv_system_diagram
Wed May  7 22:02:51 2025: SESSION_MGR: creating session with session uuid: '94ddf5f5-5c0a-408c-a3b4-0d5da27a4617' and name 'v++_compile_krnl_vadd'
Wed May  7 22:02:51 2025: KERNEL_SVC: creating session with uuid: '94ddf5f5-5c0a-408c-a3b4-0d5da27a4617' and name 'v++_compile_krnl_vadd'
Wed May  7 22:02:51 2025: GUIDANCE_SMGR: creating guidance session with uuid: '94ddf5f5-5c0a-408c-a3b4-0d5da27a4617' and name 'v++_compile_krnl_vadd'
Wed May  7 22:02:51 2025: SYSTEM_DIAGRAM: creating session with uuid: '94ddf5f5-5c0a-408c-a3b4-0d5da27a4617' and name 'v++_compile_krnl_vadd'
Wed May  7 22:02:53 2025: Dispatch Server: Accepted socket connection from client
Wed May  7 22:02:53 2025: Starting Socket connection
Wed May  7 22:03:31 2025: SESSION_MGR: closing session for UUID '94ddf5f5-5c0a-408c-a3b4-0d5da27a4617' with name 'v++_compile_krnl_vadd'
Wed May  7 22:03:31 2025: KERNEL_SVC: closing session for UUID '94ddf5f5-5c0a-408c-a3b4-0d5da27a4617' with name 'v++_compile_krnl_vadd'
Wed May  7 22:03:31 2025: GUIDANCE_SMGR: closing session for UUID '94ddf5f5-5c0a-408c-a3b4-0d5da27a4617' with name 'v++_compile_krnl_vadd'
Wed May  7 22:03:31 2025: SYSTEM_DIAGRAM: closing session for UUID '94ddf5f5-5c0a-408c-a3b4-0d5da27a4617' with name 'v++_compile_krnl_vadd'
Wed May  7 22:03:31 2025: STOP_SERVER received, server token: 4a72365d-1bf3-4e5e-a9fc-93060b748941, passed token: 4a72365d-1bf3-4e5e-a9fc-93060b748941
Wed May  7 22:03:31 2025: Socket received request to stop server.
Wed May  7 22:03:31 2025: Dispatch Server: do_await_stop
Wed May  7 22:03:31 2025: Dispatch Server: stopping mainFifo_
Wed May  7 22:03:31 2025: XCD main fifo: Stopping
Wed May  7 22:03:31 2025: XCD main fifo: do_read error code: Operation canceled
Wed May  7 22:03:31 2025: XCD main fifo: bytes_transferred: 0
Wed May  7 22:03:31 2025: SERVER: destructor for server bound to port 36981
Wed May  7 22:03:31 2025: XCD main fifo: Good unlink of /tmp/xcdmain4a72365d-1bf3-4e5e-a9fc-93060b748941
Wed May  7 22:03:31 2025: Server exiting with status 0.
Wed May  7 22:03:31 2025: Closing log file.
